INFO - 2024-01-26 06:37:55 --> Session: Class initialized using 'CodeIgniter\Session\Handlers\FileHandler' driver.
INFO - 2024-01-26 06:38:01 --> Antes de obtener información del usuario para: admin
INFO - 2024-01-26 06:38:01 --> Contraseña almacenada para el usuario "admin": pruebaCG123
INFO - 2024-01-26 06:38:01 --> Contraseña ingresada: 123
ERROR - 2024-01-26 06:38:01 --> Autenticación fallida para el usuario: admin
INFO - 2024-01-26 06:38:01 --> Session: Class initialized using 'CodeIgniter\Session\Handlers\FileHandler' driver.
INFO - 2024-01-26 06:38:42 --> Session: Class initialized using 'CodeIgniter\Session\Handlers\FileHandler' driver.
INFO - 2024-01-26 06:38:58 --> Antes de obtener información del usuario para: admin
INFO - 2024-01-26 06:38:58 --> Contraseña almacenada para el usuario "admin": pruebaCG123
INFO - 2024-01-26 06:38:58 --> Contraseña ingresada: pruebaCG123
INFO - 2024-01-26 06:38:58 --> Contraseña verificada con éxito.
INFO - 2024-01-26 06:38:58 --> Session: Class initialized using 'CodeIgniter\Session\Handlers\FileHandler' driver.
INFO - 2024-01-26 07:45:17 --> Session: Class initialized using 'CodeIgniter\Session\Handlers\FileHandler' driver.
INFO - 2024-01-26 07:45:22 --> Antes de obtener información del usuario para: admin
INFO - 2024-01-26 07:45:22 --> Contraseña almacenada para el usuario "admin": pruebaCG123
INFO - 2024-01-26 07:45:22 --> Contraseña ingresada: 123
ERROR - 2024-01-26 07:45:22 --> Autenticación fallida para el usuario: admin
INFO - 2024-01-26 07:45:22 --> Session: Class initialized using 'CodeIgniter\Session\Handlers\FileHandler' driver.
INFO - 2024-01-26 07:46:19 --> Session: Class initialized using 'CodeIgniter\Session\Handlers\FileHandler' driver.
INFO - 2024-01-26 07:46:30 --> Antes de obtener información del usuario para: sistemas
INFO - 2024-01-26 07:46:30 --> Contraseña almacenada para el usuario "sistemas": 12345@
INFO - 2024-01-26 07:46:30 --> Contraseña ingresada: 12345@
INFO - 2024-01-26 07:46:30 --> Contraseña verificada con éxito.
INFO - 2024-01-26 07:46:30 --> Session: Class initialized using 'CodeIgniter\Session\Handlers\FileHandler' driver.
INFO - 2024-01-26 07:47:14 --> Session: Class initialized using 'CodeIgniter\Session\Handlers\FileHandler' driver.
INFO - 2024-01-26 07:47:25 --> Session: Class initialized using 'CodeIgniter\Session\Handlers\FileHandler' driver.
INFO - 2024-01-26 07:47:46 --> Session: Class initialized using 'CodeIgniter\Session\Handlers\FileHandler' driver.
INFO - 2024-01-26 07:54:05 --> Session: Class initialized using 'CodeIgniter\Session\Handlers\FileHandler' driver.
INFO - 2024-01-26 07:54:23 --> Session: Class initialized using 'CodeIgniter\Session\Handlers\FileHandler' driver.
INFO - 2024-01-26 07:54:35 --> Antes de obtener información del usuario para: sistemas
INFO - 2024-01-26 07:54:35 --> Contraseña almacenada para el usuario "sistemas": 12345@
INFO - 2024-01-26 07:54:35 --> Contraseña ingresada: 12345@
INFO - 2024-01-26 07:54:35 --> Contraseña verificada con éxito.
INFO - 2024-01-26 07:54:35 --> Session: Class initialized using 'CodeIgniter\Session\Handlers\FileHandler' driver.
INFO - 2024-01-26 07:56:03 --> Session: Class initialized using 'CodeIgniter\Session\Handlers\FileHandler' driver.
INFO - 2024-01-26 07:56:12 --> Antes de obtener información del usuario para: sistemas
INFO - 2024-01-26 07:56:12 --> Contraseña almacenada para el usuario "sistemas": 12345@
INFO - 2024-01-26 07:56:12 --> Contraseña ingresada: 12345@
INFO - 2024-01-26 07:56:12 --> Contraseña verificada con éxito.
INFO - 2024-01-26 07:56:12 --> Session: Class initialized using 'CodeIgniter\Session\Handlers\FileHandler' driver.
INFO - 2024-01-26 07:56:12 --> Session: Class initialized using 'CodeIgniter\Session\Handlers\FileHandler' driver.
INFO - 2024-01-26 07:56:36 --> Session: Class initialized using 'CodeIgniter\Session\Handlers\FileHandler' driver.
INFO - 2024-01-26 07:56:55 --> Antes de obtener información del usuario para: admin
INFO - 2024-01-26 07:56:55 --> Contraseña almacenada para el usuario "admin": pruebaCG123
INFO - 2024-01-26 07:56:55 --> Contraseña ingresada: pruebaCG123
INFO - 2024-01-26 07:56:55 --> Contraseña verificada con éxito.
INFO - 2024-01-26 07:56:55 --> Session: Class initialized using 'CodeIgniter\Session\Handlers\FileHandler' driver.
INFO - 2024-01-26 07:57:40 --> Session: Class initialized using 'CodeIgniter\Session\Handlers\FileHandler' driver.
INFO - 2024-01-26 07:58:37 --> Session: Class initialized using 'CodeIgniter\Session\Handlers\FileHandler' driver.
INFO - 2024-01-26 07:59:38 --> Session: Class initialized using 'CodeIgniter\Session\Handlers\FileHandler' driver.
INFO - 2024-01-26 08:01:56 --> Session: Class initialized using 'CodeIgniter\Session\Handlers\FileHandler' driver.
INFO - 2024-01-26 08:04:42 --> Session: Class initialized using 'CodeIgniter\Session\Handlers\FileHandler' driver.
INFO - 2024-01-26 08:04:45 --> Antes de obtener información del usuario para: admin
INFO - 2024-01-26 08:04:45 --> Contraseña almacenada para el usuario "admin": pruebaCG123
INFO - 2024-01-26 08:04:45 --> Contraseña ingresada: pruebaCG123
INFO - 2024-01-26 08:04:45 --> Contraseña verificada con éxito.
INFO - 2024-01-26 08:04:45 --> Session: Class initialized using 'CodeIgniter\Session\Handlers\FileHandler' driver.
INFO - 2024-01-26 08:04:47 --> Session: Class initialized using 'CodeIgniter\Session\Handlers\FileHandler' driver.
INFO - 2024-01-26 08:04:56 --> Session: Class initialized using 'CodeIgniter\Session\Handlers\FileHandler' driver.
INFO - 2024-01-26 08:05:06 --> Session: Class initialized using 'CodeIgniter\Session\Handlers\FileHandler' driver.
INFO - 2024-01-26 08:08:05 --> Session: Class initialized using 'CodeIgniter\Session\Handlers\FileHandler' driver.
INFO - 2024-01-26 08:08:22 --> Session: Class initialized using 'CodeIgniter\Session\Handlers\FileHandler' driver.
INFO - 2024-01-26 08:08:32 --> Session: Class initialized using 'CodeIgniter\Session\Handlers\FileHandler' driver.
INFO - 2024-01-26 08:08:40 --> Session: Class initialized using 'CodeIgniter\Session\Handlers\FileHandler' driver.
INFO - 2024-01-26 08:09:13 --> Session: Class initialized using 'CodeIgniter\Session\Handlers\FileHandler' driver.
INFO - 2024-01-26 10:03:38 --> Session: Class initialized using 'CodeIgniter\Session\Handlers\FileHandler' driver.
INFO - 2024-01-26 10:03:41 --> Antes de obtener información del usuario para: admin
INFO - 2024-01-26 10:03:41 --> Contraseña almacenada para el usuario "admin": pruebaCG123
INFO - 2024-01-26 10:03:41 --> Contraseña ingresada: pruebaCG123
INFO - 2024-01-26 10:03:41 --> Contraseña verificada con éxito.
INFO - 2024-01-26 10:03:41 --> Session: Class initialized using 'CodeIgniter\Session\Handlers\FileHandler' driver.
INFO - 2024-01-26 10:03:43 --> Session: Class initialized using 'CodeIgniter\Session\Handlers\FileHandler' driver.
ERROR - 2024-01-26 10:03:53 --> [Microsoft][ODBC Driver 18 for SQL Server][SQL Server]Conversion failed when converting the varchar value 'Yeison' to data type int.
CRITICAL - 2024-01-26 10:03:53 --> CodeIgniter\Database\Exceptions\DatabaseException: [Microsoft][ODBC Driver 18 for SQL Server][SQL Server]Conversion failed when converting the varchar value 'Yeison' to data type int.
in SYSTEMPATH\Database\BaseConnection.php on line 647.
 1 SYSTEMPATH\Database\SQLSRV\Builder.php(610): CodeIgniter\Database\BaseConnection->query('SELECT "empleados"."CODIGO", "empleados"."NOMBRE", "empleados"."AREA", NULL as ID_INGRESO, NULL as FECHA_INGRESO, NULL as FECHA_SALIDA
FROM "CGingreso"."dbo"."empleados"
WHERE "empleados"."CODIGO" = :empleados.CODIGO:', [...], false)
 2 APPPATH\Models\Datosbd_usuarios.php(37): CodeIgniter\Database\SQLSRV\Builder->get()
 3 APPPATH\Controllers\obtenerRegistros.php(34): App\Models\Datosbd_usuarios->buscarRegistros('Yeison')
 4 SYSTEMPATH\CodeIgniter.php(941): App\Controllers\obtenerRegistros->Buscar2()
 5 SYSTEMPATH\CodeIgniter.php(502): CodeIgniter\CodeIgniter->runController(Object(App\Controllers\obtenerRegistros))
 6 SYSTEMPATH\CodeIgniter.php(361): CodeIgniter\CodeIgniter->handleRequest(null, Object(Config\Cache), false)
 7 FCPATH\index.php(79): CodeIgniter\CodeIgniter->run()
CRITICAL - 2024-01-26 10:03:53 --> [Caused by] CodeIgniter\Database\Exceptions\DatabaseException: [Microsoft][ODBC Driver 18 for SQL Server][SQL Server]Conversion failed when converting the varchar value 'Yeison' to data type int.
in SYSTEMPATH\Database\SQLSRV\Connection.php on line 482.
 1 SYSTEMPATH\Database\BaseConnection.php(693): CodeIgniter\Database\SQLSRV\Connection->execute('SELECT "empleados"."CODIGO", "empleados"."NOMBRE", "empleados"."AREA", NULL as ID_INGRESO, NULL as FECHA_INGRESO, NULL as FECHA_SALIDA
FROM "CGingreso"."dbo"."empleados"
WHERE "empleados"."CODIGO" = \'Yeison\'')
 2 SYSTEMPATH\Database\BaseConnection.php(607): CodeIgniter\Database\BaseConnection->simpleQuery('SELECT "empleados"."CODIGO", "empleados"."NOMBRE", "empleados"."AREA", NULL as ID_INGRESO, NULL as FECHA_INGRESO, NULL as FECHA_SALIDA
FROM "CGingreso"."dbo"."empleados"
WHERE "empleados"."CODIGO" = \'Yeison\'')
 3 SYSTEMPATH\Database\SQLSRV\Builder.php(610): CodeIgniter\Database\BaseConnection->query('SELECT "empleados"."CODIGO", "empleados"."NOMBRE", "empleados"."AREA", NULL as ID_INGRESO, NULL as FECHA_INGRESO, NULL as FECHA_SALIDA
FROM "CGingreso"."dbo"."empleados"
WHERE "empleados"."CODIGO" = :empleados.CODIGO:', [...], false)
 4 APPPATH\Models\Datosbd_usuarios.php(37): CodeIgniter\Database\SQLSRV\Builder->get()
 5 APPPATH\Controllers\obtenerRegistros.php(34): App\Models\Datosbd_usuarios->buscarRegistros('Yeison')
 6 SYSTEMPATH\CodeIgniter.php(941): App\Controllers\obtenerRegistros->Buscar2()
 7 SYSTEMPATH\CodeIgniter.php(502): CodeIgniter\CodeIgniter->runController(Object(App\Controllers\obtenerRegistros))
 8 SYSTEMPATH\CodeIgniter.php(361): CodeIgniter\CodeIgniter->handleRequest(null, Object(Config\Cache), false)
 9 FCPATH\index.php(79): CodeIgniter\CodeIgniter->run()
ERROR - 2024-01-26 10:05:26 --> [Microsoft][ODBC Driver 18 for SQL Server][SQL Server]Conversion failed when converting the varchar value 'Yeison' to data type int.
CRITICAL - 2024-01-26 10:05:26 --> CodeIgniter\Database\Exceptions\DatabaseException: [Microsoft][ODBC Driver 18 for SQL Server][SQL Server]Conversion failed when converting the varchar value 'Yeison' to data type int.
in SYSTEMPATH\Database\BaseConnection.php on line 647.
 1 SYSTEMPATH\Database\SQLSRV\Builder.php(610): CodeIgniter\Database\BaseConnection->query('SELECT "empleados"."CODIGO", "empleados"."NOMBRE", "empleados"."AREA", NULL as ID_INGRESO, NULL as FECHA_INGRESO, NULL as FECHA_SALIDA
FROM "CGingreso"."dbo"."empleados"
WHERE "empleados"."CODIGO" = :empleados.CODIGO:', [...], false)
 2 APPPATH\Models\Datosbd_usuarios.php(37): CodeIgniter\Database\SQLSRV\Builder->get()
 3 APPPATH\Controllers\obtenerRegistros.php(34): App\Models\Datosbd_usuarios->buscarRegistros('Yeison')
 4 SYSTEMPATH\CodeIgniter.php(941): App\Controllers\obtenerRegistros->Buscar2()
 5 SYSTEMPATH\CodeIgniter.php(502): CodeIgniter\CodeIgniter->runController(Object(App\Controllers\obtenerRegistros))
 6 SYSTEMPATH\CodeIgniter.php(361): CodeIgniter\CodeIgniter->handleRequest(null, Object(Config\Cache), false)
 7 FCPATH\index.php(79): CodeIgniter\CodeIgniter->run()
CRITICAL - 2024-01-26 10:05:26 --> [Caused by] CodeIgniter\Database\Exceptions\DatabaseException: [Microsoft][ODBC Driver 18 for SQL Server][SQL Server]Conversion failed when converting the varchar value 'Yeison' to data type int.
in SYSTEMPATH\Database\SQLSRV\Connection.php on line 482.
 1 SYSTEMPATH\Database\BaseConnection.php(693): CodeIgniter\Database\SQLSRV\Connection->execute('SELECT "empleados"."CODIGO", "empleados"."NOMBRE", "empleados"."AREA", NULL as ID_INGRESO, NULL as FECHA_INGRESO, NULL as FECHA_SALIDA
FROM "CGingreso"."dbo"."empleados"
WHERE "empleados"."CODIGO" = \'Yeison\'')
 2 SYSTEMPATH\Database\BaseConnection.php(607): CodeIgniter\Database\BaseConnection->simpleQuery('SELECT "empleados"."CODIGO", "empleados"."NOMBRE", "empleados"."AREA", NULL as ID_INGRESO, NULL as FECHA_INGRESO, NULL as FECHA_SALIDA
FROM "CGingreso"."dbo"."empleados"
WHERE "empleados"."CODIGO" = \'Yeison\'')
 3 SYSTEMPATH\Database\SQLSRV\Builder.php(610): CodeIgniter\Database\BaseConnection->query('SELECT "empleados"."CODIGO", "empleados"."NOMBRE", "empleados"."AREA", NULL as ID_INGRESO, NULL as FECHA_INGRESO, NULL as FECHA_SALIDA
FROM "CGingreso"."dbo"."empleados"
WHERE "empleados"."CODIGO" = :empleados.CODIGO:', [...], false)
 4 APPPATH\Models\Datosbd_usuarios.php(37): CodeIgniter\Database\SQLSRV\Builder->get()
 5 APPPATH\Controllers\obtenerRegistros.php(34): App\Models\Datosbd_usuarios->buscarRegistros('Yeison')
 6 SYSTEMPATH\CodeIgniter.php(941): App\Controllers\obtenerRegistros->Buscar2()
 7 SYSTEMPATH\CodeIgniter.php(502): CodeIgniter\CodeIgniter->runController(Object(App\Controllers\obtenerRegistros))
 8 SYSTEMPATH\CodeIgniter.php(361): CodeIgniter\CodeIgniter->handleRequest(null, Object(Config\Cache), false)
 9 FCPATH\index.php(79): CodeIgniter\CodeIgniter->run()
