INFO - 2024-05-15 08:29:54 --> Session: Class initialized using 'CodeIgniter\Session\Handlers\FileHandler' driver.
ERROR - 2024-05-15 08:30:17 --> Error connecting to the database: CodeIgniter\Database\Exceptions\DatabaseException: [Microsoft][ODBC Driver 18 for SQL Server]TCP Provider: Tiempo de espera de la operación de espera agotado.
 SQLSTATE: 08001, code: 258
[Microsoft][ODBC Driver 18 for SQL Server]Login timeout expired SQLSTATE: HYT00, code: 0
[Microsoft][ODBC Driver 18 for SQL Server]A network-related or instance-specific error has occurred while establishing a connection to AUX3SISTEMAS, 1433. Server is not found or not accessible. Check if instance name is correct and if SQL Server is configured to allow remote connections. For more information see SQL Server Books Online. SQLSTATE: 08001, code: 258 in C:\xampp\htdocs\central\system\Database\SQLSRV\Connection.php:142
Stack trace:
#0 C:\xampp\htdocs\central\system\Database\BaseConnection.php(392): CodeIgniter\Database\SQLSRV\Connection->connect(false)
#1 C:\xampp\htdocs\central\system\Database\BaseConnection.php(575): CodeIgniter\Database\BaseConnection->initialize()
#2 C:\xampp\htdocs\central\system\Database\SQLSRV\Builder.php(610): CodeIgniter\Database\BaseConnection->query('SELECT *\nFROM "...', Array, false)
#3 C:\xampp\htdocs\central\system\Model.php(270): CodeIgniter\Database\SQLSRV\Builder->get()
#4 C:\xampp\htdocs\central\system\BaseModel.php(676): CodeIgniter\Model->doFirst()
#5 C:\xampp\htdocs\central\app\Models\UsuarioModel.php(38): CodeIgniter\BaseModel->first()
#6 C:\xampp\htdocs\central\app\Controllers\LoginController.php(38): App\Models\UsuarioModel->obtenerUsuario(Array)
#7 C:\xampp\htdocs\central\system\CodeIgniter.php(941): App\Controllers\LoginController->autenticar()
#8 C:\xampp\htdocs\central\system\CodeIgniter.php(502): CodeIgniter\CodeIgniter->runController(Object(App\Controllers\LoginController))
#9 C:\xampp\htdocs\central\system\CodeIgniter.php(361): CodeIgniter\CodeIgniter->handleRequest(NULL, Object(Config\Cache), false)
#10 C:\xampp\htdocs\central\index.php(79): CodeIgniter\CodeIgniter->run()
#11 {main}
CRITICAL - 2024-05-15 08:30:17 --> CodeIgniter\Database\Exceptions\DatabaseException: Unable to connect to the database.
Main connection [SQLSRV]: [Microsoft][ODBC Driver 18 for SQL Server]TCP Provider: Tiempo de espera de la operación de espera agotado.
 SQLSTATE: 08001, code: 258
[Microsoft][ODBC Driver 18 for SQL Server]Login timeout expired SQLSTATE: HYT00, code: 0
[Microsoft][ODBC Driver 18 for SQL Server]A network-related or instance-specific error has occurred while establishing a connection to AUX3SISTEMAS, 1433. Server is not found or not accessible. Check if instance name is correct and if SQL Server is configured to allow remote connections. For more information see SQL Server Books Online. SQLSTATE: 08001, code: 258
in SYSTEMPATH\Database\BaseConnection.php on line 428.
 1 SYSTEMPATH\Database\BaseConnection.php(575): CodeIgniter\Database\BaseConnection->initialize()
 2 SYSTEMPATH\Database\SQLSRV\Builder.php(610): CodeIgniter\Database\BaseConnection->query('SELECT *
FROM "CGingreso"."dbo"."usuarios"
WHERE "NUSUARIO" = :NUSUARIO:
 ORDER BY (SELECT NULL)  OFFSET 0  ROWS FETCH NEXT 1 ROWS ONLY ', [...], false)
 3 SYSTEMPATH\Model.php(270): CodeIgniter\Database\SQLSRV\Builder->get()
 4 SYSTEMPATH\BaseModel.php(676): CodeIgniter\Model->doFirst()
 5 APPPATH\Models\UsuarioModel.php(38): CodeIgniter\BaseModel->first()
 6 APPPATH\Controllers\LoginController.php(38): App\Models\UsuarioModel->obtenerUsuario([...])
 7 SYSTEMPATH\CodeIgniter.php(941): App\Controllers\LoginController->autenticar()
 8 SYSTEMPATH\CodeIgniter.php(502): CodeIgniter\CodeIgniter->runController(Object(App\Controllers\LoginController))
 9 SYSTEMPATH\CodeIgniter.php(361): CodeIgniter\CodeIgniter->handleRequest(null, Object(Config\Cache), false)
10 FCPATH\index.php(79): CodeIgniter\CodeIgniter->run()
ERROR - 2024-05-15 08:30:25 --> Error connecting to the database: CodeIgniter\Database\Exceptions\DatabaseException: [Microsoft][ODBC Driver 18 for SQL Server]TCP Provider: Tiempo de espera de la operación de espera agotado.
 SQLSTATE: 08001, code: 258
[Microsoft][ODBC Driver 18 for SQL Server]Login timeout expired SQLSTATE: HYT00, code: 0
[Microsoft][ODBC Driver 18 for SQL Server]A network-related or instance-specific error has occurred while establishing a connection to AUX3SISTEMAS, 1433. Server is not found or not accessible. Check if instance name is correct and if SQL Server is configured to allow remote connections. For more information see SQL Server Books Online. SQLSTATE: 08001, code: 258 in C:\xampp\htdocs\central\system\Database\SQLSRV\Connection.php:142
Stack trace:
#0 C:\xampp\htdocs\central\system\Database\BaseConnection.php(392): CodeIgniter\Database\SQLSRV\Connection->connect(false)
#1 C:\xampp\htdocs\central\system\Database\BaseConnection.php(575): CodeIgniter\Database\BaseConnection->initialize()
#2 C:\xampp\htdocs\central\system\Database\SQLSRV\Builder.php(610): CodeIgniter\Database\BaseConnection->query('SELECT *\nFROM "...', Array, false)
#3 C:\xampp\htdocs\central\system\Model.php(270): CodeIgniter\Database\SQLSRV\Builder->get()
#4 C:\xampp\htdocs\central\system\BaseModel.php(676): CodeIgniter\Model->doFirst()
#5 C:\xampp\htdocs\central\app\Models\UsuarioModel.php(38): CodeIgniter\BaseModel->first()
#6 C:\xampp\htdocs\central\app\Controllers\LoginController.php(38): App\Models\UsuarioModel->obtenerUsuario(Array)
#7 C:\xampp\htdocs\central\system\CodeIgniter.php(941): App\Controllers\LoginController->autenticar()
#8 C:\xampp\htdocs\central\system\CodeIgniter.php(502): CodeIgniter\CodeIgniter->runController(Object(App\Controllers\LoginController))
#9 C:\xampp\htdocs\central\system\CodeIgniter.php(361): CodeIgniter\CodeIgniter->handleRequest(NULL, Object(Config\Cache), false)
#10 C:\xampp\htdocs\central\index.php(79): CodeIgniter\CodeIgniter->run()
#11 {main}
CRITICAL - 2024-05-15 08:30:25 --> CodeIgniter\Database\Exceptions\DatabaseException: Unable to connect to the database.
Main connection [SQLSRV]: [Microsoft][ODBC Driver 18 for SQL Server]TCP Provider: Tiempo de espera de la operación de espera agotado.
 SQLSTATE: 08001, code: 258
[Microsoft][ODBC Driver 18 for SQL Server]Login timeout expired SQLSTATE: HYT00, code: 0
[Microsoft][ODBC Driver 18 for SQL Server]A network-related or instance-specific error has occurred while establishing a connection to AUX3SISTEMAS, 1433. Server is not found or not accessible. Check if instance name is correct and if SQL Server is configured to allow remote connections. For more information see SQL Server Books Online. SQLSTATE: 08001, code: 258
in SYSTEMPATH\Database\BaseConnection.php on line 428.
 1 SYSTEMPATH\Database\BaseConnection.php(575): CodeIgniter\Database\BaseConnection->initialize()
 2 SYSTEMPATH\Database\SQLSRV\Builder.php(610): CodeIgniter\Database\BaseConnection->query('SELECT *
FROM "CGingreso"."dbo"."usuarios"
WHERE "NUSUARIO" = :NUSUARIO:
 ORDER BY (SELECT NULL)  OFFSET 0  ROWS FETCH NEXT 1 ROWS ONLY ', [...], false)
 3 SYSTEMPATH\Model.php(270): CodeIgniter\Database\SQLSRV\Builder->get()
 4 SYSTEMPATH\BaseModel.php(676): CodeIgniter\Model->doFirst()
 5 APPPATH\Models\UsuarioModel.php(38): CodeIgniter\BaseModel->first()
 6 APPPATH\Controllers\LoginController.php(38): App\Models\UsuarioModel->obtenerUsuario([...])
 7 SYSTEMPATH\CodeIgniter.php(941): App\Controllers\LoginController->autenticar()
 8 SYSTEMPATH\CodeIgniter.php(502): CodeIgniter\CodeIgniter->runController(Object(App\Controllers\LoginController))
 9 SYSTEMPATH\CodeIgniter.php(361): CodeIgniter\CodeIgniter->handleRequest(null, Object(Config\Cache), false)
10 FCPATH\index.php(79): CodeIgniter\CodeIgniter->run()
INFO - 2024-05-15 08:33:54 --> Session: Class initialized using 'CodeIgniter\Session\Handlers\FileHandler' driver.
ERROR - 2024-05-15 08:33:58 --> Error connecting to the database: CodeIgniter\Database\Exceptions\DatabaseException: [Microsoft][ODBC Driver 18 for SQL Server]TCP Provider: Tiempo de espera de la operación de espera agotado.
 SQLSTATE: 08001, code: 258
[Microsoft][ODBC Driver 18 for SQL Server]Login timeout expired SQLSTATE: HYT00, code: 0
[Microsoft][ODBC Driver 18 for SQL Server]A network-related or instance-specific error has occurred while establishing a connection to AUX3SISTEMAS, 1433. Server is not found or not accessible. Check if instance name is correct and if SQL Server is configured to allow remote connections. For more information see SQL Server Books Online. SQLSTATE: 08001, code: 258 in C:\xampp\htdocs\central\system\Database\SQLSRV\Connection.php:142
Stack trace:
#0 C:\xampp\htdocs\central\system\Database\BaseConnection.php(392): CodeIgniter\Database\SQLSRV\Connection->connect(false)
#1 C:\xampp\htdocs\central\system\Database\BaseConnection.php(575): CodeIgniter\Database\BaseConnection->initialize()
#2 C:\xampp\htdocs\central\system\Database\SQLSRV\Builder.php(610): CodeIgniter\Database\BaseConnection->query('SELECT *\nFROM "...', Array, false)
#3 C:\xampp\htdocs\central\system\Model.php(270): CodeIgniter\Database\SQLSRV\Builder->get()
#4 C:\xampp\htdocs\central\system\BaseModel.php(676): CodeIgniter\Model->doFirst()
#5 C:\xampp\htdocs\central\app\Models\UsuarioModel.php(38): CodeIgniter\BaseModel->first()
#6 C:\xampp\htdocs\central\app\Controllers\LoginController.php(38): App\Models\UsuarioModel->obtenerUsuario(Array)
#7 C:\xampp\htdocs\central\system\CodeIgniter.php(941): App\Controllers\LoginController->autenticar()
#8 C:\xampp\htdocs\central\system\CodeIgniter.php(502): CodeIgniter\CodeIgniter->runController(Object(App\Controllers\LoginController))
#9 C:\xampp\htdocs\central\system\CodeIgniter.php(361): CodeIgniter\CodeIgniter->handleRequest(NULL, Object(Config\Cache), false)
#10 C:\xampp\htdocs\central\index.php(79): CodeIgniter\CodeIgniter->run()
#11 {main}
CRITICAL - 2024-05-15 08:33:58 --> CodeIgniter\Database\Exceptions\DatabaseException: Unable to connect to the database.
Main connection [SQLSRV]: [Microsoft][ODBC Driver 18 for SQL Server]TCP Provider: Tiempo de espera de la operación de espera agotado.
 SQLSTATE: 08001, code: 258
[Microsoft][ODBC Driver 18 for SQL Server]Login timeout expired SQLSTATE: HYT00, code: 0
[Microsoft][ODBC Driver 18 for SQL Server]A network-related or instance-specific error has occurred while establishing a connection to AUX3SISTEMAS, 1433. Server is not found or not accessible. Check if instance name is correct and if SQL Server is configured to allow remote connections. For more information see SQL Server Books Online. SQLSTATE: 08001, code: 258
in SYSTEMPATH\Database\BaseConnection.php on line 428.
 1 SYSTEMPATH\Database\BaseConnection.php(575): CodeIgniter\Database\BaseConnection->initialize()
 2 SYSTEMPATH\Database\SQLSRV\Builder.php(610): CodeIgniter\Database\BaseConnection->query('SELECT *
FROM "CGingreso"."dbo"."usuarios"
WHERE "NUSUARIO" = :NUSUARIO:
 ORDER BY (SELECT NULL)  OFFSET 0  ROWS FETCH NEXT 1 ROWS ONLY ', [...], false)
 3 SYSTEMPATH\Model.php(270): CodeIgniter\Database\SQLSRV\Builder->get()
 4 SYSTEMPATH\BaseModel.php(676): CodeIgniter\Model->doFirst()
 5 APPPATH\Models\UsuarioModel.php(38): CodeIgniter\BaseModel->first()
 6 APPPATH\Controllers\LoginController.php(38): App\Models\UsuarioModel->obtenerUsuario([...])
 7 SYSTEMPATH\CodeIgniter.php(941): App\Controllers\LoginController->autenticar()
 8 SYSTEMPATH\CodeIgniter.php(502): CodeIgniter\CodeIgniter->runController(Object(App\Controllers\LoginController))
 9 SYSTEMPATH\CodeIgniter.php(361): CodeIgniter\CodeIgniter->handleRequest(null, Object(Config\Cache), false)
10 FCPATH\index.php(79): CodeIgniter\CodeIgniter->run()
ERROR - 2024-05-15 08:34:15 --> Error connecting to the database: CodeIgniter\Database\Exceptions\DatabaseException: [Microsoft][ODBC Driver 18 for SQL Server]TCP Provider: Tiempo de espera de la operación de espera agotado.
 SQLSTATE: 08001, code: 258
[Microsoft][ODBC Driver 18 for SQL Server]Login timeout expired SQLSTATE: HYT00, code: 0
[Microsoft][ODBC Driver 18 for SQL Server]A network-related or instance-specific error has occurred while establishing a connection to AUX3SISTEMAS, 1433. Server is not found or not accessible. Check if instance name is correct and if SQL Server is configured to allow remote connections. For more information see SQL Server Books Online. SQLSTATE: 08001, code: 258 in C:\xampp\htdocs\central\system\Database\SQLSRV\Connection.php:142
Stack trace:
#0 C:\xampp\htdocs\central\system\Database\BaseConnection.php(392): CodeIgniter\Database\SQLSRV\Connection->connect(false)
#1 C:\xampp\htdocs\central\system\Database\BaseConnection.php(575): CodeIgniter\Database\BaseConnection->initialize()
#2 C:\xampp\htdocs\central\system\Database\SQLSRV\Builder.php(610): CodeIgniter\Database\BaseConnection->query('SELECT *\nFROM "...', Array, false)
#3 C:\xampp\htdocs\central\system\Model.php(270): CodeIgniter\Database\SQLSRV\Builder->get()
#4 C:\xampp\htdocs\central\system\BaseModel.php(676): CodeIgniter\Model->doFirst()
#5 C:\xampp\htdocs\central\app\Models\UsuarioModel.php(38): CodeIgniter\BaseModel->first()
#6 C:\xampp\htdocs\central\app\Controllers\LoginController.php(38): App\Models\UsuarioModel->obtenerUsuario(Array)
#7 C:\xampp\htdocs\central\system\CodeIgniter.php(941): App\Controllers\LoginController->autenticar()
#8 C:\xampp\htdocs\central\system\CodeIgniter.php(502): CodeIgniter\CodeIgniter->runController(Object(App\Controllers\LoginController))
#9 C:\xampp\htdocs\central\system\CodeIgniter.php(361): CodeIgniter\CodeIgniter->handleRequest(NULL, Object(Config\Cache), false)
#10 C:\xampp\htdocs\central\index.php(79): CodeIgniter\CodeIgniter->run()
#11 {main}
CRITICAL - 2024-05-15 08:34:15 --> CodeIgniter\Database\Exceptions\DatabaseException: Unable to connect to the database.
Main connection [SQLSRV]: [Microsoft][ODBC Driver 18 for SQL Server]TCP Provider: Tiempo de espera de la operación de espera agotado.
 SQLSTATE: 08001, code: 258
[Microsoft][ODBC Driver 18 for SQL Server]Login timeout expired SQLSTATE: HYT00, code: 0
[Microsoft][ODBC Driver 18 for SQL Server]A network-related or instance-specific error has occurred while establishing a connection to AUX3SISTEMAS, 1433. Server is not found or not accessible. Check if instance name is correct and if SQL Server is configured to allow remote connections. For more information see SQL Server Books Online. SQLSTATE: 08001, code: 258
in SYSTEMPATH\Database\BaseConnection.php on line 428.
 1 SYSTEMPATH\Database\BaseConnection.php(575): CodeIgniter\Database\BaseConnection->initialize()
 2 SYSTEMPATH\Database\SQLSRV\Builder.php(610): CodeIgniter\Database\BaseConnection->query('SELECT *
FROM "CGingreso"."dbo"."usuarios"
WHERE "NUSUARIO" = :NUSUARIO:
 ORDER BY (SELECT NULL)  OFFSET 0  ROWS FETCH NEXT 1 ROWS ONLY ', [...], false)
 3 SYSTEMPATH\Model.php(270): CodeIgniter\Database\SQLSRV\Builder->get()
 4 SYSTEMPATH\BaseModel.php(676): CodeIgniter\Model->doFirst()
 5 APPPATH\Models\UsuarioModel.php(38): CodeIgniter\BaseModel->first()
 6 APPPATH\Controllers\LoginController.php(38): App\Models\UsuarioModel->obtenerUsuario([...])
 7 SYSTEMPATH\CodeIgniter.php(941): App\Controllers\LoginController->autenticar()
 8 SYSTEMPATH\CodeIgniter.php(502): CodeIgniter\CodeIgniter->runController(Object(App\Controllers\LoginController))
 9 SYSTEMPATH\CodeIgniter.php(361): CodeIgniter\CodeIgniter->handleRequest(null, Object(Config\Cache), false)
10 FCPATH\index.php(79): CodeIgniter\CodeIgniter->run()
INFO - 2024-05-15 08:34:50 --> Session: Class initialized using 'CodeIgniter\Session\Handlers\FileHandler' driver.
INFO - 2024-05-15 08:34:51 --> Session: Class initialized using 'CodeIgniter\Session\Handlers\FileHandler' driver.
INFO - 2024-05-15 08:34:52 --> Session: Class initialized using 'CodeIgniter\Session\Handlers\FileHandler' driver.
INFO - 2024-05-15 08:35:02 --> Antes de obtener información del usuario para: porteria1
INFO - 2024-05-15 08:35:02 --> Contraseña almacenada para el usuario "porteria1": 123@
INFO - 2024-05-15 08:35:02 --> Contraseña ingresada: 123@
INFO - 2024-05-15 08:35:02 --> Contraseña verificada con éxito.
INFO - 2024-05-15 08:35:02 --> Session: Class initialized using 'CodeIgniter\Session\Handlers\FileHandler' driver.
INFO - 2024-05-15 08:43:02 --> Session: Class initialized using 'CodeIgniter\Session\Handlers\FileHandler' driver.
INFO - 2024-05-15 08:43:09 --> Antes de obtener información del usuario para: porteria1
INFO - 2024-05-15 08:43:09 --> Contraseña almacenada para el usuario "porteria1": 123@
INFO - 2024-05-15 08:43:09 --> Contraseña ingresada: 123@
INFO - 2024-05-15 08:43:09 --> Contraseña verificada con éxito.
INFO - 2024-05-15 08:43:09 --> Session: Class initialized using 'CodeIgniter\Session\Handlers\FileHandler' driver.
