WARNING - 2024-01-18 14:01:08 --> [DEPRECATED] Creation of dynamic property App\Controllers\obtenerTodosLosRegistros::$Datosbd_models is deprecated in APPPATH\Controllers\obtenerTodosLosRegistros.php on line 21.
 1 SYSTEMPATH\CodeIgniter.php(913): App\Controllers\obtenerTodosLosRegistros->__construct()
 2 SYSTEMPATH\CodeIgniter.php(493): CodeIgniter\CodeIgniter->createController()
 3 SYSTEMPATH\CodeIgniter.php(361): CodeIgniter\CodeIgniter->handleRequest(null, Object(Config\Cache), false)
 4 FCPATH\index.php(79): CodeIgniter\CodeIgniter->run()
INFO - 2024-01-18 14:01:08 --> Session: Class initialized using 'CodeIgniter\Session\Handlers\FileHandler' driver.
WARNING - 2024-01-18 14:01:10 --> [DEPRECATED] Creation of dynamic property App\Controllers\obtenerTodosLosRegistros::$Datosbd_models is deprecated in APPPATH\Controllers\obtenerTodosLosRegistros.php on line 21.
 1 SYSTEMPATH\CodeIgniter.php(913): App\Controllers\obtenerTodosLosRegistros->__construct()
 2 SYSTEMPATH\CodeIgniter.php(493): CodeIgniter\CodeIgniter->createController()
 3 SYSTEMPATH\CodeIgniter.php(361): CodeIgniter\CodeIgniter->handleRequest(null, Object(Config\Cache), false)
 4 FCPATH\index.php(79): CodeIgniter\CodeIgniter->run()
WARNING - 2024-01-18 14:01:57 --> [DEPRECATED] Creation of dynamic property App\Controllers\obtenerTodosLosRegistros::$Datosbd_models is deprecated in APPPATH\Controllers\obtenerTodosLosRegistros.php on line 21.
 1 SYSTEMPATH\CodeIgniter.php(913): App\Controllers\obtenerTodosLosRegistros->__construct()
 2 SYSTEMPATH\CodeIgniter.php(493): CodeIgniter\CodeIgniter->createController()
 3 SYSTEMPATH\CodeIgniter.php(361): CodeIgniter\CodeIgniter->handleRequest(null, Object(Config\Cache), false)
 4 FCPATH\index.php(79): CodeIgniter\CodeIgniter->run()
INFO - 2024-01-18 14:01:58 --> Session: Class initialized using 'CodeIgniter\Session\Handlers\FileHandler' driver.
WARNING - 2024-01-18 14:03:07 --> [DEPRECATED] Creation of dynamic property App\Controllers\obtenerTodosLosRegistros::$Datosbd_models is deprecated in APPPATH\Controllers\obtenerTodosLosRegistros.php on line 21.
 1 SYSTEMPATH\CodeIgniter.php(913): App\Controllers\obtenerTodosLosRegistros->__construct()
 2 SYSTEMPATH\CodeIgniter.php(493): CodeIgniter\CodeIgniter->createController()
 3 SYSTEMPATH\CodeIgniter.php(361): CodeIgniter\CodeIgniter->handleRequest(null, Object(Config\Cache), false)
 4 FCPATH\index.php(79): CodeIgniter\CodeIgniter->run()
INFO - 2024-01-18 14:03:07 --> Session: Class initialized using 'CodeIgniter\Session\Handlers\FileHandler' driver.
WARNING - 2024-01-18 14:03:21 --> [DEPRECATED] Creation of dynamic property App\Controllers\obtenerTodosLosRegistros::$Datosbd_models is deprecated in APPPATH\Controllers\obtenerTodosLosRegistros.php on line 21.
 1 SYSTEMPATH\CodeIgniter.php(913): App\Controllers\obtenerTodosLosRegistros->__construct()
 2 SYSTEMPATH\CodeIgniter.php(493): CodeIgniter\CodeIgniter->createController()
 3 SYSTEMPATH\CodeIgniter.php(361): CodeIgniter\CodeIgniter->handleRequest(null, Object(Config\Cache), false)
 4 FCPATH\index.php(79): CodeIgniter\CodeIgniter->run()
INFO - 2024-01-18 14:03:21 --> Session: Class initialized using 'CodeIgniter\Session\Handlers\FileHandler' driver.
INFO - 2024-01-18 14:03:31 --> Session: Class initialized using 'CodeIgniter\Session\Handlers\FileHandler' driver.
INFO - 2024-01-18 14:04:14 --> Session: Class initialized using 'CodeIgniter\Session\Handlers\FileHandler' driver.
WARNING - 2024-01-18 14:42:42 --> [DEPRECATED] Creation of dynamic property App\Controllers\obtenerTodosLosRegistros::$Datosbd_models is deprecated in APPPATH\Controllers\obtenerTodosLosRegistros.php on line 21.
 1 SYSTEMPATH\CodeIgniter.php(913): App\Controllers\obtenerTodosLosRegistros->__construct()
 2 SYSTEMPATH\CodeIgniter.php(493): CodeIgniter\CodeIgniter->createController()
 3 SYSTEMPATH\CodeIgniter.php(361): CodeIgniter\CodeIgniter->handleRequest(null, Object(Config\Cache), false)
 4 FCPATH\index.php(79): CodeIgniter\CodeIgniter->run()
INFO - 2024-01-18 14:42:42 --> Session: Class initialized using 'CodeIgniter\Session\Handlers\FileHandler' driver.
WARNING - 2024-01-18 14:42:43 --> [DEPRECATED] Creation of dynamic property App\Controllers\obtenerTodosLosRegistros::$Datosbd_models is deprecated in APPPATH\Controllers\obtenerTodosLosRegistros.php on line 21.
 1 SYSTEMPATH\CodeIgniter.php(913): App\Controllers\obtenerTodosLosRegistros->__construct()
 2 SYSTEMPATH\CodeIgniter.php(493): CodeIgniter\CodeIgniter->createController()
 3 SYSTEMPATH\CodeIgniter.php(361): CodeIgniter\CodeIgniter->handleRequest(null, Object(Config\Cache), false)
 4 FCPATH\index.php(79): CodeIgniter\CodeIgniter->run()
WARNING - 2024-01-18 15:01:24 --> [DEPRECATED] Creation of dynamic property App\Controllers\obtenerTodosLosRegistros::$Datosbd_models is deprecated in APPPATH\Controllers\obtenerTodosLosRegistros.php on line 21.
 1 SYSTEMPATH\CodeIgniter.php(913): App\Controllers\obtenerTodosLosRegistros->__construct()
 2 SYSTEMPATH\CodeIgniter.php(493): CodeIgniter\CodeIgniter->createController()
 3 SYSTEMPATH\CodeIgniter.php(361): CodeIgniter\CodeIgniter->handleRequest(null, Object(Config\Cache), false)
 4 FCPATH\index.php(79): CodeIgniter\CodeIgniter->run()
WARNING - 2024-01-18 15:01:58 --> [DEPRECATED] Creation of dynamic property App\Controllers\obtenerTodosLosRegistros::$Datosbd_models is deprecated in APPPATH\Controllers\obtenerTodosLosRegistros.php on line 21.
 1 SYSTEMPATH\CodeIgniter.php(913): App\Controllers\obtenerTodosLosRegistros->__construct()
 2 SYSTEMPATH\CodeIgniter.php(493): CodeIgniter\CodeIgniter->createController()
 3 SYSTEMPATH\CodeIgniter.php(361): CodeIgniter\CodeIgniter->handleRequest(null, Object(Config\Cache), false)
 4 FCPATH\index.php(79): CodeIgniter\CodeIgniter->run()
WARNING - 2024-01-18 15:02:58 --> [DEPRECATED] Creation of dynamic property App\Controllers\obtenerTodosLosRegistros::$Datosbd_models is deprecated in APPPATH\Controllers\obtenerTodosLosRegistros.php on line 21.
 1 SYSTEMPATH\CodeIgniter.php(913): App\Controllers\obtenerTodosLosRegistros->__construct()
 2 SYSTEMPATH\CodeIgniter.php(493): CodeIgniter\CodeIgniter->createController()
 3 SYSTEMPATH\CodeIgniter.php(361): CodeIgniter\CodeIgniter->handleRequest(null, Object(Config\Cache), false)
 4 FCPATH\index.php(79): CodeIgniter\CodeIgniter->run()
CRITICAL - 2024-01-18 15:04:41 --> ErrorException: Namespace declaration statement has to be the very first statement or after any declare call in the script
in APPPATH\Controllers\LoginController.php on line 3.
 1 [internal function]: CodeIgniter\Debug\Exceptions->shutdownHandler()
CRITICAL - 2024-01-18 15:11:10 --> ErrorException: Namespace declaration statement has to be the very first statement or after any declare call in the script
in APPPATH\Models\UsuarioModel.php on line 3.
 1 [internal function]: CodeIgniter\Debug\Exceptions->shutdownHandler()
CRITICAL - 2024-01-18 15:12:30 --> ErrorException: Namespace declaration statement has to be the very first statement or after any declare call in the script
in APPPATH\Models\UsuarioModel.php on line 3.
 1 [internal function]: CodeIgniter\Debug\Exceptions->shutdownHandler()
INFO - 2024-01-18 15:14:25 --> Session: Class initialized using 'CodeIgniter\Session\Handlers\FileHandler' driver.
INFO - 2024-01-18 15:14:31 --> Session: Class initialized using 'CodeIgniter\Session\Handlers\FileHandler' driver.
INFO - 2024-01-18 15:15:03 --> Session: Class initialized using 'CodeIgniter\Session\Handlers\FileHandler' driver.
INFO - 2024-01-18 16:11:15 --> Session: Class initialized using 'CodeIgniter\Session\Handlers\FileHandler' driver.
INFO - 2024-01-18 16:11:28 --> Session: Class initialized using 'CodeIgniter\Session\Handlers\FileHandler' driver.
INFO - 2024-01-18 16:11:32 --> Session: Class initialized using 'CodeIgniter\Session\Handlers\FileHandler' driver.
INFO - 2024-01-18 16:14:40 --> Session: Class initialized using 'CodeIgniter\Session\Handlers\FileHandler' driver.
INFO - 2024-01-18 16:15:06 --> Session: Class initialized using 'CodeIgniter\Session\Handlers\FileHandler' driver.
INFO - 2024-01-18 16:15:27 --> Session: Class initialized using 'CodeIgniter\Session\Handlers\FileHandler' driver.
INFO - 2024-01-18 16:15:52 --> Session: Class initialized using 'CodeIgniter\Session\Handlers\FileHandler' driver.
WARNING - 2024-01-18 18:18:59 --> [DEPRECATED] Creation of dynamic property App\Controllers\obtenerTodosLosRegistros::$Datosbd_models is deprecated in APPPATH\Controllers\obtenerTodosLosRegistros.php on line 21.
 1 SYSTEMPATH\CodeIgniter.php(913): App\Controllers\obtenerTodosLosRegistros->__construct()
 2 SYSTEMPATH\CodeIgniter.php(493): CodeIgniter\CodeIgniter->createController()
 3 SYSTEMPATH\CodeIgniter.php(361): CodeIgniter\CodeIgniter->handleRequest(null, Object(Config\Cache), false)
 4 FCPATH\index.php(79): CodeIgniter\CodeIgniter->run()
INFO - 2024-01-18 18:19:00 --> Session: Class initialized using 'CodeIgniter\Session\Handlers\FileHandler' driver.
WARNING - 2024-01-18 18:19:17 --> [DEPRECATED] Creation of dynamic property App\Controllers\obtenerTodosLosRegistros::$Datosbd_models is deprecated in APPPATH\Controllers\obtenerTodosLosRegistros.php on line 21.
 1 SYSTEMPATH\CodeIgniter.php(913): App\Controllers\obtenerTodosLosRegistros->__construct()
 2 SYSTEMPATH\CodeIgniter.php(493): CodeIgniter\CodeIgniter->createController()
 3 SYSTEMPATH\CodeIgniter.php(361): CodeIgniter\CodeIgniter->handleRequest(null, Object(Config\Cache), false)
 4 FCPATH\index.php(79): CodeIgniter\CodeIgniter->run()
INFO - 2024-01-18 18:19:17 --> Session: Class initialized using 'CodeIgniter\Session\Handlers\FileHandler' driver.
WARNING - 2024-01-18 18:19:27 --> [DEPRECATED] Creation of dynamic property App\Controllers\obtenerTodosLosRegistros::$Datosbd_models is deprecated in APPPATH\Controllers\obtenerTodosLosRegistros.php on line 21.
 1 SYSTEMPATH\CodeIgniter.php(913): App\Controllers\obtenerTodosLosRegistros->__construct()
 2 SYSTEMPATH\CodeIgniter.php(493): CodeIgniter\CodeIgniter->createController()
 3 SYSTEMPATH\CodeIgniter.php(361): CodeIgniter\CodeIgniter->handleRequest(null, Object(Config\Cache), false)
 4 FCPATH\index.php(79): CodeIgniter\CodeIgniter->run()
WARNING - 2024-01-18 18:20:59 --> [DEPRECATED] Creation of dynamic property App\Controllers\obtenerTodosLosRegistros::$Datosbd_models is deprecated in APPPATH\Controllers\obtenerTodosLosRegistros.php on line 21.
 1 SYSTEMPATH\CodeIgniter.php(913): App\Controllers\obtenerTodosLosRegistros->__construct()
 2 SYSTEMPATH\CodeIgniter.php(493): CodeIgniter\CodeIgniter->createController()
 3 SYSTEMPATH\CodeIgniter.php(361): CodeIgniter\CodeIgniter->handleRequest(null, Object(Config\Cache), false)
 4 FCPATH\index.php(79): CodeIgniter\CodeIgniter->run()
WARNING - 2024-01-18 18:21:40 --> [DEPRECATED] Creation of dynamic property App\Controllers\obtenerTodosLosRegistros::$Datosbd_models is deprecated in APPPATH\Controllers\obtenerTodosLosRegistros.php on line 21.
 1 SYSTEMPATH\CodeIgniter.php(913): App\Controllers\obtenerTodosLosRegistros->__construct()
 2 SYSTEMPATH\CodeIgniter.php(493): CodeIgniter\CodeIgniter->createController()
 3 SYSTEMPATH\CodeIgniter.php(361): CodeIgniter\CodeIgniter->handleRequest(null, Object(Config\Cache), false)
 4 FCPATH\index.php(79): CodeIgniter\CodeIgniter->run()
WARNING - 2024-01-18 18:21:59 --> [DEPRECATED] Creation of dynamic property App\Controllers\obtenerTodosLosRegistros::$Datosbd_models is deprecated in APPPATH\Controllers\obtenerTodosLosRegistros.php on line 21.
 1 SYSTEMPATH\CodeIgniter.php(913): App\Controllers\obtenerTodosLosRegistros->__construct()
 2 SYSTEMPATH\CodeIgniter.php(493): CodeIgniter\CodeIgniter->createController()
 3 SYSTEMPATH\CodeIgniter.php(361): CodeIgniter\CodeIgniter->handleRequest(null, Object(Config\Cache), false)
 4 FCPATH\index.php(79): CodeIgniter\CodeIgniter->run()
WARNING - 2024-01-18 18:22:35 --> [DEPRECATED] Creation of dynamic property App\Controllers\obtenerTodosLosRegistros::$Datosbd_models is deprecated in APPPATH\Controllers\obtenerTodosLosRegistros.php on line 21.
 1 SYSTEMPATH\CodeIgniter.php(913): App\Controllers\obtenerTodosLosRegistros->__construct()
 2 SYSTEMPATH\CodeIgniter.php(493): CodeIgniter\CodeIgniter->createController()
 3 SYSTEMPATH\CodeIgniter.php(361): CodeIgniter\CodeIgniter->handleRequest(null, Object(Config\Cache), false)
 4 FCPATH\index.php(79): CodeIgniter\CodeIgniter->run()
WARNING - 2024-01-18 18:23:13 --> [DEPRECATED] Creation of dynamic property App\Controllers\obtenerTodosLosRegistros::$Datosbd_models is deprecated in APPPATH\Controllers\obtenerTodosLosRegistros.php on line 21.
 1 SYSTEMPATH\CodeIgniter.php(913): App\Controllers\obtenerTodosLosRegistros->__construct()
 2 SYSTEMPATH\CodeIgniter.php(493): CodeIgniter\CodeIgniter->createController()
 3 SYSTEMPATH\CodeIgniter.php(361): CodeIgniter\CodeIgniter->handleRequest(null, Object(Config\Cache), false)
 4 FCPATH\index.php(79): CodeIgniter\CodeIgniter->run()
WARNING - 2024-01-18 18:25:31 --> [DEPRECATED] Creation of dynamic property App\Controllers\obtenerTodosLosRegistros::$Datosbd_models is deprecated in APPPATH\Controllers\obtenerTodosLosRegistros.php on line 21.
 1 SYSTEMPATH\CodeIgniter.php(913): App\Controllers\obtenerTodosLosRegistros->__construct()
 2 SYSTEMPATH\CodeIgniter.php(493): CodeIgniter\CodeIgniter->createController()
 3 SYSTEMPATH\CodeIgniter.php(361): CodeIgniter\CodeIgniter->handleRequest(null, Object(Config\Cache), false)
 4 FCPATH\index.php(79): CodeIgniter\CodeIgniter->run()
WARNING - 2024-01-18 18:25:51 --> [DEPRECATED] Creation of dynamic property App\Controllers\obtenerTodosLosRegistros::$Datosbd_models is deprecated in APPPATH\Controllers\obtenerTodosLosRegistros.php on line 21.
 1 SYSTEMPATH\CodeIgniter.php(913): App\Controllers\obtenerTodosLosRegistros->__construct()
 2 SYSTEMPATH\CodeIgniter.php(493): CodeIgniter\CodeIgniter->createController()
 3 SYSTEMPATH\CodeIgniter.php(361): CodeIgniter\CodeIgniter->handleRequest(null, Object(Config\Cache), false)
 4 FCPATH\index.php(79): CodeIgniter\CodeIgniter->run()
WARNING - 2024-01-18 18:26:11 --> [DEPRECATED] Creation of dynamic property App\Controllers\obtenerTodosLosRegistros::$Datosbd_models is deprecated in APPPATH\Controllers\obtenerTodosLosRegistros.php on line 21.
 1 SYSTEMPATH\CodeIgniter.php(913): App\Controllers\obtenerTodosLosRegistros->__construct()
 2 SYSTEMPATH\CodeIgniter.php(493): CodeIgniter\CodeIgniter->createController()
 3 SYSTEMPATH\CodeIgniter.php(361): CodeIgniter\CodeIgniter->handleRequest(null, Object(Config\Cache), false)
 4 FCPATH\index.php(79): CodeIgniter\CodeIgniter->run()
WARNING - 2024-01-18 18:26:39 --> [DEPRECATED] Creation of dynamic property App\Controllers\obtenerTodosLosRegistros::$Datosbd_models is deprecated in APPPATH\Controllers\obtenerTodosLosRegistros.php on line 21.
 1 SYSTEMPATH\CodeIgniter.php(913): App\Controllers\obtenerTodosLosRegistros->__construct()
 2 SYSTEMPATH\CodeIgniter.php(493): CodeIgniter\CodeIgniter->createController()
 3 SYSTEMPATH\CodeIgniter.php(361): CodeIgniter\CodeIgniter->handleRequest(null, Object(Config\Cache), false)
 4 FCPATH\index.php(79): CodeIgniter\CodeIgniter->run()
WARNING - 2024-01-18 18:27:31 --> [DEPRECATED] Creation of dynamic property App\Controllers\obtenerTodosLosRegistros::$Datosbd_models is deprecated in APPPATH\Controllers\obtenerTodosLosRegistros.php on line 21.
 1 SYSTEMPATH\CodeIgniter.php(913): App\Controllers\obtenerTodosLosRegistros->__construct()
 2 SYSTEMPATH\CodeIgniter.php(493): CodeIgniter\CodeIgniter->createController()
 3 SYSTEMPATH\CodeIgniter.php(361): CodeIgniter\CodeIgniter->handleRequest(null, Object(Config\Cache), false)
 4 FCPATH\index.php(79): CodeIgniter\CodeIgniter->run()
WARNING - 2024-01-18 18:27:55 --> [DEPRECATED] Creation of dynamic property App\Controllers\obtenerTodosLosRegistros::$Datosbd_models is deprecated in APPPATH\Controllers\obtenerTodosLosRegistros.php on line 21.
 1 SYSTEMPATH\CodeIgniter.php(913): App\Controllers\obtenerTodosLosRegistros->__construct()
 2 SYSTEMPATH\CodeIgniter.php(493): CodeIgniter\CodeIgniter->createController()
 3 SYSTEMPATH\CodeIgniter.php(361): CodeIgniter\CodeIgniter->handleRequest(null, Object(Config\Cache), false)
 4 FCPATH\index.php(79): CodeIgniter\CodeIgniter->run()
WARNING - 2024-01-18 18:28:30 --> [DEPRECATED] Creation of dynamic property App\Controllers\obtenerTodosLosRegistros::$Datosbd_models is deprecated in APPPATH\Controllers\obtenerTodosLosRegistros.php on line 21.
 1 SYSTEMPATH\CodeIgniter.php(913): App\Controllers\obtenerTodosLosRegistros->__construct()
 2 SYSTEMPATH\CodeIgniter.php(493): CodeIgniter\CodeIgniter->createController()
 3 SYSTEMPATH\CodeIgniter.php(361): CodeIgniter\CodeIgniter->handleRequest(null, Object(Config\Cache), false)
 4 FCPATH\index.php(79): CodeIgniter\CodeIgniter->run()
WARNING - 2024-01-18 18:32:44 --> [DEPRECATED] Creation of dynamic property App\Controllers\obtenerTodosLosRegistros::$Datosbd_models is deprecated in APPPATH\Controllers\obtenerTodosLosRegistros.php on line 21.
 1 SYSTEMPATH\CodeIgniter.php(913): App\Controllers\obtenerTodosLosRegistros->__construct()
 2 SYSTEMPATH\CodeIgniter.php(493): CodeIgniter\CodeIgniter->createController()
 3 SYSTEMPATH\CodeIgniter.php(361): CodeIgniter\CodeIgniter->handleRequest(null, Object(Config\Cache), false)
 4 FCPATH\index.php(79): CodeIgniter\CodeIgniter->run()
INFO - 2024-01-18 18:32:45 --> Session: Class initialized using 'CodeIgniter\Session\Handlers\FileHandler' driver.
WARNING - 2024-01-18 18:32:57 --> [DEPRECATED] Creation of dynamic property App\Controllers\obtenerTodosLosRegistros::$Datosbd_models is deprecated in APPPATH\Controllers\obtenerTodosLosRegistros.php on line 21.
 1 SYSTEMPATH\CodeIgniter.php(913): App\Controllers\obtenerTodosLosRegistros->__construct()
 2 SYSTEMPATH\CodeIgniter.php(493): CodeIgniter\CodeIgniter->createController()
 3 SYSTEMPATH\CodeIgniter.php(361): CodeIgniter\CodeIgniter->handleRequest(null, Object(Config\Cache), false)
 4 FCPATH\index.php(79): CodeIgniter\CodeIgniter->run()
WARNING - 2024-01-18 18:34:03 --> [DEPRECATED] Creation of dynamic property App\Controllers\obtenerTodosLosRegistros::$Datosbd_models is deprecated in APPPATH\Controllers\obtenerTodosLosRegistros.php on line 21.
 1 SYSTEMPATH\CodeIgniter.php(913): App\Controllers\obtenerTodosLosRegistros->__construct()
 2 SYSTEMPATH\CodeIgniter.php(493): CodeIgniter\CodeIgniter->createController()
 3 SYSTEMPATH\CodeIgniter.php(361): CodeIgniter\CodeIgniter->handleRequest(null, Object(Config\Cache), false)
 4 FCPATH\index.php(79): CodeIgniter\CodeIgniter->run()
WARNING - 2024-01-18 18:34:28 --> [DEPRECATED] Creation of dynamic property App\Controllers\obtenerTodosLosRegistros::$Datosbd_models is deprecated in APPPATH\Controllers\obtenerTodosLosRegistros.php on line 21.
 1 SYSTEMPATH\CodeIgniter.php(913): App\Controllers\obtenerTodosLosRegistros->__construct()
 2 SYSTEMPATH\CodeIgniter.php(493): CodeIgniter\CodeIgniter->createController()
 3 SYSTEMPATH\CodeIgniter.php(361): CodeIgniter\CodeIgniter->handleRequest(null, Object(Config\Cache), false)
 4 FCPATH\index.php(79): CodeIgniter\CodeIgniter->run()
WARNING - 2024-01-18 18:39:45 --> [DEPRECATED] Creation of dynamic property App\Controllers\obtenerTodosLosRegistros::$Datosbd_models is deprecated in APPPATH\Controllers\obtenerTodosLosRegistros.php on line 21.
 1 SYSTEMPATH\CodeIgniter.php(913): App\Controllers\obtenerTodosLosRegistros->__construct()
 2 SYSTEMPATH\CodeIgniter.php(493): CodeIgniter\CodeIgniter->createController()
 3 SYSTEMPATH\CodeIgniter.php(361): CodeIgniter\CodeIgniter->handleRequest(null, Object(Config\Cache), false)
 4 FCPATH\index.php(79): CodeIgniter\CodeIgniter->run()
INFO - 2024-01-18 18:39:45 --> Session: Class initialized using 'CodeIgniter\Session\Handlers\FileHandler' driver.
WARNING - 2024-01-18 18:39:49 --> [DEPRECATED] Creation of dynamic property App\Controllers\obtenerTodosLosRegistros::$Datosbd_models is deprecated in APPPATH\Controllers\obtenerTodosLosRegistros.php on line 21.
 1 SYSTEMPATH\CodeIgniter.php(913): App\Controllers\obtenerTodosLosRegistros->__construct()
 2 SYSTEMPATH\CodeIgniter.php(493): CodeIgniter\CodeIgniter->createController()
 3 SYSTEMPATH\CodeIgniter.php(361): CodeIgniter\CodeIgniter->handleRequest(null, Object(Config\Cache), false)
 4 FCPATH\index.php(79): CodeIgniter\CodeIgniter->run()
INFO - 2024-01-18 18:39:49 --> Session: Class initialized using 'CodeIgniter\Session\Handlers\FileHandler' driver.
WARNING - 2024-01-18 18:39:57 --> [DEPRECATED] Creation of dynamic property App\Controllers\obtenerTodosLosRegistros::$Datosbd_models is deprecated in APPPATH\Controllers\obtenerTodosLosRegistros.php on line 21.
 1 SYSTEMPATH\CodeIgniter.php(913): App\Controllers\obtenerTodosLosRegistros->__construct()
 2 SYSTEMPATH\CodeIgniter.php(493): CodeIgniter\CodeIgniter->createController()
 3 SYSTEMPATH\CodeIgniter.php(361): CodeIgniter\CodeIgniter->handleRequest(null, Object(Config\Cache), false)
 4 FCPATH\index.php(79): CodeIgniter\CodeIgniter->run()
INFO - 2024-01-18 18:39:57 --> Session: Class initialized using 'CodeIgniter\Session\Handlers\FileHandler' driver.
WARNING - 2024-01-18 18:40:40 --> [DEPRECATED] Creation of dynamic property App\Controllers\obtenerTodosLosRegistros::$Datosbd_models is deprecated in APPPATH\Controllers\obtenerTodosLosRegistros.php on line 21.
 1 SYSTEMPATH\CodeIgniter.php(913): App\Controllers\obtenerTodosLosRegistros->__construct()
 2 SYSTEMPATH\CodeIgniter.php(493): CodeIgniter\CodeIgniter->createController()
 3 SYSTEMPATH\CodeIgniter.php(361): CodeIgniter\CodeIgniter->handleRequest(null, Object(Config\Cache), false)
 4 FCPATH\index.php(79): CodeIgniter\CodeIgniter->run()
INFO - 2024-01-18 18:40:40 --> Session: Class initialized using 'CodeIgniter\Session\Handlers\FileHandler' driver.
WARNING - 2024-01-18 18:40:58 --> [DEPRECATED] Creation of dynamic property App\Controllers\obtenerTodosLosRegistros::$Datosbd_models is deprecated in APPPATH\Controllers\obtenerTodosLosRegistros.php on line 21.
 1 SYSTEMPATH\CodeIgniter.php(913): App\Controllers\obtenerTodosLosRegistros->__construct()
 2 SYSTEMPATH\CodeIgniter.php(493): CodeIgniter\CodeIgniter->createController()
 3 SYSTEMPATH\CodeIgniter.php(361): CodeIgniter\CodeIgniter->handleRequest(null, Object(Config\Cache), false)
 4 FCPATH\index.php(79): CodeIgniter\CodeIgniter->run()
WARNING - 2024-01-18 18:41:45 --> [DEPRECATED] Creation of dynamic property App\Controllers\obtenerTodosLosRegistros::$Datosbd_models is deprecated in APPPATH\Controllers\obtenerTodosLosRegistros.php on line 21.
 1 SYSTEMPATH\CodeIgniter.php(913): App\Controllers\obtenerTodosLosRegistros->__construct()
 2 SYSTEMPATH\CodeIgniter.php(493): CodeIgniter\CodeIgniter->createController()
 3 SYSTEMPATH\CodeIgniter.php(361): CodeIgniter\CodeIgniter->handleRequest(null, Object(Config\Cache), false)
 4 FCPATH\index.php(79): CodeIgniter\CodeIgniter->run()
WARNING - 2024-01-18 18:42:37 --> [DEPRECATED] Creation of dynamic property App\Controllers\obtenerTodosLosRegistros::$Datosbd_models is deprecated in APPPATH\Controllers\obtenerTodosLosRegistros.php on line 21.
 1 SYSTEMPATH\CodeIgniter.php(913): App\Controllers\obtenerTodosLosRegistros->__construct()
 2 SYSTEMPATH\CodeIgniter.php(493): CodeIgniter\CodeIgniter->createController()
 3 SYSTEMPATH\CodeIgniter.php(361): CodeIgniter\CodeIgniter->handleRequest(null, Object(Config\Cache), false)
 4 FCPATH\index.php(79): CodeIgniter\CodeIgniter->run()
WARNING - 2024-01-18 18:43:08 --> [DEPRECATED] Creation of dynamic property App\Controllers\obtenerTodosLosRegistros::$Datosbd_models is deprecated in APPPATH\Controllers\obtenerTodosLosRegistros.php on line 21.
 1 SYSTEMPATH\CodeIgniter.php(913): App\Controllers\obtenerTodosLosRegistros->__construct()
 2 SYSTEMPATH\CodeIgniter.php(493): CodeIgniter\CodeIgniter->createController()
 3 SYSTEMPATH\CodeIgniter.php(361): CodeIgniter\CodeIgniter->handleRequest(null, Object(Config\Cache), false)
 4 FCPATH\index.php(79): CodeIgniter\CodeIgniter->run()
INFO - 2024-01-18 18:43:08 --> Session: Class initialized using 'CodeIgniter\Session\Handlers\FileHandler' driver.
WARNING - 2024-01-18 18:43:12 --> [DEPRECATED] Creation of dynamic property App\Controllers\obtenerTodosLosRegistros::$Datosbd_models is deprecated in APPPATH\Controllers\obtenerTodosLosRegistros.php on line 21.
 1 SYSTEMPATH\CodeIgniter.php(913): App\Controllers\obtenerTodosLosRegistros->__construct()
 2 SYSTEMPATH\CodeIgniter.php(493): CodeIgniter\CodeIgniter->createController()
 3 SYSTEMPATH\CodeIgniter.php(361): CodeIgniter\CodeIgniter->handleRequest(null, Object(Config\Cache), false)
 4 FCPATH\index.php(79): CodeIgniter\CodeIgniter->run()
WARNING - 2024-01-18 18:43:46 --> [DEPRECATED] Creation of dynamic property App\Controllers\obtenerTodosLosRegistros::$Datosbd_models is deprecated in APPPATH\Controllers\obtenerTodosLosRegistros.php on line 21.
 1 SYSTEMPATH\CodeIgniter.php(913): App\Controllers\obtenerTodosLosRegistros->__construct()
 2 SYSTEMPATH\CodeIgniter.php(493): CodeIgniter\CodeIgniter->createController()
 3 SYSTEMPATH\CodeIgniter.php(361): CodeIgniter\CodeIgniter->handleRequest(null, Object(Config\Cache), false)
 4 FCPATH\index.php(79): CodeIgniter\CodeIgniter->run()
WARNING - 2024-01-18 18:44:27 --> [DEPRECATED] Creation of dynamic property App\Controllers\obtenerTodosLosRegistros::$Datosbd_models is deprecated in APPPATH\Controllers\obtenerTodosLosRegistros.php on line 21.
 1 SYSTEMPATH\CodeIgniter.php(913): App\Controllers\obtenerTodosLosRegistros->__construct()
 2 SYSTEMPATH\CodeIgniter.php(493): CodeIgniter\CodeIgniter->createController()
 3 SYSTEMPATH\CodeIgniter.php(361): CodeIgniter\CodeIgniter->handleRequest(null, Object(Config\Cache), false)
 4 FCPATH\index.php(79): CodeIgniter\CodeIgniter->run()
WARNING - 2024-01-18 18:44:42 --> [DEPRECATED] Creation of dynamic property App\Controllers\obtenerTodosLosRegistros::$Datosbd_models is deprecated in APPPATH\Controllers\obtenerTodosLosRegistros.php on line 21.
 1 SYSTEMPATH\CodeIgniter.php(913): App\Controllers\obtenerTodosLosRegistros->__construct()
 2 SYSTEMPATH\CodeIgniter.php(493): CodeIgniter\CodeIgniter->createController()
 3 SYSTEMPATH\CodeIgniter.php(361): CodeIgniter\CodeIgniter->handleRequest(null, Object(Config\Cache), false)
 4 FCPATH\index.php(79): CodeIgniter\CodeIgniter->run()
WARNING - 2024-01-18 18:48:00 --> [DEPRECATED] Creation of dynamic property App\Controllers\obtenerTodosLosRegistros::$Datosbd_models is deprecated in APPPATH\Controllers\obtenerTodosLosRegistros.php on line 21.
 1 SYSTEMPATH\CodeIgniter.php(913): App\Controllers\obtenerTodosLosRegistros->__construct()
 2 SYSTEMPATH\CodeIgniter.php(493): CodeIgniter\CodeIgniter->createController()
 3 SYSTEMPATH\CodeIgniter.php(361): CodeIgniter\CodeIgniter->handleRequest(null, Object(Config\Cache), false)
 4 FCPATH\index.php(79): CodeIgniter\CodeIgniter->run()
WARNING - 2024-01-18 18:50:21 --> [DEPRECATED] Creation of dynamic property App\Controllers\obtenerTodosLosRegistros::$Datosbd_models is deprecated in APPPATH\Controllers\obtenerTodosLosRegistros.php on line 21.
 1 SYSTEMPATH\CodeIgniter.php(913): App\Controllers\obtenerTodosLosRegistros->__construct()
 2 SYSTEMPATH\CodeIgniter.php(493): CodeIgniter\CodeIgniter->createController()
 3 SYSTEMPATH\CodeIgniter.php(361): CodeIgniter\CodeIgniter->handleRequest(null, Object(Config\Cache), false)
 4 FCPATH\index.php(79): CodeIgniter\CodeIgniter->run()
WARNING - 2024-01-18 18:53:21 --> [DEPRECATED] Creation of dynamic property App\Controllers\obtenerTodosLosRegistros::$Datosbd_models is deprecated in APPPATH\Controllers\obtenerTodosLosRegistros.php on line 21.
 1 SYSTEMPATH\CodeIgniter.php(913): App\Controllers\obtenerTodosLosRegistros->__construct()
 2 SYSTEMPATH\CodeIgniter.php(493): CodeIgniter\CodeIgniter->createController()
 3 SYSTEMPATH\CodeIgniter.php(361): CodeIgniter\CodeIgniter->handleRequest(null, Object(Config\Cache), false)
 4 FCPATH\index.php(79): CodeIgniter\CodeIgniter->run()
WARNING - 2024-01-18 18:57:48 --> [DEPRECATED] Creation of dynamic property App\Controllers\obtenerTodosLosRegistros::$Datosbd_models is deprecated in APPPATH\Controllers\obtenerTodosLosRegistros.php on line 21.
 1 SYSTEMPATH\CodeIgniter.php(913): App\Controllers\obtenerTodosLosRegistros->__construct()
 2 SYSTEMPATH\CodeIgniter.php(493): CodeIgniter\CodeIgniter->createController()
 3 SYSTEMPATH\CodeIgniter.php(361): CodeIgniter\CodeIgniter->handleRequest(null, Object(Config\Cache), false)
 4 FCPATH\index.php(79): CodeIgniter\CodeIgniter->run()
WARNING - 2024-01-18 18:58:09 --> [DEPRECATED] Creation of dynamic property App\Controllers\obtenerTodosLosRegistros::$Datosbd_models is deprecated in APPPATH\Controllers\obtenerTodosLosRegistros.php on line 21.
 1 SYSTEMPATH\CodeIgniter.php(913): App\Controllers\obtenerTodosLosRegistros->__construct()
 2 SYSTEMPATH\CodeIgniter.php(493): CodeIgniter\CodeIgniter->createController()
 3 SYSTEMPATH\CodeIgniter.php(361): CodeIgniter\CodeIgniter->handleRequest(null, Object(Config\Cache), false)
 4 FCPATH\index.php(79): CodeIgniter\CodeIgniter->run()
WARNING - 2024-01-18 18:58:41 --> [DEPRECATED] Creation of dynamic property App\Controllers\obtenerTodosLosRegistros::$Datosbd_models is deprecated in APPPATH\Controllers\obtenerTodosLosRegistros.php on line 21.
 1 SYSTEMPATH\CodeIgniter.php(913): App\Controllers\obtenerTodosLosRegistros->__construct()
 2 SYSTEMPATH\CodeIgniter.php(493): CodeIgniter\CodeIgniter->createController()
 3 SYSTEMPATH\CodeIgniter.php(361): CodeIgniter\CodeIgniter->handleRequest(null, Object(Config\Cache), false)
 4 FCPATH\index.php(79): CodeIgniter\CodeIgniter->run()
WARNING - 2024-01-18 18:58:55 --> [DEPRECATED] Creation of dynamic property App\Controllers\obtenerTodosLosRegistros::$Datosbd_models is deprecated in APPPATH\Controllers\obtenerTodosLosRegistros.php on line 21.
 1 SYSTEMPATH\CodeIgniter.php(913): App\Controllers\obtenerTodosLosRegistros->__construct()
 2 SYSTEMPATH\CodeIgniter.php(493): CodeIgniter\CodeIgniter->createController()
 3 SYSTEMPATH\CodeIgniter.php(361): CodeIgniter\CodeIgniter->handleRequest(null, Object(Config\Cache), false)
 4 FCPATH\index.php(79): CodeIgniter\CodeIgniter->run()
WARNING - 2024-01-18 18:59:00 --> [DEPRECATED] Creation of dynamic property App\Controllers\obtenerTodosLosRegistros::$Datosbd_models is deprecated in APPPATH\Controllers\obtenerTodosLosRegistros.php on line 21.
 1 SYSTEMPATH\CodeIgniter.php(913): App\Controllers\obtenerTodosLosRegistros->__construct()
 2 SYSTEMPATH\CodeIgniter.php(493): CodeIgniter\CodeIgniter->createController()
 3 SYSTEMPATH\CodeIgniter.php(361): CodeIgniter\CodeIgniter->handleRequest(null, Object(Config\Cache), false)
 4 FCPATH\index.php(79): CodeIgniter\CodeIgniter->run()
WARNING - 2024-01-18 18:59:21 --> [DEPRECATED] Creation of dynamic property App\Controllers\obtenerTodosLosRegistros::$Datosbd_models is deprecated in APPPATH\Controllers\obtenerTodosLosRegistros.php on line 21.
 1 SYSTEMPATH\CodeIgniter.php(913): App\Controllers\obtenerTodosLosRegistros->__construct()
 2 SYSTEMPATH\CodeIgniter.php(493): CodeIgniter\CodeIgniter->createController()
 3 SYSTEMPATH\CodeIgniter.php(361): CodeIgniter\CodeIgniter->handleRequest(null, Object(Config\Cache), false)
 4 FCPATH\index.php(79): CodeIgniter\CodeIgniter->run()
INFO - 2024-01-18 20:19:24 --> Session: Class initialized using 'CodeIgniter\Session\Handlers\FileHandler' driver.
