INFO - 2024-02-26 09:22:27 --> Session: Class initialized using 'CodeIgniter\Session\Handlers\FileHandler' driver.
INFO - 2024-02-26 09:22:31 --> Antes de obtener información del usuario para: admin
INFO - 2024-02-26 09:22:31 --> Contraseña almacenada para el usuario "admin": pruebaCG123
INFO - 2024-02-26 09:22:31 --> Contraseña ingresada: pruebaCG123
INFO - 2024-02-26 09:22:31 --> Contraseña verificada con éxito.
INFO - 2024-02-26 09:22:31 --> Session: Class initialized using 'CodeIgniter\Session\Handlers\FileHandler' driver.
INFO - 2024-02-26 09:22:42 --> Session: Class initialized using 'CodeIgniter\Session\Handlers\FileHandler' driver.
INFO - 2024-02-26 09:22:45 --> Session: Class initialized using 'CodeIgniter\Session\Handlers\FileHandler' driver.
INFO - 2024-02-26 09:22:49 --> Antes de obtener información del usuario para: admin
INFO - 2024-02-26 09:22:49 --> Contraseña almacenada para el usuario "admin": pruebaCG123
INFO - 2024-02-26 09:22:49 --> Contraseña ingresada: pruebaCG123
INFO - 2024-02-26 09:22:49 --> Contraseña verificada con éxito.
INFO - 2024-02-26 09:22:49 --> Session: Class initialized using 'CodeIgniter\Session\Handlers\FileHandler' driver.
INFO - 2024-02-26 09:22:51 --> Session: Class initialized using 'CodeIgniter\Session\Handlers\FileHandler' driver.
INFO - 2024-02-26 09:24:08 --> Session: Class initialized using 'CodeIgniter\Session\Handlers\FileHandler' driver.
INFO - 2024-02-26 09:24:14 --> Session: Class initialized using 'CodeIgniter\Session\Handlers\FileHandler' driver.
INFO - 2024-02-26 09:24:17 --> Antes de obtener información del usuario para: admin
INFO - 2024-02-26 09:24:17 --> Contraseña almacenada para el usuario "admin": pruebaCG123
INFO - 2024-02-26 09:24:17 --> Contraseña ingresada: pruebaCG123
INFO - 2024-02-26 09:24:17 --> Contraseña verificada con éxito.
INFO - 2024-02-26 09:24:17 --> Session: Class initialized using 'CodeIgniter\Session\Handlers\FileHandler' driver.
INFO - 2024-02-26 09:24:31 --> Session: Class initialized using 'CodeIgniter\Session\Handlers\FileHandler' driver.
CRITICAL - 2024-02-26 09:24:49 --> ErrorException: Undefined array key "CODIGO"
in APPPATH\Views\CGView\Registros.php on line 207.
 1 APPPATH\Views\CGView\Registros.php(207): CodeIgniter\Debug\Exceptions->errorHandler(2, 'Undefined array key "CODIGO"', 'C:\\xampp\\htdocs\\central\\app\\Views\\CGView\\Registros.php', 207)
 2 SYSTEMPATH\View\View.php(228): include('C:\\xampp\\htdocs\\central\\app\\Views\\CGView\\Registros.php')
 3 SYSTEMPATH\View\View.php(231): CodeIgniter\View\View->CodeIgniter\View\{closure}()
 4 SYSTEMPATH\Common.php(1178): CodeIgniter\View\View->render('CGView/Registros', [], true)
 5 APPPATH\Controllers\obtenerRegistros.php(36): view('CGView/Registros', [...])
 6 SYSTEMPATH\CodeIgniter.php(941): App\Controllers\obtenerRegistros->Buscar2()
 7 SYSTEMPATH\CodeIgniter.php(502): CodeIgniter\CodeIgniter->runController(Object(App\Controllers\obtenerRegistros))
 8 SYSTEMPATH\CodeIgniter.php(361): CodeIgniter\CodeIgniter->handleRequest(null, Object(Config\Cache), false)
 9 FCPATH\index.php(79): CodeIgniter\CodeIgniter->run()
CRITICAL - 2024-02-26 09:25:11 --> ErrorException: Undefined array key "CODIGO"
in APPPATH\Views\CGView\Registros.php on line 207.
 1 APPPATH\Views\CGView\Registros.php(207): CodeIgniter\Debug\Exceptions->errorHandler(2, 'Undefined array key "CODIGO"', 'C:\\xampp\\htdocs\\central\\app\\Views\\CGView\\Registros.php', 207)
 2 SYSTEMPATH\View\View.php(228): include('C:\\xampp\\htdocs\\central\\app\\Views\\CGView\\Registros.php')
 3 SYSTEMPATH\View\View.php(231): CodeIgniter\View\View->CodeIgniter\View\{closure}()
 4 SYSTEMPATH\Common.php(1178): CodeIgniter\View\View->render('CGView/Registros', [], true)
 5 APPPATH\Controllers\obtenerRegistros.php(36): view('CGView/Registros', [...])
 6 SYSTEMPATH\CodeIgniter.php(941): App\Controllers\obtenerRegistros->Buscar2()
 7 SYSTEMPATH\CodeIgniter.php(502): CodeIgniter\CodeIgniter->runController(Object(App\Controllers\obtenerRegistros))
 8 SYSTEMPATH\CodeIgniter.php(361): CodeIgniter\CodeIgniter->handleRequest(null, Object(Config\Cache), false)
 9 FCPATH\index.php(79): CodeIgniter\CodeIgniter->run()
INFO - 2024-02-26 09:28:12 --> Session: Class initialized using 'CodeIgniter\Session\Handlers\FileHandler' driver.
CRITICAL - 2024-02-26 09:28:33 --> ErrorException: Undefined array key "CODIGO"
in APPPATH\Views\CGView\Registros.php on line 207.
 1 APPPATH\Views\CGView\Registros.php(207): CodeIgniter\Debug\Exceptions->errorHandler(2, 'Undefined array key "CODIGO"', 'C:\\xampp\\htdocs\\central\\app\\Views\\CGView\\Registros.php', 207)
 2 SYSTEMPATH\View\View.php(228): include('C:\\xampp\\htdocs\\central\\app\\Views\\CGView\\Registros.php')
 3 SYSTEMPATH\View\View.php(231): CodeIgniter\View\View->CodeIgniter\View\{closure}()
 4 SYSTEMPATH\Common.php(1178): CodeIgniter\View\View->render('CGView/Registros', [], true)
 5 APPPATH\Controllers\obtenerRegistros.php(36): view('CGView/Registros', [...])
 6 SYSTEMPATH\CodeIgniter.php(941): App\Controllers\obtenerRegistros->Buscar2()
 7 SYSTEMPATH\CodeIgniter.php(502): CodeIgniter\CodeIgniter->runController(Object(App\Controllers\obtenerRegistros))
 8 SYSTEMPATH\CodeIgniter.php(361): CodeIgniter\CodeIgniter->handleRequest(null, Object(Config\Cache), false)
 9 FCPATH\index.php(79): CodeIgniter\CodeIgniter->run()
INFO - 2024-02-26 09:30:23 --> Session: Class initialized using 'CodeIgniter\Session\Handlers\FileHandler' driver.
INFO - 2024-02-26 09:30:27 --> Antes de obtener información del usuario para: admin
INFO - 2024-02-26 09:30:27 --> Contraseña almacenada para el usuario "admin": pruebaCG123
INFO - 2024-02-26 09:30:27 --> Contraseña ingresada: pruebaCG123
INFO - 2024-02-26 09:30:27 --> Contraseña verificada con éxito.
INFO - 2024-02-26 09:30:27 --> Session: Class initialized using 'CodeIgniter\Session\Handlers\FileHandler' driver.
INFO - 2024-02-26 09:30:29 --> Session: Class initialized using 'CodeIgniter\Session\Handlers\FileHandler' driver.
INFO - 2024-02-26 09:31:54 --> Session: Class initialized using 'CodeIgniter\Session\Handlers\FileHandler' driver.
CRITICAL - 2024-02-26 09:32:15 --> ErrorException: Undefined array key "CODIGO"
in APPPATH\Views\CGView\Registros.php on line 207.
 1 APPPATH\Views\CGView\Registros.php(207): CodeIgniter\Debug\Exceptions->errorHandler(2, 'Undefined array key "CODIGO"', 'C:\\xampp\\htdocs\\central\\app\\Views\\CGView\\Registros.php', 207)
 2 SYSTEMPATH\View\View.php(228): include('C:\\xampp\\htdocs\\central\\app\\Views\\CGView\\Registros.php')
 3 SYSTEMPATH\View\View.php(231): CodeIgniter\View\View->CodeIgniter\View\{closure}()
 4 SYSTEMPATH\Common.php(1178): CodeIgniter\View\View->render('CGView/Registros', [], true)
 5 APPPATH\Controllers\obtenerRegistros.php(36): view('CGView/Registros', [...])
 6 SYSTEMPATH\CodeIgniter.php(941): App\Controllers\obtenerRegistros->Buscar2()
 7 SYSTEMPATH\CodeIgniter.php(502): CodeIgniter\CodeIgniter->runController(Object(App\Controllers\obtenerRegistros))
 8 SYSTEMPATH\CodeIgniter.php(361): CodeIgniter\CodeIgniter->handleRequest(null, Object(Config\Cache), false)
 9 FCPATH\index.php(79): CodeIgniter\CodeIgniter->run()
CRITICAL - 2024-02-26 09:32:37 --> ErrorException: Undefined array key "CODIGO"
in APPPATH\Views\CGView\Registros.php on line 207.
 1 APPPATH\Views\CGView\Registros.php(207): CodeIgniter\Debug\Exceptions->errorHandler(2, 'Undefined array key "CODIGO"', 'C:\\xampp\\htdocs\\central\\app\\Views\\CGView\\Registros.php', 207)
 2 SYSTEMPATH\View\View.php(228): include('C:\\xampp\\htdocs\\central\\app\\Views\\CGView\\Registros.php')
 3 SYSTEMPATH\View\View.php(231): CodeIgniter\View\View->CodeIgniter\View\{closure}()
 4 SYSTEMPATH\Common.php(1178): CodeIgniter\View\View->render('CGView/Registros', [], true)
 5 APPPATH\Controllers\obtenerRegistros.php(36): view('CGView/Registros', [...])
 6 SYSTEMPATH\CodeIgniter.php(941): App\Controllers\obtenerRegistros->Buscar2()
 7 SYSTEMPATH\CodeIgniter.php(502): CodeIgniter\CodeIgniter->runController(Object(App\Controllers\obtenerRegistros))
 8 SYSTEMPATH\CodeIgniter.php(361): CodeIgniter\CodeIgniter->handleRequest(null, Object(Config\Cache), false)
 9 FCPATH\index.php(79): CodeIgniter\CodeIgniter->run()
INFO - 2024-02-26 09:32:38 --> Session: Class initialized using 'CodeIgniter\Session\Handlers\FileHandler' driver.
INFO - 2024-02-26 09:33:06 --> Session: Class initialized using 'CodeIgniter\Session\Handlers\FileHandler' driver.
CRITICAL - 2024-02-26 09:33:10 --> ErrorException: Undefined array key "CODIGO"
in APPPATH\Views\CGView\Registros.php on line 207.
 1 APPPATH\Views\CGView\Registros.php(207): CodeIgniter\Debug\Exceptions->errorHandler(2, 'Undefined array key "CODIGO"', 'C:\\xampp\\htdocs\\central\\app\\Views\\CGView\\Registros.php', 207)
 2 SYSTEMPATH\View\View.php(228): include('C:\\xampp\\htdocs\\central\\app\\Views\\CGView\\Registros.php')
 3 SYSTEMPATH\View\View.php(231): CodeIgniter\View\View->CodeIgniter\View\{closure}()
 4 SYSTEMPATH\Common.php(1178): CodeIgniter\View\View->render('CGView/Registros', [], true)
 5 APPPATH\Controllers\obtenerRegistros.php(36): view('CGView/Registros', [...])
 6 SYSTEMPATH\CodeIgniter.php(941): App\Controllers\obtenerRegistros->Buscar2()
 7 SYSTEMPATH\CodeIgniter.php(502): CodeIgniter\CodeIgniter->runController(Object(App\Controllers\obtenerRegistros))
 8 SYSTEMPATH\CodeIgniter.php(361): CodeIgniter\CodeIgniter->handleRequest(null, Object(Config\Cache), false)
 9 FCPATH\index.php(79): CodeIgniter\CodeIgniter->run()
INFO - 2024-02-26 09:33:19 --> Session: Class initialized using 'CodeIgniter\Session\Handlers\FileHandler' driver.
INFO - 2024-02-26 09:33:27 --> Session: Class initialized using 'CodeIgniter\Session\Handlers\FileHandler' driver.
INFO - 2024-02-26 09:33:38 --> Session: Class initialized using 'CodeIgniter\Session\Handlers\FileHandler' driver.
INFO - 2024-02-26 09:33:42 --> Session: Class initialized using 'CodeIgniter\Session\Handlers\FileHandler' driver.
INFO - 2024-02-26 09:33:49 --> Session: Class initialized using 'CodeIgniter\Session\Handlers\FileHandler' driver.
INFO - 2024-02-26 09:34:06 --> Session: Class initialized using 'CodeIgniter\Session\Handlers\FileHandler' driver.
INFO - 2024-02-26 09:34:16 --> Session: Class initialized using 'CodeIgniter\Session\Handlers\FileHandler' driver.
INFO - 2024-02-26 09:34:26 --> Session: Class initialized using 'CodeIgniter\Session\Handlers\FileHandler' driver.
INFO - 2024-02-26 09:34:39 --> Session: Class initialized using 'CodeIgniter\Session\Handlers\FileHandler' driver.
INFO - 2024-02-26 09:47:14 --> Session: Class initialized using 'CodeIgniter\Session\Handlers\FileHandler' driver.
INFO - 2024-02-26 09:47:26 --> Session: Class initialized using 'CodeIgniter\Session\Handlers\FileHandler' driver.
INFO - 2024-02-26 09:47:41 --> Session: Class initialized using 'CodeIgniter\Session\Handlers\FileHandler' driver.
INFO - 2024-02-26 09:48:51 --> Session: Class initialized using 'CodeIgniter\Session\Handlers\FileHandler' driver.
INFO - 2024-02-26 09:49:28 --> Session: Class initialized using 'CodeIgniter\Session\Handlers\FileHandler' driver.
INFO - 2024-02-26 09:51:04 --> Session: Class initialized using 'CodeIgniter\Session\Handlers\FileHandler' driver.
INFO - 2024-02-26 09:51:09 --> Session: Class initialized using 'CodeIgniter\Session\Handlers\FileHandler' driver.
CRITICAL - 2024-02-26 09:51:24 --> ErrorException: Undefined array key "CODIGO"
in APPPATH\Views\CGView\Registros.php on line 207.
 1 APPPATH\Views\CGView\Registros.php(207): CodeIgniter\Debug\Exceptions->errorHandler(2, 'Undefined array key "CODIGO"', 'C:\\xampp\\htdocs\\central\\app\\Views\\CGView\\Registros.php', 207)
 2 SYSTEMPATH\View\View.php(228): include('C:\\xampp\\htdocs\\central\\app\\Views\\CGView\\Registros.php')
 3 SYSTEMPATH\View\View.php(231): CodeIgniter\View\View->CodeIgniter\View\{closure}()
 4 SYSTEMPATH\Common.php(1178): CodeIgniter\View\View->render('CGView/Registros', [], true)
 5 APPPATH\Controllers\obtenerRegistros.php(36): view('CGView/Registros', [...])
 6 SYSTEMPATH\CodeIgniter.php(941): App\Controllers\obtenerRegistros->Buscar2()
 7 SYSTEMPATH\CodeIgniter.php(502): CodeIgniter\CodeIgniter->runController(Object(App\Controllers\obtenerRegistros))
 8 SYSTEMPATH\CodeIgniter.php(361): CodeIgniter\CodeIgniter->handleRequest(null, Object(Config\Cache), false)
 9 FCPATH\index.php(79): CodeIgniter\CodeIgniter->run()
CRITICAL - 2024-02-26 09:51:59 --> ErrorException: Undefined array key "CODIGO"
in APPPATH\Views\CGView\Registros.php on line 207.
 1 APPPATH\Views\CGView\Registros.php(207): CodeIgniter\Debug\Exceptions->errorHandler(2, 'Undefined array key "CODIGO"', 'C:\\xampp\\htdocs\\central\\app\\Views\\CGView\\Registros.php', 207)
 2 SYSTEMPATH\View\View.php(228): include('C:\\xampp\\htdocs\\central\\app\\Views\\CGView\\Registros.php')
 3 SYSTEMPATH\View\View.php(231): CodeIgniter\View\View->CodeIgniter\View\{closure}()
 4 SYSTEMPATH\Common.php(1178): CodeIgniter\View\View->render('CGView/Registros', [], true)
 5 APPPATH\Controllers\obtenerRegistros.php(36): view('CGView/Registros', [...])
 6 SYSTEMPATH\CodeIgniter.php(941): App\Controllers\obtenerRegistros->Buscar2()
 7 SYSTEMPATH\CodeIgniter.php(502): CodeIgniter\CodeIgniter->runController(Object(App\Controllers\obtenerRegistros))
 8 SYSTEMPATH\CodeIgniter.php(361): CodeIgniter\CodeIgniter->handleRequest(null, Object(Config\Cache), false)
 9 FCPATH\index.php(79): CodeIgniter\CodeIgniter->run()
INFO - 2024-02-26 09:54:20 --> Session: Class initialized using 'CodeIgniter\Session\Handlers\FileHandler' driver.
INFO - 2024-02-26 09:54:47 --> Session: Class initialized using 'CodeIgniter\Session\Handlers\FileHandler' driver.
INFO - 2024-02-26 09:57:26 --> Session: Class initialized using 'CodeIgniter\Session\Handlers\FileHandler' driver.
CRITICAL - 2024-02-26 11:05:47 --> ErrorException: Undefined array key "CODIGO"
in APPPATH\Views\CGView\Registros.php on line 207.
 1 APPPATH\Views\CGView\Registros.php(207): CodeIgniter\Debug\Exceptions->errorHandler(2, 'Undefined array key "CODIGO"', 'C:\\xampp\\htdocs\\central\\app\\Views\\CGView\\Registros.php', 207)
 2 SYSTEMPATH\View\View.php(228): include('C:\\xampp\\htdocs\\central\\app\\Views\\CGView\\Registros.php')
 3 SYSTEMPATH\View\View.php(231): CodeIgniter\View\View->CodeIgniter\View\{closure}()
 4 SYSTEMPATH\Common.php(1178): CodeIgniter\View\View->render('CGView/Registros', [], true)
 5 APPPATH\Controllers\obtenerRegistros.php(36): view('CGView/Registros', [...])
 6 SYSTEMPATH\CodeIgniter.php(941): App\Controllers\obtenerRegistros->Buscar2()
 7 SYSTEMPATH\CodeIgniter.php(502): CodeIgniter\CodeIgniter->runController(Object(App\Controllers\obtenerRegistros))
 8 SYSTEMPATH\CodeIgniter.php(361): CodeIgniter\CodeIgniter->handleRequest(null, Object(Config\Cache), false)
 9 FCPATH\index.php(79): CodeIgniter\CodeIgniter->run()
CRITICAL - 2024-02-26 11:06:16 --> ErrorException: Undefined array key "CODIGO"
in APPPATH\Views\CGView\Registros.php on line 207.
 1 APPPATH\Views\CGView\Registros.php(207): CodeIgniter\Debug\Exceptions->errorHandler(2, 'Undefined array key "CODIGO"', 'C:\\xampp\\htdocs\\central\\app\\Views\\CGView\\Registros.php', 207)
 2 SYSTEMPATH\View\View.php(228): include('C:\\xampp\\htdocs\\central\\app\\Views\\CGView\\Registros.php')
 3 SYSTEMPATH\View\View.php(231): CodeIgniter\View\View->CodeIgniter\View\{closure}()
 4 SYSTEMPATH\Common.php(1178): CodeIgniter\View\View->render('CGView/Registros', [], true)
 5 APPPATH\Controllers\obtenerRegistros.php(36): view('CGView/Registros', [...])
 6 SYSTEMPATH\CodeIgniter.php(941): App\Controllers\obtenerRegistros->Buscar2()
 7 SYSTEMPATH\CodeIgniter.php(502): CodeIgniter\CodeIgniter->runController(Object(App\Controllers\obtenerRegistros))
 8 SYSTEMPATH\CodeIgniter.php(361): CodeIgniter\CodeIgniter->handleRequest(null, Object(Config\Cache), false)
 9 FCPATH\index.php(79): CodeIgniter\CodeIgniter->run()
CRITICAL - 2024-02-26 11:06:27 --> ErrorException: Undefined array key "CODIGO"
in APPPATH\Views\CGView\Registros.php on line 207.
 1 APPPATH\Views\CGView\Registros.php(207): CodeIgniter\Debug\Exceptions->errorHandler(2, 'Undefined array key "CODIGO"', 'C:\\xampp\\htdocs\\central\\app\\Views\\CGView\\Registros.php', 207)
 2 SYSTEMPATH\View\View.php(228): include('C:\\xampp\\htdocs\\central\\app\\Views\\CGView\\Registros.php')
 3 SYSTEMPATH\View\View.php(231): CodeIgniter\View\View->CodeIgniter\View\{closure}()
 4 SYSTEMPATH\Common.php(1178): CodeIgniter\View\View->render('CGView/Registros', [], true)
 5 APPPATH\Controllers\obtenerRegistros.php(36): view('CGView/Registros', [...])
 6 SYSTEMPATH\CodeIgniter.php(941): App\Controllers\obtenerRegistros->Buscar2()
 7 SYSTEMPATH\CodeIgniter.php(502): CodeIgniter\CodeIgniter->runController(Object(App\Controllers\obtenerRegistros))
 8 SYSTEMPATH\CodeIgniter.php(361): CodeIgniter\CodeIgniter->handleRequest(null, Object(Config\Cache), false)
 9 FCPATH\index.php(79): CodeIgniter\CodeIgniter->run()
CRITICAL - 2024-02-26 11:19:11 --> ErrorException: Undefined array key "CODIGO"
in APPPATH\Views\CGView\Registros.php on line 207.
 1 APPPATH\Views\CGView\Registros.php(207): CodeIgniter\Debug\Exceptions->errorHandler(2, 'Undefined array key "CODIGO"', 'C:\\xampp\\htdocs\\central\\app\\Views\\CGView\\Registros.php', 207)
 2 SYSTEMPATH\View\View.php(228): include('C:\\xampp\\htdocs\\central\\app\\Views\\CGView\\Registros.php')
 3 SYSTEMPATH\View\View.php(231): CodeIgniter\View\View->CodeIgniter\View\{closure}()
 4 SYSTEMPATH\Common.php(1178): CodeIgniter\View\View->render('CGView/Registros', [], true)
 5 APPPATH\Controllers\obtenerRegistros.php(36): view('CGView/Registros', [...])
 6 SYSTEMPATH\CodeIgniter.php(941): App\Controllers\obtenerRegistros->Buscar2()
 7 SYSTEMPATH\CodeIgniter.php(502): CodeIgniter\CodeIgniter->runController(Object(App\Controllers\obtenerRegistros))
 8 SYSTEMPATH\CodeIgniter.php(361): CodeIgniter\CodeIgniter->handleRequest(null, Object(Config\Cache), false)
 9 FCPATH\index.php(79): CodeIgniter\CodeIgniter->run()
INFO - 2024-02-26 11:38:16 --> Session: Class initialized using 'CodeIgniter\Session\Handlers\FileHandler' driver.
CRITICAL - 2024-02-26 11:41:23 --> ErrorException: Undefined array key "CODIGO"
in APPPATH\Views\CGView\Registros.php on line 207.
 1 APPPATH\Views\CGView\Registros.php(207): CodeIgniter\Debug\Exceptions->errorHandler(2, 'Undefined array key "CODIGO"', 'C:\\xampp\\htdocs\\central\\app\\Views\\CGView\\Registros.php', 207)
 2 SYSTEMPATH\View\View.php(228): include('C:\\xampp\\htdocs\\central\\app\\Views\\CGView\\Registros.php')
 3 SYSTEMPATH\View\View.php(231): CodeIgniter\View\View->CodeIgniter\View\{closure}()
 4 SYSTEMPATH\Common.php(1178): CodeIgniter\View\View->render('CGView/Registros', [], true)
 5 APPPATH\Controllers\obtenerRegistros.php(36): view('CGView/Registros', [...])
 6 SYSTEMPATH\CodeIgniter.php(941): App\Controllers\obtenerRegistros->Buscar2()
 7 SYSTEMPATH\CodeIgniter.php(502): CodeIgniter\CodeIgniter->runController(Object(App\Controllers\obtenerRegistros))
 8 SYSTEMPATH\CodeIgniter.php(361): CodeIgniter\CodeIgniter->handleRequest(null, Object(Config\Cache), false)
 9 FCPATH\index.php(79): CodeIgniter\CodeIgniter->run()
INFO - 2024-02-26 11:42:03 --> Session: Class initialized using 'CodeIgniter\Session\Handlers\FileHandler' driver.
CRITICAL - 2024-02-26 11:42:10 --> ErrorException: Undefined array key "CODIGO"
in APPPATH\Views\CGView\Registros.php on line 207.
 1 APPPATH\Views\CGView\Registros.php(207): CodeIgniter\Debug\Exceptions->errorHandler(2, 'Undefined array key "CODIGO"', 'C:\\xampp\\htdocs\\central\\app\\Views\\CGView\\Registros.php', 207)
 2 SYSTEMPATH\View\View.php(228): include('C:\\xampp\\htdocs\\central\\app\\Views\\CGView\\Registros.php')
 3 SYSTEMPATH\View\View.php(231): CodeIgniter\View\View->CodeIgniter\View\{closure}()
 4 SYSTEMPATH\Common.php(1178): CodeIgniter\View\View->render('CGView/Registros', [], true)
 5 APPPATH\Controllers\obtenerRegistros.php(36): view('CGView/Registros', [...])
 6 SYSTEMPATH\CodeIgniter.php(941): App\Controllers\obtenerRegistros->Buscar2()
 7 SYSTEMPATH\CodeIgniter.php(502): CodeIgniter\CodeIgniter->runController(Object(App\Controllers\obtenerRegistros))
 8 SYSTEMPATH\CodeIgniter.php(361): CodeIgniter\CodeIgniter->handleRequest(null, Object(Config\Cache), false)
 9 FCPATH\index.php(79): CodeIgniter\CodeIgniter->run()
INFO - 2024-02-26 11:52:34 --> Session: Class initialized using 'CodeIgniter\Session\Handlers\FileHandler' driver.
CRITICAL - 2024-02-26 11:52:39 --> ErrorException: Undefined array key "CODIGO"
in APPPATH\Views\CGView\Registros.php on line 207.
 1 APPPATH\Views\CGView\Registros.php(207): CodeIgniter\Debug\Exceptions->errorHandler(2, 'Undefined array key "CODIGO"', 'C:\\xampp\\htdocs\\central\\app\\Views\\CGView\\Registros.php', 207)
 2 SYSTEMPATH\View\View.php(228): include('C:\\xampp\\htdocs\\central\\app\\Views\\CGView\\Registros.php')
 3 SYSTEMPATH\View\View.php(231): CodeIgniter\View\View->CodeIgniter\View\{closure}()
 4 SYSTEMPATH\Common.php(1178): CodeIgniter\View\View->render('CGView/Registros', [], true)
 5 APPPATH\Controllers\obtenerRegistros.php(36): view('CGView/Registros', [...])
 6 SYSTEMPATH\CodeIgniter.php(941): App\Controllers\obtenerRegistros->Buscar2()
 7 SYSTEMPATH\CodeIgniter.php(502): CodeIgniter\CodeIgniter->runController(Object(App\Controllers\obtenerRegistros))
 8 SYSTEMPATH\CodeIgniter.php(361): CodeIgniter\CodeIgniter->handleRequest(null, Object(Config\Cache), false)
 9 FCPATH\index.php(79): CodeIgniter\CodeIgniter->run()
CRITICAL - 2024-02-26 11:52:49 --> ErrorException: Undefined array key "CODIGO"
in APPPATH\Views\CGView\Registros.php on line 207.
 1 APPPATH\Views\CGView\Registros.php(207): CodeIgniter\Debug\Exceptions->errorHandler(2, 'Undefined array key "CODIGO"', 'C:\\xampp\\htdocs\\central\\app\\Views\\CGView\\Registros.php', 207)
 2 SYSTEMPATH\View\View.php(228): include('C:\\xampp\\htdocs\\central\\app\\Views\\CGView\\Registros.php')
 3 SYSTEMPATH\View\View.php(231): CodeIgniter\View\View->CodeIgniter\View\{closure}()
 4 SYSTEMPATH\Common.php(1178): CodeIgniter\View\View->render('CGView/Registros', [], true)
 5 APPPATH\Controllers\obtenerRegistros.php(36): view('CGView/Registros', [...])
 6 SYSTEMPATH\CodeIgniter.php(941): App\Controllers\obtenerRegistros->Buscar2()
 7 SYSTEMPATH\CodeIgniter.php(502): CodeIgniter\CodeIgniter->runController(Object(App\Controllers\obtenerRegistros))
 8 SYSTEMPATH\CodeIgniter.php(361): CodeIgniter\CodeIgniter->handleRequest(null, Object(Config\Cache), false)
 9 FCPATH\index.php(79): CodeIgniter\CodeIgniter->run()
INFO - 2024-02-26 12:13:51 --> Session: Class initialized using 'CodeIgniter\Session\Handlers\FileHandler' driver.
INFO - 2024-02-26 12:14:11 --> Session: Class initialized using 'CodeIgniter\Session\Handlers\FileHandler' driver.
INFO - 2024-02-26 12:14:29 --> Session: Class initialized using 'CodeIgniter\Session\Handlers\FileHandler' driver.
INFO - 2024-02-26 12:14:31 --> Antes de obtener información del usuario para: admin
INFO - 2024-02-26 12:14:31 --> Contraseña almacenada para el usuario "admin": pruebaCG123
INFO - 2024-02-26 12:14:31 --> Contraseña ingresada: pruebaCG123
INFO - 2024-02-26 12:14:31 --> Contraseña verificada con éxito.
INFO - 2024-02-26 12:14:31 --> Session: Class initialized using 'CodeIgniter\Session\Handlers\FileHandler' driver.
INFO - 2024-02-26 12:14:33 --> Session: Class initialized using 'CodeIgniter\Session\Handlers\FileHandler' driver.
INFO - 2024-02-26 12:14:38 --> Session: Class initialized using 'CodeIgniter\Session\Handlers\FileHandler' driver.
INFO - 2024-02-26 12:14:41 --> Antes de obtener información del usuario para: admin
INFO - 2024-02-26 12:14:41 --> Contraseña almacenada para el usuario "admin": pruebaCG123
INFO - 2024-02-26 12:14:41 --> Contraseña ingresada: pruebaCG123
INFO - 2024-02-26 12:14:41 --> Contraseña verificada con éxito.
INFO - 2024-02-26 12:14:41 --> Session: Class initialized using 'CodeIgniter\Session\Handlers\FileHandler' driver.
INFO - 2024-02-26 12:14:59 --> Session: Class initialized using 'CodeIgniter\Session\Handlers\FileHandler' driver.
INFO - 2024-02-26 12:55:13 --> Session: Class initialized using 'CodeIgniter\Session\Handlers\FileHandler' driver.
INFO - 2024-02-26 12:55:38 --> Session: Class initialized using 'CodeIgniter\Session\Handlers\FileHandler' driver.
INFO - 2024-02-26 12:55:55 --> Antes de obtener información del usuario para: admin
INFO - 2024-02-26 12:55:55 --> Contraseña almacenada para el usuario "admin": pruebaCG123
INFO - 2024-02-26 12:55:55 --> Contraseña ingresada: 12345@
ERROR - 2024-02-26 12:55:55 --> Autenticación fallida para el usuario: admin
INFO - 2024-02-26 12:55:55 --> Session: Class initialized using 'CodeIgniter\Session\Handlers\FileHandler' driver.
INFO - 2024-02-26 12:55:56 --> Session: Class initialized using 'CodeIgniter\Session\Handlers\FileHandler' driver.
INFO - 2024-02-26 12:56:35 --> Session: Class initialized using 'CodeIgniter\Session\Handlers\FileHandler' driver.
INFO - 2024-02-26 12:56:47 --> Antes de obtener información del usuario para: admin
INFO - 2024-02-26 12:56:47 --> Contraseña almacenada para el usuario "admin": pruebaCG123
INFO - 2024-02-26 12:56:47 --> Contraseña ingresada: 12345@
ERROR - 2024-02-26 12:56:47 --> Autenticación fallida para el usuario: admin
INFO - 2024-02-26 12:56:47 --> Session: Class initialized using 'CodeIgniter\Session\Handlers\FileHandler' driver.
INFO - 2024-02-26 12:56:47 --> Session: Class initialized using 'CodeIgniter\Session\Handlers\FileHandler' driver.
INFO - 2024-02-26 12:57:28 --> Session: Class initialized using 'CodeIgniter\Session\Handlers\FileHandler' driver.
INFO - 2024-02-26 12:57:40 --> Antes de obtener información del usuario para: admin
INFO - 2024-02-26 12:57:40 --> Contraseña almacenada para el usuario "admin": pruebaCG123
INFO - 2024-02-26 12:57:40 --> Contraseña ingresada: prueba123
ERROR - 2024-02-26 12:57:40 --> Autenticación fallida para el usuario: admin
INFO - 2024-02-26 12:57:40 --> Session: Class initialized using 'CodeIgniter\Session\Handlers\FileHandler' driver.
INFO - 2024-02-26 12:57:40 --> Session: Class initialized using 'CodeIgniter\Session\Handlers\FileHandler' driver.
INFO - 2024-02-26 12:57:43 --> Session: Class initialized using 'CodeIgniter\Session\Handlers\FileHandler' driver.
INFO - 2024-02-26 12:57:54 --> Antes de obtener información del usuario para: admin
INFO - 2024-02-26 12:57:54 --> Contraseña almacenada para el usuario "admin": pruebaCG123
INFO - 2024-02-26 12:57:54 --> Contraseña ingresada: pruebacg123
ERROR - 2024-02-26 12:57:54 --> Autenticación fallida para el usuario: admin
INFO - 2024-02-26 12:57:54 --> Session: Class initialized using 'CodeIgniter\Session\Handlers\FileHandler' driver.
INFO - 2024-02-26 12:57:54 --> Session: Class initialized using 'CodeIgniter\Session\Handlers\FileHandler' driver.
INFO - 2024-02-26 12:58:08 --> Session: Class initialized using 'CodeIgniter\Session\Handlers\FileHandler' driver.
INFO - 2024-02-26 12:58:23 --> Antes de obtener información del usuario para: admin
INFO - 2024-02-26 12:58:23 --> Contraseña almacenada para el usuario "admin": pruebaCG123
INFO - 2024-02-26 12:58:23 --> Contraseña ingresada: pruebaCG123
INFO - 2024-02-26 12:58:23 --> Contraseña verificada con éxito.
INFO - 2024-02-26 12:58:23 --> Session: Class initialized using 'CodeIgniter\Session\Handlers\FileHandler' driver.
INFO - 2024-02-26 12:58:30 --> Session: Class initialized using 'CodeIgniter\Session\Handlers\FileHandler' driver.
INFO - 2024-02-26 14:20:19 --> Session: Class initialized using 'CodeIgniter\Session\Handlers\FileHandler' driver.
CRITICAL - 2024-02-26 14:20:23 --> CodeIgniter\View\Exceptions\ViewException: Invalid file: "loginCG.php"
in SYSTEMPATH\Exceptions\FrameworkException.php on line 39.
 1 SYSTEMPATH\View\View.php(216): CodeIgniter\Exceptions\FrameworkException::forInvalidFile('loginCG.php')
 2 SYSTEMPATH\Common.php(1178): CodeIgniter\View\View->render('loginCG', [], true)
 3 APPPATH\Controllers\Home.php(20): view('loginCG')
 4 SYSTEMPATH\CodeIgniter.php(941): App\Controllers\Home->Prueba()
 5 SYSTEMPATH\CodeIgniter.php(502): CodeIgniter\CodeIgniter->runController(Object(App\Controllers\Home))
 6 SYSTEMPATH\CodeIgniter.php(361): CodeIgniter\CodeIgniter->handleRequest(null, Object(Config\Cache), false)
 7 FCPATH\index.php(79): CodeIgniter\CodeIgniter->run()
INFO - 2024-02-26 14:40:34 --> Session: Class initialized using 'CodeIgniter\Session\Handlers\FileHandler' driver.
CRITICAL - 2024-02-26 14:43:03 --> CodeIgniter\View\Exceptions\ViewException: Invalid file: "loginCG.php"
in SYSTEMPATH\Exceptions\FrameworkException.php on line 39.
 1 SYSTEMPATH\View\View.php(216): CodeIgniter\Exceptions\FrameworkException::forInvalidFile('loginCG.php')
 2 SYSTEMPATH\Common.php(1178): CodeIgniter\View\View->render('loginCG', [], true)
 3 APPPATH\Controllers\Home.php(20): view('loginCG')
 4 SYSTEMPATH\CodeIgniter.php(941): App\Controllers\Home->Prueba()
 5 SYSTEMPATH\CodeIgniter.php(502): CodeIgniter\CodeIgniter->runController(Object(App\Controllers\Home))
 6 SYSTEMPATH\CodeIgniter.php(361): CodeIgniter\CodeIgniter->handleRequest(null, Object(Config\Cache), false)
 7 FCPATH\index.php(79): CodeIgniter\CodeIgniter->run()
CRITICAL - 2024-02-26 14:44:25 --> CodeIgniter\View\Exceptions\ViewException: Invalid file: "loginCG.php"
in SYSTEMPATH\Exceptions\FrameworkException.php on line 39.
 1 SYSTEMPATH\View\View.php(216): CodeIgniter\Exceptions\FrameworkException::forInvalidFile('loginCG.php')
 2 SYSTEMPATH\Common.php(1178): CodeIgniter\View\View->render('loginCG', [], true)
 3 APPPATH\Controllers\Home.php(20): view('loginCG')
 4 SYSTEMPATH\CodeIgniter.php(941): App\Controllers\Home->Prueba()
 5 SYSTEMPATH\CodeIgniter.php(502): CodeIgniter\CodeIgniter->runController(Object(App\Controllers\Home))
 6 SYSTEMPATH\CodeIgniter.php(361): CodeIgniter\CodeIgniter->handleRequest(null, Object(Config\Cache), false)
 7 FCPATH\index.php(79): CodeIgniter\CodeIgniter->run()
CRITICAL - 2024-02-26 14:44:26 --> CodeIgniter\View\Exceptions\ViewException: Invalid file: "loginCG.php"
in SYSTEMPATH\Exceptions\FrameworkException.php on line 39.
 1 SYSTEMPATH\View\View.php(216): CodeIgniter\Exceptions\FrameworkException::forInvalidFile('loginCG.php')
 2 SYSTEMPATH\Common.php(1178): CodeIgniter\View\View->render('loginCG', [], true)
 3 APPPATH\Controllers\Home.php(20): view('loginCG')
 4 SYSTEMPATH\CodeIgniter.php(941): App\Controllers\Home->Prueba()
 5 SYSTEMPATH\CodeIgniter.php(502): CodeIgniter\CodeIgniter->runController(Object(App\Controllers\Home))
 6 SYSTEMPATH\CodeIgniter.php(361): CodeIgniter\CodeIgniter->handleRequest(null, Object(Config\Cache), false)
 7 FCPATH\index.php(79): CodeIgniter\CodeIgniter->run()
CRITICAL - 2024-02-26 14:44:27 --> CodeIgniter\View\Exceptions\ViewException: Invalid file: "loginCG.php"
in SYSTEMPATH\Exceptions\FrameworkException.php on line 39.
 1 SYSTEMPATH\View\View.php(216): CodeIgniter\Exceptions\FrameworkException::forInvalidFile('loginCG.php')
 2 SYSTEMPATH\Common.php(1178): CodeIgniter\View\View->render('loginCG', [], true)
 3 APPPATH\Controllers\Home.php(20): view('loginCG')
 4 SYSTEMPATH\CodeIgniter.php(941): App\Controllers\Home->Prueba()
 5 SYSTEMPATH\CodeIgniter.php(502): CodeIgniter\CodeIgniter->runController(Object(App\Controllers\Home))
 6 SYSTEMPATH\CodeIgniter.php(361): CodeIgniter\CodeIgniter->handleRequest(null, Object(Config\Cache), false)
 7 FCPATH\index.php(79): CodeIgniter\CodeIgniter->run()
CRITICAL - 2024-02-26 14:44:27 --> CodeIgniter\View\Exceptions\ViewException: Invalid file: "loginCG.php"
in SYSTEMPATH\Exceptions\FrameworkException.php on line 39.
 1 SYSTEMPATH\View\View.php(216): CodeIgniter\Exceptions\FrameworkException::forInvalidFile('loginCG.php')
 2 SYSTEMPATH\Common.php(1178): CodeIgniter\View\View->render('loginCG', [], true)
 3 APPPATH\Controllers\Home.php(20): view('loginCG')
 4 SYSTEMPATH\CodeIgniter.php(941): App\Controllers\Home->Prueba()
 5 SYSTEMPATH\CodeIgniter.php(502): CodeIgniter\CodeIgniter->runController(Object(App\Controllers\Home))
 6 SYSTEMPATH\CodeIgniter.php(361): CodeIgniter\CodeIgniter->handleRequest(null, Object(Config\Cache), false)
 7 FCPATH\index.php(79): CodeIgniter\CodeIgniter->run()
CRITICAL - 2024-02-26 14:44:27 --> CodeIgniter\View\Exceptions\ViewException: Invalid file: "loginCG.php"
in SYSTEMPATH\Exceptions\FrameworkException.php on line 39.
 1 SYSTEMPATH\View\View.php(216): CodeIgniter\Exceptions\FrameworkException::forInvalidFile('loginCG.php')
 2 SYSTEMPATH\Common.php(1178): CodeIgniter\View\View->render('loginCG', [], true)
 3 APPPATH\Controllers\Home.php(20): view('loginCG')
 4 SYSTEMPATH\CodeIgniter.php(941): App\Controllers\Home->Prueba()
 5 SYSTEMPATH\CodeIgniter.php(502): CodeIgniter\CodeIgniter->runController(Object(App\Controllers\Home))
 6 SYSTEMPATH\CodeIgniter.php(361): CodeIgniter\CodeIgniter->handleRequest(null, Object(Config\Cache), false)
 7 FCPATH\index.php(79): CodeIgniter\CodeIgniter->run()
CRITICAL - 2024-02-26 14:44:28 --> CodeIgniter\View\Exceptions\ViewException: Invalid file: "loginCG.php"
in SYSTEMPATH\Exceptions\FrameworkException.php on line 39.
 1 SYSTEMPATH\View\View.php(216): CodeIgniter\Exceptions\FrameworkException::forInvalidFile('loginCG.php')
 2 SYSTEMPATH\Common.php(1178): CodeIgniter\View\View->render('loginCG', [], true)
 3 APPPATH\Controllers\Home.php(20): view('loginCG')
 4 SYSTEMPATH\CodeIgniter.php(941): App\Controllers\Home->Prueba()
 5 SYSTEMPATH\CodeIgniter.php(502): CodeIgniter\CodeIgniter->runController(Object(App\Controllers\Home))
 6 SYSTEMPATH\CodeIgniter.php(361): CodeIgniter\CodeIgniter->handleRequest(null, Object(Config\Cache), false)
 7 FCPATH\index.php(79): CodeIgniter\CodeIgniter->run()
INFO - 2024-02-26 14:44:33 --> Session: Class initialized using 'CodeIgniter\Session\Handlers\FileHandler' driver.
CRITICAL - 2024-02-26 14:44:43 --> CodeIgniter\View\Exceptions\ViewException: Invalid file: "loginCG.php"
in SYSTEMPATH\Exceptions\FrameworkException.php on line 39.
 1 SYSTEMPATH\View\View.php(216): CodeIgniter\Exceptions\FrameworkException::forInvalidFile('loginCG.php')
 2 SYSTEMPATH\Common.php(1178): CodeIgniter\View\View->render('loginCG', [], true)
 3 APPPATH\Controllers\Home.php(20): view('loginCG')
 4 SYSTEMPATH\CodeIgniter.php(941): App\Controllers\Home->Prueba()
 5 SYSTEMPATH\CodeIgniter.php(502): CodeIgniter\CodeIgniter->runController(Object(App\Controllers\Home))
 6 SYSTEMPATH\CodeIgniter.php(361): CodeIgniter\CodeIgniter->handleRequest(null, Object(Config\Cache), false)
 7 FCPATH\index.php(79): CodeIgniter\CodeIgniter->run()
CRITICAL - 2024-02-26 14:45:50 --> CodeIgniter\View\Exceptions\ViewException: Invalid file: "loginCG.php"
in SYSTEMPATH\Exceptions\FrameworkException.php on line 39.
 1 SYSTEMPATH\View\View.php(216): CodeIgniter\Exceptions\FrameworkException::forInvalidFile('loginCG.php')
 2 SYSTEMPATH\Common.php(1178): CodeIgniter\View\View->render('loginCG', [], true)
 3 APPPATH\Controllers\Home.php(20): view('loginCG')
 4 SYSTEMPATH\CodeIgniter.php(941): App\Controllers\Home->Prueba()
 5 SYSTEMPATH\CodeIgniter.php(502): CodeIgniter\CodeIgniter->runController(Object(App\Controllers\Home))
 6 SYSTEMPATH\CodeIgniter.php(361): CodeIgniter\CodeIgniter->handleRequest(null, Object(Config\Cache), false)
 7 FCPATH\index.php(79): CodeIgniter\CodeIgniter->run()
CRITICAL - 2024-02-26 14:45:53 --> CodeIgniter\View\Exceptions\ViewException: Invalid file: "loginCG.php"
in SYSTEMPATH\Exceptions\FrameworkException.php on line 39.
 1 SYSTEMPATH\View\View.php(216): CodeIgniter\Exceptions\FrameworkException::forInvalidFile('loginCG.php')
 2 SYSTEMPATH\Common.php(1178): CodeIgniter\View\View->render('loginCG', [], true)
 3 APPPATH\Controllers\Home.php(20): view('loginCG')
 4 SYSTEMPATH\CodeIgniter.php(941): App\Controllers\Home->Prueba()
 5 SYSTEMPATH\CodeIgniter.php(502): CodeIgniter\CodeIgniter->runController(Object(App\Controllers\Home))
 6 SYSTEMPATH\CodeIgniter.php(361): CodeIgniter\CodeIgniter->handleRequest(null, Object(Config\Cache), false)
 7 FCPATH\index.php(79): CodeIgniter\CodeIgniter->run()
CRITICAL - 2024-02-26 14:45:53 --> CodeIgniter\View\Exceptions\ViewException: Invalid file: "loginCG.php"
in SYSTEMPATH\Exceptions\FrameworkException.php on line 39.
 1 SYSTEMPATH\View\View.php(216): CodeIgniter\Exceptions\FrameworkException::forInvalidFile('loginCG.php')
 2 SYSTEMPATH\Common.php(1178): CodeIgniter\View\View->render('loginCG', [], true)
 3 APPPATH\Controllers\Home.php(20): view('loginCG')
 4 SYSTEMPATH\CodeIgniter.php(941): App\Controllers\Home->Prueba()
 5 SYSTEMPATH\CodeIgniter.php(502): CodeIgniter\CodeIgniter->runController(Object(App\Controllers\Home))
 6 SYSTEMPATH\CodeIgniter.php(361): CodeIgniter\CodeIgniter->handleRequest(null, Object(Config\Cache), false)
 7 FCPATH\index.php(79): CodeIgniter\CodeIgniter->run()
CRITICAL - 2024-02-26 14:45:53 --> CodeIgniter\View\Exceptions\ViewException: Invalid file: "loginCG.php"
in SYSTEMPATH\Exceptions\FrameworkException.php on line 39.
 1 SYSTEMPATH\View\View.php(216): CodeIgniter\Exceptions\FrameworkException::forInvalidFile('loginCG.php')
 2 SYSTEMPATH\Common.php(1178): CodeIgniter\View\View->render('loginCG', [], true)
 3 APPPATH\Controllers\Home.php(20): view('loginCG')
 4 SYSTEMPATH\CodeIgniter.php(941): App\Controllers\Home->Prueba()
 5 SYSTEMPATH\CodeIgniter.php(502): CodeIgniter\CodeIgniter->runController(Object(App\Controllers\Home))
 6 SYSTEMPATH\CodeIgniter.php(361): CodeIgniter\CodeIgniter->handleRequest(null, Object(Config\Cache), false)
 7 FCPATH\index.php(79): CodeIgniter\CodeIgniter->run()
CRITICAL - 2024-02-26 14:45:54 --> CodeIgniter\View\Exceptions\ViewException: Invalid file: "loginCG.php"
in SYSTEMPATH\Exceptions\FrameworkException.php on line 39.
 1 SYSTEMPATH\View\View.php(216): CodeIgniter\Exceptions\FrameworkException::forInvalidFile('loginCG.php')
 2 SYSTEMPATH\Common.php(1178): CodeIgniter\View\View->render('loginCG', [], true)
 3 APPPATH\Controllers\Home.php(20): view('loginCG')
 4 SYSTEMPATH\CodeIgniter.php(941): App\Controllers\Home->Prueba()
 5 SYSTEMPATH\CodeIgniter.php(502): CodeIgniter\CodeIgniter->runController(Object(App\Controllers\Home))
 6 SYSTEMPATH\CodeIgniter.php(361): CodeIgniter\CodeIgniter->handleRequest(null, Object(Config\Cache), false)
 7 FCPATH\index.php(79): CodeIgniter\CodeIgniter->run()
CRITICAL - 2024-02-26 14:45:54 --> CodeIgniter\View\Exceptions\ViewException: Invalid file: "loginCG.php"
in SYSTEMPATH\Exceptions\FrameworkException.php on line 39.
 1 SYSTEMPATH\View\View.php(216): CodeIgniter\Exceptions\FrameworkException::forInvalidFile('loginCG.php')
 2 SYSTEMPATH\Common.php(1178): CodeIgniter\View\View->render('loginCG', [], true)
 3 APPPATH\Controllers\Home.php(20): view('loginCG')
 4 SYSTEMPATH\CodeIgniter.php(941): App\Controllers\Home->Prueba()
 5 SYSTEMPATH\CodeIgniter.php(502): CodeIgniter\CodeIgniter->runController(Object(App\Controllers\Home))
 6 SYSTEMPATH\CodeIgniter.php(361): CodeIgniter\CodeIgniter->handleRequest(null, Object(Config\Cache), false)
 7 FCPATH\index.php(79): CodeIgniter\CodeIgniter->run()
CRITICAL - 2024-02-26 14:45:54 --> CodeIgniter\View\Exceptions\ViewException: Invalid file: "loginCG.php"
in SYSTEMPATH\Exceptions\FrameworkException.php on line 39.
 1 SYSTEMPATH\View\View.php(216): CodeIgniter\Exceptions\FrameworkException::forInvalidFile('loginCG.php')
 2 SYSTEMPATH\Common.php(1178): CodeIgniter\View\View->render('loginCG', [], true)
 3 APPPATH\Controllers\Home.php(20): view('loginCG')
 4 SYSTEMPATH\CodeIgniter.php(941): App\Controllers\Home->Prueba()
 5 SYSTEMPATH\CodeIgniter.php(502): CodeIgniter\CodeIgniter->runController(Object(App\Controllers\Home))
 6 SYSTEMPATH\CodeIgniter.php(361): CodeIgniter\CodeIgniter->handleRequest(null, Object(Config\Cache), false)
 7 FCPATH\index.php(79): CodeIgniter\CodeIgniter->run()
CRITICAL - 2024-02-26 14:45:55 --> CodeIgniter\View\Exceptions\ViewException: Invalid file: "loginCG.php"
in SYSTEMPATH\Exceptions\FrameworkException.php on line 39.
 1 SYSTEMPATH\View\View.php(216): CodeIgniter\Exceptions\FrameworkException::forInvalidFile('loginCG.php')
 2 SYSTEMPATH\Common.php(1178): CodeIgniter\View\View->render('loginCG', [], true)
 3 APPPATH\Controllers\Home.php(20): view('loginCG')
 4 SYSTEMPATH\CodeIgniter.php(941): App\Controllers\Home->Prueba()
 5 SYSTEMPATH\CodeIgniter.php(502): CodeIgniter\CodeIgniter->runController(Object(App\Controllers\Home))
 6 SYSTEMPATH\CodeIgniter.php(361): CodeIgniter\CodeIgniter->handleRequest(null, Object(Config\Cache), false)
 7 FCPATH\index.php(79): CodeIgniter\CodeIgniter->run()
CRITICAL - 2024-02-26 14:45:55 --> CodeIgniter\View\Exceptions\ViewException: Invalid file: "loginCG.php"
in SYSTEMPATH\Exceptions\FrameworkException.php on line 39.
 1 SYSTEMPATH\View\View.php(216): CodeIgniter\Exceptions\FrameworkException::forInvalidFile('loginCG.php')
 2 SYSTEMPATH\Common.php(1178): CodeIgniter\View\View->render('loginCG', [], true)
 3 APPPATH\Controllers\Home.php(20): view('loginCG')
 4 SYSTEMPATH\CodeIgniter.php(941): App\Controllers\Home->Prueba()
 5 SYSTEMPATH\CodeIgniter.php(502): CodeIgniter\CodeIgniter->runController(Object(App\Controllers\Home))
 6 SYSTEMPATH\CodeIgniter.php(361): CodeIgniter\CodeIgniter->handleRequest(null, Object(Config\Cache), false)
 7 FCPATH\index.php(79): CodeIgniter\CodeIgniter->run()
CRITICAL - 2024-02-26 14:45:55 --> CodeIgniter\View\Exceptions\ViewException: Invalid file: "loginCG.php"
in SYSTEMPATH\Exceptions\FrameworkException.php on line 39.
 1 SYSTEMPATH\View\View.php(216): CodeIgniter\Exceptions\FrameworkException::forInvalidFile('loginCG.php')
 2 SYSTEMPATH\Common.php(1178): CodeIgniter\View\View->render('loginCG', [], true)
 3 APPPATH\Controllers\Home.php(20): view('loginCG')
 4 SYSTEMPATH\CodeIgniter.php(941): App\Controllers\Home->Prueba()
 5 SYSTEMPATH\CodeIgniter.php(502): CodeIgniter\CodeIgniter->runController(Object(App\Controllers\Home))
 6 SYSTEMPATH\CodeIgniter.php(361): CodeIgniter\CodeIgniter->handleRequest(null, Object(Config\Cache), false)
 7 FCPATH\index.php(79): CodeIgniter\CodeIgniter->run()
CRITICAL - 2024-02-26 14:45:56 --> CodeIgniter\View\Exceptions\ViewException: Invalid file: "loginCG.php"
in SYSTEMPATH\Exceptions\FrameworkException.php on line 39.
 1 SYSTEMPATH\View\View.php(216): CodeIgniter\Exceptions\FrameworkException::forInvalidFile('loginCG.php')
 2 SYSTEMPATH\Common.php(1178): CodeIgniter\View\View->render('loginCG', [], true)
 3 APPPATH\Controllers\Home.php(20): view('loginCG')
 4 SYSTEMPATH\CodeIgniter.php(941): App\Controllers\Home->Prueba()
 5 SYSTEMPATH\CodeIgniter.php(502): CodeIgniter\CodeIgniter->runController(Object(App\Controllers\Home))
 6 SYSTEMPATH\CodeIgniter.php(361): CodeIgniter\CodeIgniter->handleRequest(null, Object(Config\Cache), false)
 7 FCPATH\index.php(79): CodeIgniter\CodeIgniter->run()
CRITICAL - 2024-02-26 14:45:56 --> CodeIgniter\View\Exceptions\ViewException: Invalid file: "loginCG.php"
in SYSTEMPATH\Exceptions\FrameworkException.php on line 39.
 1 SYSTEMPATH\View\View.php(216): CodeIgniter\Exceptions\FrameworkException::forInvalidFile('loginCG.php')
 2 SYSTEMPATH\Common.php(1178): CodeIgniter\View\View->render('loginCG', [], true)
 3 APPPATH\Controllers\Home.php(20): view('loginCG')
 4 SYSTEMPATH\CodeIgniter.php(941): App\Controllers\Home->Prueba()
 5 SYSTEMPATH\CodeIgniter.php(502): CodeIgniter\CodeIgniter->runController(Object(App\Controllers\Home))
 6 SYSTEMPATH\CodeIgniter.php(361): CodeIgniter\CodeIgniter->handleRequest(null, Object(Config\Cache), false)
 7 FCPATH\index.php(79): CodeIgniter\CodeIgniter->run()
CRITICAL - 2024-02-26 14:45:56 --> CodeIgniter\View\Exceptions\ViewException: Invalid file: "loginCG.php"
in SYSTEMPATH\Exceptions\FrameworkException.php on line 39.
 1 SYSTEMPATH\View\View.php(216): CodeIgniter\Exceptions\FrameworkException::forInvalidFile('loginCG.php')
 2 SYSTEMPATH\Common.php(1178): CodeIgniter\View\View->render('loginCG', [], true)
 3 APPPATH\Controllers\Home.php(20): view('loginCG')
 4 SYSTEMPATH\CodeIgniter.php(941): App\Controllers\Home->Prueba()
 5 SYSTEMPATH\CodeIgniter.php(502): CodeIgniter\CodeIgniter->runController(Object(App\Controllers\Home))
 6 SYSTEMPATH\CodeIgniter.php(361): CodeIgniter\CodeIgniter->handleRequest(null, Object(Config\Cache), false)
 7 FCPATH\index.php(79): CodeIgniter\CodeIgniter->run()
CRITICAL - 2024-02-26 14:45:56 --> CodeIgniter\View\Exceptions\ViewException: Invalid file: "loginCG.php"
in SYSTEMPATH\Exceptions\FrameworkException.php on line 39.
 1 SYSTEMPATH\View\View.php(216): CodeIgniter\Exceptions\FrameworkException::forInvalidFile('loginCG.php')
 2 SYSTEMPATH\Common.php(1178): CodeIgniter\View\View->render('loginCG', [], true)
 3 APPPATH\Controllers\Home.php(20): view('loginCG')
 4 SYSTEMPATH\CodeIgniter.php(941): App\Controllers\Home->Prueba()
 5 SYSTEMPATH\CodeIgniter.php(502): CodeIgniter\CodeIgniter->runController(Object(App\Controllers\Home))
 6 SYSTEMPATH\CodeIgniter.php(361): CodeIgniter\CodeIgniter->handleRequest(null, Object(Config\Cache), false)
 7 FCPATH\index.php(79): CodeIgniter\CodeIgniter->run()
CRITICAL - 2024-02-26 14:45:57 --> CodeIgniter\View\Exceptions\ViewException: Invalid file: "loginCG.php"
in SYSTEMPATH\Exceptions\FrameworkException.php on line 39.
 1 SYSTEMPATH\View\View.php(216): CodeIgniter\Exceptions\FrameworkException::forInvalidFile('loginCG.php')
 2 SYSTEMPATH\Common.php(1178): CodeIgniter\View\View->render('loginCG', [], true)
 3 APPPATH\Controllers\Home.php(20): view('loginCG')
 4 SYSTEMPATH\CodeIgniter.php(941): App\Controllers\Home->Prueba()
 5 SYSTEMPATH\CodeIgniter.php(502): CodeIgniter\CodeIgniter->runController(Object(App\Controllers\Home))
 6 SYSTEMPATH\CodeIgniter.php(361): CodeIgniter\CodeIgniter->handleRequest(null, Object(Config\Cache), false)
 7 FCPATH\index.php(79): CodeIgniter\CodeIgniter->run()
CRITICAL - 2024-02-26 14:45:57 --> CodeIgniter\View\Exceptions\ViewException: Invalid file: "loginCG.php"
in SYSTEMPATH\Exceptions\FrameworkException.php on line 39.
 1 SYSTEMPATH\View\View.php(216): CodeIgniter\Exceptions\FrameworkException::forInvalidFile('loginCG.php')
 2 SYSTEMPATH\Common.php(1178): CodeIgniter\View\View->render('loginCG', [], true)
 3 APPPATH\Controllers\Home.php(20): view('loginCG')
 4 SYSTEMPATH\CodeIgniter.php(941): App\Controllers\Home->Prueba()
 5 SYSTEMPATH\CodeIgniter.php(502): CodeIgniter\CodeIgniter->runController(Object(App\Controllers\Home))
 6 SYSTEMPATH\CodeIgniter.php(361): CodeIgniter\CodeIgniter->handleRequest(null, Object(Config\Cache), false)
 7 FCPATH\index.php(79): CodeIgniter\CodeIgniter->run()
CRITICAL - 2024-02-26 14:45:57 --> CodeIgniter\View\Exceptions\ViewException: Invalid file: "loginCG.php"
in SYSTEMPATH\Exceptions\FrameworkException.php on line 39.
 1 SYSTEMPATH\View\View.php(216): CodeIgniter\Exceptions\FrameworkException::forInvalidFile('loginCG.php')
 2 SYSTEMPATH\Common.php(1178): CodeIgniter\View\View->render('loginCG', [], true)
 3 APPPATH\Controllers\Home.php(20): view('loginCG')
 4 SYSTEMPATH\CodeIgniter.php(941): App\Controllers\Home->Prueba()
 5 SYSTEMPATH\CodeIgniter.php(502): CodeIgniter\CodeIgniter->runController(Object(App\Controllers\Home))
 6 SYSTEMPATH\CodeIgniter.php(361): CodeIgniter\CodeIgniter->handleRequest(null, Object(Config\Cache), false)
 7 FCPATH\index.php(79): CodeIgniter\CodeIgniter->run()
CRITICAL - 2024-02-26 14:45:57 --> CodeIgniter\View\Exceptions\ViewException: Invalid file: "loginCG.php"
in SYSTEMPATH\Exceptions\FrameworkException.php on line 39.
 1 SYSTEMPATH\View\View.php(216): CodeIgniter\Exceptions\FrameworkException::forInvalidFile('loginCG.php')
 2 SYSTEMPATH\Common.php(1178): CodeIgniter\View\View->render('loginCG', [], true)
 3 APPPATH\Controllers\Home.php(20): view('loginCG')
 4 SYSTEMPATH\CodeIgniter.php(941): App\Controllers\Home->Prueba()
 5 SYSTEMPATH\CodeIgniter.php(502): CodeIgniter\CodeIgniter->runController(Object(App\Controllers\Home))
 6 SYSTEMPATH\CodeIgniter.php(361): CodeIgniter\CodeIgniter->handleRequest(null, Object(Config\Cache), false)
 7 FCPATH\index.php(79): CodeIgniter\CodeIgniter->run()
CRITICAL - 2024-02-26 14:45:58 --> CodeIgniter\View\Exceptions\ViewException: Invalid file: "loginCG.php"
in SYSTEMPATH\Exceptions\FrameworkException.php on line 39.
 1 SYSTEMPATH\View\View.php(216): CodeIgniter\Exceptions\FrameworkException::forInvalidFile('loginCG.php')
 2 SYSTEMPATH\Common.php(1178): CodeIgniter\View\View->render('loginCG', [], true)
 3 APPPATH\Controllers\Home.php(20): view('loginCG')
 4 SYSTEMPATH\CodeIgniter.php(941): App\Controllers\Home->Prueba()
 5 SYSTEMPATH\CodeIgniter.php(502): CodeIgniter\CodeIgniter->runController(Object(App\Controllers\Home))
 6 SYSTEMPATH\CodeIgniter.php(361): CodeIgniter\CodeIgniter->handleRequest(null, Object(Config\Cache), false)
 7 FCPATH\index.php(79): CodeIgniter\CodeIgniter->run()
CRITICAL - 2024-02-26 14:45:58 --> CodeIgniter\View\Exceptions\ViewException: Invalid file: "loginCG.php"
in SYSTEMPATH\Exceptions\FrameworkException.php on line 39.
 1 SYSTEMPATH\View\View.php(216): CodeIgniter\Exceptions\FrameworkException::forInvalidFile('loginCG.php')
 2 SYSTEMPATH\Common.php(1178): CodeIgniter\View\View->render('loginCG', [], true)
 3 APPPATH\Controllers\Home.php(20): view('loginCG')
 4 SYSTEMPATH\CodeIgniter.php(941): App\Controllers\Home->Prueba()
 5 SYSTEMPATH\CodeIgniter.php(502): CodeIgniter\CodeIgniter->runController(Object(App\Controllers\Home))
 6 SYSTEMPATH\CodeIgniter.php(361): CodeIgniter\CodeIgniter->handleRequest(null, Object(Config\Cache), false)
 7 FCPATH\index.php(79): CodeIgniter\CodeIgniter->run()
CRITICAL - 2024-02-26 14:45:58 --> CodeIgniter\View\Exceptions\ViewException: Invalid file: "loginCG.php"
in SYSTEMPATH\Exceptions\FrameworkException.php on line 39.
 1 SYSTEMPATH\View\View.php(216): CodeIgniter\Exceptions\FrameworkException::forInvalidFile('loginCG.php')
 2 SYSTEMPATH\Common.php(1178): CodeIgniter\View\View->render('loginCG', [], true)
 3 APPPATH\Controllers\Home.php(20): view('loginCG')
 4 SYSTEMPATH\CodeIgniter.php(941): App\Controllers\Home->Prueba()
 5 SYSTEMPATH\CodeIgniter.php(502): CodeIgniter\CodeIgniter->runController(Object(App\Controllers\Home))
 6 SYSTEMPATH\CodeIgniter.php(361): CodeIgniter\CodeIgniter->handleRequest(null, Object(Config\Cache), false)
 7 FCPATH\index.php(79): CodeIgniter\CodeIgniter->run()
INFO - 2024-02-26 14:47:20 --> Session: Class initialized using 'CodeIgniter\Session\Handlers\FileHandler' driver.
INFO - 2024-02-26 14:47:37 --> Session: Class initialized using 'CodeIgniter\Session\Handlers\FileHandler' driver.
INFO - 2024-02-26 14:47:38 --> Session: Class initialized using 'CodeIgniter\Session\Handlers\FileHandler' driver.
INFO - 2024-02-26 14:47:45 --> Antes de obtener información del usuario para: admin
INFO - 2024-02-26 14:47:45 --> Contraseña almacenada para el usuario "admin": pruebaCG123
INFO - 2024-02-26 14:47:45 --> Contraseña ingresada: pruebaCG123
INFO - 2024-02-26 14:47:45 --> Contraseña verificada con éxito.
INFO - 2024-02-26 14:47:45 --> Session: Class initialized using 'CodeIgniter\Session\Handlers\FileHandler' driver.
INFO - 2024-02-26 14:47:55 --> Session: Class initialized using 'CodeIgniter\Session\Handlers\FileHandler' driver.
INFO - 2024-02-26 14:48:12 --> Antes de obtener información del usuario para: daniel
INFO - 2024-02-26 14:48:12 --> Contraseña almacenada para el usuario "daniel": 12345@
INFO - 2024-02-26 14:48:12 --> Contraseña ingresada: 12345@
INFO - 2024-02-26 14:48:12 --> Contraseña verificada con éxito.
INFO - 2024-02-26 14:48:12 --> Session: Class initialized using 'CodeIgniter\Session\Handlers\FileHandler' driver.
INFO - 2024-02-26 14:49:52 --> Session: Class initialized using 'CodeIgniter\Session\Handlers\FileHandler' driver.
INFO - 2024-02-26 14:50:17 --> Session: Class initialized using 'CodeIgniter\Session\Handlers\FileHandler' driver.
INFO - 2024-02-26 14:50:23 --> Antes de obtener información del usuario para: DANIEL
INFO - 2024-02-26 14:50:23 --> Contraseña almacenada para el usuario "DANIEL": 12345@
INFO - 2024-02-26 14:50:23 --> Contraseña ingresada: 12345@
INFO - 2024-02-26 14:50:23 --> Contraseña verificada con éxito.
INFO - 2024-02-26 14:50:23 --> Session: Class initialized using 'CodeIgniter\Session\Handlers\FileHandler' driver.
INFO - 2024-02-26 14:50:27 --> Session: Class initialized using 'CodeIgniter\Session\Handlers\FileHandler' driver.
INFO - 2024-02-26 14:55:41 --> Session: Class initialized using 'CodeIgniter\Session\Handlers\FileHandler' driver.
INFO - 2024-02-26 14:55:43 --> Session: Class initialized using 'CodeIgniter\Session\Handlers\FileHandler' driver.
INFO - 2024-02-26 14:55:46 --> Session: Class initialized using 'CodeIgniter\Session\Handlers\FileHandler' driver.
INFO - 2024-02-26 14:55:48 --> Session: Class initialized using 'CodeIgniter\Session\Handlers\FileHandler' driver.
INFO - 2024-02-26 14:55:50 --> Session: Class initialized using 'CodeIgniter\Session\Handlers\FileHandler' driver.
INFO - 2024-02-26 14:56:25 --> Session: Class initialized using 'CodeIgniter\Session\Handlers\FileHandler' driver.
INFO - 2024-02-26 14:56:39 --> Session: Class initialized using 'CodeIgniter\Session\Handlers\FileHandler' driver.
INFO - 2024-02-26 14:56:45 --> Session: Class initialized using 'CodeIgniter\Session\Handlers\FileHandler' driver.
INFO - 2024-02-26 15:01:59 --> Session: Class initialized using 'CodeIgniter\Session\Handlers\FileHandler' driver.
INFO - 2024-02-26 15:02:02 --> Session: Class initialized using 'CodeIgniter\Session\Handlers\FileHandler' driver.
INFO - 2024-02-26 15:02:09 --> Session: Class initialized using 'CodeIgniter\Session\Handlers\FileHandler' driver.
INFO - 2024-02-26 15:02:11 --> Session: Class initialized using 'CodeIgniter\Session\Handlers\FileHandler' driver.
INFO - 2024-02-26 15:02:11 --> Session: Class initialized using 'CodeIgniter\Session\Handlers\FileHandler' driver.
INFO - 2024-02-26 15:02:11 --> Session: Class initialized using 'CodeIgniter\Session\Handlers\FileHandler' driver.
INFO - 2024-02-26 15:02:11 --> Session: Class initialized using 'CodeIgniter\Session\Handlers\FileHandler' driver.
INFO - 2024-02-26 15:02:11 --> Session: Class initialized using 'CodeIgniter\Session\Handlers\FileHandler' driver.
INFO - 2024-02-26 15:02:12 --> Session: Class initialized using 'CodeIgniter\Session\Handlers\FileHandler' driver.
INFO - 2024-02-26 15:02:13 --> Session: Class initialized using 'CodeIgniter\Session\Handlers\FileHandler' driver.
INFO - 2024-02-26 15:02:13 --> Session: Class initialized using 'CodeIgniter\Session\Handlers\FileHandler' driver.
INFO - 2024-02-26 15:02:13 --> Session: Class initialized using 'CodeIgniter\Session\Handlers\FileHandler' driver.
INFO - 2024-02-26 15:02:13 --> Session: Class initialized using 'CodeIgniter\Session\Handlers\FileHandler' driver.
INFO - 2024-02-26 15:02:13 --> Session: Class initialized using 'CodeIgniter\Session\Handlers\FileHandler' driver.
INFO - 2024-02-26 15:02:14 --> Session: Class initialized using 'CodeIgniter\Session\Handlers\FileHandler' driver.
INFO - 2024-02-26 15:02:14 --> Session: Class initialized using 'CodeIgniter\Session\Handlers\FileHandler' driver.
INFO - 2024-02-26 15:02:15 --> Session: Class initialized using 'CodeIgniter\Session\Handlers\FileHandler' driver.
INFO - 2024-02-26 15:02:15 --> Session: Class initialized using 'CodeIgniter\Session\Handlers\FileHandler' driver.
INFO - 2024-02-26 15:02:15 --> Session: Class initialized using 'CodeIgniter\Session\Handlers\FileHandler' driver.
INFO - 2024-02-26 15:02:15 --> Session: Class initialized using 'CodeIgniter\Session\Handlers\FileHandler' driver.
INFO - 2024-02-26 15:02:37 --> Session: Class initialized using 'CodeIgniter\Session\Handlers\FileHandler' driver.
INFO - 2024-02-26 15:02:53 --> Antes de obtener información del usuario para: admin
INFO - 2024-02-26 15:02:53 --> Contraseña almacenada para el usuario "admin": pruebaCG123
INFO - 2024-02-26 15:02:53 --> Contraseña ingresada: pruebaCG123
INFO - 2024-02-26 15:02:53 --> Contraseña verificada con éxito.
INFO - 2024-02-26 15:02:53 --> Session: Class initialized using 'CodeIgniter\Session\Handlers\FileHandler' driver.
INFO - 2024-02-26 15:07:05 --> Session: Class initialized using 'CodeIgniter\Session\Handlers\FileHandler' driver.
INFO - 2024-02-26 15:07:15 --> Antes de obtener información del usuario para: daniel
INFO - 2024-02-26 15:07:15 --> Contraseña almacenada para el usuario "daniel": 12345@
INFO - 2024-02-26 15:07:15 --> Contraseña ingresada: 12345@
INFO - 2024-02-26 15:07:15 --> Contraseña verificada con éxito.
INFO - 2024-02-26 15:07:15 --> Session: Class initialized using 'CodeIgniter\Session\Handlers\FileHandler' driver.
INFO - 2024-02-26 15:07:18 --> Session: Class initialized using 'CodeIgniter\Session\Handlers\FileHandler' driver.
INFO - 2024-02-26 15:07:25 --> Antes de obtener información del usuario para: porteria1
INFO - 2024-02-26 15:07:25 --> Contraseña almacenada para el usuario "porteria1": 123@
INFO - 2024-02-26 15:07:25 --> Contraseña ingresada: 12345@
ERROR - 2024-02-26 15:07:25 --> Autenticación fallida para el usuario: porteria1
INFO - 2024-02-26 15:07:25 --> Session: Class initialized using 'CodeIgniter\Session\Handlers\FileHandler' driver.
INFO - 2024-02-26 15:08:00 --> Session: Class initialized using 'CodeIgniter\Session\Handlers\FileHandler' driver.
INFO - 2024-02-26 15:08:19 --> Session: Class initialized using 'CodeIgniter\Session\Handlers\FileHandler' driver.
INFO - 2024-02-26 15:16:07 --> Antes de obtener información del usuario para: porteria1
INFO - 2024-02-26 15:16:07 --> Contraseña almacenada para el usuario "porteria1": 123@
INFO - 2024-02-26 15:16:07 --> Contraseña ingresada: 123@
INFO - 2024-02-26 15:16:07 --> Contraseña verificada con éxito.
INFO - 2024-02-26 15:16:07 --> Session: Class initialized using 'CodeIgniter\Session\Handlers\FileHandler' driver.
INFO - 2024-02-26 15:17:29 --> Session: Class initialized using 'CodeIgniter\Session\Handlers\FileHandler' driver.
INFO - 2024-02-26 15:18:56 --> Antes de obtener información del usuario para: sistemas
INFO - 2024-02-26 15:18:56 --> Contraseña almacenada para el usuario "sistemas": 12345@
INFO - 2024-02-26 15:18:56 --> Contraseña ingresada: 12345@
INFO - 2024-02-26 15:18:56 --> Contraseña verificada con éxito.
INFO - 2024-02-26 15:18:56 --> Session: Class initialized using 'CodeIgniter\Session\Handlers\FileHandler' driver.
INFO - 2024-02-26 15:18:56 --> Session: Class initialized using 'CodeIgniter\Session\Handlers\FileHandler' driver.
INFO - 2024-02-26 15:20:27 --> Session: Class initialized using 'CodeIgniter\Session\Handlers\FileHandler' driver.
INFO - 2024-02-26 15:20:32 --> Session: Class initialized using 'CodeIgniter\Session\Handlers\FileHandler' driver.
INFO - 2024-02-26 15:20:34 --> Session: Class initialized using 'CodeIgniter\Session\Handlers\FileHandler' driver.
INFO - 2024-02-26 15:20:35 --> Session: Class initialized using 'CodeIgniter\Session\Handlers\FileHandler' driver.
INFO - 2024-02-26 15:20:37 --> Session: Class initialized using 'CodeIgniter\Session\Handlers\FileHandler' driver.
INFO - 2024-02-26 15:20:40 --> Session: Class initialized using 'CodeIgniter\Session\Handlers\FileHandler' driver.
INFO - 2024-02-26 15:20:42 --> Session: Class initialized using 'CodeIgniter\Session\Handlers\FileHandler' driver.
INFO - 2024-02-26 15:20:50 --> Session: Class initialized using 'CodeIgniter\Session\Handlers\FileHandler' driver.
INFO - 2024-02-26 15:20:52 --> Session: Class initialized using 'CodeIgniter\Session\Handlers\FileHandler' driver.
INFO - 2024-02-26 15:24:00 --> Session: Class initialized using 'CodeIgniter\Session\Handlers\FileHandler' driver.
INFO - 2024-02-26 15:24:09 --> Session: Class initialized using 'CodeIgniter\Session\Handlers\FileHandler' driver.
INFO - 2024-02-26 15:25:02 --> Session: Class initialized using 'CodeIgniter\Session\Handlers\FileHandler' driver.
INFO - 2024-02-26 15:25:09 --> Session: Class initialized using 'CodeIgniter\Session\Handlers\FileHandler' driver.
INFO - 2024-02-26 15:25:13 --> Session: Class initialized using 'CodeIgniter\Session\Handlers\FileHandler' driver.
INFO - 2024-02-26 15:25:13 --> Session: Class initialized using 'CodeIgniter\Session\Handlers\FileHandler' driver.
INFO - 2024-02-26 15:25:14 --> Session: Class initialized using 'CodeIgniter\Session\Handlers\FileHandler' driver.
INFO - 2024-02-26 15:25:15 --> Session: Class initialized using 'CodeIgniter\Session\Handlers\FileHandler' driver.
INFO - 2024-02-26 15:25:17 --> Session: Class initialized using 'CodeIgniter\Session\Handlers\FileHandler' driver.
INFO - 2024-02-26 15:25:25 --> Antes de obtener información del usuario para: admin
INFO - 2024-02-26 15:25:25 --> Contraseña almacenada para el usuario "admin": pruebaCG123
INFO - 2024-02-26 15:25:25 --> Contraseña ingresada: pruebaCG123
INFO - 2024-02-26 15:25:25 --> Contraseña verificada con éxito.
INFO - 2024-02-26 15:25:25 --> Session: Class initialized using 'CodeIgniter\Session\Handlers\FileHandler' driver.
INFO - 2024-02-26 15:25:39 --> Session: Class initialized using 'CodeIgniter\Session\Handlers\FileHandler' driver.
INFO - 2024-02-26 15:25:49 --> Session: Class initialized using 'CodeIgniter\Session\Handlers\FileHandler' driver.
INFO - 2024-02-26 15:25:54 --> Session: Class initialized using 'CodeIgniter\Session\Handlers\FileHandler' driver.
INFO - 2024-02-26 15:26:05 --> Session: Class initialized using 'CodeIgniter\Session\Handlers\FileHandler' driver.
INFO - 2024-02-26 15:26:07 --> Session: Class initialized using 'CodeIgniter\Session\Handlers\FileHandler' driver.
INFO - 2024-02-26 15:26:09 --> Session: Class initialized using 'CodeIgniter\Session\Handlers\FileHandler' driver.
INFO - 2024-02-26 15:26:12 --> Session: Class initialized using 'CodeIgniter\Session\Handlers\FileHandler' driver.
INFO - 2024-02-26 15:29:25 --> Session: Class initialized using 'CodeIgniter\Session\Handlers\FileHandler' driver.
INFO - 2024-02-26 15:30:15 --> Session: Class initialized using 'CodeIgniter\Session\Handlers\FileHandler' driver.
INFO - 2024-02-26 15:30:23 --> Antes de obtener información del usuario para: admin
INFO - 2024-02-26 15:30:23 --> Contraseña almacenada para el usuario "admin": pruebaCG123
INFO - 2024-02-26 15:30:23 --> Contraseña ingresada: pruebaCG123
INFO - 2024-02-26 15:30:23 --> Contraseña verificada con éxito.
INFO - 2024-02-26 15:30:23 --> Session: Class initialized using 'CodeIgniter\Session\Handlers\FileHandler' driver.
INFO - 2024-02-26 15:32:44 --> Session: Class initialized using 'CodeIgniter\Session\Handlers\FileHandler' driver.
INFO - 2024-02-26 15:44:54 --> Session: Class initialized using 'CodeIgniter\Session\Handlers\FileHandler' driver.
INFO - 2024-02-26 15:46:00 --> Session: Class initialized using 'CodeIgniter\Session\Handlers\FileHandler' driver.
INFO - 2024-02-26 20:23:33 --> Session: Class initialized using 'CodeIgniter\Session\Handlers\FileHandler' driver.
INFO - 2024-02-26 20:28:00 --> Session: Class initialized using 'CodeIgniter\Session\Handlers\FileHandler' driver.
INFO - 2024-02-26 20:28:02 --> Session: Class initialized using 'CodeIgniter\Session\Handlers\FileHandler' driver.
INFO - 2024-02-26 20:28:59 --> Antes de obtener información del usuario para: admin
INFO - 2024-02-26 20:28:59 --> Contraseña almacenada para el usuario "admin": pruebaCG123
INFO - 2024-02-26 20:28:59 --> Contraseña ingresada: 1
ERROR - 2024-02-26 20:28:59 --> Autenticación fallida para el usuario: admin
INFO - 2024-02-26 20:28:59 --> Session: Class initialized using 'CodeIgniter\Session\Handlers\FileHandler' driver.
INFO - 2024-02-26 20:29:33 --> Session: Class initialized using 'CodeIgniter\Session\Handlers\FileHandler' driver.
INFO - 2024-02-26 20:36:36 --> Antes de obtener información del usuario para: admin
INFO - 2024-02-26 20:36:36 --> Contraseña almacenada para el usuario "admin": pruebaCG123
INFO - 2024-02-26 20:36:36 --> Contraseña ingresada: 1
ERROR - 2024-02-26 20:36:36 --> Autenticación fallida para el usuario: admin
INFO - 2024-02-26 20:36:36 --> Session: Class initialized using 'CodeIgniter\Session\Handlers\FileHandler' driver.
INFO - 2024-02-26 20:36:59 --> Session: Class initialized using 'CodeIgniter\Session\Handlers\FileHandler' driver.
INFO - 2024-02-26 20:37:02 --> Antes de obtener información del usuario para: admin
INFO - 2024-02-26 20:37:02 --> Contraseña almacenada para el usuario "admin": pruebaCG123
INFO - 2024-02-26 20:37:02 --> Contraseña ingresada: 1
ERROR - 2024-02-26 20:37:02 --> Autenticación fallida para el usuario: admin
INFO - 2024-02-26 20:37:02 --> Session: Class initialized using 'CodeIgniter\Session\Handlers\FileHandler' driver.
INFO - 2024-02-26 20:39:37 --> Session: Class initialized using 'CodeIgniter\Session\Handlers\FileHandler' driver.
INFO - 2024-02-26 20:39:46 --> Antes de obtener información del usuario para: admin
INFO - 2024-02-26 20:39:46 --> Contraseña almacenada para el usuario "admin": pruebaCG123
INFO - 2024-02-26 20:39:46 --> Contraseña ingresada: pruebaCG123
INFO - 2024-02-26 20:39:46 --> Contraseña verificada con éxito.
INFO - 2024-02-26 20:39:46 --> Session: Class initialized using 'CodeIgniter\Session\Handlers\FileHandler' driver.
INFO - 2024-02-26 20:40:11 --> Session: Class initialized using 'CodeIgniter\Session\Handlers\FileHandler' driver.
INFO - 2024-02-26 20:40:16 --> Antes de obtener información del usuario para: admin
INFO - 2024-02-26 20:40:16 --> Contraseña almacenada para el usuario "admin": pruebaCG123
INFO - 2024-02-26 20:40:16 --> Contraseña ingresada: 1
ERROR - 2024-02-26 20:40:16 --> Autenticación fallida para el usuario: admin
INFO - 2024-02-26 20:40:16 --> Session: Class initialized using 'CodeIgniter\Session\Handlers\FileHandler' driver.
INFO - 2024-02-26 20:45:13 --> Session: Class initialized using 'CodeIgniter\Session\Handlers\FileHandler' driver.
INFO - 2024-02-26 20:45:23 --> Session: Class initialized using 'CodeIgniter\Session\Handlers\FileHandler' driver.
INFO - 2024-02-26 20:45:25 --> Session: Class initialized using 'CodeIgniter\Session\Handlers\FileHandler' driver.
INFO - 2024-02-26 20:45:26 --> Session: Class initialized using 'CodeIgniter\Session\Handlers\FileHandler' driver.
INFO - 2024-02-26 20:45:27 --> Session: Class initialized using 'CodeIgniter\Session\Handlers\FileHandler' driver.
INFO - 2024-02-26 20:45:27 --> Session: Class initialized using 'CodeIgniter\Session\Handlers\FileHandler' driver.
INFO - 2024-02-26 20:45:30 --> Session: Class initialized using 'CodeIgniter\Session\Handlers\FileHandler' driver.
INFO - 2024-02-26 20:45:38 --> Session: Class initialized using 'CodeIgniter\Session\Handlers\FileHandler' driver.
INFO - 2024-02-26 20:46:02 --> Session: Class initialized using 'CodeIgniter\Session\Handlers\FileHandler' driver.
INFO - 2024-02-26 20:46:12 --> Session: Class initialized using 'CodeIgniter\Session\Handlers\FileHandler' driver.
INFO - 2024-02-26 20:46:31 --> Session: Class initialized using 'CodeIgniter\Session\Handlers\FileHandler' driver.
INFO - 2024-02-26 20:47:01 --> Session: Class initialized using 'CodeIgniter\Session\Handlers\FileHandler' driver.
INFO - 2024-02-26 20:47:02 --> Session: Class initialized using 'CodeIgniter\Session\Handlers\FileHandler' driver.
INFO - 2024-02-26 20:47:03 --> Session: Class initialized using 'CodeIgniter\Session\Handlers\FileHandler' driver.
INFO - 2024-02-26 20:47:03 --> Session: Class initialized using 'CodeIgniter\Session\Handlers\FileHandler' driver.
INFO - 2024-02-26 20:47:04 --> Session: Class initialized using 'CodeIgniter\Session\Handlers\FileHandler' driver.
INFO - 2024-02-26 20:50:50 --> Session: Class initialized using 'CodeIgniter\Session\Handlers\FileHandler' driver.
INFO - 2024-02-26 20:55:05 --> Session: Class initialized using 'CodeIgniter\Session\Handlers\FileHandler' driver.
INFO - 2024-02-26 20:55:31 --> Session: Class initialized using 'CodeIgniter\Session\Handlers\FileHandler' driver.
INFO - 2024-02-26 20:55:33 --> Session: Class initialized using 'CodeIgniter\Session\Handlers\FileHandler' driver.
INFO - 2024-02-26 20:55:34 --> Session: Class initialized using 'CodeIgniter\Session\Handlers\FileHandler' driver.
INFO - 2024-02-26 20:55:35 --> Session: Class initialized using 'CodeIgniter\Session\Handlers\FileHandler' driver.
INFO - 2024-02-26 20:55:35 --> Session: Class initialized using 'CodeIgniter\Session\Handlers\FileHandler' driver.
INFO - 2024-02-26 20:57:32 --> Session: Class initialized using 'CodeIgniter\Session\Handlers\FileHandler' driver.
INFO - 2024-02-26 20:57:36 --> Session: Class initialized using 'CodeIgniter\Session\Handlers\FileHandler' driver.
INFO - 2024-02-26 20:57:37 --> Session: Class initialized using 'CodeIgniter\Session\Handlers\FileHandler' driver.
INFO - 2024-02-26 20:57:37 --> Session: Class initialized using 'CodeIgniter\Session\Handlers\FileHandler' driver.
INFO - 2024-02-26 20:58:25 --> Session: Class initialized using 'CodeIgniter\Session\Handlers\FileHandler' driver.
INFO - 2024-02-26 20:58:27 --> Session: Class initialized using 'CodeIgniter\Session\Handlers\FileHandler' driver.
INFO - 2024-02-26 20:58:28 --> Session: Class initialized using 'CodeIgniter\Session\Handlers\FileHandler' driver.
INFO - 2024-02-26 20:58:29 --> Session: Class initialized using 'CodeIgniter\Session\Handlers\FileHandler' driver.
INFO - 2024-02-26 20:58:29 --> Session: Class initialized using 'CodeIgniter\Session\Handlers\FileHandler' driver.
INFO - 2024-02-26 20:58:29 --> Session: Class initialized using 'CodeIgniter\Session\Handlers\FileHandler' driver.
INFO - 2024-02-26 20:58:30 --> Session: Class initialized using 'CodeIgniter\Session\Handlers\FileHandler' driver.
INFO - 2024-02-26 20:58:30 --> Session: Class initialized using 'CodeIgniter\Session\Handlers\FileHandler' driver.
INFO - 2024-02-26 21:00:39 --> Session: Class initialized using 'CodeIgniter\Session\Handlers\FileHandler' driver.
INFO - 2024-02-26 21:00:40 --> Session: Class initialized using 'CodeIgniter\Session\Handlers\FileHandler' driver.
INFO - 2024-02-26 21:00:41 --> Session: Class initialized using 'CodeIgniter\Session\Handlers\FileHandler' driver.
INFO - 2024-02-26 21:00:45 --> Antes de obtener información del usuario para: admin
INFO - 2024-02-26 21:00:45 --> Contraseña almacenada para el usuario "admin": pruebaCG123
INFO - 2024-02-26 21:00:45 --> Contraseña ingresada: 1
ERROR - 2024-02-26 21:00:45 --> Autenticación fallida para el usuario: admin
INFO - 2024-02-26 21:00:45 --> Session: Class initialized using 'CodeIgniter\Session\Handlers\FileHandler' driver.
INFO - 2024-02-26 21:00:53 --> Session: Class initialized using 'CodeIgniter\Session\Handlers\FileHandler' driver.
INFO - 2024-02-26 21:01:33 --> Session: Class initialized using 'CodeIgniter\Session\Handlers\FileHandler' driver.
INFO - 2024-02-26 21:01:36 --> Antes de obtener información del usuario para: admin
INFO - 2024-02-26 21:01:36 --> Contraseña almacenada para el usuario "admin": pruebaCG123
INFO - 2024-02-26 21:01:36 --> Contraseña ingresada: 1
ERROR - 2024-02-26 21:01:36 --> Autenticación fallida para el usuario: admin
INFO - 2024-02-26 21:01:36 --> Session: Class initialized using 'CodeIgniter\Session\Handlers\FileHandler' driver.
INFO - 2024-02-26 21:01:44 --> Session: Class initialized using 'CodeIgniter\Session\Handlers\FileHandler' driver.
INFO - 2024-02-26 21:04:12 --> Session: Class initialized using 'CodeIgniter\Session\Handlers\FileHandler' driver.
INFO - 2024-02-26 21:04:21 --> Antes de obtener información del usuario para: admin
INFO - 2024-02-26 21:04:21 --> Contraseña almacenada para el usuario "admin": pruebaCG123
INFO - 2024-02-26 21:04:21 --> Contraseña ingresada: 1
ERROR - 2024-02-26 21:04:21 --> Autenticación fallida para el usuario: admin
INFO - 2024-02-26 21:04:21 --> Session: Class initialized using 'CodeIgniter\Session\Handlers\FileHandler' driver.
CRITICAL - 2024-02-26 21:17:58 --> ParseError: syntax error, unexpected token "else"
in APPPATH\Controllers\LoginController.php on line 74.
 1 SYSTEMPATH\Autoloader\Autoloader.php(288): CodeIgniter\Autoloader\Autoloader->includeFile('C:\\xampp\\htdocs\\central\\app\\Controllers\\LoginController.php')
 2 SYSTEMPATH\Autoloader\Autoloader.php(266): CodeIgniter\Autoloader\Autoloader->loadInNamespace('App\\Controllers\\LoginController')
 3 [internal function]: CodeIgniter\Autoloader\Autoloader->loadClass('App\\Controllers\\LoginController')
 4 SYSTEMPATH\CodeIgniter.php(899): class_exists('\\App\\Controllers\\LoginController', true)
 5 SYSTEMPATH\CodeIgniter.php(489): CodeIgniter\CodeIgniter->startController()
 6 SYSTEMPATH\CodeIgniter.php(361): CodeIgniter\CodeIgniter->handleRequest(null, Object(Config\Cache), false)
 7 FCPATH\index.php(79): CodeIgniter\CodeIgniter->run()
CRITICAL - 2024-02-26 21:18:01 --> ParseError: syntax error, unexpected token "else"
in APPPATH\Controllers\LoginController.php on line 74.
 1 SYSTEMPATH\Autoloader\Autoloader.php(288): CodeIgniter\Autoloader\Autoloader->includeFile('C:\\xampp\\htdocs\\central\\app\\Controllers\\LoginController.php')
 2 SYSTEMPATH\Autoloader\Autoloader.php(266): CodeIgniter\Autoloader\Autoloader->loadInNamespace('App\\Controllers\\LoginController')
 3 [internal function]: CodeIgniter\Autoloader\Autoloader->loadClass('App\\Controllers\\LoginController')
 4 SYSTEMPATH\CodeIgniter.php(899): class_exists('\\App\\Controllers\\LoginController', true)
 5 SYSTEMPATH\CodeIgniter.php(489): CodeIgniter\CodeIgniter->startController()
 6 SYSTEMPATH\CodeIgniter.php(361): CodeIgniter\CodeIgniter->handleRequest(null, Object(Config\Cache), false)
 7 FCPATH\index.php(79): CodeIgniter\CodeIgniter->run()
INFO - 2024-02-26 21:20:02 --> Session: Class initialized using 'CodeIgniter\Session\Handlers\FileHandler' driver.
INFO - 2024-02-26 21:20:07 --> Session: Class initialized using 'CodeIgniter\Session\Handlers\FileHandler' driver.
INFO - 2024-02-26 21:20:13 --> Antes de obtener información del usuario para: admin
INFO - 2024-02-26 21:20:13 --> Contraseña almacenada para el usuario "admin": pruebaCG123
INFO - 2024-02-26 21:20:13 --> Contraseña ingresada: 1
ERROR - 2024-02-26 21:20:13 --> Autenticación fallida para el usuario: admin
INFO - 2024-02-26 21:20:13 --> Session: Class initialized using 'CodeIgniter\Session\Handlers\FileHandler' driver.
INFO - 2024-02-26 21:20:33 --> Antes de obtener información del usuario para: admin
INFO - 2024-02-26 21:20:33 --> Contraseña almacenada para el usuario "admin": pruebaCG123
INFO - 2024-02-26 21:20:33 --> Contraseña ingresada: 1
ERROR - 2024-02-26 21:20:33 --> Autenticación fallida para el usuario: admin
INFO - 2024-02-26 21:20:33 --> Session: Class initialized using 'CodeIgniter\Session\Handlers\FileHandler' driver.
INFO - 2024-02-26 21:20:40 --> Session: Class initialized using 'CodeIgniter\Session\Handlers\FileHandler' driver.
INFO - 2024-02-26 21:20:43 --> Session: Class initialized using 'CodeIgniter\Session\Handlers\FileHandler' driver.
INFO - 2024-02-26 21:20:44 --> Session: Class initialized using 'CodeIgniter\Session\Handlers\FileHandler' driver.
INFO - 2024-02-26 21:20:45 --> Session: Class initialized using 'CodeIgniter\Session\Handlers\FileHandler' driver.
INFO - 2024-02-26 21:20:49 --> Antes de obtener información del usuario para: admin
INFO - 2024-02-26 21:20:49 --> Contraseña almacenada para el usuario "admin": pruebaCG123
INFO - 2024-02-26 21:20:49 --> Contraseña ingresada: 1
ERROR - 2024-02-26 21:20:49 --> Autenticación fallida para el usuario: admin
INFO - 2024-02-26 21:20:49 --> Session: Class initialized using 'CodeIgniter\Session\Handlers\FileHandler' driver.
INFO - 2024-02-26 21:21:20 --> Antes de obtener información del usuario para: admin
INFO - 2024-02-26 21:21:20 --> Contraseña almacenada para el usuario "admin": pruebaCG123
INFO - 2024-02-26 21:21:20 --> Contraseña ingresada: pruebaCG123
INFO - 2024-02-26 21:21:20 --> Contraseña verificada con éxito.
INFO - 2024-02-26 21:21:20 --> Session: Class initialized using 'CodeIgniter\Session\Handlers\FileHandler' driver.
INFO - 2024-02-26 21:22:08 --> Antes de obtener información del usuario para: admin
INFO - 2024-02-26 21:22:08 --> Contraseña almacenada para el usuario "admin": pruebaCG123
INFO - 2024-02-26 21:22:08 --> Contraseña ingresada: 1
ERROR - 2024-02-26 21:22:08 --> Autenticación fallida para el usuario: admin
INFO - 2024-02-26 21:22:08 --> Session: Class initialized using 'CodeIgniter\Session\Handlers\FileHandler' driver.
INFO - 2024-02-26 21:22:18 --> Antes de obtener información del usuario para: admin
INFO - 2024-02-26 21:22:18 --> Contraseña almacenada para el usuario "admin": pruebaCG123
INFO - 2024-02-26 21:22:18 --> Contraseña ingresada: pruebaCG123
INFO - 2024-02-26 21:22:18 --> Contraseña verificada con éxito.
INFO - 2024-02-26 21:22:18 --> Session: Class initialized using 'CodeIgniter\Session\Handlers\FileHandler' driver.
INFO - 2024-02-26 21:26:42 --> Session: Class initialized using 'CodeIgniter\Session\Handlers\FileHandler' driver.
INFO - 2024-02-26 21:27:05 --> Session: Class initialized using 'CodeIgniter\Session\Handlers\FileHandler' driver.
INFO - 2024-02-26 21:27:07 --> Session: Class initialized using 'CodeIgniter\Session\Handlers\FileHandler' driver.
INFO - 2024-02-26 21:27:12 --> Session: Class initialized using 'CodeIgniter\Session\Handlers\FileHandler' driver.
INFO - 2024-02-26 21:27:17 --> Session: Class initialized using 'CodeIgniter\Session\Handlers\FileHandler' driver.
INFO - 2024-02-26 21:28:31 --> Session: Class initialized using 'CodeIgniter\Session\Handlers\FileHandler' driver.
INFO - 2024-02-26 21:31:26 --> Antes de obtener información del usuario para: admin
INFO - 2024-02-26 21:31:26 --> Contraseña almacenada para el usuario "admin": pruebaCG123
INFO - 2024-02-26 21:31:26 --> Contraseña ingresada: 1
ERROR - 2024-02-26 21:31:26 --> Autenticación fallida para el usuario: admin
INFO - 2024-02-26 21:31:26 --> Session: Class initialized using 'CodeIgniter\Session\Handlers\FileHandler' driver.
INFO - 2024-02-26 21:31:38 --> Antes de obtener información del usuario para: admin
INFO - 2024-02-26 21:31:38 --> Contraseña almacenada para el usuario "admin": pruebaCG123
INFO - 2024-02-26 21:31:38 --> Contraseña ingresada: pruebaCG123
INFO - 2024-02-26 21:31:38 --> Contraseña verificada con éxito.
INFO - 2024-02-26 21:31:38 --> Session: Class initialized using 'CodeIgniter\Session\Handlers\FileHandler' driver.
INFO - 2024-02-26 21:32:50 --> Antes de obtener información del usuario para: admin
INFO - 2024-02-26 21:32:50 --> Contraseña almacenada para el usuario "admin": pruebaCG123
INFO - 2024-02-26 21:32:50 --> Contraseña ingresada: 1
ERROR - 2024-02-26 21:32:50 --> Autenticación fallida para el usuario: admin
INFO - 2024-02-26 21:32:50 --> Session: Class initialized using 'CodeIgniter\Session\Handlers\FileHandler' driver.
INFO - 2024-02-26 21:32:56 --> Session: Class initialized using 'CodeIgniter\Session\Handlers\FileHandler' driver.
INFO - 2024-02-26 21:33:10 --> Antes de obtener información del usuario para: DANIEL
INFO - 2024-02-26 21:33:10 --> Contraseña almacenada para el usuario "DANIEL": 12345@
INFO - 2024-02-26 21:33:10 --> Contraseña ingresada: 123@
ERROR - 2024-02-26 21:33:10 --> Autenticación fallida para el usuario: DANIEL
INFO - 2024-02-26 21:33:10 --> Session: Class initialized using 'CodeIgniter\Session\Handlers\FileHandler' driver.
INFO - 2024-02-26 21:33:21 --> Session: Class initialized using 'CodeIgniter\Session\Handlers\FileHandler' driver.
INFO - 2024-02-26 21:34:09 --> Session: Class initialized using 'CodeIgniter\Session\Handlers\FileHandler' driver.
INFO - 2024-02-26 21:34:18 --> Session: Class initialized using 'CodeIgniter\Session\Handlers\FileHandler' driver.
INFO - 2024-02-26 21:34:37 --> Antes de obtener información del usuario para: admin
INFO - 2024-02-26 21:34:37 --> Contraseña almacenada para el usuario "admin": pruebaCG123
INFO - 2024-02-26 21:34:37 --> Contraseña ingresada: pruebaCG123
INFO - 2024-02-26 21:34:37 --> Contraseña verificada con éxito.
INFO - 2024-02-26 21:34:37 --> Session: Class initialized using 'CodeIgniter\Session\Handlers\FileHandler' driver.
INFO - 2024-02-26 21:34:40 --> Session: Class initialized using 'CodeIgniter\Session\Handlers\FileHandler' driver.
INFO - 2024-02-26 21:34:43 --> Antes de obtener información del usuario para: admin
INFO - 2024-02-26 21:34:43 --> Contraseña almacenada para el usuario "admin": pruebaCG123
INFO - 2024-02-26 21:34:43 --> Contraseña ingresada: 1
ERROR - 2024-02-26 21:34:43 --> Autenticación fallida para el usuario: admin
INFO - 2024-02-26 21:34:43 --> Session: Class initialized using 'CodeIgniter\Session\Handlers\FileHandler' driver.
INFO - 2024-02-26 21:34:49 --> Session: Class initialized using 'CodeIgniter\Session\Handlers\FileHandler' driver.
INFO - 2024-02-26 21:34:58 --> Antes de obtener información del usuario para: admin
INFO - 2024-02-26 21:34:58 --> Contraseña almacenada para el usuario "admin": pruebaCG123
INFO - 2024-02-26 21:34:58 --> Contraseña ingresada: PruebaCG123
ERROR - 2024-02-26 21:34:58 --> Autenticación fallida para el usuario: admin
INFO - 2024-02-26 21:34:58 --> Session: Class initialized using 'CodeIgniter\Session\Handlers\FileHandler' driver.
INFO - 2024-02-26 21:35:08 --> Session: Class initialized using 'CodeIgniter\Session\Handlers\FileHandler' driver.
INFO - 2024-02-26 21:36:01 --> Session: Class initialized using 'CodeIgniter\Session\Handlers\FileHandler' driver.
INFO - 2024-02-26 21:36:06 --> Session: Class initialized using 'CodeIgniter\Session\Handlers\FileHandler' driver.
INFO - 2024-02-26 21:36:06 --> Session: Class initialized using 'CodeIgniter\Session\Handlers\FileHandler' driver.
INFO - 2024-02-26 21:36:11 --> Session: Class initialized using 'CodeIgniter\Session\Handlers\FileHandler' driver.
INFO - 2024-02-26 21:36:14 --> Session: Class initialized using 'CodeIgniter\Session\Handlers\FileHandler' driver.
INFO - 2024-02-26 21:36:22 --> Session: Class initialized using 'CodeIgniter\Session\Handlers\FileHandler' driver.
INFO - 2024-02-26 21:36:22 --> Session: Class initialized using 'CodeIgniter\Session\Handlers\FileHandler' driver.
INFO - 2024-02-26 21:36:23 --> Session: Class initialized using 'CodeIgniter\Session\Handlers\FileHandler' driver.
INFO - 2024-02-26 21:36:23 --> Session: Class initialized using 'CodeIgniter\Session\Handlers\FileHandler' driver.
INFO - 2024-02-26 21:36:23 --> Session: Class initialized using 'CodeIgniter\Session\Handlers\FileHandler' driver.
INFO - 2024-02-26 21:36:31 --> Session: Class initialized using 'CodeIgniter\Session\Handlers\FileHandler' driver.
INFO - 2024-02-26 21:36:45 --> Session: Class initialized using 'CodeIgniter\Session\Handlers\FileHandler' driver.
INFO - 2024-02-26 21:36:48 --> Session: Class initialized using 'CodeIgniter\Session\Handlers\FileHandler' driver.
INFO - 2024-02-26 21:36:50 --> Session: Class initialized using 'CodeIgniter\Session\Handlers\FileHandler' driver.
INFO - 2024-02-26 21:36:52 --> Session: Class initialized using 'CodeIgniter\Session\Handlers\FileHandler' driver.
INFO - 2024-02-26 21:36:53 --> Session: Class initialized using 'CodeIgniter\Session\Handlers\FileHandler' driver.
INFO - 2024-02-26 21:36:54 --> Session: Class initialized using 'CodeIgniter\Session\Handlers\FileHandler' driver.
INFO - 2024-02-26 21:36:58 --> Session: Class initialized using 'CodeIgniter\Session\Handlers\FileHandler' driver.
INFO - 2024-02-26 21:37:21 --> Session: Class initialized using 'CodeIgniter\Session\Handlers\FileHandler' driver.
INFO - 2024-02-26 21:37:25 --> Session: Class initialized using 'CodeIgniter\Session\Handlers\FileHandler' driver.
INFO - 2024-02-26 21:37:29 --> Session: Class initialized using 'CodeIgniter\Session\Handlers\FileHandler' driver.
INFO - 2024-02-26 21:37:44 --> Session: Class initialized using 'CodeIgniter\Session\Handlers\FileHandler' driver.
INFO - 2024-02-26 21:37:56 --> Session: Class initialized using 'CodeIgniter\Session\Handlers\FileHandler' driver.
INFO - 2024-02-26 21:38:10 --> Session: Class initialized using 'CodeIgniter\Session\Handlers\FileHandler' driver.
INFO - 2024-02-26 21:38:50 --> Session: Class initialized using 'CodeIgniter\Session\Handlers\FileHandler' driver.
INFO - 2024-02-26 21:39:20 --> Session: Class initialized using 'CodeIgniter\Session\Handlers\FileHandler' driver.
INFO - 2024-02-26 21:39:29 --> Session: Class initialized using 'CodeIgniter\Session\Handlers\FileHandler' driver.
INFO - 2024-02-26 21:40:01 --> Session: Class initialized using 'CodeIgniter\Session\Handlers\FileHandler' driver.
INFO - 2024-02-26 21:40:06 --> Session: Class initialized using 'CodeIgniter\Session\Handlers\FileHandler' driver.
INFO - 2024-02-26 21:42:11 --> Session: Class initialized using 'CodeIgniter\Session\Handlers\FileHandler' driver.
INFO - 2024-02-26 21:42:13 --> Session: Class initialized using 'CodeIgniter\Session\Handlers\FileHandler' driver.
INFO - 2024-02-26 21:42:13 --> Session: Class initialized using 'CodeIgniter\Session\Handlers\FileHandler' driver.
INFO - 2024-02-26 21:42:18 --> Antes de obtener información del usuario para: admin
INFO - 2024-02-26 21:42:18 --> Contraseña almacenada para el usuario "admin": pruebaCG123
INFO - 2024-02-26 21:42:18 --> Contraseña ingresada: 1
ERROR - 2024-02-26 21:42:18 --> Autenticación fallida para el usuario: admin
CRITICAL - 2024-02-26 21:42:18 --> CodeIgniter\View\Exceptions\ViewException: Invalid file: "loginCG.php"
in SYSTEMPATH\Exceptions\FrameworkException.php on line 39.
 1 SYSTEMPATH\View\View.php(216): CodeIgniter\Exceptions\FrameworkException::forInvalidFile('loginCG.php')
 2 SYSTEMPATH\Common.php(1178): CodeIgniter\View\View->render('loginCG', [], true)
 3 APPPATH\Controllers\LoginController.php(73): view('loginCG', [...])
 4 SYSTEMPATH\CodeIgniter.php(941): App\Controllers\LoginController->autenticar()
 5 SYSTEMPATH\CodeIgniter.php(502): CodeIgniter\CodeIgniter->runController(Object(App\Controllers\LoginController))
 6 SYSTEMPATH\CodeIgniter.php(361): CodeIgniter\CodeIgniter->handleRequest(null, Object(Config\Cache), false)
 7 FCPATH\index.php(79): CodeIgniter\CodeIgniter->run()
INFO - 2024-02-26 21:43:16 --> Antes de obtener información del usuario para: admin
INFO - 2024-02-26 21:43:16 --> Contraseña almacenada para el usuario "admin": pruebaCG123
INFO - 2024-02-26 21:43:16 --> Contraseña ingresada: 1
ERROR - 2024-02-26 21:43:16 --> Autenticación fallida para el usuario: admin
CRITICAL - 2024-02-26 21:43:16 --> CodeIgniter\View\Exceptions\ViewException: Invalid file: "loginCG.php"
in SYSTEMPATH\Exceptions\FrameworkException.php on line 39.
 1 SYSTEMPATH\View\View.php(216): CodeIgniter\Exceptions\FrameworkException::forInvalidFile('loginCG.php')
 2 SYSTEMPATH\Common.php(1178): CodeIgniter\View\View->render('loginCG', [], true)
 3 APPPATH\Controllers\LoginController.php(73): view('loginCG', [...])
 4 SYSTEMPATH\CodeIgniter.php(941): App\Controllers\LoginController->autenticar()
 5 SYSTEMPATH\CodeIgniter.php(502): CodeIgniter\CodeIgniter->runController(Object(App\Controllers\LoginController))
 6 SYSTEMPATH\CodeIgniter.php(361): CodeIgniter\CodeIgniter->handleRequest(null, Object(Config\Cache), false)
 7 FCPATH\index.php(79): CodeIgniter\CodeIgniter->run()
INFO - 2024-02-26 21:43:18 --> Session: Class initialized using 'CodeIgniter\Session\Handlers\FileHandler' driver.
INFO - 2024-02-26 21:43:25 --> Antes de obtener información del usuario para: admin
INFO - 2024-02-26 21:43:25 --> Contraseña almacenada para el usuario "admin": pruebaCG123
INFO - 2024-02-26 21:43:25 --> Contraseña ingresada: pruebaCG123
INFO - 2024-02-26 21:43:25 --> Contraseña verificada con éxito.
INFO - 2024-02-26 21:43:25 --> Session: Class initialized using 'CodeIgniter\Session\Handlers\FileHandler' driver.
INFO - 2024-02-26 21:43:29 --> Session: Class initialized using 'CodeIgniter\Session\Handlers\FileHandler' driver.
INFO - 2024-02-26 21:43:37 --> Antes de obtener información del usuario para: daniel
INFO - 2024-02-26 21:43:37 --> Contraseña almacenada para el usuario "daniel": 12345@
INFO - 2024-02-26 21:43:37 --> Contraseña ingresada: 123@
ERROR - 2024-02-26 21:43:37 --> Autenticación fallida para el usuario: daniel
CRITICAL - 2024-02-26 21:43:37 --> CodeIgniter\View\Exceptions\ViewException: Invalid file: "loginCG.php"
in SYSTEMPATH\Exceptions\FrameworkException.php on line 39.
 1 SYSTEMPATH\View\View.php(216): CodeIgniter\Exceptions\FrameworkException::forInvalidFile('loginCG.php')
 2 SYSTEMPATH\Common.php(1178): CodeIgniter\View\View->render('loginCG', [], true)
 3 APPPATH\Controllers\LoginController.php(73): view('loginCG', [...])
 4 SYSTEMPATH\CodeIgniter.php(941): App\Controllers\LoginController->autenticar()
 5 SYSTEMPATH\CodeIgniter.php(502): CodeIgniter\CodeIgniter->runController(Object(App\Controllers\LoginController))
 6 SYSTEMPATH\CodeIgniter.php(361): CodeIgniter\CodeIgniter->handleRequest(null, Object(Config\Cache), false)
 7 FCPATH\index.php(79): CodeIgniter\CodeIgniter->run()
INFO - 2024-02-26 21:44:23 --> Session: Class initialized using 'CodeIgniter\Session\Handlers\FileHandler' driver.
INFO - 2024-02-26 21:44:34 --> Antes de obtener información del usuario para: sistemas
INFO - 2024-02-26 21:44:34 --> Contraseña almacenada para el usuario "sistemas": 12345@
INFO - 2024-02-26 21:44:34 --> Contraseña ingresada: 123@
ERROR - 2024-02-26 21:44:34 --> Autenticación fallida para el usuario: sistemas
CRITICAL - 2024-02-26 21:44:34 --> CodeIgniter\View\Exceptions\ViewException: Invalid file: "loginCG.php"
in SYSTEMPATH\Exceptions\FrameworkException.php on line 39.
 1 SYSTEMPATH\View\View.php(216): CodeIgniter\Exceptions\FrameworkException::forInvalidFile('loginCG.php')
 2 SYSTEMPATH\Common.php(1178): CodeIgniter\View\View->render('loginCG', [], true)
 3 APPPATH\Controllers\LoginController.php(73): view('loginCG', [...])
 4 SYSTEMPATH\CodeIgniter.php(941): App\Controllers\LoginController->autenticar()
 5 SYSTEMPATH\CodeIgniter.php(502): CodeIgniter\CodeIgniter->runController(Object(App\Controllers\LoginController))
 6 SYSTEMPATH\CodeIgniter.php(361): CodeIgniter\CodeIgniter->handleRequest(null, Object(Config\Cache), false)
 7 FCPATH\index.php(79): CodeIgniter\CodeIgniter->run()
INFO - 2024-02-26 21:44:38 --> Session: Class initialized using 'CodeIgniter\Session\Handlers\FileHandler' driver.
INFO - 2024-02-26 21:44:44 --> Session: Class initialized using 'CodeIgniter\Session\Handlers\FileHandler' driver.
INFO - 2024-02-26 21:44:45 --> Session: Class initialized using 'CodeIgniter\Session\Handlers\FileHandler' driver.
INFO - 2024-02-26 21:44:59 --> Antes de obtener información del usuario para: admin
INFO - 2024-02-26 21:44:59 --> Contraseña almacenada para el usuario "admin": pruebaCG123
INFO - 2024-02-26 21:44:59 --> Contraseña ingresada: pruebaCG123
INFO - 2024-02-26 21:44:59 --> Contraseña verificada con éxito.
INFO - 2024-02-26 21:44:59 --> Session: Class initialized using 'CodeIgniter\Session\Handlers\FileHandler' driver.
INFO - 2024-02-26 21:45:08 --> Session: Class initialized using 'CodeIgniter\Session\Handlers\FileHandler' driver.
INFO - 2024-02-26 21:45:19 --> Session: Class initialized using 'CodeIgniter\Session\Handlers\FileHandler' driver.
INFO - 2024-02-26 21:45:25 --> Session: Class initialized using 'CodeIgniter\Session\Handlers\FileHandler' driver.
