INFO - 2024-06-06 08:28:20 --> Session: Class initialized using 'CodeIgniter\Session\Handlers\FileHandler' driver.
INFO - 2024-06-06 08:28:25 --> Antes de obtener información del usuario para: admin
INFO - 2024-06-06 08:28:25 --> Contraseña almacenada para el usuario "admin": pruebaCG123
INFO - 2024-06-06 08:28:25 --> Contraseña ingresada: pruebaCG123
INFO - 2024-06-06 08:28:25 --> Contraseña verificada con éxito.
INFO - 2024-06-06 08:28:25 --> Session: Class initialized using 'CodeIgniter\Session\Handlers\FileHandler' driver.
INFO - 2024-06-06 08:28:41 --> Session: Class initialized using 'CodeIgniter\Session\Handlers\FileHandler' driver.
INFO - 2024-06-06 08:30:12 --> Session: Class initialized using 'CodeIgniter\Session\Handlers\FileHandler' driver.
INFO - 2024-06-06 08:30:15 --> Session: Class initialized using 'CodeIgniter\Session\Handlers\FileHandler' driver.
INFO - 2024-06-06 08:30:18 --> Antes de obtener información del usuario para: admin
INFO - 2024-06-06 08:30:18 --> Contraseña almacenada para el usuario "admin": pruebaCG123
INFO - 2024-06-06 08:30:18 --> Contraseña ingresada: pruebaCG123
INFO - 2024-06-06 08:30:18 --> Contraseña verificada con éxito.
INFO - 2024-06-06 08:30:18 --> Session: Class initialized using 'CodeIgniter\Session\Handlers\FileHandler' driver.
INFO - 2024-06-06 08:30:21 --> Session: Class initialized using 'CodeIgniter\Session\Handlers\FileHandler' driver.
INFO - 2024-06-06 08:30:23 --> Session: Class initialized using 'CodeIgniter\Session\Handlers\FileHandler' driver.
INFO - 2024-06-06 08:30:26 --> Antes de obtener información del usuario para: admin
INFO - 2024-06-06 08:30:26 --> Contraseña almacenada para el usuario "admin": pruebaCG123
INFO - 2024-06-06 08:30:26 --> Contraseña ingresada: pruebaCG123
INFO - 2024-06-06 08:30:26 --> Contraseña verificada con éxito.
INFO - 2024-06-06 08:30:26 --> Session: Class initialized using 'CodeIgniter\Session\Handlers\FileHandler' driver.
INFO - 2024-06-06 08:30:27 --> Session: Class initialized using 'CodeIgniter\Session\Handlers\FileHandler' driver.
INFO - 2024-06-06 08:31:10 --> Session: Class initialized using 'CodeIgniter\Session\Handlers\FileHandler' driver.
INFO - 2024-06-06 08:32:30 --> Session: Class initialized using 'CodeIgniter\Session\Handlers\FileHandler' driver.
INFO - 2024-06-06 08:32:35 --> Session: Class initialized using 'CodeIgniter\Session\Handlers\FileHandler' driver.
INFO - 2024-06-06 08:32:38 --> Antes de obtener información del usuario para: admin
INFO - 2024-06-06 08:32:38 --> Contraseña almacenada para el usuario "admin": pruebaCG123
INFO - 2024-06-06 08:32:38 --> Contraseña ingresada: pruebaCG123
INFO - 2024-06-06 08:32:38 --> Contraseña verificada con éxito.
INFO - 2024-06-06 08:32:38 --> Session: Class initialized using 'CodeIgniter\Session\Handlers\FileHandler' driver.
INFO - 2024-06-06 08:32:39 --> Session: Class initialized using 'CodeIgniter\Session\Handlers\FileHandler' driver.
INFO - 2024-06-06 08:33:43 --> Session: Class initialized using 'CodeIgniter\Session\Handlers\FileHandler' driver.
INFO - 2024-06-06 08:35:31 --> Session: Class initialized using 'CodeIgniter\Session\Handlers\FileHandler' driver.
INFO - 2024-06-06 08:35:34 --> Antes de obtener información del usuario para: admin
INFO - 2024-06-06 08:35:34 --> Contraseña almacenada para el usuario "admin": pruebaCG123
INFO - 2024-06-06 08:35:34 --> Contraseña ingresada: pruebaCG123
INFO - 2024-06-06 08:35:34 --> Contraseña verificada con éxito.
INFO - 2024-06-06 08:35:34 --> Session: Class initialized using 'CodeIgniter\Session\Handlers\FileHandler' driver.
INFO - 2024-06-06 08:37:15 --> Session: Class initialized using 'CodeIgniter\Session\Handlers\FileHandler' driver.
INFO - 2024-06-06 08:37:18 --> Antes de obtener información del usuario para: admin
INFO - 2024-06-06 08:37:18 --> Contraseña almacenada para el usuario "admin": pruebaCG123
INFO - 2024-06-06 08:37:18 --> Contraseña ingresada: pruebaCG123
INFO - 2024-06-06 08:37:18 --> Contraseña verificada con éxito.
INFO - 2024-06-06 08:37:18 --> Session: Class initialized using 'CodeIgniter\Session\Handlers\FileHandler' driver.
INFO - 2024-06-06 08:46:28 --> Session: Class initialized using 'CodeIgniter\Session\Handlers\FileHandler' driver.
INFO - 2024-06-06 08:46:30 --> Antes de obtener información del usuario para: admin
INFO - 2024-06-06 08:46:30 --> Contraseña almacenada para el usuario "admin": pruebaCG123
INFO - 2024-06-06 08:46:30 --> Contraseña ingresada: pruebaCG123
INFO - 2024-06-06 08:46:30 --> Contraseña verificada con éxito.
INFO - 2024-06-06 08:46:30 --> Session: Class initialized using 'CodeIgniter\Session\Handlers\FileHandler' driver.
INFO - 2024-06-06 08:46:36 --> Session: Class initialized using 'CodeIgniter\Session\Handlers\FileHandler' driver.
INFO - 2024-06-06 08:46:38 --> Antes de obtener información del usuario para: admin
INFO - 2024-06-06 08:46:38 --> Contraseña almacenada para el usuario "admin": pruebaCG123
INFO - 2024-06-06 08:46:38 --> Contraseña ingresada: pruebaCG123
INFO - 2024-06-06 08:46:38 --> Contraseña verificada con éxito.
INFO - 2024-06-06 08:46:38 --> Session: Class initialized using 'CodeIgniter\Session\Handlers\FileHandler' driver.
INFO - 2024-06-06 08:46:40 --> Session: Class initialized using 'CodeIgniter\Session\Handlers\FileHandler' driver.
INFO - 2024-06-06 08:47:15 --> Session: Class initialized using 'CodeIgniter\Session\Handlers\FileHandler' driver.
INFO - 2024-06-06 08:47:48 --> Session: Class initialized using 'CodeIgniter\Session\Handlers\FileHandler' driver.
INFO - 2024-06-06 08:48:32 --> Session: Class initialized using 'CodeIgniter\Session\Handlers\FileHandler' driver.
INFO - 2024-06-06 08:48:34 --> Antes de obtener información del usuario para: admin
INFO - 2024-06-06 08:48:34 --> Contraseña almacenada para el usuario "admin": pruebaCG123
INFO - 2024-06-06 08:48:34 --> Contraseña ingresada: pruebaCG123
INFO - 2024-06-06 08:48:34 --> Contraseña verificada con éxito.
INFO - 2024-06-06 08:48:34 --> Session: Class initialized using 'CodeIgniter\Session\Handlers\FileHandler' driver.
INFO - 2024-06-06 08:48:43 --> Session: Class initialized using 'CodeIgniter\Session\Handlers\FileHandler' driver.
INFO - 2024-06-06 08:51:06 --> Session: Class initialized using 'CodeIgniter\Session\Handlers\FileHandler' driver.
INFO - 2024-06-06 08:56:07 --> Session: Class initialized using 'CodeIgniter\Session\Handlers\FileHandler' driver.
INFO - 2024-06-06 08:58:13 --> Session: Class initialized using 'CodeIgniter\Session\Handlers\FileHandler' driver.
INFO - 2024-06-06 13:37:36 --> Session: Class initialized using 'CodeIgniter\Session\Handlers\FileHandler' driver.
INFO - 2024-06-06 13:37:41 --> Antes de obtener información del usuario para: admin
INFO - 2024-06-06 13:37:41 --> Contraseña almacenada para el usuario "admin": pruebaCG123
INFO - 2024-06-06 13:37:41 --> Contraseña ingresada: pruebaCG123
INFO - 2024-06-06 13:37:41 --> Contraseña verificada con éxito.
INFO - 2024-06-06 13:37:41 --> Session: Class initialized using 'CodeIgniter\Session\Handlers\FileHandler' driver.
INFO - 2024-06-06 13:57:22 --> Session: Class initialized using 'CodeIgniter\Session\Handlers\FileHandler' driver.
INFO - 2024-06-06 13:57:25 --> Antes de obtener información del usuario para: admin
INFO - 2024-06-06 13:57:25 --> Contraseña almacenada para el usuario "admin": pruebaCG123
INFO - 2024-06-06 13:57:25 --> Contraseña ingresada: pruebaCG123
INFO - 2024-06-06 13:57:25 --> Contraseña verificada con éxito.
INFO - 2024-06-06 13:57:25 --> Session: Class initialized using 'CodeIgniter\Session\Handlers\FileHandler' driver.
INFO - 2024-06-06 13:57:44 --> Session: Class initialized using 'CodeIgniter\Session\Handlers\FileHandler' driver.
INFO - 2024-06-06 13:57:46 --> Antes de obtener información del usuario para: admin
INFO - 2024-06-06 13:57:46 --> Contraseña almacenada para el usuario "admin": pruebaCG123
INFO - 2024-06-06 13:57:46 --> Contraseña ingresada: pruebaCG123
INFO - 2024-06-06 13:57:46 --> Contraseña verificada con éxito.
INFO - 2024-06-06 13:57:46 --> Session: Class initialized using 'CodeIgniter\Session\Handlers\FileHandler' driver.
INFO - 2024-06-06 14:00:25 --> Session: Class initialized using 'CodeIgniter\Session\Handlers\FileHandler' driver.
INFO - 2024-06-06 14:24:42 --> Session: Class initialized using 'CodeIgniter\Session\Handlers\FileHandler' driver.
INFO - 2024-06-06 14:24:46 --> Session: Class initialized using 'CodeIgniter\Session\Handlers\FileHandler' driver.
INFO - 2024-06-06 14:24:55 --> Session: Class initialized using 'CodeIgniter\Session\Handlers\FileHandler' driver.
INFO - 2024-06-06 14:25:01 --> Session: Class initialized using 'CodeIgniter\Session\Handlers\FileHandler' driver.
INFO - 2024-06-06 15:30:56 --> Session: Class initialized using 'CodeIgniter\Session\Handlers\FileHandler' driver.
INFO - 2024-06-06 15:31:07 --> Antes de obtener información del usuario para: admin
INFO - 2024-06-06 15:31:07 --> Contraseña almacenada para el usuario "admin": pruebaCG123
INFO - 2024-06-06 15:31:07 --> Contraseña ingresada: preubaCG123
ERROR - 2024-06-06 15:31:07 --> Autenticación fallida para el usuario: admin
INFO - 2024-06-06 15:31:07 --> Session: Class initialized using 'CodeIgniter\Session\Handlers\FileHandler' driver.
INFO - 2024-06-06 15:31:27 --> Antes de obtener información del usuario para: admin
INFO - 2024-06-06 15:31:27 --> Contraseña almacenada para el usuario "admin": pruebaCG123
INFO - 2024-06-06 15:31:27 --> Contraseña ingresada: pruebaCG123
INFO - 2024-06-06 15:31:27 --> Contraseña verificada con éxito.
INFO - 2024-06-06 15:31:27 --> Session: Class initialized using 'CodeIgniter\Session\Handlers\FileHandler' driver.
INFO - 2024-06-06 15:31:30 --> Session: Class initialized using 'CodeIgniter\Session\Handlers\FileHandler' driver.
