INFO - 2024-06-04 07:50:05 --> Session: Class initialized using 'CodeIgniter\Session\Handlers\FileHandler' driver.
INFO - 2024-06-04 07:50:08 --> Antes de obtener información del usuario para: admin
INFO - 2024-06-04 07:50:08 --> Contraseña almacenada para el usuario "admin": pruebaCG123
INFO - 2024-06-04 07:50:08 --> Contraseña ingresada: pruebaCG123
INFO - 2024-06-04 07:50:08 --> Contraseña verificada con éxito.
INFO - 2024-06-04 07:50:08 --> Session: Class initialized using 'CodeIgniter\Session\Handlers\FileHandler' driver.
INFO - 2024-06-04 07:50:24 --> Session: Class initialized using 'CodeIgniter\Session\Handlers\FileHandler' driver.
INFO - 2024-06-04 07:50:32 --> Session: Class initialized using 'CodeIgniter\Session\Handlers\FileHandler' driver.
INFO - 2024-06-04 07:50:41 --> Session: Class initialized using 'CodeIgniter\Session\Handlers\FileHandler' driver.
INFO - 2024-06-04 09:17:55 --> Session: Class initialized using 'CodeIgniter\Session\Handlers\FileHandler' driver.
INFO - 2024-06-04 09:18:20 --> Session: Class initialized using 'CodeIgniter\Session\Handlers\FileHandler' driver.
INFO - 2024-06-04 10:58:34 --> Session: Class initialized using 'CodeIgniter\Session\Handlers\FileHandler' driver.
INFO - 2024-06-04 10:58:41 --> Antes de obtener información del usuario para: admin
INFO - 2024-06-04 10:58:41 --> Contraseña almacenada para el usuario "admin": pruebaCG123
INFO - 2024-06-04 10:58:41 --> Contraseña ingresada: pruebaCG123
INFO - 2024-06-04 10:58:41 --> Contraseña verificada con éxito.
INFO - 2024-06-04 10:58:41 --> Session: Class initialized using 'CodeIgniter\Session\Handlers\FileHandler' driver.
INFO - 2024-06-04 11:18:40 --> Session: Class initialized using 'CodeIgniter\Session\Handlers\FileHandler' driver.
INFO - 2024-06-04 11:18:43 --> Antes de obtener información del usuario para: admin
INFO - 2024-06-04 11:18:43 --> Contraseña almacenada para el usuario "admin": pruebaCG123
INFO - 2024-06-04 11:18:43 --> Contraseña ingresada: pruebaCG123
INFO - 2024-06-04 11:18:43 --> Contraseña verificada con éxito.
INFO - 2024-06-04 11:18:43 --> Session: Class initialized using 'CodeIgniter\Session\Handlers\FileHandler' driver.
INFO - 2024-06-04 11:42:33 --> Session: Class initialized using 'CodeIgniter\Session\Handlers\FileHandler' driver.
INFO - 2024-06-04 11:42:36 --> Antes de obtener información del usuario para: admin
INFO - 2024-06-04 11:42:36 --> Contraseña almacenada para el usuario "admin": pruebaCG123
INFO - 2024-06-04 11:42:36 --> Contraseña ingresada: pruebaCG123
INFO - 2024-06-04 11:42:36 --> Contraseña verificada con éxito.
INFO - 2024-06-04 11:42:36 --> Session: Class initialized using 'CodeIgniter\Session\Handlers\FileHandler' driver.
INFO - 2024-06-04 11:42:38 --> Session: Class initialized using 'CodeIgniter\Session\Handlers\FileHandler' driver.
INFO - 2024-06-04 11:43:02 --> Session: Class initialized using 'CodeIgniter\Session\Handlers\FileHandler' driver.
INFO - 2024-06-04 11:43:03 --> Session: Class initialized using 'CodeIgniter\Session\Handlers\FileHandler' driver.
INFO - 2024-06-04 11:43:12 --> Session: Class initialized using 'CodeIgniter\Session\Handlers\FileHandler' driver.
INFO - 2024-06-04 13:23:20 --> Session: Class initialized using 'CodeIgniter\Session\Handlers\FileHandler' driver.
INFO - 2024-06-04 13:23:28 --> Session: Class initialized using 'CodeIgniter\Session\Handlers\FileHandler' driver.
INFO - 2024-06-04 13:43:37 --> Session: Class initialized using 'CodeIgniter\Session\Handlers\FileHandler' driver.
INFO - 2024-06-04 13:45:08 --> Antes de obtener información del usuario para: admin
INFO - 2024-06-04 13:45:08 --> Contraseña almacenada para el usuario "admin": pruebaCG123
INFO - 2024-06-04 13:45:08 --> Contraseña ingresada: pruebaCG123
INFO - 2024-06-04 13:45:08 --> Contraseña verificada con éxito.
INFO - 2024-06-04 13:45:08 --> Session: Class initialized using 'CodeIgniter\Session\Handlers\FileHandler' driver.
INFO - 2024-06-04 13:45:32 --> Session: Class initialized using 'CodeIgniter\Session\Handlers\FileHandler' driver.
INFO - 2024-06-04 13:45:46 --> Session: Class initialized using 'CodeIgniter\Session\Handlers\FileHandler' driver.
INFO - 2024-06-04 13:45:49 --> Session: Class initialized using 'CodeIgniter\Session\Handlers\FileHandler' driver.
INFO - 2024-06-04 14:14:49 --> Session: Class initialized using 'CodeIgniter\Session\Handlers\FileHandler' driver.
INFO - 2024-06-04 14:14:52 --> Antes de obtener información del usuario para: admin
INFO - 2024-06-04 14:14:52 --> Contraseña almacenada para el usuario "admin": pruebaCG123
INFO - 2024-06-04 14:14:52 --> Contraseña ingresada: pruebaCG123
INFO - 2024-06-04 14:14:52 --> Contraseña verificada con éxito.
INFO - 2024-06-04 14:14:52 --> Session: Class initialized using 'CodeIgniter\Session\Handlers\FileHandler' driver.
INFO - 2024-06-04 14:51:36 --> Session: Class initialized using 'CodeIgniter\Session\Handlers\FileHandler' driver.
INFO - 2024-06-04 14:51:39 --> Antes de obtener información del usuario para: admin
INFO - 2024-06-04 14:51:39 --> Contraseña almacenada para el usuario "admin": pruebaCG123
INFO - 2024-06-04 14:51:39 --> Contraseña ingresada: pruebaCG123
INFO - 2024-06-04 14:51:39 --> Contraseña verificada con éxito.
INFO - 2024-06-04 14:51:39 --> Session: Class initialized using 'CodeIgniter\Session\Handlers\FileHandler' driver.
