WARNING - 2024-01-04 00:31:09 --> [DEPRECATED] Creation of dynamic property App\Controllers\obtenerTodosLosRegistros::$Datosbd_models is deprecated in APPPATH\Controllers\obtenerTodosLosRegistros.php on line 21.
 1 SYSTEMPATH\CodeIgniter.php(913): App\Controllers\obtenerTodosLosRegistros->__construct()
 2 SYSTEMPATH\CodeIgniter.php(493): CodeIgniter\CodeIgniter->createController()
 3 SYSTEMPATH\CodeIgniter.php(361): CodeIgniter\CodeIgniter->handleRequest(null, Object(Config\Cache), false)
 4 FCPATH\index.php(79): CodeIgniter\CodeIgniter->run()
WARNING - 2024-01-04 00:49:04 --> [DEPRECATED] Creation of dynamic property App\Controllers\obtenerTodosLosRegistros::$Datosbd_models is deprecated in APPPATH\Controllers\obtenerTodosLosRegistros.php on line 21.
 1 SYSTEMPATH\CodeIgniter.php(913): App\Controllers\obtenerTodosLosRegistros->__construct()
 2 SYSTEMPATH\CodeIgniter.php(493): CodeIgniter\CodeIgniter->createController()
 3 SYSTEMPATH\CodeIgniter.php(361): CodeIgniter\CodeIgniter->handleRequest(null, Object(Config\Cache), false)
 4 FCPATH\index.php(79): CodeIgniter\CodeIgniter->run()
WARNING - 2024-01-04 00:49:34 --> [DEPRECATED] Creation of dynamic property App\Controllers\obtenerTodosLosRegistros::$Datosbd_models is deprecated in APPPATH\Controllers\obtenerTodosLosRegistros.php on line 21.
 1 SYSTEMPATH\CodeIgniter.php(913): App\Controllers\obtenerTodosLosRegistros->__construct()
 2 SYSTEMPATH\CodeIgniter.php(493): CodeIgniter\CodeIgniter->createController()
 3 SYSTEMPATH\CodeIgniter.php(361): CodeIgniter\CodeIgniter->handleRequest(null, Object(Config\Cache), false)
 4 FCPATH\index.php(79): CodeIgniter\CodeIgniter->run()
WARNING - 2024-01-04 00:49:56 --> [DEPRECATED] Creation of dynamic property App\Controllers\obtenerTodosLosRegistros::$Datosbd_models is deprecated in APPPATH\Controllers\obtenerTodosLosRegistros.php on line 21.
 1 SYSTEMPATH\CodeIgniter.php(913): App\Controllers\obtenerTodosLosRegistros->__construct()
 2 SYSTEMPATH\CodeIgniter.php(493): CodeIgniter\CodeIgniter->createController()
 3 SYSTEMPATH\CodeIgniter.php(361): CodeIgniter\CodeIgniter->handleRequest(null, Object(Config\Cache), false)
 4 FCPATH\index.php(79): CodeIgniter\CodeIgniter->run()
WARNING - 2024-01-04 00:50:05 --> [DEPRECATED] Creation of dynamic property App\Controllers\obtenerTodosLosRegistros::$Datosbd_models is deprecated in APPPATH\Controllers\obtenerTodosLosRegistros.php on line 21.
 1 SYSTEMPATH\CodeIgniter.php(913): App\Controllers\obtenerTodosLosRegistros->__construct()
 2 SYSTEMPATH\CodeIgniter.php(493): CodeIgniter\CodeIgniter->createController()
 3 SYSTEMPATH\CodeIgniter.php(361): CodeIgniter\CodeIgniter->handleRequest(null, Object(Config\Cache), false)
 4 FCPATH\index.php(79): CodeIgniter\CodeIgniter->run()
WARNING - 2024-01-04 00:50:18 --> [DEPRECATED] Creation of dynamic property App\Controllers\obtenerTodosLosRegistros::$Datosbd_models is deprecated in APPPATH\Controllers\obtenerTodosLosRegistros.php on line 21.
 1 SYSTEMPATH\CodeIgniter.php(913): App\Controllers\obtenerTodosLosRegistros->__construct()
 2 SYSTEMPATH\CodeIgniter.php(493): CodeIgniter\CodeIgniter->createController()
 3 SYSTEMPATH\CodeIgniter.php(361): CodeIgniter\CodeIgniter->handleRequest(null, Object(Config\Cache), false)
 4 FCPATH\index.php(79): CodeIgniter\CodeIgniter->run()
WARNING - 2024-01-04 00:50:46 --> [DEPRECATED] Creation of dynamic property App\Controllers\obtenerTodosLosRegistros::$Datosbd_models is deprecated in APPPATH\Controllers\obtenerTodosLosRegistros.php on line 21.
 1 SYSTEMPATH\CodeIgniter.php(913): App\Controllers\obtenerTodosLosRegistros->__construct()
 2 SYSTEMPATH\CodeIgniter.php(493): CodeIgniter\CodeIgniter->createController()
 3 SYSTEMPATH\CodeIgniter.php(361): CodeIgniter\CodeIgniter->handleRequest(null, Object(Config\Cache), false)
 4 FCPATH\index.php(79): CodeIgniter\CodeIgniter->run()
WARNING - 2024-01-04 00:51:31 --> [DEPRECATED] Creation of dynamic property App\Controllers\obtenerTodosLosRegistros::$Datosbd_models is deprecated in APPPATH\Controllers\obtenerTodosLosRegistros.php on line 21.
 1 SYSTEMPATH\CodeIgniter.php(913): App\Controllers\obtenerTodosLosRegistros->__construct()
 2 SYSTEMPATH\CodeIgniter.php(493): CodeIgniter\CodeIgniter->createController()
 3 SYSTEMPATH\CodeIgniter.php(361): CodeIgniter\CodeIgniter->handleRequest(null, Object(Config\Cache), false)
 4 FCPATH\index.php(79): CodeIgniter\CodeIgniter->run()
WARNING - 2024-01-04 00:51:40 --> [DEPRECATED] Creation of dynamic property App\Controllers\obtenerTodosLosRegistros::$Datosbd_models is deprecated in APPPATH\Controllers\obtenerTodosLosRegistros.php on line 21.
 1 SYSTEMPATH\CodeIgniter.php(913): App\Controllers\obtenerTodosLosRegistros->__construct()
 2 SYSTEMPATH\CodeIgniter.php(493): CodeIgniter\CodeIgniter->createController()
 3 SYSTEMPATH\CodeIgniter.php(361): CodeIgniter\CodeIgniter->handleRequest(null, Object(Config\Cache), false)
 4 FCPATH\index.php(79): CodeIgniter\CodeIgniter->run()
WARNING - 2024-01-04 00:51:58 --> [DEPRECATED] Creation of dynamic property App\Controllers\obtenerTodosLosRegistros::$Datosbd_models is deprecated in APPPATH\Controllers\obtenerTodosLosRegistros.php on line 21.
 1 SYSTEMPATH\CodeIgniter.php(913): App\Controllers\obtenerTodosLosRegistros->__construct()
 2 SYSTEMPATH\CodeIgniter.php(493): CodeIgniter\CodeIgniter->createController()
 3 SYSTEMPATH\CodeIgniter.php(361): CodeIgniter\CodeIgniter->handleRequest(null, Object(Config\Cache), false)
 4 FCPATH\index.php(79): CodeIgniter\CodeIgniter->run()
WARNING - 2024-01-04 00:52:32 --> [DEPRECATED] Creation of dynamic property App\Controllers\obtenerTodosLosRegistros::$Datosbd_models is deprecated in APPPATH\Controllers\obtenerTodosLosRegistros.php on line 21.
 1 SYSTEMPATH\CodeIgniter.php(913): App\Controllers\obtenerTodosLosRegistros->__construct()
 2 SYSTEMPATH\CodeIgniter.php(493): CodeIgniter\CodeIgniter->createController()
 3 SYSTEMPATH\CodeIgniter.php(361): CodeIgniter\CodeIgniter->handleRequest(null, Object(Config\Cache), false)
 4 FCPATH\index.php(79): CodeIgniter\CodeIgniter->run()
WARNING - 2024-01-04 00:54:02 --> [DEPRECATED] Creation of dynamic property App\Controllers\obtenerTodosLosRegistros::$Datosbd_models is deprecated in APPPATH\Controllers\obtenerTodosLosRegistros.php on line 21.
 1 SYSTEMPATH\CodeIgniter.php(913): App\Controllers\obtenerTodosLosRegistros->__construct()
 2 SYSTEMPATH\CodeIgniter.php(493): CodeIgniter\CodeIgniter->createController()
 3 SYSTEMPATH\CodeIgniter.php(361): CodeIgniter\CodeIgniter->handleRequest(null, Object(Config\Cache), false)
 4 FCPATH\index.php(79): CodeIgniter\CodeIgniter->run()
WARNING - 2024-01-04 00:54:19 --> [DEPRECATED] Creation of dynamic property App\Controllers\obtenerTodosLosRegistros::$Datosbd_models is deprecated in APPPATH\Controllers\obtenerTodosLosRegistros.php on line 21.
 1 SYSTEMPATH\CodeIgniter.php(913): App\Controllers\obtenerTodosLosRegistros->__construct()
 2 SYSTEMPATH\CodeIgniter.php(493): CodeIgniter\CodeIgniter->createController()
 3 SYSTEMPATH\CodeIgniter.php(361): CodeIgniter\CodeIgniter->handleRequest(null, Object(Config\Cache), false)
 4 FCPATH\index.php(79): CodeIgniter\CodeIgniter->run()
WARNING - 2024-01-04 00:54:32 --> [DEPRECATED] Creation of dynamic property App\Controllers\obtenerTodosLosRegistros::$Datosbd_models is deprecated in APPPATH\Controllers\obtenerTodosLosRegistros.php on line 21.
 1 SYSTEMPATH\CodeIgniter.php(913): App\Controllers\obtenerTodosLosRegistros->__construct()
 2 SYSTEMPATH\CodeIgniter.php(493): CodeIgniter\CodeIgniter->createController()
 3 SYSTEMPATH\CodeIgniter.php(361): CodeIgniter\CodeIgniter->handleRequest(null, Object(Config\Cache), false)
 4 FCPATH\index.php(79): CodeIgniter\CodeIgniter->run()
WARNING - 2024-01-04 00:55:19 --> [DEPRECATED] Creation of dynamic property App\Controllers\obtenerTodosLosRegistros::$Datosbd_models is deprecated in APPPATH\Controllers\obtenerTodosLosRegistros.php on line 21.
 1 SYSTEMPATH\CodeIgniter.php(913): App\Controllers\obtenerTodosLosRegistros->__construct()
 2 SYSTEMPATH\CodeIgniter.php(493): CodeIgniter\CodeIgniter->createController()
 3 SYSTEMPATH\CodeIgniter.php(361): CodeIgniter\CodeIgniter->handleRequest(null, Object(Config\Cache), false)
 4 FCPATH\index.php(79): CodeIgniter\CodeIgniter->run()
WARNING - 2024-01-04 00:56:01 --> [DEPRECATED] Creation of dynamic property App\Controllers\obtenerTodosLosRegistros::$Datosbd_models is deprecated in APPPATH\Controllers\obtenerTodosLosRegistros.php on line 21.
 1 SYSTEMPATH\CodeIgniter.php(913): App\Controllers\obtenerTodosLosRegistros->__construct()
 2 SYSTEMPATH\CodeIgniter.php(493): CodeIgniter\CodeIgniter->createController()
 3 SYSTEMPATH\CodeIgniter.php(361): CodeIgniter\CodeIgniter->handleRequest(null, Object(Config\Cache), false)
 4 FCPATH\index.php(79): CodeIgniter\CodeIgniter->run()
WARNING - 2024-01-04 00:56:04 --> [DEPRECATED] Creation of dynamic property App\Controllers\obtenerTodosLosRegistros::$Datosbd_models is deprecated in APPPATH\Controllers\obtenerTodosLosRegistros.php on line 21.
 1 SYSTEMPATH\CodeIgniter.php(913): App\Controllers\obtenerTodosLosRegistros->__construct()
 2 SYSTEMPATH\CodeIgniter.php(493): CodeIgniter\CodeIgniter->createController()
 3 SYSTEMPATH\CodeIgniter.php(361): CodeIgniter\CodeIgniter->handleRequest(null, Object(Config\Cache), false)
 4 FCPATH\index.php(79): CodeIgniter\CodeIgniter->run()
WARNING - 2024-01-04 00:57:16 --> [DEPRECATED] Creation of dynamic property App\Controllers\obtenerTodosLosRegistros::$Datosbd_models is deprecated in APPPATH\Controllers\obtenerTodosLosRegistros.php on line 21.
 1 SYSTEMPATH\CodeIgniter.php(913): App\Controllers\obtenerTodosLosRegistros->__construct()
 2 SYSTEMPATH\CodeIgniter.php(493): CodeIgniter\CodeIgniter->createController()
 3 SYSTEMPATH\CodeIgniter.php(361): CodeIgniter\CodeIgniter->handleRequest(null, Object(Config\Cache), false)
 4 FCPATH\index.php(79): CodeIgniter\CodeIgniter->run()
WARNING - 2024-01-04 00:57:21 --> [DEPRECATED] Creation of dynamic property App\Controllers\obtenerTodosLosRegistros::$Datosbd_models is deprecated in APPPATH\Controllers\obtenerTodosLosRegistros.php on line 21.
 1 SYSTEMPATH\CodeIgniter.php(913): App\Controllers\obtenerTodosLosRegistros->__construct()
 2 SYSTEMPATH\CodeIgniter.php(493): CodeIgniter\CodeIgniter->createController()
 3 SYSTEMPATH\CodeIgniter.php(361): CodeIgniter\CodeIgniter->handleRequest(null, Object(Config\Cache), false)
 4 FCPATH\index.php(79): CodeIgniter\CodeIgniter->run()
WARNING - 2024-01-04 00:57:37 --> [DEPRECATED] Creation of dynamic property App\Controllers\obtenerTodosLosRegistros::$Datosbd_models is deprecated in APPPATH\Controllers\obtenerTodosLosRegistros.php on line 21.
 1 SYSTEMPATH\CodeIgniter.php(913): App\Controllers\obtenerTodosLosRegistros->__construct()
 2 SYSTEMPATH\CodeIgniter.php(493): CodeIgniter\CodeIgniter->createController()
 3 SYSTEMPATH\CodeIgniter.php(361): CodeIgniter\CodeIgniter->handleRequest(null, Object(Config\Cache), false)
 4 FCPATH\index.php(79): CodeIgniter\CodeIgniter->run()
WARNING - 2024-01-04 00:57:48 --> [DEPRECATED] Creation of dynamic property App\Controllers\obtenerTodosLosRegistros::$Datosbd_models is deprecated in APPPATH\Controllers\obtenerTodosLosRegistros.php on line 21.
 1 SYSTEMPATH\CodeIgniter.php(913): App\Controllers\obtenerTodosLosRegistros->__construct()
 2 SYSTEMPATH\CodeIgniter.php(493): CodeIgniter\CodeIgniter->createController()
 3 SYSTEMPATH\CodeIgniter.php(361): CodeIgniter\CodeIgniter->handleRequest(null, Object(Config\Cache), false)
 4 FCPATH\index.php(79): CodeIgniter\CodeIgniter->run()
WARNING - 2024-01-04 00:58:04 --> [DEPRECATED] Creation of dynamic property App\Controllers\obtenerTodosLosRegistros::$Datosbd_models is deprecated in APPPATH\Controllers\obtenerTodosLosRegistros.php on line 21.
 1 SYSTEMPATH\CodeIgniter.php(913): App\Controllers\obtenerTodosLosRegistros->__construct()
 2 SYSTEMPATH\CodeIgniter.php(493): CodeIgniter\CodeIgniter->createController()
 3 SYSTEMPATH\CodeIgniter.php(361): CodeIgniter\CodeIgniter->handleRequest(null, Object(Config\Cache), false)
 4 FCPATH\index.php(79): CodeIgniter\CodeIgniter->run()
WARNING - 2024-01-04 00:58:15 --> [DEPRECATED] Creation of dynamic property App\Controllers\obtenerTodosLosRegistros::$Datosbd_models is deprecated in APPPATH\Controllers\obtenerTodosLosRegistros.php on line 21.
 1 SYSTEMPATH\CodeIgniter.php(913): App\Controllers\obtenerTodosLosRegistros->__construct()
 2 SYSTEMPATH\CodeIgniter.php(493): CodeIgniter\CodeIgniter->createController()
 3 SYSTEMPATH\CodeIgniter.php(361): CodeIgniter\CodeIgniter->handleRequest(null, Object(Config\Cache), false)
 4 FCPATH\index.php(79): CodeIgniter\CodeIgniter->run()
WARNING - 2024-01-04 00:58:31 --> [DEPRECATED] Creation of dynamic property App\Controllers\obtenerTodosLosRegistros::$Datosbd_models is deprecated in APPPATH\Controllers\obtenerTodosLosRegistros.php on line 21.
 1 SYSTEMPATH\CodeIgniter.php(913): App\Controllers\obtenerTodosLosRegistros->__construct()
 2 SYSTEMPATH\CodeIgniter.php(493): CodeIgniter\CodeIgniter->createController()
 3 SYSTEMPATH\CodeIgniter.php(361): CodeIgniter\CodeIgniter->handleRequest(null, Object(Config\Cache), false)
 4 FCPATH\index.php(79): CodeIgniter\CodeIgniter->run()
WARNING - 2024-01-04 00:58:41 --> [DEPRECATED] Creation of dynamic property App\Controllers\obtenerTodosLosRegistros::$Datosbd_models is deprecated in APPPATH\Controllers\obtenerTodosLosRegistros.php on line 21.
 1 SYSTEMPATH\CodeIgniter.php(913): App\Controllers\obtenerTodosLosRegistros->__construct()
 2 SYSTEMPATH\CodeIgniter.php(493): CodeIgniter\CodeIgniter->createController()
 3 SYSTEMPATH\CodeIgniter.php(361): CodeIgniter\CodeIgniter->handleRequest(null, Object(Config\Cache), false)
 4 FCPATH\index.php(79): CodeIgniter\CodeIgniter->run()
WARNING - 2024-01-04 00:59:03 --> [DEPRECATED] Creation of dynamic property App\Controllers\obtenerTodosLosRegistros::$Datosbd_models is deprecated in APPPATH\Controllers\obtenerTodosLosRegistros.php on line 21.
 1 SYSTEMPATH\CodeIgniter.php(913): App\Controllers\obtenerTodosLosRegistros->__construct()
 2 SYSTEMPATH\CodeIgniter.php(493): CodeIgniter\CodeIgniter->createController()
 3 SYSTEMPATH\CodeIgniter.php(361): CodeIgniter\CodeIgniter->handleRequest(null, Object(Config\Cache), false)
 4 FCPATH\index.php(79): CodeIgniter\CodeIgniter->run()
WARNING - 2024-01-04 01:00:39 --> [DEPRECATED] Creation of dynamic property App\Controllers\obtenerTodosLosRegistros::$Datosbd_models is deprecated in APPPATH\Controllers\obtenerTodosLosRegistros.php on line 21.
 1 SYSTEMPATH\CodeIgniter.php(913): App\Controllers\obtenerTodosLosRegistros->__construct()
 2 SYSTEMPATH\CodeIgniter.php(493): CodeIgniter\CodeIgniter->createController()
 3 SYSTEMPATH\CodeIgniter.php(361): CodeIgniter\CodeIgniter->handleRequest(null, Object(Config\Cache), false)
 4 FCPATH\index.php(79): CodeIgniter\CodeIgniter->run()
WARNING - 2024-01-04 01:02:04 --> [DEPRECATED] Creation of dynamic property App\Controllers\obtenerTodosLosRegistros::$Datosbd_models is deprecated in APPPATH\Controllers\obtenerTodosLosRegistros.php on line 21.
 1 SYSTEMPATH\CodeIgniter.php(913): App\Controllers\obtenerTodosLosRegistros->__construct()
 2 SYSTEMPATH\CodeIgniter.php(493): CodeIgniter\CodeIgniter->createController()
 3 SYSTEMPATH\CodeIgniter.php(361): CodeIgniter\CodeIgniter->handleRequest(null, Object(Config\Cache), false)
 4 FCPATH\index.php(79): CodeIgniter\CodeIgniter->run()
WARNING - 2024-01-04 01:02:43 --> [DEPRECATED] Creation of dynamic property App\Controllers\obtenerTodosLosRegistros::$Datosbd_models is deprecated in APPPATH\Controllers\obtenerTodosLosRegistros.php on line 21.
 1 SYSTEMPATH\CodeIgniter.php(913): App\Controllers\obtenerTodosLosRegistros->__construct()
 2 SYSTEMPATH\CodeIgniter.php(493): CodeIgniter\CodeIgniter->createController()
 3 SYSTEMPATH\CodeIgniter.php(361): CodeIgniter\CodeIgniter->handleRequest(null, Object(Config\Cache), false)
 4 FCPATH\index.php(79): CodeIgniter\CodeIgniter->run()
WARNING - 2024-01-04 01:04:19 --> [DEPRECATED] Creation of dynamic property App\Controllers\obtenerTodosLosRegistros::$Datosbd_models is deprecated in APPPATH\Controllers\obtenerTodosLosRegistros.php on line 21.
 1 SYSTEMPATH\CodeIgniter.php(913): App\Controllers\obtenerTodosLosRegistros->__construct()
 2 SYSTEMPATH\CodeIgniter.php(493): CodeIgniter\CodeIgniter->createController()
 3 SYSTEMPATH\CodeIgniter.php(361): CodeIgniter\CodeIgniter->handleRequest(null, Object(Config\Cache), false)
 4 FCPATH\index.php(79): CodeIgniter\CodeIgniter->run()
WARNING - 2024-01-04 01:04:31 --> [DEPRECATED] Creation of dynamic property App\Controllers\obtenerTodosLosRegistros::$Datosbd_models is deprecated in APPPATH\Controllers\obtenerTodosLosRegistros.php on line 21.
 1 SYSTEMPATH\CodeIgniter.php(913): App\Controllers\obtenerTodosLosRegistros->__construct()
 2 SYSTEMPATH\CodeIgniter.php(493): CodeIgniter\CodeIgniter->createController()
 3 SYSTEMPATH\CodeIgniter.php(361): CodeIgniter\CodeIgniter->handleRequest(null, Object(Config\Cache), false)
 4 FCPATH\index.php(79): CodeIgniter\CodeIgniter->run()
WARNING - 2024-01-04 01:07:08 --> [DEPRECATED] Creation of dynamic property App\Controllers\obtenerTodosLosRegistros::$Datosbd_models is deprecated in APPPATH\Controllers\obtenerTodosLosRegistros.php on line 21.
 1 SYSTEMPATH\CodeIgniter.php(913): App\Controllers\obtenerTodosLosRegistros->__construct()
 2 SYSTEMPATH\CodeIgniter.php(493): CodeIgniter\CodeIgniter->createController()
 3 SYSTEMPATH\CodeIgniter.php(361): CodeIgniter\CodeIgniter->handleRequest(null, Object(Config\Cache), false)
 4 FCPATH\index.php(79): CodeIgniter\CodeIgniter->run()
WARNING - 2024-01-04 01:08:58 --> [DEPRECATED] Creation of dynamic property App\Controllers\obtenerTodosLosRegistros::$Datosbd_models is deprecated in APPPATH\Controllers\obtenerTodosLosRegistros.php on line 21.
 1 SYSTEMPATH\CodeIgniter.php(913): App\Controllers\obtenerTodosLosRegistros->__construct()
 2 SYSTEMPATH\CodeIgniter.php(493): CodeIgniter\CodeIgniter->createController()
 3 SYSTEMPATH\CodeIgniter.php(361): CodeIgniter\CodeIgniter->handleRequest(null, Object(Config\Cache), false)
 4 FCPATH\index.php(79): CodeIgniter\CodeIgniter->run()
WARNING - 2024-01-04 01:09:20 --> [DEPRECATED] Creation of dynamic property App\Controllers\obtenerTodosLosRegistros::$Datosbd_models is deprecated in APPPATH\Controllers\obtenerTodosLosRegistros.php on line 21.
 1 SYSTEMPATH\CodeIgniter.php(913): App\Controllers\obtenerTodosLosRegistros->__construct()
 2 SYSTEMPATH\CodeIgniter.php(493): CodeIgniter\CodeIgniter->createController()
 3 SYSTEMPATH\CodeIgniter.php(361): CodeIgniter\CodeIgniter->handleRequest(null, Object(Config\Cache), false)
 4 FCPATH\index.php(79): CodeIgniter\CodeIgniter->run()
WARNING - 2024-01-04 01:09:47 --> [DEPRECATED] Creation of dynamic property App\Controllers\obtenerTodosLosRegistros::$Datosbd_models is deprecated in APPPATH\Controllers\obtenerTodosLosRegistros.php on line 21.
 1 SYSTEMPATH\CodeIgniter.php(913): App\Controllers\obtenerTodosLosRegistros->__construct()
 2 SYSTEMPATH\CodeIgniter.php(493): CodeIgniter\CodeIgniter->createController()
 3 SYSTEMPATH\CodeIgniter.php(361): CodeIgniter\CodeIgniter->handleRequest(null, Object(Config\Cache), false)
 4 FCPATH\index.php(79): CodeIgniter\CodeIgniter->run()
WARNING - 2024-01-04 01:16:02 --> [DEPRECATED] Creation of dynamic property App\Controllers\obtenerTodosLosRegistros::$Datosbd_models is deprecated in APPPATH\Controllers\obtenerTodosLosRegistros.php on line 21.
 1 SYSTEMPATH\CodeIgniter.php(913): App\Controllers\obtenerTodosLosRegistros->__construct()
 2 SYSTEMPATH\CodeIgniter.php(493): CodeIgniter\CodeIgniter->createController()
 3 SYSTEMPATH\CodeIgniter.php(361): CodeIgniter\CodeIgniter->handleRequest(null, Object(Config\Cache), false)
 4 FCPATH\index.php(79): CodeIgniter\CodeIgniter->run()
WARNING - 2024-01-04 01:16:29 --> [DEPRECATED] Creation of dynamic property App\Controllers\obtenerTodosLosRegistros::$Datosbd_models is deprecated in APPPATH\Controllers\obtenerTodosLosRegistros.php on line 21.
 1 SYSTEMPATH\CodeIgniter.php(913): App\Controllers\obtenerTodosLosRegistros->__construct()
 2 SYSTEMPATH\CodeIgniter.php(493): CodeIgniter\CodeIgniter->createController()
 3 SYSTEMPATH\CodeIgniter.php(361): CodeIgniter\CodeIgniter->handleRequest(null, Object(Config\Cache), false)
 4 FCPATH\index.php(79): CodeIgniter\CodeIgniter->run()
WARNING - 2024-01-04 01:16:49 --> [DEPRECATED] Creation of dynamic property App\Controllers\obtenerTodosLosRegistros::$Datosbd_models is deprecated in APPPATH\Controllers\obtenerTodosLosRegistros.php on line 21.
 1 SYSTEMPATH\CodeIgniter.php(913): App\Controllers\obtenerTodosLosRegistros->__construct()
 2 SYSTEMPATH\CodeIgniter.php(493): CodeIgniter\CodeIgniter->createController()
 3 SYSTEMPATH\CodeIgniter.php(361): CodeIgniter\CodeIgniter->handleRequest(null, Object(Config\Cache), false)
 4 FCPATH\index.php(79): CodeIgniter\CodeIgniter->run()
WARNING - 2024-01-04 01:21:19 --> [DEPRECATED] Creation of dynamic property App\Controllers\obtenerTodosLosRegistros::$Datosbd_models is deprecated in APPPATH\Controllers\obtenerTodosLosRegistros.php on line 21.
 1 SYSTEMPATH\CodeIgniter.php(913): App\Controllers\obtenerTodosLosRegistros->__construct()
 2 SYSTEMPATH\CodeIgniter.php(493): CodeIgniter\CodeIgniter->createController()
 3 SYSTEMPATH\CodeIgniter.php(361): CodeIgniter\CodeIgniter->handleRequest(null, Object(Config\Cache), false)
 4 FCPATH\index.php(79): CodeIgniter\CodeIgniter->run()
WARNING - 2024-01-04 01:21:40 --> [DEPRECATED] Creation of dynamic property App\Controllers\obtenerTodosLosRegistros::$Datosbd_models is deprecated in APPPATH\Controllers\obtenerTodosLosRegistros.php on line 21.
 1 SYSTEMPATH\CodeIgniter.php(913): App\Controllers\obtenerTodosLosRegistros->__construct()
 2 SYSTEMPATH\CodeIgniter.php(493): CodeIgniter\CodeIgniter->createController()
 3 SYSTEMPATH\CodeIgniter.php(361): CodeIgniter\CodeIgniter->handleRequest(null, Object(Config\Cache), false)
 4 FCPATH\index.php(79): CodeIgniter\CodeIgniter->run()
WARNING - 2024-01-04 11:53:12 --> [DEPRECATED] Creation of dynamic property App\Controllers\obtenerTodosLosRegistros::$Datosbd_models is deprecated in APPPATH\Controllers\obtenerTodosLosRegistros.php on line 21.
 1 SYSTEMPATH\CodeIgniter.php(913): App\Controllers\obtenerTodosLosRegistros->__construct()
 2 SYSTEMPATH\CodeIgniter.php(493): CodeIgniter\CodeIgniter->createController()
 3 SYSTEMPATH\CodeIgniter.php(361): CodeIgniter\CodeIgniter->handleRequest(null, Object(Config\Cache), false)
 4 FCPATH\index.php(79): CodeIgniter\CodeIgniter->run()
WARNING - 2024-01-04 11:57:12 --> [DEPRECATED] Creation of dynamic property App\Controllers\obtenerTodosLosRegistros::$Datosbd_models is deprecated in APPPATH\Controllers\obtenerTodosLosRegistros.php on line 21.
 1 SYSTEMPATH\CodeIgniter.php(913): App\Controllers\obtenerTodosLosRegistros->__construct()
 2 SYSTEMPATH\CodeIgniter.php(493): CodeIgniter\CodeIgniter->createController()
 3 SYSTEMPATH\CodeIgniter.php(361): CodeIgniter\CodeIgniter->handleRequest(null, Object(Config\Cache), false)
 4 FCPATH\index.php(79): CodeIgniter\CodeIgniter->run()
WARNING - 2024-01-04 11:57:24 --> [DEPRECATED] Creation of dynamic property App\Controllers\obtenerTodosLosRegistros::$Datosbd_models is deprecated in APPPATH\Controllers\obtenerTodosLosRegistros.php on line 21.
 1 SYSTEMPATH\CodeIgniter.php(913): App\Controllers\obtenerTodosLosRegistros->__construct()
 2 SYSTEMPATH\CodeIgniter.php(493): CodeIgniter\CodeIgniter->createController()
 3 SYSTEMPATH\CodeIgniter.php(361): CodeIgniter\CodeIgniter->handleRequest(null, Object(Config\Cache), false)
 4 FCPATH\index.php(79): CodeIgniter\CodeIgniter->run()
WARNING - 2024-01-04 12:01:33 --> [DEPRECATED] Creation of dynamic property App\Controllers\obtenerTodosLosRegistros::$Datosbd_models is deprecated in APPPATH\Controllers\obtenerTodosLosRegistros.php on line 21.
 1 SYSTEMPATH\CodeIgniter.php(913): App\Controllers\obtenerTodosLosRegistros->__construct()
 2 SYSTEMPATH\CodeIgniter.php(493): CodeIgniter\CodeIgniter->createController()
 3 SYSTEMPATH\CodeIgniter.php(361): CodeIgniter\CodeIgniter->handleRequest(null, Object(Config\Cache), false)
 4 FCPATH\index.php(79): CodeIgniter\CodeIgniter->run()
WARNING - 2024-01-04 12:08:51 --> [DEPRECATED] Creation of dynamic property App\Controllers\obtenerTodosLosRegistros::$Datosbd_models is deprecated in APPPATH\Controllers\obtenerTodosLosRegistros.php on line 21.
 1 SYSTEMPATH\CodeIgniter.php(913): App\Controllers\obtenerTodosLosRegistros->__construct()
 2 SYSTEMPATH\CodeIgniter.php(493): CodeIgniter\CodeIgniter->createController()
 3 SYSTEMPATH\CodeIgniter.php(361): CodeIgniter\CodeIgniter->handleRequest(null, Object(Config\Cache), false)
 4 FCPATH\index.php(79): CodeIgniter\CodeIgniter->run()
WARNING - 2024-01-04 12:12:43 --> [DEPRECATED] Creation of dynamic property App\Controllers\obtenerTodosLosRegistros::$Datosbd_models is deprecated in APPPATH\Controllers\obtenerTodosLosRegistros.php on line 21.
 1 SYSTEMPATH\CodeIgniter.php(913): App\Controllers\obtenerTodosLosRegistros->__construct()
 2 SYSTEMPATH\CodeIgniter.php(493): CodeIgniter\CodeIgniter->createController()
 3 SYSTEMPATH\CodeIgniter.php(361): CodeIgniter\CodeIgniter->handleRequest(null, Object(Config\Cache), false)
 4 FCPATH\index.php(79): CodeIgniter\CodeIgniter->run()
WARNING - 2024-01-04 12:12:52 --> [DEPRECATED] Creation of dynamic property App\Controllers\obtenerTodosLosRegistros::$Datosbd_models is deprecated in APPPATH\Controllers\obtenerTodosLosRegistros.php on line 21.
 1 SYSTEMPATH\CodeIgniter.php(913): App\Controllers\obtenerTodosLosRegistros->__construct()
 2 SYSTEMPATH\CodeIgniter.php(493): CodeIgniter\CodeIgniter->createController()
 3 SYSTEMPATH\CodeIgniter.php(361): CodeIgniter\CodeIgniter->handleRequest(null, Object(Config\Cache), false)
 4 FCPATH\index.php(79): CodeIgniter\CodeIgniter->run()
WARNING - 2024-01-04 12:13:16 --> [DEPRECATED] Creation of dynamic property App\Controllers\obtenerTodosLosRegistros::$Datosbd_models is deprecated in APPPATH\Controllers\obtenerTodosLosRegistros.php on line 21.
 1 SYSTEMPATH\CodeIgniter.php(913): App\Controllers\obtenerTodosLosRegistros->__construct()
 2 SYSTEMPATH\CodeIgniter.php(493): CodeIgniter\CodeIgniter->createController()
 3 SYSTEMPATH\CodeIgniter.php(361): CodeIgniter\CodeIgniter->handleRequest(null, Object(Config\Cache), false)
 4 FCPATH\index.php(79): CodeIgniter\CodeIgniter->run()
WARNING - 2024-01-04 12:14:29 --> [DEPRECATED] Creation of dynamic property App\Controllers\obtenerTodosLosRegistros::$Datosbd_models is deprecated in APPPATH\Controllers\obtenerTodosLosRegistros.php on line 21.
 1 SYSTEMPATH\CodeIgniter.php(913): App\Controllers\obtenerTodosLosRegistros->__construct()
 2 SYSTEMPATH\CodeIgniter.php(493): CodeIgniter\CodeIgniter->createController()
 3 SYSTEMPATH\CodeIgniter.php(361): CodeIgniter\CodeIgniter->handleRequest(null, Object(Config\Cache), false)
 4 FCPATH\index.php(79): CodeIgniter\CodeIgniter->run()
WARNING - 2024-01-04 12:16:31 --> [DEPRECATED] Creation of dynamic property App\Controllers\obtenerTodosLosRegistros::$Datosbd_models is deprecated in APPPATH\Controllers\obtenerTodosLosRegistros.php on line 21.
 1 SYSTEMPATH\CodeIgniter.php(913): App\Controllers\obtenerTodosLosRegistros->__construct()
 2 SYSTEMPATH\CodeIgniter.php(493): CodeIgniter\CodeIgniter->createController()
 3 SYSTEMPATH\CodeIgniter.php(361): CodeIgniter\CodeIgniter->handleRequest(null, Object(Config\Cache), false)
 4 FCPATH\index.php(79): CodeIgniter\CodeIgniter->run()
WARNING - 2024-01-04 12:20:29 --> [DEPRECATED] Creation of dynamic property App\Controllers\obtenerTodosLosRegistros::$Datosbd_models is deprecated in APPPATH\Controllers\obtenerTodosLosRegistros.php on line 21.
 1 SYSTEMPATH\CodeIgniter.php(913): App\Controllers\obtenerTodosLosRegistros->__construct()
 2 SYSTEMPATH\CodeIgniter.php(493): CodeIgniter\CodeIgniter->createController()
 3 SYSTEMPATH\CodeIgniter.php(361): CodeIgniter\CodeIgniter->handleRequest(null, Object(Config\Cache), false)
 4 FCPATH\index.php(79): CodeIgniter\CodeIgniter->run()
WARNING - 2024-01-04 12:21:30 --> [DEPRECATED] Creation of dynamic property App\Controllers\obtenerTodosLosRegistros::$Datosbd_models is deprecated in APPPATH\Controllers\obtenerTodosLosRegistros.php on line 21.
 1 SYSTEMPATH\CodeIgniter.php(913): App\Controllers\obtenerTodosLosRegistros->__construct()
 2 SYSTEMPATH\CodeIgniter.php(493): CodeIgniter\CodeIgniter->createController()
 3 SYSTEMPATH\CodeIgniter.php(361): CodeIgniter\CodeIgniter->handleRequest(null, Object(Config\Cache), false)
 4 FCPATH\index.php(79): CodeIgniter\CodeIgniter->run()
WARNING - 2024-01-04 12:21:49 --> [DEPRECATED] Creation of dynamic property App\Controllers\obtenerTodosLosRegistros::$Datosbd_models is deprecated in APPPATH\Controllers\obtenerTodosLosRegistros.php on line 21.
 1 SYSTEMPATH\CodeIgniter.php(913): App\Controllers\obtenerTodosLosRegistros->__construct()
 2 SYSTEMPATH\CodeIgniter.php(493): CodeIgniter\CodeIgniter->createController()
 3 SYSTEMPATH\CodeIgniter.php(361): CodeIgniter\CodeIgniter->handleRequest(null, Object(Config\Cache), false)
 4 FCPATH\index.php(79): CodeIgniter\CodeIgniter->run()
WARNING - 2024-01-04 12:22:44 --> [DEPRECATED] Creation of dynamic property App\Controllers\obtenerTodosLosRegistros::$Datosbd_models is deprecated in APPPATH\Controllers\obtenerTodosLosRegistros.php on line 21.
 1 SYSTEMPATH\CodeIgniter.php(913): App\Controllers\obtenerTodosLosRegistros->__construct()
 2 SYSTEMPATH\CodeIgniter.php(493): CodeIgniter\CodeIgniter->createController()
 3 SYSTEMPATH\CodeIgniter.php(361): CodeIgniter\CodeIgniter->handleRequest(null, Object(Config\Cache), false)
 4 FCPATH\index.php(79): CodeIgniter\CodeIgniter->run()
WARNING - 2024-01-04 12:25:40 --> [DEPRECATED] Creation of dynamic property App\Controllers\obtenerTodosLosRegistros::$Datosbd_models is deprecated in APPPATH\Controllers\obtenerTodosLosRegistros.php on line 21.
 1 SYSTEMPATH\CodeIgniter.php(913): App\Controllers\obtenerTodosLosRegistros->__construct()
 2 SYSTEMPATH\CodeIgniter.php(493): CodeIgniter\CodeIgniter->createController()
 3 SYSTEMPATH\CodeIgniter.php(361): CodeIgniter\CodeIgniter->handleRequest(null, Object(Config\Cache), false)
 4 FCPATH\index.php(79): CodeIgniter\CodeIgniter->run()
WARNING - 2024-01-04 12:26:20 --> [DEPRECATED] Creation of dynamic property App\Controllers\obtenerTodosLosRegistros::$Datosbd_models is deprecated in APPPATH\Controllers\obtenerTodosLosRegistros.php on line 21.
 1 SYSTEMPATH\CodeIgniter.php(913): App\Controllers\obtenerTodosLosRegistros->__construct()
 2 SYSTEMPATH\CodeIgniter.php(493): CodeIgniter\CodeIgniter->createController()
 3 SYSTEMPATH\CodeIgniter.php(361): CodeIgniter\CodeIgniter->handleRequest(null, Object(Config\Cache), false)
 4 FCPATH\index.php(79): CodeIgniter\CodeIgniter->run()
WARNING - 2024-01-04 12:30:37 --> [DEPRECATED] Creation of dynamic property App\Controllers\obtenerTodosLosRegistros::$Datosbd_models is deprecated in APPPATH\Controllers\obtenerTodosLosRegistros.php on line 21.
 1 SYSTEMPATH\CodeIgniter.php(913): App\Controllers\obtenerTodosLosRegistros->__construct()
 2 SYSTEMPATH\CodeIgniter.php(493): CodeIgniter\CodeIgniter->createController()
 3 SYSTEMPATH\CodeIgniter.php(361): CodeIgniter\CodeIgniter->handleRequest(null, Object(Config\Cache), false)
 4 FCPATH\index.php(79): CodeIgniter\CodeIgniter->run()
WARNING - 2024-01-04 12:31:46 --> [DEPRECATED] Creation of dynamic property App\Controllers\obtenerTodosLosRegistros::$Datosbd_models is deprecated in APPPATH\Controllers\obtenerTodosLosRegistros.php on line 21.
 1 SYSTEMPATH\CodeIgniter.php(913): App\Controllers\obtenerTodosLosRegistros->__construct()
 2 SYSTEMPATH\CodeIgniter.php(493): CodeIgniter\CodeIgniter->createController()
 3 SYSTEMPATH\CodeIgniter.php(361): CodeIgniter\CodeIgniter->handleRequest(null, Object(Config\Cache), false)
 4 FCPATH\index.php(79): CodeIgniter\CodeIgniter->run()
WARNING - 2024-01-04 12:32:37 --> [DEPRECATED] Creation of dynamic property App\Controllers\obtenerTodosLosRegistros::$Datosbd_models is deprecated in APPPATH\Controllers\obtenerTodosLosRegistros.php on line 21.
 1 SYSTEMPATH\CodeIgniter.php(913): App\Controllers\obtenerTodosLosRegistros->__construct()
 2 SYSTEMPATH\CodeIgniter.php(493): CodeIgniter\CodeIgniter->createController()
 3 SYSTEMPATH\CodeIgniter.php(361): CodeIgniter\CodeIgniter->handleRequest(null, Object(Config\Cache), false)
 4 FCPATH\index.php(79): CodeIgniter\CodeIgniter->run()
WARNING - 2024-01-04 12:34:57 --> [DEPRECATED] Creation of dynamic property App\Controllers\obtenerTodosLosRegistros::$Datosbd_models is deprecated in APPPATH\Controllers\obtenerTodosLosRegistros.php on line 21.
 1 SYSTEMPATH\CodeIgniter.php(913): App\Controllers\obtenerTodosLosRegistros->__construct()
 2 SYSTEMPATH\CodeIgniter.php(493): CodeIgniter\CodeIgniter->createController()
 3 SYSTEMPATH\CodeIgniter.php(361): CodeIgniter\CodeIgniter->handleRequest(null, Object(Config\Cache), false)
 4 FCPATH\index.php(79): CodeIgniter\CodeIgniter->run()
WARNING - 2024-01-04 12:35:14 --> [DEPRECATED] Creation of dynamic property App\Controllers\obtenerTodosLosRegistros::$Datosbd_models is deprecated in APPPATH\Controllers\obtenerTodosLosRegistros.php on line 21.
 1 SYSTEMPATH\CodeIgniter.php(913): App\Controllers\obtenerTodosLosRegistros->__construct()
 2 SYSTEMPATH\CodeIgniter.php(493): CodeIgniter\CodeIgniter->createController()
 3 SYSTEMPATH\CodeIgniter.php(361): CodeIgniter\CodeIgniter->handleRequest(null, Object(Config\Cache), false)
 4 FCPATH\index.php(79): CodeIgniter\CodeIgniter->run()
WARNING - 2024-01-04 12:37:29 --> [DEPRECATED] Creation of dynamic property App\Controllers\obtenerTodosLosRegistros::$Datosbd_models is deprecated in APPPATH\Controllers\obtenerTodosLosRegistros.php on line 21.
 1 SYSTEMPATH\CodeIgniter.php(913): App\Controllers\obtenerTodosLosRegistros->__construct()
 2 SYSTEMPATH\CodeIgniter.php(493): CodeIgniter\CodeIgniter->createController()
 3 SYSTEMPATH\CodeIgniter.php(361): CodeIgniter\CodeIgniter->handleRequest(null, Object(Config\Cache), false)
 4 FCPATH\index.php(79): CodeIgniter\CodeIgniter->run()
WARNING - 2024-01-04 12:39:41 --> [DEPRECATED] Creation of dynamic property App\Controllers\obtenerTodosLosRegistros::$Datosbd_models is deprecated in APPPATH\Controllers\obtenerTodosLosRegistros.php on line 21.
 1 SYSTEMPATH\CodeIgniter.php(913): App\Controllers\obtenerTodosLosRegistros->__construct()
 2 SYSTEMPATH\CodeIgniter.php(493): CodeIgniter\CodeIgniter->createController()
 3 SYSTEMPATH\CodeIgniter.php(361): CodeIgniter\CodeIgniter->handleRequest(null, Object(Config\Cache), false)
 4 FCPATH\index.php(79): CodeIgniter\CodeIgniter->run()
WARNING - 2024-01-04 12:47:39 --> [DEPRECATED] Creation of dynamic property App\Controllers\obtenerTodosLosRegistros::$Datosbd_models is deprecated in APPPATH\Controllers\obtenerTodosLosRegistros.php on line 21.
 1 SYSTEMPATH\CodeIgniter.php(913): App\Controllers\obtenerTodosLosRegistros->__construct()
 2 SYSTEMPATH\CodeIgniter.php(493): CodeIgniter\CodeIgniter->createController()
 3 SYSTEMPATH\CodeIgniter.php(361): CodeIgniter\CodeIgniter->handleRequest(null, Object(Config\Cache), false)
 4 FCPATH\index.php(79): CodeIgniter\CodeIgniter->run()
WARNING - 2024-01-04 12:48:29 --> [DEPRECATED] Creation of dynamic property App\Controllers\obtenerTodosLosRegistros::$Datosbd_models is deprecated in APPPATH\Controllers\obtenerTodosLosRegistros.php on line 21.
 1 SYSTEMPATH\CodeIgniter.php(913): App\Controllers\obtenerTodosLosRegistros->__construct()
 2 SYSTEMPATH\CodeIgniter.php(493): CodeIgniter\CodeIgniter->createController()
 3 SYSTEMPATH\CodeIgniter.php(361): CodeIgniter\CodeIgniter->handleRequest(null, Object(Config\Cache), false)
 4 FCPATH\index.php(79): CodeIgniter\CodeIgniter->run()
WARNING - 2024-01-04 12:50:54 --> [DEPRECATED] Creation of dynamic property App\Controllers\obtenerTodosLosRegistros::$Datosbd_models is deprecated in APPPATH\Controllers\obtenerTodosLosRegistros.php on line 21.
 1 SYSTEMPATH\CodeIgniter.php(913): App\Controllers\obtenerTodosLosRegistros->__construct()
 2 SYSTEMPATH\CodeIgniter.php(493): CodeIgniter\CodeIgniter->createController()
 3 SYSTEMPATH\CodeIgniter.php(361): CodeIgniter\CodeIgniter->handleRequest(null, Object(Config\Cache), false)
 4 FCPATH\index.php(79): CodeIgniter\CodeIgniter->run()
WARNING - 2024-01-04 12:51:13 --> [DEPRECATED] Creation of dynamic property App\Controllers\obtenerTodosLosRegistros::$Datosbd_models is deprecated in APPPATH\Controllers\obtenerTodosLosRegistros.php on line 21.
 1 SYSTEMPATH\CodeIgniter.php(913): App\Controllers\obtenerTodosLosRegistros->__construct()
 2 SYSTEMPATH\CodeIgniter.php(493): CodeIgniter\CodeIgniter->createController()
 3 SYSTEMPATH\CodeIgniter.php(361): CodeIgniter\CodeIgniter->handleRequest(null, Object(Config\Cache), false)
 4 FCPATH\index.php(79): CodeIgniter\CodeIgniter->run()
WARNING - 2024-01-04 12:51:57 --> [DEPRECATED] Creation of dynamic property App\Controllers\obtenerTodosLosRegistros::$Datosbd_models is deprecated in APPPATH\Controllers\obtenerTodosLosRegistros.php on line 21.
 1 SYSTEMPATH\CodeIgniter.php(913): App\Controllers\obtenerTodosLosRegistros->__construct()
 2 SYSTEMPATH\CodeIgniter.php(493): CodeIgniter\CodeIgniter->createController()
 3 SYSTEMPATH\CodeIgniter.php(361): CodeIgniter\CodeIgniter->handleRequest(null, Object(Config\Cache), false)
 4 FCPATH\index.php(79): CodeIgniter\CodeIgniter->run()
WARNING - 2024-01-04 12:52:10 --> [DEPRECATED] Creation of dynamic property App\Controllers\obtenerTodosLosRegistros::$Datosbd_models is deprecated in APPPATH\Controllers\obtenerTodosLosRegistros.php on line 21.
 1 SYSTEMPATH\CodeIgniter.php(913): App\Controllers\obtenerTodosLosRegistros->__construct()
 2 SYSTEMPATH\CodeIgniter.php(493): CodeIgniter\CodeIgniter->createController()
 3 SYSTEMPATH\CodeIgniter.php(361): CodeIgniter\CodeIgniter->handleRequest(null, Object(Config\Cache), false)
 4 FCPATH\index.php(79): CodeIgniter\CodeIgniter->run()
WARNING - 2024-01-04 12:52:24 --> [DEPRECATED] Creation of dynamic property App\Controllers\obtenerTodosLosRegistros::$Datosbd_models is deprecated in APPPATH\Controllers\obtenerTodosLosRegistros.php on line 21.
 1 SYSTEMPATH\CodeIgniter.php(913): App\Controllers\obtenerTodosLosRegistros->__construct()
 2 SYSTEMPATH\CodeIgniter.php(493): CodeIgniter\CodeIgniter->createController()
 3 SYSTEMPATH\CodeIgniter.php(361): CodeIgniter\CodeIgniter->handleRequest(null, Object(Config\Cache), false)
 4 FCPATH\index.php(79): CodeIgniter\CodeIgniter->run()
WARNING - 2024-01-04 12:53:11 --> [DEPRECATED] Creation of dynamic property App\Controllers\obtenerTodosLosRegistros::$Datosbd_models is deprecated in APPPATH\Controllers\obtenerTodosLosRegistros.php on line 21.
 1 SYSTEMPATH\CodeIgniter.php(913): App\Controllers\obtenerTodosLosRegistros->__construct()
 2 SYSTEMPATH\CodeIgniter.php(493): CodeIgniter\CodeIgniter->createController()
 3 SYSTEMPATH\CodeIgniter.php(361): CodeIgniter\CodeIgniter->handleRequest(null, Object(Config\Cache), false)
 4 FCPATH\index.php(79): CodeIgniter\CodeIgniter->run()
WARNING - 2024-01-04 12:53:42 --> [DEPRECATED] Creation of dynamic property App\Controllers\obtenerTodosLosRegistros::$Datosbd_models is deprecated in APPPATH\Controllers\obtenerTodosLosRegistros.php on line 21.
 1 SYSTEMPATH\CodeIgniter.php(913): App\Controllers\obtenerTodosLosRegistros->__construct()
 2 SYSTEMPATH\CodeIgniter.php(493): CodeIgniter\CodeIgniter->createController()
 3 SYSTEMPATH\CodeIgniter.php(361): CodeIgniter\CodeIgniter->handleRequest(null, Object(Config\Cache), false)
 4 FCPATH\index.php(79): CodeIgniter\CodeIgniter->run()
WARNING - 2024-01-04 12:55:23 --> [DEPRECATED] Creation of dynamic property App\Controllers\obtenerTodosLosRegistros::$Datosbd_models is deprecated in APPPATH\Controllers\obtenerTodosLosRegistros.php on line 21.
 1 SYSTEMPATH\CodeIgniter.php(913): App\Controllers\obtenerTodosLosRegistros->__construct()
 2 SYSTEMPATH\CodeIgniter.php(493): CodeIgniter\CodeIgniter->createController()
 3 SYSTEMPATH\CodeIgniter.php(361): CodeIgniter\CodeIgniter->handleRequest(null, Object(Config\Cache), false)
 4 FCPATH\index.php(79): CodeIgniter\CodeIgniter->run()
WARNING - 2024-01-04 12:56:14 --> [DEPRECATED] Creation of dynamic property App\Controllers\obtenerTodosLosRegistros::$Datosbd_models is deprecated in APPPATH\Controllers\obtenerTodosLosRegistros.php on line 21.
 1 SYSTEMPATH\CodeIgniter.php(913): App\Controllers\obtenerTodosLosRegistros->__construct()
 2 SYSTEMPATH\CodeIgniter.php(493): CodeIgniter\CodeIgniter->createController()
 3 SYSTEMPATH\CodeIgniter.php(361): CodeIgniter\CodeIgniter->handleRequest(null, Object(Config\Cache), false)
 4 FCPATH\index.php(79): CodeIgniter\CodeIgniter->run()
WARNING - 2024-01-04 12:56:32 --> [DEPRECATED] Creation of dynamic property App\Controllers\obtenerTodosLosRegistros::$Datosbd_models is deprecated in APPPATH\Controllers\obtenerTodosLosRegistros.php on line 21.
 1 SYSTEMPATH\CodeIgniter.php(913): App\Controllers\obtenerTodosLosRegistros->__construct()
 2 SYSTEMPATH\CodeIgniter.php(493): CodeIgniter\CodeIgniter->createController()
 3 SYSTEMPATH\CodeIgniter.php(361): CodeIgniter\CodeIgniter->handleRequest(null, Object(Config\Cache), false)
 4 FCPATH\index.php(79): CodeIgniter\CodeIgniter->run()
WARNING - 2024-01-04 12:58:07 --> [DEPRECATED] Creation of dynamic property App\Controllers\obtenerTodosLosRegistros::$Datosbd_models is deprecated in APPPATH\Controllers\obtenerTodosLosRegistros.php on line 21.
 1 SYSTEMPATH\CodeIgniter.php(913): App\Controllers\obtenerTodosLosRegistros->__construct()
 2 SYSTEMPATH\CodeIgniter.php(493): CodeIgniter\CodeIgniter->createController()
 3 SYSTEMPATH\CodeIgniter.php(361): CodeIgniter\CodeIgniter->handleRequest(null, Object(Config\Cache), false)
 4 FCPATH\index.php(79): CodeIgniter\CodeIgniter->run()
WARNING - 2024-01-04 12:58:16 --> [DEPRECATED] Creation of dynamic property App\Controllers\obtenerTodosLosRegistros::$Datosbd_models is deprecated in APPPATH\Controllers\obtenerTodosLosRegistros.php on line 21.
 1 SYSTEMPATH\CodeIgniter.php(913): App\Controllers\obtenerTodosLosRegistros->__construct()
 2 SYSTEMPATH\CodeIgniter.php(493): CodeIgniter\CodeIgniter->createController()
 3 SYSTEMPATH\CodeIgniter.php(361): CodeIgniter\CodeIgniter->handleRequest(null, Object(Config\Cache), false)
 4 FCPATH\index.php(79): CodeIgniter\CodeIgniter->run()
WARNING - 2024-01-04 12:58:57 --> [DEPRECATED] Creation of dynamic property App\Controllers\obtenerTodosLosRegistros::$Datosbd_models is deprecated in APPPATH\Controllers\obtenerTodosLosRegistros.php on line 21.
 1 SYSTEMPATH\CodeIgniter.php(913): App\Controllers\obtenerTodosLosRegistros->__construct()
 2 SYSTEMPATH\CodeIgniter.php(493): CodeIgniter\CodeIgniter->createController()
 3 SYSTEMPATH\CodeIgniter.php(361): CodeIgniter\CodeIgniter->handleRequest(null, Object(Config\Cache), false)
 4 FCPATH\index.php(79): CodeIgniter\CodeIgniter->run()
WARNING - 2024-01-04 12:59:09 --> [DEPRECATED] Creation of dynamic property App\Controllers\obtenerTodosLosRegistros::$Datosbd_models is deprecated in APPPATH\Controllers\obtenerTodosLosRegistros.php on line 21.
 1 SYSTEMPATH\CodeIgniter.php(913): App\Controllers\obtenerTodosLosRegistros->__construct()
 2 SYSTEMPATH\CodeIgniter.php(493): CodeIgniter\CodeIgniter->createController()
 3 SYSTEMPATH\CodeIgniter.php(361): CodeIgniter\CodeIgniter->handleRequest(null, Object(Config\Cache), false)
 4 FCPATH\index.php(79): CodeIgniter\CodeIgniter->run()
WARNING - 2024-01-04 12:59:30 --> [DEPRECATED] Creation of dynamic property App\Controllers\obtenerTodosLosRegistros::$Datosbd_models is deprecated in APPPATH\Controllers\obtenerTodosLosRegistros.php on line 21.
 1 SYSTEMPATH\CodeIgniter.php(913): App\Controllers\obtenerTodosLosRegistros->__construct()
 2 SYSTEMPATH\CodeIgniter.php(493): CodeIgniter\CodeIgniter->createController()
 3 SYSTEMPATH\CodeIgniter.php(361): CodeIgniter\CodeIgniter->handleRequest(null, Object(Config\Cache), false)
 4 FCPATH\index.php(79): CodeIgniter\CodeIgniter->run()
WARNING - 2024-01-04 12:59:56 --> [DEPRECATED] Creation of dynamic property App\Controllers\obtenerTodosLosRegistros::$Datosbd_models is deprecated in APPPATH\Controllers\obtenerTodosLosRegistros.php on line 21.
 1 SYSTEMPATH\CodeIgniter.php(913): App\Controllers\obtenerTodosLosRegistros->__construct()
 2 SYSTEMPATH\CodeIgniter.php(493): CodeIgniter\CodeIgniter->createController()
 3 SYSTEMPATH\CodeIgniter.php(361): CodeIgniter\CodeIgniter->handleRequest(null, Object(Config\Cache), false)
 4 FCPATH\index.php(79): CodeIgniter\CodeIgniter->run()
WARNING - 2024-01-04 13:00:12 --> [DEPRECATED] Creation of dynamic property App\Controllers\obtenerTodosLosRegistros::$Datosbd_models is deprecated in APPPATH\Controllers\obtenerTodosLosRegistros.php on line 21.
 1 SYSTEMPATH\CodeIgniter.php(913): App\Controllers\obtenerTodosLosRegistros->__construct()
 2 SYSTEMPATH\CodeIgniter.php(493): CodeIgniter\CodeIgniter->createController()
 3 SYSTEMPATH\CodeIgniter.php(361): CodeIgniter\CodeIgniter->handleRequest(null, Object(Config\Cache), false)
 4 FCPATH\index.php(79): CodeIgniter\CodeIgniter->run()
WARNING - 2024-01-04 13:01:10 --> [DEPRECATED] Creation of dynamic property App\Controllers\obtenerTodosLosRegistros::$Datosbd_models is deprecated in APPPATH\Controllers\obtenerTodosLosRegistros.php on line 21.
 1 SYSTEMPATH\CodeIgniter.php(913): App\Controllers\obtenerTodosLosRegistros->__construct()
 2 SYSTEMPATH\CodeIgniter.php(493): CodeIgniter\CodeIgniter->createController()
 3 SYSTEMPATH\CodeIgniter.php(361): CodeIgniter\CodeIgniter->handleRequest(null, Object(Config\Cache), false)
 4 FCPATH\index.php(79): CodeIgniter\CodeIgniter->run()
WARNING - 2024-01-04 13:01:41 --> [DEPRECATED] Creation of dynamic property App\Controllers\obtenerTodosLosRegistros::$Datosbd_models is deprecated in APPPATH\Controllers\obtenerTodosLosRegistros.php on line 21.
 1 SYSTEMPATH\CodeIgniter.php(913): App\Controllers\obtenerTodosLosRegistros->__construct()
 2 SYSTEMPATH\CodeIgniter.php(493): CodeIgniter\CodeIgniter->createController()
 3 SYSTEMPATH\CodeIgniter.php(361): CodeIgniter\CodeIgniter->handleRequest(null, Object(Config\Cache), false)
 4 FCPATH\index.php(79): CodeIgniter\CodeIgniter->run()
WARNING - 2024-01-04 13:06:48 --> [DEPRECATED] Creation of dynamic property App\Controllers\obtenerTodosLosRegistros::$Datosbd_models is deprecated in APPPATH\Controllers\obtenerTodosLosRegistros.php on line 21.
 1 SYSTEMPATH\CodeIgniter.php(913): App\Controllers\obtenerTodosLosRegistros->__construct()
 2 SYSTEMPATH\CodeIgniter.php(493): CodeIgniter\CodeIgniter->createController()
 3 SYSTEMPATH\CodeIgniter.php(361): CodeIgniter\CodeIgniter->handleRequest(null, Object(Config\Cache), false)
 4 FCPATH\index.php(79): CodeIgniter\CodeIgniter->run()
WARNING - 2024-01-04 13:07:05 --> [DEPRECATED] Creation of dynamic property App\Controllers\obtenerTodosLosRegistros::$Datosbd_models is deprecated in APPPATH\Controllers\obtenerTodosLosRegistros.php on line 21.
 1 SYSTEMPATH\CodeIgniter.php(913): App\Controllers\obtenerTodosLosRegistros->__construct()
 2 SYSTEMPATH\CodeIgniter.php(493): CodeIgniter\CodeIgniter->createController()
 3 SYSTEMPATH\CodeIgniter.php(361): CodeIgniter\CodeIgniter->handleRequest(null, Object(Config\Cache), false)
 4 FCPATH\index.php(79): CodeIgniter\CodeIgniter->run()
WARNING - 2024-01-04 13:08:17 --> [DEPRECATED] Creation of dynamic property App\Controllers\obtenerTodosLosRegistros::$Datosbd_models is deprecated in APPPATH\Controllers\obtenerTodosLosRegistros.php on line 21.
 1 SYSTEMPATH\CodeIgniter.php(913): App\Controllers\obtenerTodosLosRegistros->__construct()
 2 SYSTEMPATH\CodeIgniter.php(493): CodeIgniter\CodeIgniter->createController()
 3 SYSTEMPATH\CodeIgniter.php(361): CodeIgniter\CodeIgniter->handleRequest(null, Object(Config\Cache), false)
 4 FCPATH\index.php(79): CodeIgniter\CodeIgniter->run()
WARNING - 2024-01-04 13:08:46 --> [DEPRECATED] Creation of dynamic property App\Controllers\obtenerTodosLosRegistros::$Datosbd_models is deprecated in APPPATH\Controllers\obtenerTodosLosRegistros.php on line 21.
 1 SYSTEMPATH\CodeIgniter.php(913): App\Controllers\obtenerTodosLosRegistros->__construct()
 2 SYSTEMPATH\CodeIgniter.php(493): CodeIgniter\CodeIgniter->createController()
 3 SYSTEMPATH\CodeIgniter.php(361): CodeIgniter\CodeIgniter->handleRequest(null, Object(Config\Cache), false)
 4 FCPATH\index.php(79): CodeIgniter\CodeIgniter->run()
WARNING - 2024-01-04 13:09:14 --> [DEPRECATED] Creation of dynamic property App\Controllers\obtenerTodosLosRegistros::$Datosbd_models is deprecated in APPPATH\Controllers\obtenerTodosLosRegistros.php on line 21.
 1 SYSTEMPATH\CodeIgniter.php(913): App\Controllers\obtenerTodosLosRegistros->__construct()
 2 SYSTEMPATH\CodeIgniter.php(493): CodeIgniter\CodeIgniter->createController()
 3 SYSTEMPATH\CodeIgniter.php(361): CodeIgniter\CodeIgniter->handleRequest(null, Object(Config\Cache), false)
 4 FCPATH\index.php(79): CodeIgniter\CodeIgniter->run()
WARNING - 2024-01-04 13:09:32 --> [DEPRECATED] Creation of dynamic property App\Controllers\obtenerTodosLosRegistros::$Datosbd_models is deprecated in APPPATH\Controllers\obtenerTodosLosRegistros.php on line 21.
 1 SYSTEMPATH\CodeIgniter.php(913): App\Controllers\obtenerTodosLosRegistros->__construct()
 2 SYSTEMPATH\CodeIgniter.php(493): CodeIgniter\CodeIgniter->createController()
 3 SYSTEMPATH\CodeIgniter.php(361): CodeIgniter\CodeIgniter->handleRequest(null, Object(Config\Cache), false)
 4 FCPATH\index.php(79): CodeIgniter\CodeIgniter->run()
WARNING - 2024-01-04 13:10:04 --> [DEPRECATED] Creation of dynamic property App\Controllers\obtenerTodosLosRegistros::$Datosbd_models is deprecated in APPPATH\Controllers\obtenerTodosLosRegistros.php on line 21.
 1 SYSTEMPATH\CodeIgniter.php(913): App\Controllers\obtenerTodosLosRegistros->__construct()
 2 SYSTEMPATH\CodeIgniter.php(493): CodeIgniter\CodeIgniter->createController()
 3 SYSTEMPATH\CodeIgniter.php(361): CodeIgniter\CodeIgniter->handleRequest(null, Object(Config\Cache), false)
 4 FCPATH\index.php(79): CodeIgniter\CodeIgniter->run()
WARNING - 2024-01-04 13:11:43 --> [DEPRECATED] Creation of dynamic property App\Controllers\obtenerTodosLosRegistros::$Datosbd_models is deprecated in APPPATH\Controllers\obtenerTodosLosRegistros.php on line 21.
 1 SYSTEMPATH\CodeIgniter.php(913): App\Controllers\obtenerTodosLosRegistros->__construct()
 2 SYSTEMPATH\CodeIgniter.php(493): CodeIgniter\CodeIgniter->createController()
 3 SYSTEMPATH\CodeIgniter.php(361): CodeIgniter\CodeIgniter->handleRequest(null, Object(Config\Cache), false)
 4 FCPATH\index.php(79): CodeIgniter\CodeIgniter->run()
WARNING - 2024-01-04 13:12:09 --> [DEPRECATED] Creation of dynamic property App\Controllers\obtenerTodosLosRegistros::$Datosbd_models is deprecated in APPPATH\Controllers\obtenerTodosLosRegistros.php on line 21.
 1 SYSTEMPATH\CodeIgniter.php(913): App\Controllers\obtenerTodosLosRegistros->__construct()
 2 SYSTEMPATH\CodeIgniter.php(493): CodeIgniter\CodeIgniter->createController()
 3 SYSTEMPATH\CodeIgniter.php(361): CodeIgniter\CodeIgniter->handleRequest(null, Object(Config\Cache), false)
 4 FCPATH\index.php(79): CodeIgniter\CodeIgniter->run()
WARNING - 2024-01-04 13:16:50 --> [DEPRECATED] Creation of dynamic property App\Controllers\obtenerTodosLosRegistros::$Datosbd_models is deprecated in APPPATH\Controllers\obtenerTodosLosRegistros.php on line 21.
 1 SYSTEMPATH\CodeIgniter.php(913): App\Controllers\obtenerTodosLosRegistros->__construct()
 2 SYSTEMPATH\CodeIgniter.php(493): CodeIgniter\CodeIgniter->createController()
 3 SYSTEMPATH\CodeIgniter.php(361): CodeIgniter\CodeIgniter->handleRequest(null, Object(Config\Cache), false)
 4 FCPATH\index.php(79): CodeIgniter\CodeIgniter->run()
WARNING - 2024-01-04 13:16:59 --> [DEPRECATED] Creation of dynamic property App\Controllers\obtenerTodosLosRegistros::$Datosbd_models is deprecated in APPPATH\Controllers\obtenerTodosLosRegistros.php on line 21.
 1 SYSTEMPATH\CodeIgniter.php(913): App\Controllers\obtenerTodosLosRegistros->__construct()
 2 SYSTEMPATH\CodeIgniter.php(493): CodeIgniter\CodeIgniter->createController()
 3 SYSTEMPATH\CodeIgniter.php(361): CodeIgniter\CodeIgniter->handleRequest(null, Object(Config\Cache), false)
 4 FCPATH\index.php(79): CodeIgniter\CodeIgniter->run()
WARNING - 2024-01-04 14:04:55 --> [DEPRECATED] Creation of dynamic property App\Controllers\obtenerTodosLosRegistros::$Datosbd_models is deprecated in APPPATH\Controllers\obtenerTodosLosRegistros.php on line 21.
 1 SYSTEMPATH\CodeIgniter.php(913): App\Controllers\obtenerTodosLosRegistros->__construct()
 2 SYSTEMPATH\CodeIgniter.php(493): CodeIgniter\CodeIgniter->createController()
 3 SYSTEMPATH\CodeIgniter.php(361): CodeIgniter\CodeIgniter->handleRequest(null, Object(Config\Cache), false)
 4 FCPATH\index.php(79): CodeIgniter\CodeIgniter->run()
WARNING - 2024-01-04 14:04:58 --> [DEPRECATED] Creation of dynamic property App\Controllers\obtenerTodosLosRegistros::$Datosbd_models is deprecated in APPPATH\Controllers\obtenerTodosLosRegistros.php on line 21.
 1 SYSTEMPATH\CodeIgniter.php(913): App\Controllers\obtenerTodosLosRegistros->__construct()
 2 SYSTEMPATH\CodeIgniter.php(493): CodeIgniter\CodeIgniter->createController()
 3 SYSTEMPATH\CodeIgniter.php(361): CodeIgniter\CodeIgniter->handleRequest(null, Object(Config\Cache), false)
 4 FCPATH\index.php(79): CodeIgniter\CodeIgniter->run()
WARNING - 2024-01-04 14:05:00 --> [DEPRECATED] Creation of dynamic property App\Controllers\obtenerTodosLosRegistros::$Datosbd_models is deprecated in APPPATH\Controllers\obtenerTodosLosRegistros.php on line 21.
 1 SYSTEMPATH\CodeIgniter.php(913): App\Controllers\obtenerTodosLosRegistros->__construct()
 2 SYSTEMPATH\CodeIgniter.php(493): CodeIgniter\CodeIgniter->createController()
 3 SYSTEMPATH\CodeIgniter.php(361): CodeIgniter\CodeIgniter->handleRequest(null, Object(Config\Cache), false)
 4 FCPATH\index.php(79): CodeIgniter\CodeIgniter->run()
WARNING - 2024-01-04 14:05:01 --> [DEPRECATED] Creation of dynamic property App\Controllers\obtenerTodosLosRegistros::$Datosbd_models is deprecated in APPPATH\Controllers\obtenerTodosLosRegistros.php on line 21.
 1 SYSTEMPATH\CodeIgniter.php(913): App\Controllers\obtenerTodosLosRegistros->__construct()
 2 SYSTEMPATH\CodeIgniter.php(493): CodeIgniter\CodeIgniter->createController()
 3 SYSTEMPATH\CodeIgniter.php(361): CodeIgniter\CodeIgniter->handleRequest(null, Object(Config\Cache), false)
 4 FCPATH\index.php(79): CodeIgniter\CodeIgniter->run()
WARNING - 2024-01-04 14:05:02 --> [DEPRECATED] Creation of dynamic property App\Controllers\obtenerTodosLosRegistros::$Datosbd_models is deprecated in APPPATH\Controllers\obtenerTodosLosRegistros.php on line 21.
 1 SYSTEMPATH\CodeIgniter.php(913): App\Controllers\obtenerTodosLosRegistros->__construct()
 2 SYSTEMPATH\CodeIgniter.php(493): CodeIgniter\CodeIgniter->createController()
 3 SYSTEMPATH\CodeIgniter.php(361): CodeIgniter\CodeIgniter->handleRequest(null, Object(Config\Cache), false)
 4 FCPATH\index.php(79): CodeIgniter\CodeIgniter->run()
WARNING - 2024-01-04 14:05:03 --> [DEPRECATED] Creation of dynamic property App\Controllers\obtenerTodosLosRegistros::$Datosbd_models is deprecated in APPPATH\Controllers\obtenerTodosLosRegistros.php on line 21.
 1 SYSTEMPATH\CodeIgniter.php(913): App\Controllers\obtenerTodosLosRegistros->__construct()
 2 SYSTEMPATH\CodeIgniter.php(493): CodeIgniter\CodeIgniter->createController()
 3 SYSTEMPATH\CodeIgniter.php(361): CodeIgniter\CodeIgniter->handleRequest(null, Object(Config\Cache), false)
 4 FCPATH\index.php(79): CodeIgniter\CodeIgniter->run()
WARNING - 2024-01-04 14:05:03 --> [DEPRECATED] Creation of dynamic property App\Controllers\obtenerTodosLosRegistros::$Datosbd_models is deprecated in APPPATH\Controllers\obtenerTodosLosRegistros.php on line 21.
 1 SYSTEMPATH\CodeIgniter.php(913): App\Controllers\obtenerTodosLosRegistros->__construct()
 2 SYSTEMPATH\CodeIgniter.php(493): CodeIgniter\CodeIgniter->createController()
 3 SYSTEMPATH\CodeIgniter.php(361): CodeIgniter\CodeIgniter->handleRequest(null, Object(Config\Cache), false)
 4 FCPATH\index.php(79): CodeIgniter\CodeIgniter->run()
WARNING - 2024-01-04 14:05:47 --> [DEPRECATED] Creation of dynamic property App\Controllers\obtenerTodosLosRegistros::$Datosbd_models is deprecated in APPPATH\Controllers\obtenerTodosLosRegistros.php on line 21.
 1 SYSTEMPATH\CodeIgniter.php(913): App\Controllers\obtenerTodosLosRegistros->__construct()
 2 SYSTEMPATH\CodeIgniter.php(493): CodeIgniter\CodeIgniter->createController()
 3 SYSTEMPATH\CodeIgniter.php(361): CodeIgniter\CodeIgniter->handleRequest(null, Object(Config\Cache), false)
 4 FCPATH\index.php(79): CodeIgniter\CodeIgniter->run()
WARNING - 2024-01-04 14:05:49 --> [DEPRECATED] Creation of dynamic property App\Controllers\obtenerTodosLosRegistros::$Datosbd_models is deprecated in APPPATH\Controllers\obtenerTodosLosRegistros.php on line 21.
 1 SYSTEMPATH\CodeIgniter.php(913): App\Controllers\obtenerTodosLosRegistros->__construct()
 2 SYSTEMPATH\CodeIgniter.php(493): CodeIgniter\CodeIgniter->createController()
 3 SYSTEMPATH\CodeIgniter.php(361): CodeIgniter\CodeIgniter->handleRequest(null, Object(Config\Cache), false)
 4 FCPATH\index.php(79): CodeIgniter\CodeIgniter->run()
WARNING - 2024-01-04 14:05:58 --> [DEPRECATED] Creation of dynamic property App\Controllers\obtenerTodosLosRegistros::$Datosbd_models is deprecated in APPPATH\Controllers\obtenerTodosLosRegistros.php on line 21.
 1 SYSTEMPATH\CodeIgniter.php(913): App\Controllers\obtenerTodosLosRegistros->__construct()
 2 SYSTEMPATH\CodeIgniter.php(493): CodeIgniter\CodeIgniter->createController()
 3 SYSTEMPATH\CodeIgniter.php(361): CodeIgniter\CodeIgniter->handleRequest(null, Object(Config\Cache), false)
 4 FCPATH\index.php(79): CodeIgniter\CodeIgniter->run()
WARNING - 2024-01-04 14:05:59 --> [DEPRECATED] Creation of dynamic property App\Controllers\obtenerTodosLosRegistros::$Datosbd_models is deprecated in APPPATH\Controllers\obtenerTodosLosRegistros.php on line 21.
 1 SYSTEMPATH\CodeIgniter.php(913): App\Controllers\obtenerTodosLosRegistros->__construct()
 2 SYSTEMPATH\CodeIgniter.php(493): CodeIgniter\CodeIgniter->createController()
 3 SYSTEMPATH\CodeIgniter.php(361): CodeIgniter\CodeIgniter->handleRequest(null, Object(Config\Cache), false)
 4 FCPATH\index.php(79): CodeIgniter\CodeIgniter->run()
WARNING - 2024-01-04 14:06:46 --> [DEPRECATED] Creation of dynamic property App\Controllers\obtenerTodosLosRegistros::$Datosbd_models is deprecated in APPPATH\Controllers\obtenerTodosLosRegistros.php on line 21.
 1 SYSTEMPATH\CodeIgniter.php(913): App\Controllers\obtenerTodosLosRegistros->__construct()
 2 SYSTEMPATH\CodeIgniter.php(493): CodeIgniter\CodeIgniter->createController()
 3 SYSTEMPATH\CodeIgniter.php(361): CodeIgniter\CodeIgniter->handleRequest(null, Object(Config\Cache), false)
 4 FCPATH\index.php(79): CodeIgniter\CodeIgniter->run()
WARNING - 2024-01-04 14:06:48 --> [DEPRECATED] Creation of dynamic property App\Controllers\obtenerTodosLosRegistros::$Datosbd_models is deprecated in APPPATH\Controllers\obtenerTodosLosRegistros.php on line 21.
 1 SYSTEMPATH\CodeIgniter.php(913): App\Controllers\obtenerTodosLosRegistros->__construct()
 2 SYSTEMPATH\CodeIgniter.php(493): CodeIgniter\CodeIgniter->createController()
 3 SYSTEMPATH\CodeIgniter.php(361): CodeIgniter\CodeIgniter->handleRequest(null, Object(Config\Cache), false)
 4 FCPATH\index.php(79): CodeIgniter\CodeIgniter->run()
WARNING - 2024-01-04 14:07:19 --> [DEPRECATED] Creation of dynamic property App\Controllers\obtenerTodosLosRegistros::$Datosbd_models is deprecated in APPPATH\Controllers\obtenerTodosLosRegistros.php on line 21.
 1 SYSTEMPATH\CodeIgniter.php(913): App\Controllers\obtenerTodosLosRegistros->__construct()
 2 SYSTEMPATH\CodeIgniter.php(493): CodeIgniter\CodeIgniter->createController()
 3 SYSTEMPATH\CodeIgniter.php(361): CodeIgniter\CodeIgniter->handleRequest(null, Object(Config\Cache), false)
 4 FCPATH\index.php(79): CodeIgniter\CodeIgniter->run()
WARNING - 2024-01-04 14:09:34 --> [DEPRECATED] Creation of dynamic property App\Controllers\obtenerTodosLosRegistros::$Datosbd_models is deprecated in APPPATH\Controllers\obtenerTodosLosRegistros.php on line 21.
 1 SYSTEMPATH\CodeIgniter.php(913): App\Controllers\obtenerTodosLosRegistros->__construct()
 2 SYSTEMPATH\CodeIgniter.php(493): CodeIgniter\CodeIgniter->createController()
 3 SYSTEMPATH\CodeIgniter.php(361): CodeIgniter\CodeIgniter->handleRequest(null, Object(Config\Cache), false)
 4 FCPATH\index.php(79): CodeIgniter\CodeIgniter->run()
WARNING - 2024-01-04 14:09:54 --> [DEPRECATED] Creation of dynamic property App\Controllers\obtenerTodosLosRegistros::$Datosbd_models is deprecated in APPPATH\Controllers\obtenerTodosLosRegistros.php on line 21.
 1 SYSTEMPATH\CodeIgniter.php(913): App\Controllers\obtenerTodosLosRegistros->__construct()
 2 SYSTEMPATH\CodeIgniter.php(493): CodeIgniter\CodeIgniter->createController()
 3 SYSTEMPATH\CodeIgniter.php(361): CodeIgniter\CodeIgniter->handleRequest(null, Object(Config\Cache), false)
 4 FCPATH\index.php(79): CodeIgniter\CodeIgniter->run()
WARNING - 2024-01-04 14:10:14 --> [DEPRECATED] Creation of dynamic property App\Controllers\obtenerTodosLosRegistros::$Datosbd_models is deprecated in APPPATH\Controllers\obtenerTodosLosRegistros.php on line 21.
 1 SYSTEMPATH\CodeIgniter.php(913): App\Controllers\obtenerTodosLosRegistros->__construct()
 2 SYSTEMPATH\CodeIgniter.php(493): CodeIgniter\CodeIgniter->createController()
 3 SYSTEMPATH\CodeIgniter.php(361): CodeIgniter\CodeIgniter->handleRequest(null, Object(Config\Cache), false)
 4 FCPATH\index.php(79): CodeIgniter\CodeIgniter->run()
WARNING - 2024-01-04 14:10:23 --> [DEPRECATED] Creation of dynamic property App\Controllers\obtenerTodosLosRegistros::$Datosbd_models is deprecated in APPPATH\Controllers\obtenerTodosLosRegistros.php on line 21.
 1 SYSTEMPATH\CodeIgniter.php(913): App\Controllers\obtenerTodosLosRegistros->__construct()
 2 SYSTEMPATH\CodeIgniter.php(493): CodeIgniter\CodeIgniter->createController()
 3 SYSTEMPATH\CodeIgniter.php(361): CodeIgniter\CodeIgniter->handleRequest(null, Object(Config\Cache), false)
 4 FCPATH\index.php(79): CodeIgniter\CodeIgniter->run()
WARNING - 2024-01-04 14:10:25 --> [DEPRECATED] Creation of dynamic property App\Controllers\obtenerTodosLosRegistros::$Datosbd_models is deprecated in APPPATH\Controllers\obtenerTodosLosRegistros.php on line 21.
 1 SYSTEMPATH\CodeIgniter.php(913): App\Controllers\obtenerTodosLosRegistros->__construct()
 2 SYSTEMPATH\CodeIgniter.php(493): CodeIgniter\CodeIgniter->createController()
 3 SYSTEMPATH\CodeIgniter.php(361): CodeIgniter\CodeIgniter->handleRequest(null, Object(Config\Cache), false)
 4 FCPATH\index.php(79): CodeIgniter\CodeIgniter->run()
WARNING - 2024-01-04 14:10:37 --> [DEPRECATED] Creation of dynamic property App\Controllers\obtenerTodosLosRegistros::$Datosbd_models is deprecated in APPPATH\Controllers\obtenerTodosLosRegistros.php on line 21.
 1 SYSTEMPATH\CodeIgniter.php(913): App\Controllers\obtenerTodosLosRegistros->__construct()
 2 SYSTEMPATH\CodeIgniter.php(493): CodeIgniter\CodeIgniter->createController()
 3 SYSTEMPATH\CodeIgniter.php(361): CodeIgniter\CodeIgniter->handleRequest(null, Object(Config\Cache), false)
 4 FCPATH\index.php(79): CodeIgniter\CodeIgniter->run()
WARNING - 2024-01-04 14:10:39 --> [DEPRECATED] Creation of dynamic property App\Controllers\obtenerTodosLosRegistros::$Datosbd_models is deprecated in APPPATH\Controllers\obtenerTodosLosRegistros.php on line 21.
 1 SYSTEMPATH\CodeIgniter.php(913): App\Controllers\obtenerTodosLosRegistros->__construct()
 2 SYSTEMPATH\CodeIgniter.php(493): CodeIgniter\CodeIgniter->createController()
 3 SYSTEMPATH\CodeIgniter.php(361): CodeIgniter\CodeIgniter->handleRequest(null, Object(Config\Cache), false)
 4 FCPATH\index.php(79): CodeIgniter\CodeIgniter->run()
WARNING - 2024-01-04 14:11:21 --> [DEPRECATED] Creation of dynamic property App\Controllers\obtenerTodosLosRegistros::$Datosbd_models is deprecated in APPPATH\Controllers\obtenerTodosLosRegistros.php on line 21.
 1 SYSTEMPATH\CodeIgniter.php(913): App\Controllers\obtenerTodosLosRegistros->__construct()
 2 SYSTEMPATH\CodeIgniter.php(493): CodeIgniter\CodeIgniter->createController()
 3 SYSTEMPATH\CodeIgniter.php(361): CodeIgniter\CodeIgniter->handleRequest(null, Object(Config\Cache), false)
 4 FCPATH\index.php(79): CodeIgniter\CodeIgniter->run()
WARNING - 2024-01-04 14:11:22 --> [DEPRECATED] Creation of dynamic property App\Controllers\obtenerTodosLosRegistros::$Datosbd_models is deprecated in APPPATH\Controllers\obtenerTodosLosRegistros.php on line 21.
 1 SYSTEMPATH\CodeIgniter.php(913): App\Controllers\obtenerTodosLosRegistros->__construct()
 2 SYSTEMPATH\CodeIgniter.php(493): CodeIgniter\CodeIgniter->createController()
 3 SYSTEMPATH\CodeIgniter.php(361): CodeIgniter\CodeIgniter->handleRequest(null, Object(Config\Cache), false)
 4 FCPATH\index.php(79): CodeIgniter\CodeIgniter->run()
WARNING - 2024-01-04 14:11:23 --> [DEPRECATED] Creation of dynamic property App\Controllers\obtenerTodosLosRegistros::$Datosbd_models is deprecated in APPPATH\Controllers\obtenerTodosLosRegistros.php on line 21.
 1 SYSTEMPATH\CodeIgniter.php(913): App\Controllers\obtenerTodosLosRegistros->__construct()
 2 SYSTEMPATH\CodeIgniter.php(493): CodeIgniter\CodeIgniter->createController()
 3 SYSTEMPATH\CodeIgniter.php(361): CodeIgniter\CodeIgniter->handleRequest(null, Object(Config\Cache), false)
 4 FCPATH\index.php(79): CodeIgniter\CodeIgniter->run()
WARNING - 2024-01-04 14:11:23 --> [DEPRECATED] Creation of dynamic property App\Controllers\obtenerTodosLosRegistros::$Datosbd_models is deprecated in APPPATH\Controllers\obtenerTodosLosRegistros.php on line 21.
 1 SYSTEMPATH\CodeIgniter.php(913): App\Controllers\obtenerTodosLosRegistros->__construct()
 2 SYSTEMPATH\CodeIgniter.php(493): CodeIgniter\CodeIgniter->createController()
 3 SYSTEMPATH\CodeIgniter.php(361): CodeIgniter\CodeIgniter->handleRequest(null, Object(Config\Cache), false)
 4 FCPATH\index.php(79): CodeIgniter\CodeIgniter->run()
WARNING - 2024-01-04 14:11:47 --> [DEPRECATED] Creation of dynamic property App\Controllers\obtenerTodosLosRegistros::$Datosbd_models is deprecated in APPPATH\Controllers\obtenerTodosLosRegistros.php on line 21.
 1 SYSTEMPATH\CodeIgniter.php(913): App\Controllers\obtenerTodosLosRegistros->__construct()
 2 SYSTEMPATH\CodeIgniter.php(493): CodeIgniter\CodeIgniter->createController()
 3 SYSTEMPATH\CodeIgniter.php(361): CodeIgniter\CodeIgniter->handleRequest(null, Object(Config\Cache), false)
 4 FCPATH\index.php(79): CodeIgniter\CodeIgniter->run()
WARNING - 2024-01-04 14:11:50 --> [DEPRECATED] Creation of dynamic property App\Controllers\obtenerTodosLosRegistros::$Datosbd_models is deprecated in APPPATH\Controllers\obtenerTodosLosRegistros.php on line 21.
 1 SYSTEMPATH\CodeIgniter.php(913): App\Controllers\obtenerTodosLosRegistros->__construct()
 2 SYSTEMPATH\CodeIgniter.php(493): CodeIgniter\CodeIgniter->createController()
 3 SYSTEMPATH\CodeIgniter.php(361): CodeIgniter\CodeIgniter->handleRequest(null, Object(Config\Cache), false)
 4 FCPATH\index.php(79): CodeIgniter\CodeIgniter->run()
WARNING - 2024-01-04 14:11:51 --> [DEPRECATED] Creation of dynamic property App\Controllers\obtenerTodosLosRegistros::$Datosbd_models is deprecated in APPPATH\Controllers\obtenerTodosLosRegistros.php on line 21.
 1 SYSTEMPATH\CodeIgniter.php(913): App\Controllers\obtenerTodosLosRegistros->__construct()
 2 SYSTEMPATH\CodeIgniter.php(493): CodeIgniter\CodeIgniter->createController()
 3 SYSTEMPATH\CodeIgniter.php(361): CodeIgniter\CodeIgniter->handleRequest(null, Object(Config\Cache), false)
 4 FCPATH\index.php(79): CodeIgniter\CodeIgniter->run()
WARNING - 2024-01-04 14:11:52 --> [DEPRECATED] Creation of dynamic property App\Controllers\obtenerTodosLosRegistros::$Datosbd_models is deprecated in APPPATH\Controllers\obtenerTodosLosRegistros.php on line 21.
 1 SYSTEMPATH\CodeIgniter.php(913): App\Controllers\obtenerTodosLosRegistros->__construct()
 2 SYSTEMPATH\CodeIgniter.php(493): CodeIgniter\CodeIgniter->createController()
 3 SYSTEMPATH\CodeIgniter.php(361): CodeIgniter\CodeIgniter->handleRequest(null, Object(Config\Cache), false)
 4 FCPATH\index.php(79): CodeIgniter\CodeIgniter->run()
WARNING - 2024-01-04 14:12:37 --> [DEPRECATED] Creation of dynamic property App\Controllers\obtenerTodosLosRegistros::$Datosbd_models is deprecated in APPPATH\Controllers\obtenerTodosLosRegistros.php on line 21.
 1 SYSTEMPATH\CodeIgniter.php(913): App\Controllers\obtenerTodosLosRegistros->__construct()
 2 SYSTEMPATH\CodeIgniter.php(493): CodeIgniter\CodeIgniter->createController()
 3 SYSTEMPATH\CodeIgniter.php(361): CodeIgniter\CodeIgniter->handleRequest(null, Object(Config\Cache), false)
 4 FCPATH\index.php(79): CodeIgniter\CodeIgniter->run()
WARNING - 2024-01-04 14:13:12 --> [DEPRECATED] Creation of dynamic property App\Controllers\obtenerTodosLosRegistros::$Datosbd_models is deprecated in APPPATH\Controllers\obtenerTodosLosRegistros.php on line 21.
 1 SYSTEMPATH\CodeIgniter.php(913): App\Controllers\obtenerTodosLosRegistros->__construct()
 2 SYSTEMPATH\CodeIgniter.php(493): CodeIgniter\CodeIgniter->createController()
 3 SYSTEMPATH\CodeIgniter.php(361): CodeIgniter\CodeIgniter->handleRequest(null, Object(Config\Cache), false)
 4 FCPATH\index.php(79): CodeIgniter\CodeIgniter->run()
WARNING - 2024-01-04 15:43:22 --> [DEPRECATED] Creation of dynamic property App\Controllers\obtenerTodosLosRegistros::$Datosbd_models is deprecated in APPPATH\Controllers\obtenerTodosLosRegistros.php on line 21.
 1 SYSTEMPATH\CodeIgniter.php(913): App\Controllers\obtenerTodosLosRegistros->__construct()
 2 SYSTEMPATH\CodeIgniter.php(493): CodeIgniter\CodeIgniter->createController()
 3 SYSTEMPATH\CodeIgniter.php(361): CodeIgniter\CodeIgniter->handleRequest(null, Object(Config\Cache), false)
 4 FCPATH\index.php(79): CodeIgniter\CodeIgniter->run()
CRITICAL - 2024-01-04 18:15:45 --> Error: Class "App\Models\UsuarioModel" not found
in APPPATH\Controllers\LoginController.php on line 20.
 1 SYSTEMPATH\CodeIgniter.php(941): App\Controllers\LoginController->autenticar()
 2 SYSTEMPATH\CodeIgniter.php(502): CodeIgniter\CodeIgniter->runController(Object(App\Controllers\LoginController))
 3 SYSTEMPATH\CodeIgniter.php(361): CodeIgniter\CodeIgniter->handleRequest(null, Object(Config\Cache), false)
 4 FCPATH\index.php(79): CodeIgniter\CodeIgniter->run()
CRITICAL - 2024-01-04 18:17:34 --> Error: Class "App\Models\UsuarioModel" not found
in APPPATH\Controllers\LoginController.php on line 20.
 1 SYSTEMPATH\CodeIgniter.php(941): App\Controllers\LoginController->autenticar()
 2 SYSTEMPATH\CodeIgniter.php(502): CodeIgniter\CodeIgniter->runController(Object(App\Controllers\LoginController))
 3 SYSTEMPATH\CodeIgniter.php(361): CodeIgniter\CodeIgniter->handleRequest(null, Object(Config\Cache), false)
 4 FCPATH\index.php(79): CodeIgniter\CodeIgniter->run()
CRITICAL - 2024-01-04 18:18:16 --> Error: Class "App\Models\UsuarioModel" not found
in APPPATH\Controllers\LoginController.php on line 20.
 1 SYSTEMPATH\CodeIgniter.php(941): App\Controllers\LoginController->autenticar()
 2 SYSTEMPATH\CodeIgniter.php(502): CodeIgniter\CodeIgniter->runController(Object(App\Controllers\LoginController))
 3 SYSTEMPATH\CodeIgniter.php(361): CodeIgniter\CodeIgniter->handleRequest(null, Object(Config\Cache), false)
 4 FCPATH\index.php(79): CodeIgniter\CodeIgniter->run()
CRITICAL - 2024-01-04 18:18:48 --> Error: Call to undefined method CodeIgniter\Database\SQLSRV\Connection::get()
in APPPATH\Models\UsuarioModel.php on line 16.
 1 APPPATH\Controllers\LoginController.php(21): App\Models\UsuarioModel->autenticar('admin', '1')
 2 SYSTEMPATH\CodeIgniter.php(941): App\Controllers\LoginController->autenticar()
 3 SYSTEMPATH\CodeIgniter.php(502): CodeIgniter\CodeIgniter->runController(Object(App\Controllers\LoginController))
 4 SYSTEMPATH\CodeIgniter.php(361): CodeIgniter\CodeIgniter->handleRequest(null, Object(Config\Cache), false)
 5 FCPATH\index.php(79): CodeIgniter\CodeIgniter->run()
CRITICAL - 2024-01-04 18:23:38 --> Error: Call to undefined method CodeIgniter\Database\SQLSRV\Connection::getRowArray()
in APPPATH\Models\UsuarioModel.php on line 15.
 1 APPPATH\Controllers\LoginController.php(21): App\Models\UsuarioModel->autenticar('admin', '1')
 2 SYSTEMPATH\CodeIgniter.php(941): App\Controllers\LoginController->autenticar()
 3 SYSTEMPATH\CodeIgniter.php(502): CodeIgniter\CodeIgniter->runController(Object(App\Controllers\LoginController))
 4 SYSTEMPATH\CodeIgniter.php(361): CodeIgniter\CodeIgniter->handleRequest(null, Object(Config\Cache), false)
 5 FCPATH\index.php(79): CodeIgniter\CodeIgniter->run()
INFO - 2024-01-04 18:52:16 --> Session: Class initialized using 'CodeIgniter\Session\Handlers\FileHandler' driver.
INFO - 2024-01-04 18:52:30 --> Session: Class initialized using 'CodeIgniter\Session\Handlers\FileHandler' driver.
CRITICAL - 2024-01-04 18:53:05 --> ErrorException: Undefined property: App\Controllers\LoginController::$session
in APPPATH\Controllers\LoginController.php on line 24.
 1 APPPATH\Controllers\LoginController.php(24): CodeIgniter\Debug\Exceptions->errorHandler(2, 'Undefined property: App\\Controllers\\LoginController::$session', 'C:\\xampp\\htdocs\\central\\app\\Controllers\\LoginController.php', 24)
 2 SYSTEMPATH\CodeIgniter.php(941): App\Controllers\LoginController->autenticar()
 3 SYSTEMPATH\CodeIgniter.php(502): CodeIgniter\CodeIgniter->runController(Object(App\Controllers\LoginController))
 4 SYSTEMPATH\CodeIgniter.php(361): CodeIgniter\CodeIgniter->handleRequest(null, Object(Config\Cache), false)
 5 FCPATH\index.php(79): CodeIgniter\CodeIgniter->run()
INFO - 2024-01-04 19:23:17 --> Session: Class initialized using 'CodeIgniter\Session\Handlers\FileHandler' driver.
INFO - 2024-01-04 19:27:57 --> Session: Class initialized using 'CodeIgniter\Session\Handlers\FileHandler' driver.
WARNING - 2024-01-04 19:27:57 --> Session: Sessions is enabled, and one exists. Please don't $session->start();
CRITICAL - 2024-01-04 19:27:57 --> ErrorException: Undefined array key "tipo_usuario"
in APPPATH\Controllers\LoginController.php on line 34.
 1 APPPATH\Controllers\LoginController.php(34): CodeIgniter\Debug\Exceptions->errorHandler(2, 'Undefined array key "tipo_usuario"', 'C:\\xampp\\htdocs\\central\\app\\Controllers\\LoginController.php', 34)
 2 SYSTEMPATH\CodeIgniter.php(941): App\Controllers\LoginController->autenticar()
 3 SYSTEMPATH\CodeIgniter.php(502): CodeIgniter\CodeIgniter->runController(Object(App\Controllers\LoginController))
 4 SYSTEMPATH\CodeIgniter.php(361): CodeIgniter\CodeIgniter->handleRequest(null, Object(Config\Cache), false)
 5 FCPATH\index.php(79): CodeIgniter\CodeIgniter->run()
INFO - 2024-01-04 19:49:57 --> Session: Class initialized using 'CodeIgniter\Session\Handlers\FileHandler' driver.
WARNING - 2024-01-04 19:49:57 --> Session: Sessions is enabled, and one exists. Please don't $session->start();
INFO - 2024-01-04 19:50:02 --> Session: Class initialized using 'CodeIgniter\Session\Handlers\FileHandler' driver.
WARNING - 2024-01-04 19:50:02 --> Session: Sessions is enabled, and one exists. Please don't $session->start();
INFO - 2024-01-04 19:50:15 --> Session: Class initialized using 'CodeIgniter\Session\Handlers\FileHandler' driver.
WARNING - 2024-01-04 19:50:15 --> Session: Sessions is enabled, and one exists. Please don't $session->start();
INFO - 2024-01-04 19:50:49 --> Session: Class initialized using 'CodeIgniter\Session\Handlers\FileHandler' driver.
WARNING - 2024-01-04 19:50:49 --> Session: Sessions is enabled, and one exists. Please don't $session->start();
INFO - 2024-01-04 19:50:55 --> Session: Class initialized using 'CodeIgniter\Session\Handlers\FileHandler' driver.
WARNING - 2024-01-04 19:50:55 --> Session: Sessions is enabled, and one exists. Please don't $session->start();
INFO - 2024-01-04 19:52:52 --> Session: Class initialized using 'CodeIgniter\Session\Handlers\FileHandler' driver.
WARNING - 2024-01-04 19:52:52 --> Session: Sessions is enabled, and one exists. Please don't $session->start();
INFO - 2024-01-04 19:58:58 --> Session: Class initialized using 'CodeIgniter\Session\Handlers\FileHandler' driver.
WARNING - 2024-01-04 19:58:58 --> Session: Sessions is enabled, and one exists. Please don't $session->start();
INFO - 2024-01-04 19:59:15 --> Session: Class initialized using 'CodeIgniter\Session\Handlers\FileHandler' driver.
WARNING - 2024-01-04 19:59:15 --> Session: Sessions is enabled, and one exists. Please don't $session->start();
INFO - 2024-01-04 20:00:44 --> Session: Class initialized using 'CodeIgniter\Session\Handlers\FileHandler' driver.
WARNING - 2024-01-04 20:00:44 --> Session: Sessions is enabled, and one exists. Please don't $session->start();
INFO - 2024-01-04 20:15:32 --> Session: Class initialized using 'CodeIgniter\Session\Handlers\FileHandler' driver.
WARNING - 2024-01-04 20:15:32 --> Session: Sessions is enabled, and one exists. Please don't $session->start();
INFO - 2024-01-04 20:15:42 --> Session: Class initialized using 'CodeIgniter\Session\Handlers\FileHandler' driver.
WARNING - 2024-01-04 20:15:42 --> Session: Sessions is enabled, and one exists. Please don't $session->start();
INFO - 2024-01-04 20:16:27 --> Session: Class initialized using 'CodeIgniter\Session\Handlers\FileHandler' driver.
WARNING - 2024-01-04 20:16:27 --> Session: Sessions is enabled, and one exists. Please don't $session->start();
INFO - 2024-01-04 20:39:01 --> Session: Class initialized using 'CodeIgniter\Session\Handlers\FileHandler' driver.
WARNING - 2024-01-04 20:39:01 --> Session: Sessions is enabled, and one exists. Please don't $session->start();
INFO - 2024-01-04 20:39:07 --> Session: Class initialized using 'CodeIgniter\Session\Handlers\FileHandler' driver.
WARNING - 2024-01-04 20:39:07 --> Session: Sessions is enabled, and one exists. Please don't $session->start();
INFO - 2024-01-04 20:39:56 --> Session: Class initialized using 'CodeIgniter\Session\Handlers\FileHandler' driver.
WARNING - 2024-01-04 20:39:56 --> Session: Sessions is enabled, and one exists. Please don't $session->start();
INFO - 2024-01-04 20:40:32 --> Session: Class initialized using 'CodeIgniter\Session\Handlers\FileHandler' driver.
WARNING - 2024-01-04 20:40:32 --> Session: Sessions is enabled, and one exists. Please don't $session->start();
INFO - 2024-01-04 20:49:58 --> Session: Class initialized using 'CodeIgniter\Session\Handlers\FileHandler' driver.
WARNING - 2024-01-04 20:49:58 --> Session: Sessions is enabled, and one exists. Please don't $session->start();
INFO - 2024-01-04 20:50:17 --> Session: Class initialized using 'CodeIgniter\Session\Handlers\FileHandler' driver.
WARNING - 2024-01-04 20:50:17 --> Session: Sessions is enabled, and one exists. Please don't $session->start();
INFO - 2024-01-04 22:30:06 --> Session: Class initialized using 'CodeIgniter\Session\Handlers\FileHandler' driver.
WARNING - 2024-01-04 22:30:06 --> Session: Sessions is enabled, and one exists. Please don't $session->start();
INFO - 2024-01-04 22:54:03 --> Session: Class initialized using 'CodeIgniter\Session\Handlers\FileHandler' driver.
WARNING - 2024-01-04 22:54:03 --> Session: Sessions is enabled, and one exists. Please don't $session->start();
INFO - 2024-01-04 22:54:42 --> Session: Class initialized using 'CodeIgniter\Session\Handlers\FileHandler' driver.
WARNING - 2024-01-04 22:54:42 --> Session: Sessions is enabled, and one exists. Please don't $session->start();
INFO - 2024-01-04 22:54:53 --> Session: Class initialized using 'CodeIgniter\Session\Handlers\FileHandler' driver.
WARNING - 2024-01-04 22:54:53 --> Session: Sessions is enabled, and one exists. Please don't $session->start();
