WARNING - 2024-01-12 11:34:19 --> [DEPRECATED] Creation of dynamic property App\Controllers\obtenerTodosLosRegistros::$Datosbd_models is deprecated in APPPATH\Controllers\obtenerTodosLosRegistros.php on line 21.
 1 SYSTEMPATH\CodeIgniter.php(913): App\Controllers\obtenerTodosLosRegistros->__construct()
 2 SYSTEMPATH\CodeIgniter.php(493): CodeIgniter\CodeIgniter->createController()
 3 SYSTEMPATH\CodeIgniter.php(361): CodeIgniter\CodeIgniter->handleRequest(null, Object(Config\Cache), false)
 4 FCPATH\index.php(79): CodeIgniter\CodeIgniter->run()
WARNING - 2024-01-12 11:34:56 --> [DEPRECATED] strtotime(): Passing null to parameter #1 ($datetime) of type string is deprecated in APPPATH\Controllers\ReportesController.php on line 14.
 1 APPPATH\Controllers\ReportesController.php(14): strtotime(null)
 2 SYSTEMPATH\CodeIgniter.php(941): App\Controllers\ReportesController->generarInforme()
 3 SYSTEMPATH\CodeIgniter.php(502): CodeIgniter\CodeIgniter->runController(Object(App\Controllers\ReportesController))
 4 SYSTEMPATH\CodeIgniter.php(361): CodeIgniter\CodeIgniter->handleRequest(null, Object(Config\Cache), false)
 5 FCPATH\index.php(79): CodeIgniter\CodeIgniter->run()
WARNING - 2024-01-12 11:34:56 --> [DEPRECATED] strtotime(): Passing null to parameter #1 ($datetime) of type string is deprecated in APPPATH\Controllers\ReportesController.php on line 15.
 1 APPPATH\Controllers\ReportesController.php(15): strtotime(null)
 2 SYSTEMPATH\CodeIgniter.php(941): App\Controllers\ReportesController->generarInforme()
 3 SYSTEMPATH\CodeIgniter.php(502): CodeIgniter\CodeIgniter->runController(Object(App\Controllers\ReportesController))
 4 SYSTEMPATH\CodeIgniter.php(361): CodeIgniter\CodeIgniter->handleRequest(null, Object(Config\Cache), false)
 5 FCPATH\index.php(79): CodeIgniter\CodeIgniter->run()
WARNING - 2024-01-12 11:35:35 --> [DEPRECATED] Creation of dynamic property App\Controllers\obtenerRegistros::$Datosbd_usuarios is deprecated in APPPATH\Controllers\obtenerRegistros.php on line 22.
 1 SYSTEMPATH\CodeIgniter.php(913): App\Controllers\obtenerRegistros->__construct()
 2 SYSTEMPATH\CodeIgniter.php(493): CodeIgniter\CodeIgniter->createController()
 3 SYSTEMPATH\CodeIgniter.php(361): CodeIgniter\CodeIgniter->handleRequest(null, Object(Config\Cache), false)
 4 FCPATH\index.php(79): CodeIgniter\CodeIgniter->run()
WARNING - 2024-01-12 11:35:51 --> [DEPRECATED] Creation of dynamic property App\Controllers\obtenerRegistros::$Datosbd_usuarios is deprecated in APPPATH\Controllers\obtenerRegistros.php on line 22.
 1 SYSTEMPATH\CodeIgniter.php(913): App\Controllers\obtenerRegistros->__construct()
 2 SYSTEMPATH\CodeIgniter.php(493): CodeIgniter\CodeIgniter->createController()
 3 SYSTEMPATH\CodeIgniter.php(361): CodeIgniter\CodeIgniter->handleRequest(null, Object(Config\Cache), false)
 4 FCPATH\index.php(79): CodeIgniter\CodeIgniter->run()
WARNING - 2024-01-12 11:59:52 --> [DEPRECATED] strtotime(): Passing null to parameter #1 ($datetime) of type string is deprecated in APPPATH\Controllers\ReportesController.php on line 14.
 1 APPPATH\Controllers\ReportesController.php(14): strtotime(null)
 2 SYSTEMPATH\CodeIgniter.php(941): App\Controllers\ReportesController->generarInforme()
 3 SYSTEMPATH\CodeIgniter.php(502): CodeIgniter\CodeIgniter->runController(Object(App\Controllers\ReportesController))
 4 SYSTEMPATH\CodeIgniter.php(361): CodeIgniter\CodeIgniter->handleRequest(null, Object(Config\Cache), false)
 5 FCPATH\index.php(79): CodeIgniter\CodeIgniter->run()
WARNING - 2024-01-12 11:59:52 --> [DEPRECATED] strtotime(): Passing null to parameter #1 ($datetime) of type string is deprecated in APPPATH\Controllers\ReportesController.php on line 15.
 1 APPPATH\Controllers\ReportesController.php(15): strtotime(null)
 2 SYSTEMPATH\CodeIgniter.php(941): App\Controllers\ReportesController->generarInforme()
 3 SYSTEMPATH\CodeIgniter.php(502): CodeIgniter\CodeIgniter->runController(Object(App\Controllers\ReportesController))
 4 SYSTEMPATH\CodeIgniter.php(361): CodeIgniter\CodeIgniter->handleRequest(null, Object(Config\Cache), false)
 5 FCPATH\index.php(79): CodeIgniter\CodeIgniter->run()
WARNING - 2024-01-12 12:01:25 --> [DEPRECATED] strtotime(): Passing null to parameter #1 ($datetime) of type string is deprecated in APPPATH\Controllers\ReportesController.php on line 14.
 1 APPPATH\Controllers\ReportesController.php(14): strtotime(null)
 2 SYSTEMPATH\CodeIgniter.php(941): App\Controllers\ReportesController->generarInforme()
 3 SYSTEMPATH\CodeIgniter.php(502): CodeIgniter\CodeIgniter->runController(Object(App\Controllers\ReportesController))
 4 SYSTEMPATH\CodeIgniter.php(361): CodeIgniter\CodeIgniter->handleRequest(null, Object(Config\Cache), false)
 5 FCPATH\index.php(79): CodeIgniter\CodeIgniter->run()
WARNING - 2024-01-12 12:01:25 --> [DEPRECATED] strtotime(): Passing null to parameter #1 ($datetime) of type string is deprecated in APPPATH\Controllers\ReportesController.php on line 15.
 1 APPPATH\Controllers\ReportesController.php(15): strtotime(null)
 2 SYSTEMPATH\CodeIgniter.php(941): App\Controllers\ReportesController->generarInforme()
 3 SYSTEMPATH\CodeIgniter.php(502): CodeIgniter\CodeIgniter->runController(Object(App\Controllers\ReportesController))
 4 SYSTEMPATH\CodeIgniter.php(361): CodeIgniter\CodeIgniter->handleRequest(null, Object(Config\Cache), false)
 5 FCPATH\index.php(79): CodeIgniter\CodeIgniter->run()
WARNING - 2024-01-12 12:03:27 --> [DEPRECATED] strtotime(): Passing null to parameter #1 ($datetime) of type string is deprecated in APPPATH\Controllers\ReportesController.php on line 14.
 1 APPPATH\Controllers\ReportesController.php(14): strtotime(null)
 2 SYSTEMPATH\CodeIgniter.php(941): App\Controllers\ReportesController->generarInforme()
 3 SYSTEMPATH\CodeIgniter.php(502): CodeIgniter\CodeIgniter->runController(Object(App\Controllers\ReportesController))
 4 SYSTEMPATH\CodeIgniter.php(361): CodeIgniter\CodeIgniter->handleRequest(null, Object(Config\Cache), false)
 5 FCPATH\index.php(79): CodeIgniter\CodeIgniter->run()
WARNING - 2024-01-12 12:03:27 --> [DEPRECATED] strtotime(): Passing null to parameter #1 ($datetime) of type string is deprecated in APPPATH\Controllers\ReportesController.php on line 15.
 1 APPPATH\Controllers\ReportesController.php(15): strtotime(null)
 2 SYSTEMPATH\CodeIgniter.php(941): App\Controllers\ReportesController->generarInforme()
 3 SYSTEMPATH\CodeIgniter.php(502): CodeIgniter\CodeIgniter->runController(Object(App\Controllers\ReportesController))
 4 SYSTEMPATH\CodeIgniter.php(361): CodeIgniter\CodeIgniter->handleRequest(null, Object(Config\Cache), false)
 5 FCPATH\index.php(79): CodeIgniter\CodeIgniter->run()
WARNING - 2024-01-12 12:06:10 --> [DEPRECATED] strtotime(): Passing null to parameter #1 ($datetime) of type string is deprecated in APPPATH\Controllers\ReportesController.php on line 14.
 1 APPPATH\Controllers\ReportesController.php(14): strtotime(null)
 2 SYSTEMPATH\CodeIgniter.php(941): App\Controllers\ReportesController->generarInforme()
 3 SYSTEMPATH\CodeIgniter.php(502): CodeIgniter\CodeIgniter->runController(Object(App\Controllers\ReportesController))
 4 SYSTEMPATH\CodeIgniter.php(361): CodeIgniter\CodeIgniter->handleRequest(null, Object(Config\Cache), false)
 5 FCPATH\index.php(79): CodeIgniter\CodeIgniter->run()
WARNING - 2024-01-12 12:06:10 --> [DEPRECATED] strtotime(): Passing null to parameter #1 ($datetime) of type string is deprecated in APPPATH\Controllers\ReportesController.php on line 15.
 1 APPPATH\Controllers\ReportesController.php(15): strtotime(null)
 2 SYSTEMPATH\CodeIgniter.php(941): App\Controllers\ReportesController->generarInforme()
 3 SYSTEMPATH\CodeIgniter.php(502): CodeIgniter\CodeIgniter->runController(Object(App\Controllers\ReportesController))
 4 SYSTEMPATH\CodeIgniter.php(361): CodeIgniter\CodeIgniter->handleRequest(null, Object(Config\Cache), false)
 5 FCPATH\index.php(79): CodeIgniter\CodeIgniter->run()
WARNING - 2024-01-12 15:27:32 --> [DEPRECATED] Creation of dynamic property App\Controllers\obtenerTodosLosRegistros::$Datosbd_models is deprecated in APPPATH\Controllers\obtenerTodosLosRegistros.php on line 21.
 1 SYSTEMPATH\CodeIgniter.php(913): App\Controllers\obtenerTodosLosRegistros->__construct()
 2 SYSTEMPATH\CodeIgniter.php(493): CodeIgniter\CodeIgniter->createController()
 3 SYSTEMPATH\CodeIgniter.php(361): CodeIgniter\CodeIgniter->handleRequest(null, Object(Config\Cache), false)
 4 FCPATH\index.php(79): CodeIgniter\CodeIgniter->run()
WARNING - 2024-01-12 18:13:22 --> [DEPRECATED] strtotime(): Passing null to parameter #1 ($datetime) of type string is deprecated in APPPATH\Controllers\ReportesController.php on line 14.
 1 APPPATH\Controllers\ReportesController.php(14): strtotime(null)
 2 SYSTEMPATH\CodeIgniter.php(941): App\Controllers\ReportesController->generarInforme()
 3 SYSTEMPATH\CodeIgniter.php(502): CodeIgniter\CodeIgniter->runController(Object(App\Controllers\ReportesController))
 4 SYSTEMPATH\CodeIgniter.php(361): CodeIgniter\CodeIgniter->handleRequest(null, Object(Config\Cache), false)
 5 FCPATH\index.php(79): CodeIgniter\CodeIgniter->run()
WARNING - 2024-01-12 18:13:22 --> [DEPRECATED] strtotime(): Passing null to parameter #1 ($datetime) of type string is deprecated in APPPATH\Controllers\ReportesController.php on line 15.
 1 APPPATH\Controllers\ReportesController.php(15): strtotime(null)
 2 SYSTEMPATH\CodeIgniter.php(941): App\Controllers\ReportesController->generarInforme()
 3 SYSTEMPATH\CodeIgniter.php(502): CodeIgniter\CodeIgniter->runController(Object(App\Controllers\ReportesController))
 4 SYSTEMPATH\CodeIgniter.php(361): CodeIgniter\CodeIgniter->handleRequest(null, Object(Config\Cache), false)
 5 FCPATH\index.php(79): CodeIgniter\CodeIgniter->run()
WARNING - 2024-01-12 18:14:34 --> [DEPRECATED] strtotime(): Passing null to parameter #1 ($datetime) of type string is deprecated in APPPATH\Controllers\ReportesController.php on line 14.
 1 APPPATH\Controllers\ReportesController.php(14): strtotime(null)
 2 SYSTEMPATH\CodeIgniter.php(941): App\Controllers\ReportesController->generarInforme()
 3 SYSTEMPATH\CodeIgniter.php(502): CodeIgniter\CodeIgniter->runController(Object(App\Controllers\ReportesController))
 4 SYSTEMPATH\CodeIgniter.php(361): CodeIgniter\CodeIgniter->handleRequest(null, Object(Config\Cache), false)
 5 FCPATH\index.php(79): CodeIgniter\CodeIgniter->run()
WARNING - 2024-01-12 18:14:34 --> [DEPRECATED] strtotime(): Passing null to parameter #1 ($datetime) of type string is deprecated in APPPATH\Controllers\ReportesController.php on line 15.
 1 APPPATH\Controllers\ReportesController.php(15): strtotime(null)
 2 SYSTEMPATH\CodeIgniter.php(941): App\Controllers\ReportesController->generarInforme()
 3 SYSTEMPATH\CodeIgniter.php(502): CodeIgniter\CodeIgniter->runController(Object(App\Controllers\ReportesController))
 4 SYSTEMPATH\CodeIgniter.php(361): CodeIgniter\CodeIgniter->handleRequest(null, Object(Config\Cache), false)
 5 FCPATH\index.php(79): CodeIgniter\CodeIgniter->run()
WARNING - 2024-01-12 18:14:43 --> [DEPRECATED] strtotime(): Passing null to parameter #1 ($datetime) of type string is deprecated in APPPATH\Controllers\ReportesController.php on line 14.
 1 APPPATH\Controllers\ReportesController.php(14): strtotime(null)
 2 SYSTEMPATH\CodeIgniter.php(941): App\Controllers\ReportesController->generarInforme()
 3 SYSTEMPATH\CodeIgniter.php(502): CodeIgniter\CodeIgniter->runController(Object(App\Controllers\ReportesController))
 4 SYSTEMPATH\CodeIgniter.php(361): CodeIgniter\CodeIgniter->handleRequest(null, Object(Config\Cache), false)
 5 FCPATH\index.php(79): CodeIgniter\CodeIgniter->run()
WARNING - 2024-01-12 18:14:43 --> [DEPRECATED] strtotime(): Passing null to parameter #1 ($datetime) of type string is deprecated in APPPATH\Controllers\ReportesController.php on line 15.
 1 APPPATH\Controllers\ReportesController.php(15): strtotime(null)
 2 SYSTEMPATH\CodeIgniter.php(941): App\Controllers\ReportesController->generarInforme()
 3 SYSTEMPATH\CodeIgniter.php(502): CodeIgniter\CodeIgniter->runController(Object(App\Controllers\ReportesController))
 4 SYSTEMPATH\CodeIgniter.php(361): CodeIgniter\CodeIgniter->handleRequest(null, Object(Config\Cache), false)
 5 FCPATH\index.php(79): CodeIgniter\CodeIgniter->run()
WARNING - 2024-01-12 18:16:06 --> [DEPRECATED] strtotime(): Passing null to parameter #1 ($datetime) of type string is deprecated in APPPATH\Controllers\ReportesController.php on line 14.
 1 APPPATH\Controllers\ReportesController.php(14): strtotime(null)
 2 SYSTEMPATH\CodeIgniter.php(941): App\Controllers\ReportesController->generarInforme()
 3 SYSTEMPATH\CodeIgniter.php(502): CodeIgniter\CodeIgniter->runController(Object(App\Controllers\ReportesController))
 4 SYSTEMPATH\CodeIgniter.php(361): CodeIgniter\CodeIgniter->handleRequest(null, Object(Config\Cache), false)
 5 FCPATH\index.php(79): CodeIgniter\CodeIgniter->run()
WARNING - 2024-01-12 18:16:06 --> [DEPRECATED] strtotime(): Passing null to parameter #1 ($datetime) of type string is deprecated in APPPATH\Controllers\ReportesController.php on line 15.
 1 APPPATH\Controllers\ReportesController.php(15): strtotime(null)
 2 SYSTEMPATH\CodeIgniter.php(941): App\Controllers\ReportesController->generarInforme()
 3 SYSTEMPATH\CodeIgniter.php(502): CodeIgniter\CodeIgniter->runController(Object(App\Controllers\ReportesController))
 4 SYSTEMPATH\CodeIgniter.php(361): CodeIgniter\CodeIgniter->handleRequest(null, Object(Config\Cache), false)
 5 FCPATH\index.php(79): CodeIgniter\CodeIgniter->run()
WARNING - 2024-01-12 18:16:27 --> [DEPRECATED] strtotime(): Passing null to parameter #1 ($datetime) of type string is deprecated in APPPATH\Controllers\ReportesController.php on line 14.
 1 APPPATH\Controllers\ReportesController.php(14): strtotime(null)
 2 SYSTEMPATH\CodeIgniter.php(941): App\Controllers\ReportesController->generarInforme()
 3 SYSTEMPATH\CodeIgniter.php(502): CodeIgniter\CodeIgniter->runController(Object(App\Controllers\ReportesController))
 4 SYSTEMPATH\CodeIgniter.php(361): CodeIgniter\CodeIgniter->handleRequest(null, Object(Config\Cache), false)
 5 FCPATH\index.php(79): CodeIgniter\CodeIgniter->run()
WARNING - 2024-01-12 18:16:27 --> [DEPRECATED] strtotime(): Passing null to parameter #1 ($datetime) of type string is deprecated in APPPATH\Controllers\ReportesController.php on line 15.
 1 APPPATH\Controllers\ReportesController.php(15): strtotime(null)
 2 SYSTEMPATH\CodeIgniter.php(941): App\Controllers\ReportesController->generarInforme()
 3 SYSTEMPATH\CodeIgniter.php(502): CodeIgniter\CodeIgniter->runController(Object(App\Controllers\ReportesController))
 4 SYSTEMPATH\CodeIgniter.php(361): CodeIgniter\CodeIgniter->handleRequest(null, Object(Config\Cache), false)
 5 FCPATH\index.php(79): CodeIgniter\CodeIgniter->run()
WARNING - 2024-01-12 18:17:34 --> [DEPRECATED] strtotime(): Passing null to parameter #1 ($datetime) of type string is deprecated in APPPATH\Controllers\ReportesController.php on line 14.
 1 APPPATH\Controllers\ReportesController.php(14): strtotime(null)
 2 SYSTEMPATH\CodeIgniter.php(941): App\Controllers\ReportesController->generarInforme()
 3 SYSTEMPATH\CodeIgniter.php(502): CodeIgniter\CodeIgniter->runController(Object(App\Controllers\ReportesController))
 4 SYSTEMPATH\CodeIgniter.php(361): CodeIgniter\CodeIgniter->handleRequest(null, Object(Config\Cache), false)
 5 FCPATH\index.php(79): CodeIgniter\CodeIgniter->run()
WARNING - 2024-01-12 18:17:34 --> [DEPRECATED] strtotime(): Passing null to parameter #1 ($datetime) of type string is deprecated in APPPATH\Controllers\ReportesController.php on line 15.
 1 APPPATH\Controllers\ReportesController.php(15): strtotime(null)
 2 SYSTEMPATH\CodeIgniter.php(941): App\Controllers\ReportesController->generarInforme()
 3 SYSTEMPATH\CodeIgniter.php(502): CodeIgniter\CodeIgniter->runController(Object(App\Controllers\ReportesController))
 4 SYSTEMPATH\CodeIgniter.php(361): CodeIgniter\CodeIgniter->handleRequest(null, Object(Config\Cache), false)
 5 FCPATH\index.php(79): CodeIgniter\CodeIgniter->run()
WARNING - 2024-01-12 18:18:02 --> [DEPRECATED] strtotime(): Passing null to parameter #1 ($datetime) of type string is deprecated in APPPATH\Controllers\ReportesController.php on line 14.
 1 APPPATH\Controllers\ReportesController.php(14): strtotime(null)
 2 SYSTEMPATH\CodeIgniter.php(941): App\Controllers\ReportesController->generarInforme()
 3 SYSTEMPATH\CodeIgniter.php(502): CodeIgniter\CodeIgniter->runController(Object(App\Controllers\ReportesController))
 4 SYSTEMPATH\CodeIgniter.php(361): CodeIgniter\CodeIgniter->handleRequest(null, Object(Config\Cache), false)
 5 FCPATH\index.php(79): CodeIgniter\CodeIgniter->run()
WARNING - 2024-01-12 18:18:02 --> [DEPRECATED] strtotime(): Passing null to parameter #1 ($datetime) of type string is deprecated in APPPATH\Controllers\ReportesController.php on line 15.
 1 APPPATH\Controllers\ReportesController.php(15): strtotime(null)
 2 SYSTEMPATH\CodeIgniter.php(941): App\Controllers\ReportesController->generarInforme()
 3 SYSTEMPATH\CodeIgniter.php(502): CodeIgniter\CodeIgniter->runController(Object(App\Controllers\ReportesController))
 4 SYSTEMPATH\CodeIgniter.php(361): CodeIgniter\CodeIgniter->handleRequest(null, Object(Config\Cache), false)
 5 FCPATH\index.php(79): CodeIgniter\CodeIgniter->run()
WARNING - 2024-01-12 18:19:13 --> [DEPRECATED] strtotime(): Passing null to parameter #1 ($datetime) of type string is deprecated in APPPATH\Controllers\ReportesController.php on line 14.
 1 APPPATH\Controllers\ReportesController.php(14): strtotime(null)
 2 SYSTEMPATH\CodeIgniter.php(941): App\Controllers\ReportesController->generarInforme()
 3 SYSTEMPATH\CodeIgniter.php(502): CodeIgniter\CodeIgniter->runController(Object(App\Controllers\ReportesController))
 4 SYSTEMPATH\CodeIgniter.php(361): CodeIgniter\CodeIgniter->handleRequest(null, Object(Config\Cache), false)
 5 FCPATH\index.php(79): CodeIgniter\CodeIgniter->run()
WARNING - 2024-01-12 18:19:13 --> [DEPRECATED] strtotime(): Passing null to parameter #1 ($datetime) of type string is deprecated in APPPATH\Controllers\ReportesController.php on line 15.
 1 APPPATH\Controllers\ReportesController.php(15): strtotime(null)
 2 SYSTEMPATH\CodeIgniter.php(941): App\Controllers\ReportesController->generarInforme()
 3 SYSTEMPATH\CodeIgniter.php(502): CodeIgniter\CodeIgniter->runController(Object(App\Controllers\ReportesController))
 4 SYSTEMPATH\CodeIgniter.php(361): CodeIgniter\CodeIgniter->handleRequest(null, Object(Config\Cache), false)
 5 FCPATH\index.php(79): CodeIgniter\CodeIgniter->run()
WARNING - 2024-01-12 18:19:52 --> [DEPRECATED] strtotime(): Passing null to parameter #1 ($datetime) of type string is deprecated in APPPATH\Controllers\ReportesController.php on line 14.
 1 APPPATH\Controllers\ReportesController.php(14): strtotime(null)
 2 SYSTEMPATH\CodeIgniter.php(941): App\Controllers\ReportesController->generarInforme()
 3 SYSTEMPATH\CodeIgniter.php(502): CodeIgniter\CodeIgniter->runController(Object(App\Controllers\ReportesController))
 4 SYSTEMPATH\CodeIgniter.php(361): CodeIgniter\CodeIgniter->handleRequest(null, Object(Config\Cache), false)
 5 FCPATH\index.php(79): CodeIgniter\CodeIgniter->run()
WARNING - 2024-01-12 18:19:52 --> [DEPRECATED] strtotime(): Passing null to parameter #1 ($datetime) of type string is deprecated in APPPATH\Controllers\ReportesController.php on line 15.
 1 APPPATH\Controllers\ReportesController.php(15): strtotime(null)
 2 SYSTEMPATH\CodeIgniter.php(941): App\Controllers\ReportesController->generarInforme()
 3 SYSTEMPATH\CodeIgniter.php(502): CodeIgniter\CodeIgniter->runController(Object(App\Controllers\ReportesController))
 4 SYSTEMPATH\CodeIgniter.php(361): CodeIgniter\CodeIgniter->handleRequest(null, Object(Config\Cache), false)
 5 FCPATH\index.php(79): CodeIgniter\CodeIgniter->run()
WARNING - 2024-01-12 18:24:17 --> [DEPRECATED] strtotime(): Passing null to parameter #1 ($datetime) of type string is deprecated in APPPATH\Controllers\ReportesController.php on line 14.
 1 APPPATH\Controllers\ReportesController.php(14): strtotime(null)
 2 SYSTEMPATH\CodeIgniter.php(941): App\Controllers\ReportesController->generarInforme()
 3 SYSTEMPATH\CodeIgniter.php(502): CodeIgniter\CodeIgniter->runController(Object(App\Controllers\ReportesController))
 4 SYSTEMPATH\CodeIgniter.php(361): CodeIgniter\CodeIgniter->handleRequest(null, Object(Config\Cache), false)
 5 FCPATH\index.php(79): CodeIgniter\CodeIgniter->run()
WARNING - 2024-01-12 18:24:17 --> [DEPRECATED] strtotime(): Passing null to parameter #1 ($datetime) of type string is deprecated in APPPATH\Controllers\ReportesController.php on line 15.
 1 APPPATH\Controllers\ReportesController.php(15): strtotime(null)
 2 SYSTEMPATH\CodeIgniter.php(941): App\Controllers\ReportesController->generarInforme()
 3 SYSTEMPATH\CodeIgniter.php(502): CodeIgniter\CodeIgniter->runController(Object(App\Controllers\ReportesController))
 4 SYSTEMPATH\CodeIgniter.php(361): CodeIgniter\CodeIgniter->handleRequest(null, Object(Config\Cache), false)
 5 FCPATH\index.php(79): CodeIgniter\CodeIgniter->run()
WARNING - 2024-01-12 18:27:45 --> [DEPRECATED] strtotime(): Passing null to parameter #1 ($datetime) of type string is deprecated in APPPATH\Controllers\ReportesController.php on line 14.
 1 APPPATH\Controllers\ReportesController.php(14): strtotime(null)
 2 SYSTEMPATH\CodeIgniter.php(941): App\Controllers\ReportesController->generarInforme()
 3 SYSTEMPATH\CodeIgniter.php(502): CodeIgniter\CodeIgniter->runController(Object(App\Controllers\ReportesController))
 4 SYSTEMPATH\CodeIgniter.php(361): CodeIgniter\CodeIgniter->handleRequest(null, Object(Config\Cache), false)
 5 FCPATH\index.php(79): CodeIgniter\CodeIgniter->run()
WARNING - 2024-01-12 18:27:45 --> [DEPRECATED] strtotime(): Passing null to parameter #1 ($datetime) of type string is deprecated in APPPATH\Controllers\ReportesController.php on line 15.
 1 APPPATH\Controllers\ReportesController.php(15): strtotime(null)
 2 SYSTEMPATH\CodeIgniter.php(941): App\Controllers\ReportesController->generarInforme()
 3 SYSTEMPATH\CodeIgniter.php(502): CodeIgniter\CodeIgniter->runController(Object(App\Controllers\ReportesController))
 4 SYSTEMPATH\CodeIgniter.php(361): CodeIgniter\CodeIgniter->handleRequest(null, Object(Config\Cache), false)
 5 FCPATH\index.php(79): CodeIgniter\CodeIgniter->run()
WARNING - 2024-01-12 18:30:03 --> [DEPRECATED] Creation of dynamic property App\Controllers\obtenerTodosLosRegistros::$Datosbd_models is deprecated in APPPATH\Controllers\obtenerTodosLosRegistros.php on line 21.
 1 SYSTEMPATH\CodeIgniter.php(913): App\Controllers\obtenerTodosLosRegistros->__construct()
 2 SYSTEMPATH\CodeIgniter.php(493): CodeIgniter\CodeIgniter->createController()
 3 SYSTEMPATH\CodeIgniter.php(361): CodeIgniter\CodeIgniter->handleRequest(null, Object(Config\Cache), false)
 4 FCPATH\index.php(79): CodeIgniter\CodeIgniter->run()
WARNING - 2024-01-12 18:31:01 --> [DEPRECATED] Creation of dynamic property App\Controllers\obtenerRegistros::$Datosbd_usuarios is deprecated in APPPATH\Controllers\obtenerRegistros.php on line 22.
 1 SYSTEMPATH\CodeIgniter.php(913): App\Controllers\obtenerRegistros->__construct()
 2 SYSTEMPATH\CodeIgniter.php(493): CodeIgniter\CodeIgniter->createController()
 3 SYSTEMPATH\CodeIgniter.php(361): CodeIgniter\CodeIgniter->handleRequest(null, Object(Config\Cache), false)
 4 FCPATH\index.php(79): CodeIgniter\CodeIgniter->run()
WARNING - 2024-01-12 18:32:47 --> [DEPRECATED] Creation of dynamic property App\Controllers\obtenerTodosLosRegistros::$Datosbd_models is deprecated in APPPATH\Controllers\obtenerTodosLosRegistros.php on line 21.
 1 SYSTEMPATH\CodeIgniter.php(913): App\Controllers\obtenerTodosLosRegistros->__construct()
 2 SYSTEMPATH\CodeIgniter.php(493): CodeIgniter\CodeIgniter->createController()
 3 SYSTEMPATH\CodeIgniter.php(361): CodeIgniter\CodeIgniter->handleRequest(null, Object(Config\Cache), false)
 4 FCPATH\index.php(79): CodeIgniter\CodeIgniter->run()
WARNING - 2024-01-12 18:33:20 --> [DEPRECATED] Creation of dynamic property App\Controllers\obtenerTodosLosRegistros::$Datosbd_models is deprecated in APPPATH\Controllers\obtenerTodosLosRegistros.php on line 21.
 1 SYSTEMPATH\CodeIgniter.php(913): App\Controllers\obtenerTodosLosRegistros->__construct()
 2 SYSTEMPATH\CodeIgniter.php(493): CodeIgniter\CodeIgniter->createController()
 3 SYSTEMPATH\CodeIgniter.php(361): CodeIgniter\CodeIgniter->handleRequest(null, Object(Config\Cache), false)
 4 FCPATH\index.php(79): CodeIgniter\CodeIgniter->run()
WARNING - 2024-01-12 18:41:15 --> [DEPRECATED] strtotime(): Passing null to parameter #1 ($datetime) of type string is deprecated in APPPATH\Controllers\ReportesController.php on line 14.
 1 APPPATH\Controllers\ReportesController.php(14): strtotime(null)
 2 SYSTEMPATH\CodeIgniter.php(941): App\Controllers\ReportesController->generarInforme()
 3 SYSTEMPATH\CodeIgniter.php(502): CodeIgniter\CodeIgniter->runController(Object(App\Controllers\ReportesController))
 4 SYSTEMPATH\CodeIgniter.php(361): CodeIgniter\CodeIgniter->handleRequest(null, Object(Config\Cache), false)
 5 FCPATH\index.php(79): CodeIgniter\CodeIgniter->run()
WARNING - 2024-01-12 18:41:15 --> [DEPRECATED] strtotime(): Passing null to parameter #1 ($datetime) of type string is deprecated in APPPATH\Controllers\ReportesController.php on line 15.
 1 APPPATH\Controllers\ReportesController.php(15): strtotime(null)
 2 SYSTEMPATH\CodeIgniter.php(941): App\Controllers\ReportesController->generarInforme()
 3 SYSTEMPATH\CodeIgniter.php(502): CodeIgniter\CodeIgniter->runController(Object(App\Controllers\ReportesController))
 4 SYSTEMPATH\CodeIgniter.php(361): CodeIgniter\CodeIgniter->handleRequest(null, Object(Config\Cache), false)
 5 FCPATH\index.php(79): CodeIgniter\CodeIgniter->run()
WARNING - 2024-01-12 18:42:18 --> [DEPRECATED] strtotime(): Passing null to parameter #1 ($datetime) of type string is deprecated in APPPATH\Controllers\ReportesController.php on line 14.
 1 APPPATH\Controllers\ReportesController.php(14): strtotime(null)
 2 SYSTEMPATH\CodeIgniter.php(941): App\Controllers\ReportesController->generarInforme()
 3 SYSTEMPATH\CodeIgniter.php(502): CodeIgniter\CodeIgniter->runController(Object(App\Controllers\ReportesController))
 4 SYSTEMPATH\CodeIgniter.php(361): CodeIgniter\CodeIgniter->handleRequest(null, Object(Config\Cache), false)
 5 FCPATH\index.php(79): CodeIgniter\CodeIgniter->run()
WARNING - 2024-01-12 18:42:18 --> [DEPRECATED] strtotime(): Passing null to parameter #1 ($datetime) of type string is deprecated in APPPATH\Controllers\ReportesController.php on line 15.
 1 APPPATH\Controllers\ReportesController.php(15): strtotime(null)
 2 SYSTEMPATH\CodeIgniter.php(941): App\Controllers\ReportesController->generarInforme()
 3 SYSTEMPATH\CodeIgniter.php(502): CodeIgniter\CodeIgniter->runController(Object(App\Controllers\ReportesController))
 4 SYSTEMPATH\CodeIgniter.php(361): CodeIgniter\CodeIgniter->handleRequest(null, Object(Config\Cache), false)
 5 FCPATH\index.php(79): CodeIgniter\CodeIgniter->run()
WARNING - 2024-01-12 18:43:13 --> [DEPRECATED] strtotime(): Passing null to parameter #1 ($datetime) of type string is deprecated in APPPATH\Controllers\ReportesController.php on line 14.
 1 APPPATH\Controllers\ReportesController.php(14): strtotime(null)
 2 SYSTEMPATH\CodeIgniter.php(941): App\Controllers\ReportesController->generarInforme()
 3 SYSTEMPATH\CodeIgniter.php(502): CodeIgniter\CodeIgniter->runController(Object(App\Controllers\ReportesController))
 4 SYSTEMPATH\CodeIgniter.php(361): CodeIgniter\CodeIgniter->handleRequest(null, Object(Config\Cache), false)
 5 FCPATH\index.php(79): CodeIgniter\CodeIgniter->run()
WARNING - 2024-01-12 18:43:13 --> [DEPRECATED] strtotime(): Passing null to parameter #1 ($datetime) of type string is deprecated in APPPATH\Controllers\ReportesController.php on line 15.
 1 APPPATH\Controllers\ReportesController.php(15): strtotime(null)
 2 SYSTEMPATH\CodeIgniter.php(941): App\Controllers\ReportesController->generarInforme()
 3 SYSTEMPATH\CodeIgniter.php(502): CodeIgniter\CodeIgniter->runController(Object(App\Controllers\ReportesController))
 4 SYSTEMPATH\CodeIgniter.php(361): CodeIgniter\CodeIgniter->handleRequest(null, Object(Config\Cache), false)
 5 FCPATH\index.php(79): CodeIgniter\CodeIgniter->run()
WARNING - 2024-01-12 18:43:52 --> [DEPRECATED] strtotime(): Passing null to parameter #1 ($datetime) of type string is deprecated in APPPATH\Controllers\ReportesController.php on line 14.
 1 APPPATH\Controllers\ReportesController.php(14): strtotime(null)
 2 SYSTEMPATH\CodeIgniter.php(941): App\Controllers\ReportesController->generarInforme()
 3 SYSTEMPATH\CodeIgniter.php(502): CodeIgniter\CodeIgniter->runController(Object(App\Controllers\ReportesController))
 4 SYSTEMPATH\CodeIgniter.php(361): CodeIgniter\CodeIgniter->handleRequest(null, Object(Config\Cache), false)
 5 FCPATH\index.php(79): CodeIgniter\CodeIgniter->run()
WARNING - 2024-01-12 18:43:52 --> [DEPRECATED] strtotime(): Passing null to parameter #1 ($datetime) of type string is deprecated in APPPATH\Controllers\ReportesController.php on line 15.
 1 APPPATH\Controllers\ReportesController.php(15): strtotime(null)
 2 SYSTEMPATH\CodeIgniter.php(941): App\Controllers\ReportesController->generarInforme()
 3 SYSTEMPATH\CodeIgniter.php(502): CodeIgniter\CodeIgniter->runController(Object(App\Controllers\ReportesController))
 4 SYSTEMPATH\CodeIgniter.php(361): CodeIgniter\CodeIgniter->handleRequest(null, Object(Config\Cache), false)
 5 FCPATH\index.php(79): CodeIgniter\CodeIgniter->run()
WARNING - 2024-01-12 18:50:27 --> [DEPRECATED] strtotime(): Passing null to parameter #1 ($datetime) of type string is deprecated in APPPATH\Controllers\ReportesController.php on line 14.
 1 APPPATH\Controllers\ReportesController.php(14): strtotime(null)
 2 SYSTEMPATH\CodeIgniter.php(941): App\Controllers\ReportesController->generarInforme()
 3 SYSTEMPATH\CodeIgniter.php(502): CodeIgniter\CodeIgniter->runController(Object(App\Controllers\ReportesController))
 4 SYSTEMPATH\CodeIgniter.php(361): CodeIgniter\CodeIgniter->handleRequest(null, Object(Config\Cache), false)
 5 FCPATH\index.php(79): CodeIgniter\CodeIgniter->run()
WARNING - 2024-01-12 18:50:27 --> [DEPRECATED] strtotime(): Passing null to parameter #1 ($datetime) of type string is deprecated in APPPATH\Controllers\ReportesController.php on line 15.
 1 APPPATH\Controllers\ReportesController.php(15): strtotime(null)
 2 SYSTEMPATH\CodeIgniter.php(941): App\Controllers\ReportesController->generarInforme()
 3 SYSTEMPATH\CodeIgniter.php(502): CodeIgniter\CodeIgniter->runController(Object(App\Controllers\ReportesController))
 4 SYSTEMPATH\CodeIgniter.php(361): CodeIgniter\CodeIgniter->handleRequest(null, Object(Config\Cache), false)
 5 FCPATH\index.php(79): CodeIgniter\CodeIgniter->run()
WARNING - 2024-01-12 18:50:52 --> [DEPRECATED] strtotime(): Passing null to parameter #1 ($datetime) of type string is deprecated in APPPATH\Controllers\ReportesController.php on line 14.
 1 APPPATH\Controllers\ReportesController.php(14): strtotime(null)
 2 SYSTEMPATH\CodeIgniter.php(941): App\Controllers\ReportesController->generarInforme()
 3 SYSTEMPATH\CodeIgniter.php(502): CodeIgniter\CodeIgniter->runController(Object(App\Controllers\ReportesController))
 4 SYSTEMPATH\CodeIgniter.php(361): CodeIgniter\CodeIgniter->handleRequest(null, Object(Config\Cache), false)
 5 FCPATH\index.php(79): CodeIgniter\CodeIgniter->run()
WARNING - 2024-01-12 18:50:52 --> [DEPRECATED] strtotime(): Passing null to parameter #1 ($datetime) of type string is deprecated in APPPATH\Controllers\ReportesController.php on line 15.
 1 APPPATH\Controllers\ReportesController.php(15): strtotime(null)
 2 SYSTEMPATH\CodeIgniter.php(941): App\Controllers\ReportesController->generarInforme()
 3 SYSTEMPATH\CodeIgniter.php(502): CodeIgniter\CodeIgniter->runController(Object(App\Controllers\ReportesController))
 4 SYSTEMPATH\CodeIgniter.php(361): CodeIgniter\CodeIgniter->handleRequest(null, Object(Config\Cache), false)
 5 FCPATH\index.php(79): CodeIgniter\CodeIgniter->run()
WARNING - 2024-01-12 19:01:52 --> [DEPRECATED] Creation of dynamic property App\Controllers\obtenerTodosLosRegistros::$Datosbd_models is deprecated in APPPATH\Controllers\obtenerTodosLosRegistros.php on line 21.
 1 SYSTEMPATH\CodeIgniter.php(913): App\Controllers\obtenerTodosLosRegistros->__construct()
 2 SYSTEMPATH\CodeIgniter.php(493): CodeIgniter\CodeIgniter->createController()
 3 SYSTEMPATH\CodeIgniter.php(361): CodeIgniter\CodeIgniter->handleRequest(null, Object(Config\Cache), false)
 4 FCPATH\index.php(79): CodeIgniter\CodeIgniter->run()
WARNING - 2024-01-12 19:11:55 --> [DEPRECATED] strtotime(): Passing null to parameter #1 ($datetime) of type string is deprecated in APPPATH\Controllers\ReportesController.php on line 14.
 1 APPPATH\Controllers\ReportesController.php(14): strtotime(null)
 2 SYSTEMPATH\CodeIgniter.php(941): App\Controllers\ReportesController->generarInforme()
 3 SYSTEMPATH\CodeIgniter.php(502): CodeIgniter\CodeIgniter->runController(Object(App\Controllers\ReportesController))
 4 SYSTEMPATH\CodeIgniter.php(361): CodeIgniter\CodeIgniter->handleRequest(null, Object(Config\Cache), false)
 5 FCPATH\index.php(79): CodeIgniter\CodeIgniter->run()
WARNING - 2024-01-12 19:11:55 --> [DEPRECATED] strtotime(): Passing null to parameter #1 ($datetime) of type string is deprecated in APPPATH\Controllers\ReportesController.php on line 15.
 1 APPPATH\Controllers\ReportesController.php(15): strtotime(null)
 2 SYSTEMPATH\CodeIgniter.php(941): App\Controllers\ReportesController->generarInforme()
 3 SYSTEMPATH\CodeIgniter.php(502): CodeIgniter\CodeIgniter->runController(Object(App\Controllers\ReportesController))
 4 SYSTEMPATH\CodeIgniter.php(361): CodeIgniter\CodeIgniter->handleRequest(null, Object(Config\Cache), false)
 5 FCPATH\index.php(79): CodeIgniter\CodeIgniter->run()
WARNING - 2024-01-12 19:12:09 --> [DEPRECATED] strtotime(): Passing null to parameter #1 ($datetime) of type string is deprecated in APPPATH\Controllers\ReportesController.php on line 14.
 1 APPPATH\Controllers\ReportesController.php(14): strtotime(null)
 2 SYSTEMPATH\CodeIgniter.php(941): App\Controllers\ReportesController->generarInforme()
 3 SYSTEMPATH\CodeIgniter.php(502): CodeIgniter\CodeIgniter->runController(Object(App\Controllers\ReportesController))
 4 SYSTEMPATH\CodeIgniter.php(361): CodeIgniter\CodeIgniter->handleRequest(null, Object(Config\Cache), false)
 5 FCPATH\index.php(79): CodeIgniter\CodeIgniter->run()
WARNING - 2024-01-12 19:12:09 --> [DEPRECATED] strtotime(): Passing null to parameter #1 ($datetime) of type string is deprecated in APPPATH\Controllers\ReportesController.php on line 15.
 1 APPPATH\Controllers\ReportesController.php(15): strtotime(null)
 2 SYSTEMPATH\CodeIgniter.php(941): App\Controllers\ReportesController->generarInforme()
 3 SYSTEMPATH\CodeIgniter.php(502): CodeIgniter\CodeIgniter->runController(Object(App\Controllers\ReportesController))
 4 SYSTEMPATH\CodeIgniter.php(361): CodeIgniter\CodeIgniter->handleRequest(null, Object(Config\Cache), false)
 5 FCPATH\index.php(79): CodeIgniter\CodeIgniter->run()
WARNING - 2024-01-12 19:12:24 --> [DEPRECATED] strtotime(): Passing null to parameter #1 ($datetime) of type string is deprecated in APPPATH\Controllers\ReportesController.php on line 14.
 1 APPPATH\Controllers\ReportesController.php(14): strtotime(null)
 2 SYSTEMPATH\CodeIgniter.php(941): App\Controllers\ReportesController->generarInforme()
 3 SYSTEMPATH\CodeIgniter.php(502): CodeIgniter\CodeIgniter->runController(Object(App\Controllers\ReportesController))
 4 SYSTEMPATH\CodeIgniter.php(361): CodeIgniter\CodeIgniter->handleRequest(null, Object(Config\Cache), false)
 5 FCPATH\index.php(79): CodeIgniter\CodeIgniter->run()
WARNING - 2024-01-12 19:12:24 --> [DEPRECATED] strtotime(): Passing null to parameter #1 ($datetime) of type string is deprecated in APPPATH\Controllers\ReportesController.php on line 15.
 1 APPPATH\Controllers\ReportesController.php(15): strtotime(null)
 2 SYSTEMPATH\CodeIgniter.php(941): App\Controllers\ReportesController->generarInforme()
 3 SYSTEMPATH\CodeIgniter.php(502): CodeIgniter\CodeIgniter->runController(Object(App\Controllers\ReportesController))
 4 SYSTEMPATH\CodeIgniter.php(361): CodeIgniter\CodeIgniter->handleRequest(null, Object(Config\Cache), false)
 5 FCPATH\index.php(79): CodeIgniter\CodeIgniter->run()
WARNING - 2024-01-12 19:15:03 --> [DEPRECATED] strtotime(): Passing null to parameter #1 ($datetime) of type string is deprecated in APPPATH\Controllers\ReportesController.php on line 14.
 1 APPPATH\Controllers\ReportesController.php(14): strtotime(null)
 2 SYSTEMPATH\CodeIgniter.php(941): App\Controllers\ReportesController->generarInforme()
 3 SYSTEMPATH\CodeIgniter.php(502): CodeIgniter\CodeIgniter->runController(Object(App\Controllers\ReportesController))
 4 SYSTEMPATH\CodeIgniter.php(361): CodeIgniter\CodeIgniter->handleRequest(null, Object(Config\Cache), false)
 5 FCPATH\index.php(79): CodeIgniter\CodeIgniter->run()
WARNING - 2024-01-12 19:15:03 --> [DEPRECATED] strtotime(): Passing null to parameter #1 ($datetime) of type string is deprecated in APPPATH\Controllers\ReportesController.php on line 15.
 1 APPPATH\Controllers\ReportesController.php(15): strtotime(null)
 2 SYSTEMPATH\CodeIgniter.php(941): App\Controllers\ReportesController->generarInforme()
 3 SYSTEMPATH\CodeIgniter.php(502): CodeIgniter\CodeIgniter->runController(Object(App\Controllers\ReportesController))
 4 SYSTEMPATH\CodeIgniter.php(361): CodeIgniter\CodeIgniter->handleRequest(null, Object(Config\Cache), false)
 5 FCPATH\index.php(79): CodeIgniter\CodeIgniter->run()
WARNING - 2024-01-12 19:15:23 --> [DEPRECATED] strtotime(): Passing null to parameter #1 ($datetime) of type string is deprecated in APPPATH\Controllers\ReportesController.php on line 14.
 1 APPPATH\Controllers\ReportesController.php(14): strtotime(null)
 2 SYSTEMPATH\CodeIgniter.php(941): App\Controllers\ReportesController->generarInforme()
 3 SYSTEMPATH\CodeIgniter.php(502): CodeIgniter\CodeIgniter->runController(Object(App\Controllers\ReportesController))
 4 SYSTEMPATH\CodeIgniter.php(361): CodeIgniter\CodeIgniter->handleRequest(null, Object(Config\Cache), false)
 5 FCPATH\index.php(79): CodeIgniter\CodeIgniter->run()
WARNING - 2024-01-12 19:15:23 --> [DEPRECATED] strtotime(): Passing null to parameter #1 ($datetime) of type string is deprecated in APPPATH\Controllers\ReportesController.php on line 15.
 1 APPPATH\Controllers\ReportesController.php(15): strtotime(null)
 2 SYSTEMPATH\CodeIgniter.php(941): App\Controllers\ReportesController->generarInforme()
 3 SYSTEMPATH\CodeIgniter.php(502): CodeIgniter\CodeIgniter->runController(Object(App\Controllers\ReportesController))
 4 SYSTEMPATH\CodeIgniter.php(361): CodeIgniter\CodeIgniter->handleRequest(null, Object(Config\Cache), false)
 5 FCPATH\index.php(79): CodeIgniter\CodeIgniter->run()
WARNING - 2024-01-12 19:15:38 --> [DEPRECATED] strtotime(): Passing null to parameter #1 ($datetime) of type string is deprecated in APPPATH\Controllers\ReportesController.php on line 14.
 1 APPPATH\Controllers\ReportesController.php(14): strtotime(null)
 2 SYSTEMPATH\CodeIgniter.php(941): App\Controllers\ReportesController->generarInforme()
 3 SYSTEMPATH\CodeIgniter.php(502): CodeIgniter\CodeIgniter->runController(Object(App\Controllers\ReportesController))
 4 SYSTEMPATH\CodeIgniter.php(361): CodeIgniter\CodeIgniter->handleRequest(null, Object(Config\Cache), false)
 5 FCPATH\index.php(79): CodeIgniter\CodeIgniter->run()
WARNING - 2024-01-12 19:15:38 --> [DEPRECATED] strtotime(): Passing null to parameter #1 ($datetime) of type string is deprecated in APPPATH\Controllers\ReportesController.php on line 15.
 1 APPPATH\Controllers\ReportesController.php(15): strtotime(null)
 2 SYSTEMPATH\CodeIgniter.php(941): App\Controllers\ReportesController->generarInforme()
 3 SYSTEMPATH\CodeIgniter.php(502): CodeIgniter\CodeIgniter->runController(Object(App\Controllers\ReportesController))
 4 SYSTEMPATH\CodeIgniter.php(361): CodeIgniter\CodeIgniter->handleRequest(null, Object(Config\Cache), false)
 5 FCPATH\index.php(79): CodeIgniter\CodeIgniter->run()
WARNING - 2024-01-12 19:15:56 --> [DEPRECATED] strtotime(): Passing null to parameter #1 ($datetime) of type string is deprecated in APPPATH\Controllers\ReportesController.php on line 14.
 1 APPPATH\Controllers\ReportesController.php(14): strtotime(null)
 2 SYSTEMPATH\CodeIgniter.php(941): App\Controllers\ReportesController->generarInforme()
 3 SYSTEMPATH\CodeIgniter.php(502): CodeIgniter\CodeIgniter->runController(Object(App\Controllers\ReportesController))
 4 SYSTEMPATH\CodeIgniter.php(361): CodeIgniter\CodeIgniter->handleRequest(null, Object(Config\Cache), false)
 5 FCPATH\index.php(79): CodeIgniter\CodeIgniter->run()
WARNING - 2024-01-12 19:15:56 --> [DEPRECATED] strtotime(): Passing null to parameter #1 ($datetime) of type string is deprecated in APPPATH\Controllers\ReportesController.php on line 15.
 1 APPPATH\Controllers\ReportesController.php(15): strtotime(null)
 2 SYSTEMPATH\CodeIgniter.php(941): App\Controllers\ReportesController->generarInforme()
 3 SYSTEMPATH\CodeIgniter.php(502): CodeIgniter\CodeIgniter->runController(Object(App\Controllers\ReportesController))
 4 SYSTEMPATH\CodeIgniter.php(361): CodeIgniter\CodeIgniter->handleRequest(null, Object(Config\Cache), false)
 5 FCPATH\index.php(79): CodeIgniter\CodeIgniter->run()
WARNING - 2024-01-12 19:16:28 --> [DEPRECATED] strtotime(): Passing null to parameter #1 ($datetime) of type string is deprecated in APPPATH\Controllers\ReportesController.php on line 14.
 1 APPPATH\Controllers\ReportesController.php(14): strtotime(null)
 2 SYSTEMPATH\CodeIgniter.php(941): App\Controllers\ReportesController->generarInforme()
 3 SYSTEMPATH\CodeIgniter.php(502): CodeIgniter\CodeIgniter->runController(Object(App\Controllers\ReportesController))
 4 SYSTEMPATH\CodeIgniter.php(361): CodeIgniter\CodeIgniter->handleRequest(null, Object(Config\Cache), false)
 5 FCPATH\index.php(79): CodeIgniter\CodeIgniter->run()
WARNING - 2024-01-12 19:16:28 --> [DEPRECATED] strtotime(): Passing null to parameter #1 ($datetime) of type string is deprecated in APPPATH\Controllers\ReportesController.php on line 15.
 1 APPPATH\Controllers\ReportesController.php(15): strtotime(null)
 2 SYSTEMPATH\CodeIgniter.php(941): App\Controllers\ReportesController->generarInforme()
 3 SYSTEMPATH\CodeIgniter.php(502): CodeIgniter\CodeIgniter->runController(Object(App\Controllers\ReportesController))
 4 SYSTEMPATH\CodeIgniter.php(361): CodeIgniter\CodeIgniter->handleRequest(null, Object(Config\Cache), false)
 5 FCPATH\index.php(79): CodeIgniter\CodeIgniter->run()
WARNING - 2024-01-12 19:16:53 --> [DEPRECATED] strtotime(): Passing null to parameter #1 ($datetime) of type string is deprecated in APPPATH\Controllers\ReportesController.php on line 14.
 1 APPPATH\Controllers\ReportesController.php(14): strtotime(null)
 2 SYSTEMPATH\CodeIgniter.php(941): App\Controllers\ReportesController->generarInforme()
 3 SYSTEMPATH\CodeIgniter.php(502): CodeIgniter\CodeIgniter->runController(Object(App\Controllers\ReportesController))
 4 SYSTEMPATH\CodeIgniter.php(361): CodeIgniter\CodeIgniter->handleRequest(null, Object(Config\Cache), false)
 5 FCPATH\index.php(79): CodeIgniter\CodeIgniter->run()
WARNING - 2024-01-12 19:16:53 --> [DEPRECATED] strtotime(): Passing null to parameter #1 ($datetime) of type string is deprecated in APPPATH\Controllers\ReportesController.php on line 15.
 1 APPPATH\Controllers\ReportesController.php(15): strtotime(null)
 2 SYSTEMPATH\CodeIgniter.php(941): App\Controllers\ReportesController->generarInforme()
 3 SYSTEMPATH\CodeIgniter.php(502): CodeIgniter\CodeIgniter->runController(Object(App\Controllers\ReportesController))
 4 SYSTEMPATH\CodeIgniter.php(361): CodeIgniter\CodeIgniter->handleRequest(null, Object(Config\Cache), false)
 5 FCPATH\index.php(79): CodeIgniter\CodeIgniter->run()
WARNING - 2024-01-12 19:17:22 --> [DEPRECATED] strtotime(): Passing null to parameter #1 ($datetime) of type string is deprecated in APPPATH\Controllers\ReportesController.php on line 14.
 1 APPPATH\Controllers\ReportesController.php(14): strtotime(null)
 2 SYSTEMPATH\CodeIgniter.php(941): App\Controllers\ReportesController->generarInforme()
 3 SYSTEMPATH\CodeIgniter.php(502): CodeIgniter\CodeIgniter->runController(Object(App\Controllers\ReportesController))
 4 SYSTEMPATH\CodeIgniter.php(361): CodeIgniter\CodeIgniter->handleRequest(null, Object(Config\Cache), false)
 5 FCPATH\index.php(79): CodeIgniter\CodeIgniter->run()
WARNING - 2024-01-12 19:17:22 --> [DEPRECATED] strtotime(): Passing null to parameter #1 ($datetime) of type string is deprecated in APPPATH\Controllers\ReportesController.php on line 15.
 1 APPPATH\Controllers\ReportesController.php(15): strtotime(null)
 2 SYSTEMPATH\CodeIgniter.php(941): App\Controllers\ReportesController->generarInforme()
 3 SYSTEMPATH\CodeIgniter.php(502): CodeIgniter\CodeIgniter->runController(Object(App\Controllers\ReportesController))
 4 SYSTEMPATH\CodeIgniter.php(361): CodeIgniter\CodeIgniter->handleRequest(null, Object(Config\Cache), false)
 5 FCPATH\index.php(79): CodeIgniter\CodeIgniter->run()
WARNING - 2024-01-12 19:17:35 --> [DEPRECATED] strtotime(): Passing null to parameter #1 ($datetime) of type string is deprecated in APPPATH\Controllers\ReportesController.php on line 14.
 1 APPPATH\Controllers\ReportesController.php(14): strtotime(null)
 2 SYSTEMPATH\CodeIgniter.php(941): App\Controllers\ReportesController->generarInforme()
 3 SYSTEMPATH\CodeIgniter.php(502): CodeIgniter\CodeIgniter->runController(Object(App\Controllers\ReportesController))
 4 SYSTEMPATH\CodeIgniter.php(361): CodeIgniter\CodeIgniter->handleRequest(null, Object(Config\Cache), false)
 5 FCPATH\index.php(79): CodeIgniter\CodeIgniter->run()
WARNING - 2024-01-12 19:17:35 --> [DEPRECATED] strtotime(): Passing null to parameter #1 ($datetime) of type string is deprecated in APPPATH\Controllers\ReportesController.php on line 15.
 1 APPPATH\Controllers\ReportesController.php(15): strtotime(null)
 2 SYSTEMPATH\CodeIgniter.php(941): App\Controllers\ReportesController->generarInforme()
 3 SYSTEMPATH\CodeIgniter.php(502): CodeIgniter\CodeIgniter->runController(Object(App\Controllers\ReportesController))
 4 SYSTEMPATH\CodeIgniter.php(361): CodeIgniter\CodeIgniter->handleRequest(null, Object(Config\Cache), false)
 5 FCPATH\index.php(79): CodeIgniter\CodeIgniter->run()
WARNING - 2024-01-12 19:17:58 --> [DEPRECATED] strtotime(): Passing null to parameter #1 ($datetime) of type string is deprecated in APPPATH\Controllers\ReportesController.php on line 14.
 1 APPPATH\Controllers\ReportesController.php(14): strtotime(null)
 2 SYSTEMPATH\CodeIgniter.php(941): App\Controllers\ReportesController->generarInforme()
 3 SYSTEMPATH\CodeIgniter.php(502): CodeIgniter\CodeIgniter->runController(Object(App\Controllers\ReportesController))
 4 SYSTEMPATH\CodeIgniter.php(361): CodeIgniter\CodeIgniter->handleRequest(null, Object(Config\Cache), false)
 5 FCPATH\index.php(79): CodeIgniter\CodeIgniter->run()
WARNING - 2024-01-12 19:17:58 --> [DEPRECATED] strtotime(): Passing null to parameter #1 ($datetime) of type string is deprecated in APPPATH\Controllers\ReportesController.php on line 15.
 1 APPPATH\Controllers\ReportesController.php(15): strtotime(null)
 2 SYSTEMPATH\CodeIgniter.php(941): App\Controllers\ReportesController->generarInforme()
 3 SYSTEMPATH\CodeIgniter.php(502): CodeIgniter\CodeIgniter->runController(Object(App\Controllers\ReportesController))
 4 SYSTEMPATH\CodeIgniter.php(361): CodeIgniter\CodeIgniter->handleRequest(null, Object(Config\Cache), false)
 5 FCPATH\index.php(79): CodeIgniter\CodeIgniter->run()
WARNING - 2024-01-12 19:18:15 --> [DEPRECATED] strtotime(): Passing null to parameter #1 ($datetime) of type string is deprecated in APPPATH\Controllers\ReportesController.php on line 14.
 1 APPPATH\Controllers\ReportesController.php(14): strtotime(null)
 2 SYSTEMPATH\CodeIgniter.php(941): App\Controllers\ReportesController->generarInforme()
 3 SYSTEMPATH\CodeIgniter.php(502): CodeIgniter\CodeIgniter->runController(Object(App\Controllers\ReportesController))
 4 SYSTEMPATH\CodeIgniter.php(361): CodeIgniter\CodeIgniter->handleRequest(null, Object(Config\Cache), false)
 5 FCPATH\index.php(79): CodeIgniter\CodeIgniter->run()
WARNING - 2024-01-12 19:18:15 --> [DEPRECATED] strtotime(): Passing null to parameter #1 ($datetime) of type string is deprecated in APPPATH\Controllers\ReportesController.php on line 15.
 1 APPPATH\Controllers\ReportesController.php(15): strtotime(null)
 2 SYSTEMPATH\CodeIgniter.php(941): App\Controllers\ReportesController->generarInforme()
 3 SYSTEMPATH\CodeIgniter.php(502): CodeIgniter\CodeIgniter->runController(Object(App\Controllers\ReportesController))
 4 SYSTEMPATH\CodeIgniter.php(361): CodeIgniter\CodeIgniter->handleRequest(null, Object(Config\Cache), false)
 5 FCPATH\index.php(79): CodeIgniter\CodeIgniter->run()
WARNING - 2024-01-12 19:19:07 --> [DEPRECATED] strtotime(): Passing null to parameter #1 ($datetime) of type string is deprecated in APPPATH\Controllers\ReportesController.php on line 14.
 1 APPPATH\Controllers\ReportesController.php(14): strtotime(null)
 2 SYSTEMPATH\CodeIgniter.php(941): App\Controllers\ReportesController->generarInforme()
 3 SYSTEMPATH\CodeIgniter.php(502): CodeIgniter\CodeIgniter->runController(Object(App\Controllers\ReportesController))
 4 SYSTEMPATH\CodeIgniter.php(361): CodeIgniter\CodeIgniter->handleRequest(null, Object(Config\Cache), false)
 5 FCPATH\index.php(79): CodeIgniter\CodeIgniter->run()
WARNING - 2024-01-12 19:19:07 --> [DEPRECATED] strtotime(): Passing null to parameter #1 ($datetime) of type string is deprecated in APPPATH\Controllers\ReportesController.php on line 15.
 1 APPPATH\Controllers\ReportesController.php(15): strtotime(null)
 2 SYSTEMPATH\CodeIgniter.php(941): App\Controllers\ReportesController->generarInforme()
 3 SYSTEMPATH\CodeIgniter.php(502): CodeIgniter\CodeIgniter->runController(Object(App\Controllers\ReportesController))
 4 SYSTEMPATH\CodeIgniter.php(361): CodeIgniter\CodeIgniter->handleRequest(null, Object(Config\Cache), false)
 5 FCPATH\index.php(79): CodeIgniter\CodeIgniter->run()
WARNING - 2024-01-12 19:20:37 --> [DEPRECATED] strtotime(): Passing null to parameter #1 ($datetime) of type string is deprecated in APPPATH\Controllers\ReportesController.php on line 14.
 1 APPPATH\Controllers\ReportesController.php(14): strtotime(null)
 2 SYSTEMPATH\CodeIgniter.php(941): App\Controllers\ReportesController->generarInforme()
 3 SYSTEMPATH\CodeIgniter.php(502): CodeIgniter\CodeIgniter->runController(Object(App\Controllers\ReportesController))
 4 SYSTEMPATH\CodeIgniter.php(361): CodeIgniter\CodeIgniter->handleRequest(null, Object(Config\Cache), false)
 5 FCPATH\index.php(79): CodeIgniter\CodeIgniter->run()
WARNING - 2024-01-12 19:20:37 --> [DEPRECATED] strtotime(): Passing null to parameter #1 ($datetime) of type string is deprecated in APPPATH\Controllers\ReportesController.php on line 15.
 1 APPPATH\Controllers\ReportesController.php(15): strtotime(null)
 2 SYSTEMPATH\CodeIgniter.php(941): App\Controllers\ReportesController->generarInforme()
 3 SYSTEMPATH\CodeIgniter.php(502): CodeIgniter\CodeIgniter->runController(Object(App\Controllers\ReportesController))
 4 SYSTEMPATH\CodeIgniter.php(361): CodeIgniter\CodeIgniter->handleRequest(null, Object(Config\Cache), false)
 5 FCPATH\index.php(79): CodeIgniter\CodeIgniter->run()
WARNING - 2024-01-12 19:20:57 --> [DEPRECATED] strtotime(): Passing null to parameter #1 ($datetime) of type string is deprecated in APPPATH\Controllers\ReportesController.php on line 14.
 1 APPPATH\Controllers\ReportesController.php(14): strtotime(null)
 2 SYSTEMPATH\CodeIgniter.php(941): App\Controllers\ReportesController->generarInforme()
 3 SYSTEMPATH\CodeIgniter.php(502): CodeIgniter\CodeIgniter->runController(Object(App\Controllers\ReportesController))
 4 SYSTEMPATH\CodeIgniter.php(361): CodeIgniter\CodeIgniter->handleRequest(null, Object(Config\Cache), false)
 5 FCPATH\index.php(79): CodeIgniter\CodeIgniter->run()
WARNING - 2024-01-12 19:20:57 --> [DEPRECATED] strtotime(): Passing null to parameter #1 ($datetime) of type string is deprecated in APPPATH\Controllers\ReportesController.php on line 15.
 1 APPPATH\Controllers\ReportesController.php(15): strtotime(null)
 2 SYSTEMPATH\CodeIgniter.php(941): App\Controllers\ReportesController->generarInforme()
 3 SYSTEMPATH\CodeIgniter.php(502): CodeIgniter\CodeIgniter->runController(Object(App\Controllers\ReportesController))
 4 SYSTEMPATH\CodeIgniter.php(361): CodeIgniter\CodeIgniter->handleRequest(null, Object(Config\Cache), false)
 5 FCPATH\index.php(79): CodeIgniter\CodeIgniter->run()
WARNING - 2024-01-12 19:21:44 --> [DEPRECATED] strtotime(): Passing null to parameter #1 ($datetime) of type string is deprecated in APPPATH\Controllers\ReportesController.php on line 14.
 1 APPPATH\Controllers\ReportesController.php(14): strtotime(null)
 2 SYSTEMPATH\CodeIgniter.php(941): App\Controllers\ReportesController->generarInforme()
 3 SYSTEMPATH\CodeIgniter.php(502): CodeIgniter\CodeIgniter->runController(Object(App\Controllers\ReportesController))
 4 SYSTEMPATH\CodeIgniter.php(361): CodeIgniter\CodeIgniter->handleRequest(null, Object(Config\Cache), false)
 5 FCPATH\index.php(79): CodeIgniter\CodeIgniter->run()
WARNING - 2024-01-12 19:21:44 --> [DEPRECATED] strtotime(): Passing null to parameter #1 ($datetime) of type string is deprecated in APPPATH\Controllers\ReportesController.php on line 15.
 1 APPPATH\Controllers\ReportesController.php(15): strtotime(null)
 2 SYSTEMPATH\CodeIgniter.php(941): App\Controllers\ReportesController->generarInforme()
 3 SYSTEMPATH\CodeIgniter.php(502): CodeIgniter\CodeIgniter->runController(Object(App\Controllers\ReportesController))
 4 SYSTEMPATH\CodeIgniter.php(361): CodeIgniter\CodeIgniter->handleRequest(null, Object(Config\Cache), false)
 5 FCPATH\index.php(79): CodeIgniter\CodeIgniter->run()
WARNING - 2024-01-12 19:21:57 --> [DEPRECATED] strtotime(): Passing null to parameter #1 ($datetime) of type string is deprecated in APPPATH\Controllers\ReportesController.php on line 14.
 1 APPPATH\Controllers\ReportesController.php(14): strtotime(null)
 2 SYSTEMPATH\CodeIgniter.php(941): App\Controllers\ReportesController->generarInforme()
 3 SYSTEMPATH\CodeIgniter.php(502): CodeIgniter\CodeIgniter->runController(Object(App\Controllers\ReportesController))
 4 SYSTEMPATH\CodeIgniter.php(361): CodeIgniter\CodeIgniter->handleRequest(null, Object(Config\Cache), false)
 5 FCPATH\index.php(79): CodeIgniter\CodeIgniter->run()
WARNING - 2024-01-12 19:21:57 --> [DEPRECATED] strtotime(): Passing null to parameter #1 ($datetime) of type string is deprecated in APPPATH\Controllers\ReportesController.php on line 15.
 1 APPPATH\Controllers\ReportesController.php(15): strtotime(null)
 2 SYSTEMPATH\CodeIgniter.php(941): App\Controllers\ReportesController->generarInforme()
 3 SYSTEMPATH\CodeIgniter.php(502): CodeIgniter\CodeIgniter->runController(Object(App\Controllers\ReportesController))
 4 SYSTEMPATH\CodeIgniter.php(361): CodeIgniter\CodeIgniter->handleRequest(null, Object(Config\Cache), false)
 5 FCPATH\index.php(79): CodeIgniter\CodeIgniter->run()
WARNING - 2024-01-12 19:23:50 --> [DEPRECATED] strtotime(): Passing null to parameter #1 ($datetime) of type string is deprecated in APPPATH\Controllers\ReportesController.php on line 14.
 1 APPPATH\Controllers\ReportesController.php(14): strtotime(null)
 2 SYSTEMPATH\CodeIgniter.php(941): App\Controllers\ReportesController->generarInforme()
 3 SYSTEMPATH\CodeIgniter.php(502): CodeIgniter\CodeIgniter->runController(Object(App\Controllers\ReportesController))
 4 SYSTEMPATH\CodeIgniter.php(361): CodeIgniter\CodeIgniter->handleRequest(null, Object(Config\Cache), false)
 5 FCPATH\index.php(79): CodeIgniter\CodeIgniter->run()
WARNING - 2024-01-12 19:23:50 --> [DEPRECATED] strtotime(): Passing null to parameter #1 ($datetime) of type string is deprecated in APPPATH\Controllers\ReportesController.php on line 15.
 1 APPPATH\Controllers\ReportesController.php(15): strtotime(null)
 2 SYSTEMPATH\CodeIgniter.php(941): App\Controllers\ReportesController->generarInforme()
 3 SYSTEMPATH\CodeIgniter.php(502): CodeIgniter\CodeIgniter->runController(Object(App\Controllers\ReportesController))
 4 SYSTEMPATH\CodeIgniter.php(361): CodeIgniter\CodeIgniter->handleRequest(null, Object(Config\Cache), false)
 5 FCPATH\index.php(79): CodeIgniter\CodeIgniter->run()
WARNING - 2024-01-12 19:24:06 --> [DEPRECATED] strtotime(): Passing null to parameter #1 ($datetime) of type string is deprecated in APPPATH\Controllers\ReportesController.php on line 14.
 1 APPPATH\Controllers\ReportesController.php(14): strtotime(null)
 2 SYSTEMPATH\CodeIgniter.php(941): App\Controllers\ReportesController->generarInforme()
 3 SYSTEMPATH\CodeIgniter.php(502): CodeIgniter\CodeIgniter->runController(Object(App\Controllers\ReportesController))
 4 SYSTEMPATH\CodeIgniter.php(361): CodeIgniter\CodeIgniter->handleRequest(null, Object(Config\Cache), false)
 5 FCPATH\index.php(79): CodeIgniter\CodeIgniter->run()
WARNING - 2024-01-12 19:24:06 --> [DEPRECATED] strtotime(): Passing null to parameter #1 ($datetime) of type string is deprecated in APPPATH\Controllers\ReportesController.php on line 15.
 1 APPPATH\Controllers\ReportesController.php(15): strtotime(null)
 2 SYSTEMPATH\CodeIgniter.php(941): App\Controllers\ReportesController->generarInforme()
 3 SYSTEMPATH\CodeIgniter.php(502): CodeIgniter\CodeIgniter->runController(Object(App\Controllers\ReportesController))
 4 SYSTEMPATH\CodeIgniter.php(361): CodeIgniter\CodeIgniter->handleRequest(null, Object(Config\Cache), false)
 5 FCPATH\index.php(79): CodeIgniter\CodeIgniter->run()
WARNING - 2024-01-12 19:25:03 --> [DEPRECATED] strtotime(): Passing null to parameter #1 ($datetime) of type string is deprecated in APPPATH\Controllers\ReportesController.php on line 14.
 1 APPPATH\Controllers\ReportesController.php(14): strtotime(null)
 2 SYSTEMPATH\CodeIgniter.php(941): App\Controllers\ReportesController->generarInforme()
 3 SYSTEMPATH\CodeIgniter.php(502): CodeIgniter\CodeIgniter->runController(Object(App\Controllers\ReportesController))
 4 SYSTEMPATH\CodeIgniter.php(361): CodeIgniter\CodeIgniter->handleRequest(null, Object(Config\Cache), false)
 5 FCPATH\index.php(79): CodeIgniter\CodeIgniter->run()
WARNING - 2024-01-12 19:25:03 --> [DEPRECATED] strtotime(): Passing null to parameter #1 ($datetime) of type string is deprecated in APPPATH\Controllers\ReportesController.php on line 15.
 1 APPPATH\Controllers\ReportesController.php(15): strtotime(null)
 2 SYSTEMPATH\CodeIgniter.php(941): App\Controllers\ReportesController->generarInforme()
 3 SYSTEMPATH\CodeIgniter.php(502): CodeIgniter\CodeIgniter->runController(Object(App\Controllers\ReportesController))
 4 SYSTEMPATH\CodeIgniter.php(361): CodeIgniter\CodeIgniter->handleRequest(null, Object(Config\Cache), false)
 5 FCPATH\index.php(79): CodeIgniter\CodeIgniter->run()
WARNING - 2024-01-12 19:25:23 --> [DEPRECATED] strtotime(): Passing null to parameter #1 ($datetime) of type string is deprecated in APPPATH\Controllers\ReportesController.php on line 14.
 1 APPPATH\Controllers\ReportesController.php(14): strtotime(null)
 2 SYSTEMPATH\CodeIgniter.php(941): App\Controllers\ReportesController->generarInforme()
 3 SYSTEMPATH\CodeIgniter.php(502): CodeIgniter\CodeIgniter->runController(Object(App\Controllers\ReportesController))
 4 SYSTEMPATH\CodeIgniter.php(361): CodeIgniter\CodeIgniter->handleRequest(null, Object(Config\Cache), false)
 5 FCPATH\index.php(79): CodeIgniter\CodeIgniter->run()
WARNING - 2024-01-12 19:25:23 --> [DEPRECATED] strtotime(): Passing null to parameter #1 ($datetime) of type string is deprecated in APPPATH\Controllers\ReportesController.php on line 15.
 1 APPPATH\Controllers\ReportesController.php(15): strtotime(null)
 2 SYSTEMPATH\CodeIgniter.php(941): App\Controllers\ReportesController->generarInforme()
 3 SYSTEMPATH\CodeIgniter.php(502): CodeIgniter\CodeIgniter->runController(Object(App\Controllers\ReportesController))
 4 SYSTEMPATH\CodeIgniter.php(361): CodeIgniter\CodeIgniter->handleRequest(null, Object(Config\Cache), false)
 5 FCPATH\index.php(79): CodeIgniter\CodeIgniter->run()
WARNING - 2024-01-12 19:26:07 --> [DEPRECATED] strtotime(): Passing null to parameter #1 ($datetime) of type string is deprecated in APPPATH\Controllers\ReportesController.php on line 14.
 1 APPPATH\Controllers\ReportesController.php(14): strtotime(null)
 2 SYSTEMPATH\CodeIgniter.php(941): App\Controllers\ReportesController->generarInforme()
 3 SYSTEMPATH\CodeIgniter.php(502): CodeIgniter\CodeIgniter->runController(Object(App\Controllers\ReportesController))
 4 SYSTEMPATH\CodeIgniter.php(361): CodeIgniter\CodeIgniter->handleRequest(null, Object(Config\Cache), false)
 5 FCPATH\index.php(79): CodeIgniter\CodeIgniter->run()
WARNING - 2024-01-12 19:26:07 --> [DEPRECATED] strtotime(): Passing null to parameter #1 ($datetime) of type string is deprecated in APPPATH\Controllers\ReportesController.php on line 15.
 1 APPPATH\Controllers\ReportesController.php(15): strtotime(null)
 2 SYSTEMPATH\CodeIgniter.php(941): App\Controllers\ReportesController->generarInforme()
 3 SYSTEMPATH\CodeIgniter.php(502): CodeIgniter\CodeIgniter->runController(Object(App\Controllers\ReportesController))
 4 SYSTEMPATH\CodeIgniter.php(361): CodeIgniter\CodeIgniter->handleRequest(null, Object(Config\Cache), false)
 5 FCPATH\index.php(79): CodeIgniter\CodeIgniter->run()
WARNING - 2024-01-12 19:26:19 --> [DEPRECATED] strtotime(): Passing null to parameter #1 ($datetime) of type string is deprecated in APPPATH\Controllers\ReportesController.php on line 14.
 1 APPPATH\Controllers\ReportesController.php(14): strtotime(null)
 2 SYSTEMPATH\CodeIgniter.php(941): App\Controllers\ReportesController->generarInforme()
 3 SYSTEMPATH\CodeIgniter.php(502): CodeIgniter\CodeIgniter->runController(Object(App\Controllers\ReportesController))
 4 SYSTEMPATH\CodeIgniter.php(361): CodeIgniter\CodeIgniter->handleRequest(null, Object(Config\Cache), false)
 5 FCPATH\index.php(79): CodeIgniter\CodeIgniter->run()
WARNING - 2024-01-12 19:26:19 --> [DEPRECATED] strtotime(): Passing null to parameter #1 ($datetime) of type string is deprecated in APPPATH\Controllers\ReportesController.php on line 15.
 1 APPPATH\Controllers\ReportesController.php(15): strtotime(null)
 2 SYSTEMPATH\CodeIgniter.php(941): App\Controllers\ReportesController->generarInforme()
 3 SYSTEMPATH\CodeIgniter.php(502): CodeIgniter\CodeIgniter->runController(Object(App\Controllers\ReportesController))
 4 SYSTEMPATH\CodeIgniter.php(361): CodeIgniter\CodeIgniter->handleRequest(null, Object(Config\Cache), false)
 5 FCPATH\index.php(79): CodeIgniter\CodeIgniter->run()
WARNING - 2024-01-12 19:26:25 --> [DEPRECATED] strtotime(): Passing null to parameter #1 ($datetime) of type string is deprecated in APPPATH\Controllers\ReportesController.php on line 14.
 1 APPPATH\Controllers\ReportesController.php(14): strtotime(null)
 2 SYSTEMPATH\CodeIgniter.php(941): App\Controllers\ReportesController->generarInforme()
 3 SYSTEMPATH\CodeIgniter.php(502): CodeIgniter\CodeIgniter->runController(Object(App\Controllers\ReportesController))
 4 SYSTEMPATH\CodeIgniter.php(361): CodeIgniter\CodeIgniter->handleRequest(null, Object(Config\Cache), false)
 5 FCPATH\index.php(79): CodeIgniter\CodeIgniter->run()
WARNING - 2024-01-12 19:26:25 --> [DEPRECATED] strtotime(): Passing null to parameter #1 ($datetime) of type string is deprecated in APPPATH\Controllers\ReportesController.php on line 15.
 1 APPPATH\Controllers\ReportesController.php(15): strtotime(null)
 2 SYSTEMPATH\CodeIgniter.php(941): App\Controllers\ReportesController->generarInforme()
 3 SYSTEMPATH\CodeIgniter.php(502): CodeIgniter\CodeIgniter->runController(Object(App\Controllers\ReportesController))
 4 SYSTEMPATH\CodeIgniter.php(361): CodeIgniter\CodeIgniter->handleRequest(null, Object(Config\Cache), false)
 5 FCPATH\index.php(79): CodeIgniter\CodeIgniter->run()
WARNING - 2024-01-12 19:26:54 --> [DEPRECATED] Creation of dynamic property App\Controllers\obtenerTodosLosRegistros::$Datosbd_models is deprecated in APPPATH\Controllers\obtenerTodosLosRegistros.php on line 21.
 1 SYSTEMPATH\CodeIgniter.php(913): App\Controllers\obtenerTodosLosRegistros->__construct()
 2 SYSTEMPATH\CodeIgniter.php(493): CodeIgniter\CodeIgniter->createController()
 3 SYSTEMPATH\CodeIgniter.php(361): CodeIgniter\CodeIgniter->handleRequest(null, Object(Config\Cache), false)
 4 FCPATH\index.php(79): CodeIgniter\CodeIgniter->run()
WARNING - 2024-01-12 19:28:43 --> [DEPRECATED] Creation of dynamic property App\Controllers\obtenerTodosLosRegistros::$Datosbd_models is deprecated in APPPATH\Controllers\obtenerTodosLosRegistros.php on line 21.
 1 SYSTEMPATH\CodeIgniter.php(913): App\Controllers\obtenerTodosLosRegistros->__construct()
 2 SYSTEMPATH\CodeIgniter.php(493): CodeIgniter\CodeIgniter->createController()
 3 SYSTEMPATH\CodeIgniter.php(361): CodeIgniter\CodeIgniter->handleRequest(null, Object(Config\Cache), false)
 4 FCPATH\index.php(79): CodeIgniter\CodeIgniter->run()
WARNING - 2024-01-12 19:30:24 --> [DEPRECATED] Creation of dynamic property App\Controllers\obtenerTodosLosRegistros::$Datosbd_models is deprecated in APPPATH\Controllers\obtenerTodosLosRegistros.php on line 21.
 1 SYSTEMPATH\CodeIgniter.php(913): App\Controllers\obtenerTodosLosRegistros->__construct()
 2 SYSTEMPATH\CodeIgniter.php(493): CodeIgniter\CodeIgniter->createController()
 3 SYSTEMPATH\CodeIgniter.php(361): CodeIgniter\CodeIgniter->handleRequest(null, Object(Config\Cache), false)
 4 FCPATH\index.php(79): CodeIgniter\CodeIgniter->run()
WARNING - 2024-01-12 19:32:33 --> [DEPRECATED] Creation of dynamic property App\Controllers\obtenerTodosLosRegistros::$Datosbd_models is deprecated in APPPATH\Controllers\obtenerTodosLosRegistros.php on line 21.
 1 SYSTEMPATH\CodeIgniter.php(913): App\Controllers\obtenerTodosLosRegistros->__construct()
 2 SYSTEMPATH\CodeIgniter.php(493): CodeIgniter\CodeIgniter->createController()
 3 SYSTEMPATH\CodeIgniter.php(361): CodeIgniter\CodeIgniter->handleRequest(null, Object(Config\Cache), false)
 4 FCPATH\index.php(79): CodeIgniter\CodeIgniter->run()
WARNING - 2024-01-12 19:37:50 --> [DEPRECATED] Creation of dynamic property App\Controllers\obtenerTodosLosRegistros::$Datosbd_models is deprecated in APPPATH\Controllers\obtenerTodosLosRegistros.php on line 21.
 1 SYSTEMPATH\CodeIgniter.php(913): App\Controllers\obtenerTodosLosRegistros->__construct()
 2 SYSTEMPATH\CodeIgniter.php(493): CodeIgniter\CodeIgniter->createController()
 3 SYSTEMPATH\CodeIgniter.php(361): CodeIgniter\CodeIgniter->handleRequest(null, Object(Config\Cache), false)
 4 FCPATH\index.php(79): CodeIgniter\CodeIgniter->run()
WARNING - 2024-01-12 19:42:44 --> [DEPRECATED] Creation of dynamic property App\Controllers\obtenerTodosLosRegistros::$Datosbd_models is deprecated in APPPATH\Controllers\obtenerTodosLosRegistros.php on line 21.
 1 SYSTEMPATH\CodeIgniter.php(913): App\Controllers\obtenerTodosLosRegistros->__construct()
 2 SYSTEMPATH\CodeIgniter.php(493): CodeIgniter\CodeIgniter->createController()
 3 SYSTEMPATH\CodeIgniter.php(361): CodeIgniter\CodeIgniter->handleRequest(null, Object(Config\Cache), false)
 4 FCPATH\index.php(79): CodeIgniter\CodeIgniter->run()
WARNING - 2024-01-12 19:43:19 --> [DEPRECATED] Creation of dynamic property App\Controllers\obtenerTodosLosRegistros::$Datosbd_models is deprecated in APPPATH\Controllers\obtenerTodosLosRegistros.php on line 21.
 1 SYSTEMPATH\CodeIgniter.php(913): App\Controllers\obtenerTodosLosRegistros->__construct()
 2 SYSTEMPATH\CodeIgniter.php(493): CodeIgniter\CodeIgniter->createController()
 3 SYSTEMPATH\CodeIgniter.php(361): CodeIgniter\CodeIgniter->handleRequest(null, Object(Config\Cache), false)
 4 FCPATH\index.php(79): CodeIgniter\CodeIgniter->run()
WARNING - 2024-01-12 19:43:33 --> [DEPRECATED] Creation of dynamic property App\Controllers\obtenerTodosLosRegistros::$Datosbd_models is deprecated in APPPATH\Controllers\obtenerTodosLosRegistros.php on line 21.
 1 SYSTEMPATH\CodeIgniter.php(913): App\Controllers\obtenerTodosLosRegistros->__construct()
 2 SYSTEMPATH\CodeIgniter.php(493): CodeIgniter\CodeIgniter->createController()
 3 SYSTEMPATH\CodeIgniter.php(361): CodeIgniter\CodeIgniter->handleRequest(null, Object(Config\Cache), false)
 4 FCPATH\index.php(79): CodeIgniter\CodeIgniter->run()
WARNING - 2024-01-12 19:43:50 --> [DEPRECATED] Creation of dynamic property App\Controllers\obtenerTodosLosRegistros::$Datosbd_models is deprecated in APPPATH\Controllers\obtenerTodosLosRegistros.php on line 21.
 1 SYSTEMPATH\CodeIgniter.php(913): App\Controllers\obtenerTodosLosRegistros->__construct()
 2 SYSTEMPATH\CodeIgniter.php(493): CodeIgniter\CodeIgniter->createController()
 3 SYSTEMPATH\CodeIgniter.php(361): CodeIgniter\CodeIgniter->handleRequest(null, Object(Config\Cache), false)
 4 FCPATH\index.php(79): CodeIgniter\CodeIgniter->run()
WARNING - 2024-01-12 19:45:16 --> [DEPRECATED] Creation of dynamic property App\Controllers\obtenerTodosLosRegistros::$Datosbd_models is deprecated in APPPATH\Controllers\obtenerTodosLosRegistros.php on line 21.
 1 SYSTEMPATH\CodeIgniter.php(913): App\Controllers\obtenerTodosLosRegistros->__construct()
 2 SYSTEMPATH\CodeIgniter.php(493): CodeIgniter\CodeIgniter->createController()
 3 SYSTEMPATH\CodeIgniter.php(361): CodeIgniter\CodeIgniter->handleRequest(null, Object(Config\Cache), false)
 4 FCPATH\index.php(79): CodeIgniter\CodeIgniter->run()
WARNING - 2024-01-12 19:48:41 --> [DEPRECATED] Creation of dynamic property App\Controllers\obtenerTodosLosRegistros::$Datosbd_models is deprecated in APPPATH\Controllers\obtenerTodosLosRegistros.php on line 21.
 1 SYSTEMPATH\CodeIgniter.php(913): App\Controllers\obtenerTodosLosRegistros->__construct()
 2 SYSTEMPATH\CodeIgniter.php(493): CodeIgniter\CodeIgniter->createController()
 3 SYSTEMPATH\CodeIgniter.php(361): CodeIgniter\CodeIgniter->handleRequest(null, Object(Config\Cache), false)
 4 FCPATH\index.php(79): CodeIgniter\CodeIgniter->run()
WARNING - 2024-01-12 19:52:05 --> [DEPRECATED] Creation of dynamic property App\Controllers\obtenerTodosLosRegistros::$Datosbd_models is deprecated in APPPATH\Controllers\obtenerTodosLosRegistros.php on line 21.
 1 SYSTEMPATH\CodeIgniter.php(913): App\Controllers\obtenerTodosLosRegistros->__construct()
 2 SYSTEMPATH\CodeIgniter.php(493): CodeIgniter\CodeIgniter->createController()
 3 SYSTEMPATH\CodeIgniter.php(361): CodeIgniter\CodeIgniter->handleRequest(null, Object(Config\Cache), false)
 4 FCPATH\index.php(79): CodeIgniter\CodeIgniter->run()
WARNING - 2024-01-12 19:52:22 --> [DEPRECATED] Creation of dynamic property App\Controllers\obtenerTodosLosRegistros::$Datosbd_models is deprecated in APPPATH\Controllers\obtenerTodosLosRegistros.php on line 21.
 1 SYSTEMPATH\CodeIgniter.php(913): App\Controllers\obtenerTodosLosRegistros->__construct()
 2 SYSTEMPATH\CodeIgniter.php(493): CodeIgniter\CodeIgniter->createController()
 3 SYSTEMPATH\CodeIgniter.php(361): CodeIgniter\CodeIgniter->handleRequest(null, Object(Config\Cache), false)
 4 FCPATH\index.php(79): CodeIgniter\CodeIgniter->run()
WARNING - 2024-01-12 19:52:30 --> [DEPRECATED] Creation of dynamic property App\Controllers\obtenerTodosLosRegistros::$Datosbd_models is deprecated in APPPATH\Controllers\obtenerTodosLosRegistros.php on line 21.
 1 SYSTEMPATH\CodeIgniter.php(913): App\Controllers\obtenerTodosLosRegistros->__construct()
 2 SYSTEMPATH\CodeIgniter.php(493): CodeIgniter\CodeIgniter->createController()
 3 SYSTEMPATH\CodeIgniter.php(361): CodeIgniter\CodeIgniter->handleRequest(null, Object(Config\Cache), false)
 4 FCPATH\index.php(79): CodeIgniter\CodeIgniter->run()
WARNING - 2024-01-12 19:52:44 --> [DEPRECATED] Creation of dynamic property App\Controllers\obtenerTodosLosRegistros::$Datosbd_models is deprecated in APPPATH\Controllers\obtenerTodosLosRegistros.php on line 21.
 1 SYSTEMPATH\CodeIgniter.php(913): App\Controllers\obtenerTodosLosRegistros->__construct()
 2 SYSTEMPATH\CodeIgniter.php(493): CodeIgniter\CodeIgniter->createController()
 3 SYSTEMPATH\CodeIgniter.php(361): CodeIgniter\CodeIgniter->handleRequest(null, Object(Config\Cache), false)
 4 FCPATH\index.php(79): CodeIgniter\CodeIgniter->run()
WARNING - 2024-01-12 19:52:57 --> [DEPRECATED] Creation of dynamic property App\Controllers\obtenerTodosLosRegistros::$Datosbd_models is deprecated in APPPATH\Controllers\obtenerTodosLosRegistros.php on line 21.
 1 SYSTEMPATH\CodeIgniter.php(913): App\Controllers\obtenerTodosLosRegistros->__construct()
 2 SYSTEMPATH\CodeIgniter.php(493): CodeIgniter\CodeIgniter->createController()
 3 SYSTEMPATH\CodeIgniter.php(361): CodeIgniter\CodeIgniter->handleRequest(null, Object(Config\Cache), false)
 4 FCPATH\index.php(79): CodeIgniter\CodeIgniter->run()
WARNING - 2024-01-12 19:53:09 --> [DEPRECATED] Creation of dynamic property App\Controllers\obtenerTodosLosRegistros::$Datosbd_models is deprecated in APPPATH\Controllers\obtenerTodosLosRegistros.php on line 21.
 1 SYSTEMPATH\CodeIgniter.php(913): App\Controllers\obtenerTodosLosRegistros->__construct()
 2 SYSTEMPATH\CodeIgniter.php(493): CodeIgniter\CodeIgniter->createController()
 3 SYSTEMPATH\CodeIgniter.php(361): CodeIgniter\CodeIgniter->handleRequest(null, Object(Config\Cache), false)
 4 FCPATH\index.php(79): CodeIgniter\CodeIgniter->run()
WARNING - 2024-01-12 19:54:51 --> [DEPRECATED] Creation of dynamic property App\Controllers\obtenerRegistros::$Datosbd_usuarios is deprecated in APPPATH\Controllers\obtenerRegistros.php on line 22.
 1 SYSTEMPATH\CodeIgniter.php(913): App\Controllers\obtenerRegistros->__construct()
 2 SYSTEMPATH\CodeIgniter.php(493): CodeIgniter\CodeIgniter->createController()
 3 SYSTEMPATH\CodeIgniter.php(361): CodeIgniter\CodeIgniter->handleRequest(null, Object(Config\Cache), false)
 4 FCPATH\index.php(79): CodeIgniter\CodeIgniter->run()
WARNING - 2024-01-12 19:55:03 --> [DEPRECATED] Creation of dynamic property App\Controllers\obtenerRegistros::$Datosbd_usuarios is deprecated in APPPATH\Controllers\obtenerRegistros.php on line 22.
 1 SYSTEMPATH\CodeIgniter.php(913): App\Controllers\obtenerRegistros->__construct()
 2 SYSTEMPATH\CodeIgniter.php(493): CodeIgniter\CodeIgniter->createController()
 3 SYSTEMPATH\CodeIgniter.php(361): CodeIgniter\CodeIgniter->handleRequest(null, Object(Config\Cache), false)
 4 FCPATH\index.php(79): CodeIgniter\CodeIgniter->run()
WARNING - 2024-01-12 19:55:09 --> [DEPRECATED] Creation of dynamic property App\Controllers\obtenerRegistros::$Datosbd_usuarios is deprecated in APPPATH\Controllers\obtenerRegistros.php on line 22.
 1 SYSTEMPATH\CodeIgniter.php(913): App\Controllers\obtenerRegistros->__construct()
 2 SYSTEMPATH\CodeIgniter.php(493): CodeIgniter\CodeIgniter->createController()
 3 SYSTEMPATH\CodeIgniter.php(361): CodeIgniter\CodeIgniter->handleRequest(null, Object(Config\Cache), false)
 4 FCPATH\index.php(79): CodeIgniter\CodeIgniter->run()
WARNING - 2024-01-12 19:55:26 --> [DEPRECATED] Creation of dynamic property App\Controllers\obtenerRegistros::$Datosbd_usuarios is deprecated in APPPATH\Controllers\obtenerRegistros.php on line 22.
 1 SYSTEMPATH\CodeIgniter.php(913): App\Controllers\obtenerRegistros->__construct()
 2 SYSTEMPATH\CodeIgniter.php(493): CodeIgniter\CodeIgniter->createController()
 3 SYSTEMPATH\CodeIgniter.php(361): CodeIgniter\CodeIgniter->handleRequest(null, Object(Config\Cache), false)
 4 FCPATH\index.php(79): CodeIgniter\CodeIgniter->run()
WARNING - 2024-01-12 19:55:32 --> [DEPRECATED] Creation of dynamic property App\Controllers\obtenerRegistros::$Datosbd_usuarios is deprecated in APPPATH\Controllers\obtenerRegistros.php on line 22.
 1 SYSTEMPATH\CodeIgniter.php(913): App\Controllers\obtenerRegistros->__construct()
 2 SYSTEMPATH\CodeIgniter.php(493): CodeIgniter\CodeIgniter->createController()
 3 SYSTEMPATH\CodeIgniter.php(361): CodeIgniter\CodeIgniter->handleRequest(null, Object(Config\Cache), false)
 4 FCPATH\index.php(79): CodeIgniter\CodeIgniter->run()
WARNING - 2024-01-12 19:57:32 --> [DEPRECATED] Creation of dynamic property App\Controllers\obtenerTodosLosRegistros::$Datosbd_models is deprecated in APPPATH\Controllers\obtenerTodosLosRegistros.php on line 21.
 1 SYSTEMPATH\CodeIgniter.php(913): App\Controllers\obtenerTodosLosRegistros->__construct()
 2 SYSTEMPATH\CodeIgniter.php(493): CodeIgniter\CodeIgniter->createController()
 3 SYSTEMPATH\CodeIgniter.php(361): CodeIgniter\CodeIgniter->handleRequest(null, Object(Config\Cache), false)
 4 FCPATH\index.php(79): CodeIgniter\CodeIgniter->run()
WARNING - 2024-01-12 20:03:28 --> [DEPRECATED] Creation of dynamic property App\Controllers\obtenerTodosLosRegistros::$Datosbd_models is deprecated in APPPATH\Controllers\obtenerTodosLosRegistros.php on line 21.
 1 SYSTEMPATH\CodeIgniter.php(913): App\Controllers\obtenerTodosLosRegistros->__construct()
 2 SYSTEMPATH\CodeIgniter.php(493): CodeIgniter\CodeIgniter->createController()
 3 SYSTEMPATH\CodeIgniter.php(361): CodeIgniter\CodeIgniter->handleRequest(null, Object(Config\Cache), false)
 4 FCPATH\index.php(79): CodeIgniter\CodeIgniter->run()
WARNING - 2024-01-12 20:11:28 --> [DEPRECATED] Creation of dynamic property App\Controllers\obtenerTodosLosRegistros::$Datosbd_models is deprecated in APPPATH\Controllers\obtenerTodosLosRegistros.php on line 21.
 1 SYSTEMPATH\CodeIgniter.php(913): App\Controllers\obtenerTodosLosRegistros->__construct()
 2 SYSTEMPATH\CodeIgniter.php(493): CodeIgniter\CodeIgniter->createController()
 3 SYSTEMPATH\CodeIgniter.php(361): CodeIgniter\CodeIgniter->handleRequest(null, Object(Config\Cache), false)
 4 FCPATH\index.php(79): CodeIgniter\CodeIgniter->run()
WARNING - 2024-01-12 20:57:31 --> [DEPRECATED] Creation of dynamic property App\Controllers\obtenerTodosLosRegistros::$Datosbd_models is deprecated in APPPATH\Controllers\obtenerTodosLosRegistros.php on line 21.
 1 SYSTEMPATH\CodeIgniter.php(913): App\Controllers\obtenerTodosLosRegistros->__construct()
 2 SYSTEMPATH\CodeIgniter.php(493): CodeIgniter\CodeIgniter->createController()
 3 SYSTEMPATH\CodeIgniter.php(361): CodeIgniter\CodeIgniter->handleRequest(null, Object(Config\Cache), false)
 4 FCPATH\index.php(79): CodeIgniter\CodeIgniter->run()
WARNING - 2024-01-12 20:57:50 --> [DEPRECATED] strtotime(): Passing null to parameter #1 ($datetime) of type string is deprecated in APPPATH\Controllers\ReportesController.php on line 14.
 1 APPPATH\Controllers\ReportesController.php(14): strtotime(null)
 2 SYSTEMPATH\CodeIgniter.php(941): App\Controllers\ReportesController->generarInforme()
 3 SYSTEMPATH\CodeIgniter.php(502): CodeIgniter\CodeIgniter->runController(Object(App\Controllers\ReportesController))
 4 SYSTEMPATH\CodeIgniter.php(361): CodeIgniter\CodeIgniter->handleRequest(null, Object(Config\Cache), false)
 5 FCPATH\index.php(79): CodeIgniter\CodeIgniter->run()
WARNING - 2024-01-12 20:57:50 --> [DEPRECATED] strtotime(): Passing null to parameter #1 ($datetime) of type string is deprecated in APPPATH\Controllers\ReportesController.php on line 15.
 1 APPPATH\Controllers\ReportesController.php(15): strtotime(null)
 2 SYSTEMPATH\CodeIgniter.php(941): App\Controllers\ReportesController->generarInforme()
 3 SYSTEMPATH\CodeIgniter.php(502): CodeIgniter\CodeIgniter->runController(Object(App\Controllers\ReportesController))
 4 SYSTEMPATH\CodeIgniter.php(361): CodeIgniter\CodeIgniter->handleRequest(null, Object(Config\Cache), false)
 5 FCPATH\index.php(79): CodeIgniter\CodeIgniter->run()
WARNING - 2024-01-12 20:58:02 --> [DEPRECATED] strtotime(): Passing null to parameter #1 ($datetime) of type string is deprecated in APPPATH\Controllers\ReportesController.php on line 14.
 1 APPPATH\Controllers\ReportesController.php(14): strtotime(null)
 2 SYSTEMPATH\CodeIgniter.php(941): App\Controllers\ReportesController->generarInforme()
 3 SYSTEMPATH\CodeIgniter.php(502): CodeIgniter\CodeIgniter->runController(Object(App\Controllers\ReportesController))
 4 SYSTEMPATH\CodeIgniter.php(361): CodeIgniter\CodeIgniter->handleRequest(null, Object(Config\Cache), false)
 5 FCPATH\index.php(79): CodeIgniter\CodeIgniter->run()
WARNING - 2024-01-12 20:58:02 --> [DEPRECATED] strtotime(): Passing null to parameter #1 ($datetime) of type string is deprecated in APPPATH\Controllers\ReportesController.php on line 15.
 1 APPPATH\Controllers\ReportesController.php(15): strtotime(null)
 2 SYSTEMPATH\CodeIgniter.php(941): App\Controllers\ReportesController->generarInforme()
 3 SYSTEMPATH\CodeIgniter.php(502): CodeIgniter\CodeIgniter->runController(Object(App\Controllers\ReportesController))
 4 SYSTEMPATH\CodeIgniter.php(361): CodeIgniter\CodeIgniter->handleRequest(null, Object(Config\Cache), false)
 5 FCPATH\index.php(79): CodeIgniter\CodeIgniter->run()
WARNING - 2024-01-12 20:58:45 --> [DEPRECATED] Creation of dynamic property App\Controllers\obtenerTodosLosRegistros::$Datosbd_models is deprecated in APPPATH\Controllers\obtenerTodosLosRegistros.php on line 21.
 1 SYSTEMPATH\CodeIgniter.php(913): App\Controllers\obtenerTodosLosRegistros->__construct()
 2 SYSTEMPATH\CodeIgniter.php(493): CodeIgniter\CodeIgniter->createController()
 3 SYSTEMPATH\CodeIgniter.php(361): CodeIgniter\CodeIgniter->handleRequest(null, Object(Config\Cache), false)
 4 FCPATH\index.php(79): CodeIgniter\CodeIgniter->run()
