WARNING - 2024-01-13 14:08:48 --> [DEPRECATED] Creation of dynamic property App\Controllers\obtenerTodosLosRegistros::$Datosbd_models is deprecated in APPPATH\Controllers\obtenerTodosLosRegistros.php on line 21.
 1 SYSTEMPATH\CodeIgniter.php(913): App\Controllers\obtenerTodosLosRegistros->__construct()
 2 SYSTEMPATH\CodeIgniter.php(493): CodeIgniter\CodeIgniter->createController()
 3 SYSTEMPATH\CodeIgniter.php(361): CodeIgniter\CodeIgniter->handleRequest(null, Object(Config\Cache), false)
 4 FCPATH\index.php(79): CodeIgniter\CodeIgniter->run()
WARNING - 2024-01-13 14:10:00 --> [DEPRECATED] Creation of dynamic property App\Controllers\obtenerTodosLosRegistros::$Datosbd_models is deprecated in APPPATH\Controllers\obtenerTodosLosRegistros.php on line 21.
 1 SYSTEMPATH\CodeIgniter.php(913): App\Controllers\obtenerTodosLosRegistros->__construct()
 2 SYSTEMPATH\CodeIgniter.php(493): CodeIgniter\CodeIgniter->createController()
 3 SYSTEMPATH\CodeIgniter.php(361): CodeIgniter\CodeIgniter->handleRequest(null, Object(Config\Cache), false)
 4 FCPATH\index.php(79): CodeIgniter\CodeIgniter->run()
WARNING - 2024-01-13 14:10:04 --> [DEPRECATED] Creation of dynamic property App\Controllers\obtenerTodosLosRegistros::$Datosbd_models is deprecated in APPPATH\Controllers\obtenerTodosLosRegistros.php on line 21.
 1 SYSTEMPATH\CodeIgniter.php(913): App\Controllers\obtenerTodosLosRegistros->__construct()
 2 SYSTEMPATH\CodeIgniter.php(493): CodeIgniter\CodeIgniter->createController()
 3 SYSTEMPATH\CodeIgniter.php(361): CodeIgniter\CodeIgniter->handleRequest(null, Object(Config\Cache), false)
 4 FCPATH\index.php(79): CodeIgniter\CodeIgniter->run()
WARNING - 2024-01-13 14:10:09 --> [DEPRECATED] Creation of dynamic property App\Controllers\obtenerTodosLosRegistros::$Datosbd_models is deprecated in APPPATH\Controllers\obtenerTodosLosRegistros.php on line 21.
 1 SYSTEMPATH\CodeIgniter.php(913): App\Controllers\obtenerTodosLosRegistros->__construct()
 2 SYSTEMPATH\CodeIgniter.php(493): CodeIgniter\CodeIgniter->createController()
 3 SYSTEMPATH\CodeIgniter.php(361): CodeIgniter\CodeIgniter->handleRequest(null, Object(Config\Cache), false)
 4 FCPATH\index.php(79): CodeIgniter\CodeIgniter->run()
WARNING - 2024-01-13 14:10:10 --> [DEPRECATED] Creation of dynamic property App\Controllers\obtenerTodosLosRegistros::$Datosbd_models is deprecated in APPPATH\Controllers\obtenerTodosLosRegistros.php on line 21.
 1 SYSTEMPATH\CodeIgniter.php(913): App\Controllers\obtenerTodosLosRegistros->__construct()
 2 SYSTEMPATH\CodeIgniter.php(493): CodeIgniter\CodeIgniter->createController()
 3 SYSTEMPATH\CodeIgniter.php(361): CodeIgniter\CodeIgniter->handleRequest(null, Object(Config\Cache), false)
 4 FCPATH\index.php(79): CodeIgniter\CodeIgniter->run()
WARNING - 2024-01-13 14:10:38 --> [DEPRECATED] Creation of dynamic property App\Controllers\obtenerTodosLosRegistros::$Datosbd_models is deprecated in APPPATH\Controllers\obtenerTodosLosRegistros.php on line 21.
 1 SYSTEMPATH\CodeIgniter.php(913): App\Controllers\obtenerTodosLosRegistros->__construct()
 2 SYSTEMPATH\CodeIgniter.php(493): CodeIgniter\CodeIgniter->createController()
 3 SYSTEMPATH\CodeIgniter.php(361): CodeIgniter\CodeIgniter->handleRequest(null, Object(Config\Cache), false)
 4 FCPATH\index.php(79): CodeIgniter\CodeIgniter->run()
WARNING - 2024-01-13 14:10:58 --> [DEPRECATED] Creation of dynamic property App\Controllers\obtenerTodosLosRegistros::$Datosbd_models is deprecated in APPPATH\Controllers\obtenerTodosLosRegistros.php on line 21.
 1 SYSTEMPATH\CodeIgniter.php(913): App\Controllers\obtenerTodosLosRegistros->__construct()
 2 SYSTEMPATH\CodeIgniter.php(493): CodeIgniter\CodeIgniter->createController()
 3 SYSTEMPATH\CodeIgniter.php(361): CodeIgniter\CodeIgniter->handleRequest(null, Object(Config\Cache), false)
 4 FCPATH\index.php(79): CodeIgniter\CodeIgniter->run()
WARNING - 2024-01-13 14:12:39 --> [DEPRECATED] Creation of dynamic property App\Controllers\obtenerTodosLosRegistros::$Datosbd_models is deprecated in APPPATH\Controllers\obtenerTodosLosRegistros.php on line 21.
 1 SYSTEMPATH\CodeIgniter.php(913): App\Controllers\obtenerTodosLosRegistros->__construct()
 2 SYSTEMPATH\CodeIgniter.php(493): CodeIgniter\CodeIgniter->createController()
 3 SYSTEMPATH\CodeIgniter.php(361): CodeIgniter\CodeIgniter->handleRequest(null, Object(Config\Cache), false)
 4 FCPATH\index.php(79): CodeIgniter\CodeIgniter->run()
WARNING - 2024-01-13 14:14:16 --> [DEPRECATED] Creation of dynamic property App\Controllers\obtenerTodosLosRegistros::$Datosbd_models is deprecated in APPPATH\Controllers\obtenerTodosLosRegistros.php on line 21.
 1 SYSTEMPATH\CodeIgniter.php(913): App\Controllers\obtenerTodosLosRegistros->__construct()
 2 SYSTEMPATH\CodeIgniter.php(493): CodeIgniter\CodeIgniter->createController()
 3 SYSTEMPATH\CodeIgniter.php(361): CodeIgniter\CodeIgniter->handleRequest(null, Object(Config\Cache), false)
 4 FCPATH\index.php(79): CodeIgniter\CodeIgniter->run()
WARNING - 2024-01-13 14:15:05 --> [DEPRECATED] Creation of dynamic property App\Controllers\obtenerTodosLosRegistros::$Datosbd_models is deprecated in APPPATH\Controllers\obtenerTodosLosRegistros.php on line 21.
 1 SYSTEMPATH\CodeIgniter.php(913): App\Controllers\obtenerTodosLosRegistros->__construct()
 2 SYSTEMPATH\CodeIgniter.php(493): CodeIgniter\CodeIgniter->createController()
 3 SYSTEMPATH\CodeIgniter.php(361): CodeIgniter\CodeIgniter->handleRequest(null, Object(Config\Cache), false)
 4 FCPATH\index.php(79): CodeIgniter\CodeIgniter->run()
WARNING - 2024-01-13 14:15:29 --> [DEPRECATED] Creation of dynamic property App\Controllers\obtenerTodosLosRegistros::$Datosbd_models is deprecated in APPPATH\Controllers\obtenerTodosLosRegistros.php on line 21.
 1 SYSTEMPATH\CodeIgniter.php(913): App\Controllers\obtenerTodosLosRegistros->__construct()
 2 SYSTEMPATH\CodeIgniter.php(493): CodeIgniter\CodeIgniter->createController()
 3 SYSTEMPATH\CodeIgniter.php(361): CodeIgniter\CodeIgniter->handleRequest(null, Object(Config\Cache), false)
 4 FCPATH\index.php(79): CodeIgniter\CodeIgniter->run()
WARNING - 2024-01-13 14:16:51 --> [DEPRECATED] Creation of dynamic property App\Controllers\obtenerTodosLosRegistros::$Datosbd_models is deprecated in APPPATH\Controllers\obtenerTodosLosRegistros.php on line 21.
 1 SYSTEMPATH\CodeIgniter.php(913): App\Controllers\obtenerTodosLosRegistros->__construct()
 2 SYSTEMPATH\CodeIgniter.php(493): CodeIgniter\CodeIgniter->createController()
 3 SYSTEMPATH\CodeIgniter.php(361): CodeIgniter\CodeIgniter->handleRequest(null, Object(Config\Cache), false)
 4 FCPATH\index.php(79): CodeIgniter\CodeIgniter->run()
WARNING - 2024-01-13 14:17:43 --> [DEPRECATED] Creation of dynamic property App\Controllers\obtenerTodosLosRegistros::$Datosbd_models is deprecated in APPPATH\Controllers\obtenerTodosLosRegistros.php on line 21.
 1 SYSTEMPATH\CodeIgniter.php(913): App\Controllers\obtenerTodosLosRegistros->__construct()
 2 SYSTEMPATH\CodeIgniter.php(493): CodeIgniter\CodeIgniter->createController()
 3 SYSTEMPATH\CodeIgniter.php(361): CodeIgniter\CodeIgniter->handleRequest(null, Object(Config\Cache), false)
 4 FCPATH\index.php(79): CodeIgniter\CodeIgniter->run()
WARNING - 2024-01-13 14:18:02 --> [DEPRECATED] Creation of dynamic property App\Controllers\obtenerTodosLosRegistros::$Datosbd_models is deprecated in APPPATH\Controllers\obtenerTodosLosRegistros.php on line 21.
 1 SYSTEMPATH\CodeIgniter.php(913): App\Controllers\obtenerTodosLosRegistros->__construct()
 2 SYSTEMPATH\CodeIgniter.php(493): CodeIgniter\CodeIgniter->createController()
 3 SYSTEMPATH\CodeIgniter.php(361): CodeIgniter\CodeIgniter->handleRequest(null, Object(Config\Cache), false)
 4 FCPATH\index.php(79): CodeIgniter\CodeIgniter->run()
WARNING - 2024-01-13 14:18:20 --> [DEPRECATED] Creation of dynamic property App\Controllers\obtenerTodosLosRegistros::$Datosbd_models is deprecated in APPPATH\Controllers\obtenerTodosLosRegistros.php on line 21.
 1 SYSTEMPATH\CodeIgniter.php(913): App\Controllers\obtenerTodosLosRegistros->__construct()
 2 SYSTEMPATH\CodeIgniter.php(493): CodeIgniter\CodeIgniter->createController()
 3 SYSTEMPATH\CodeIgniter.php(361): CodeIgniter\CodeIgniter->handleRequest(null, Object(Config\Cache), false)
 4 FCPATH\index.php(79): CodeIgniter\CodeIgniter->run()
CRITICAL - 2024-01-13 14:18:23 --> ErrorException: Undefined variable $registros
in APPPATH\Views\CGView\AgregarEmpView.php on line 198.
 1 APPPATH\Views\CGView\AgregarEmpView.php(198): CodeIgniter\Debug\Exceptions->errorHandler(2, 'Undefined variable $registros', 'C:\\xampp\\htdocs\\central\\app\\Views\\CGView\\AgregarEmpView.php', 198)
 2 SYSTEMPATH\View\View.php(228): include('C:\\xampp\\htdocs\\central\\app\\Views\\CGView\\AgregarEmpView.php')
 3 SYSTEMPATH\View\View.php(231): CodeIgniter\View\View->CodeIgniter\View\{closure}()
 4 SYSTEMPATH\Common.php(1178): CodeIgniter\View\View->render('CGView/AgregarEmpView', [], true)
 5 APPPATH\Controllers\AgregarEmplController.php(14): view('CGView/AgregarEmpView')
 6 SYSTEMPATH\CodeIgniter.php(941): App\Controllers\AgregarEmplController->Agregar()
 7 SYSTEMPATH\CodeIgniter.php(502): CodeIgniter\CodeIgniter->runController(Object(App\Controllers\AgregarEmplController))
 8 SYSTEMPATH\CodeIgniter.php(361): CodeIgniter\CodeIgniter->handleRequest(null, Object(Config\Cache), false)
 9 FCPATH\index.php(79): CodeIgniter\CodeIgniter->run()
WARNING - 2024-01-13 14:20:27 --> [DEPRECATED] Creation of dynamic property App\Controllers\obtenerTodosLosRegistros::$Datosbd_models is deprecated in APPPATH\Controllers\obtenerTodosLosRegistros.php on line 21.
 1 SYSTEMPATH\CodeIgniter.php(913): App\Controllers\obtenerTodosLosRegistros->__construct()
 2 SYSTEMPATH\CodeIgniter.php(493): CodeIgniter\CodeIgniter->createController()
 3 SYSTEMPATH\CodeIgniter.php(361): CodeIgniter\CodeIgniter->handleRequest(null, Object(Config\Cache), false)
 4 FCPATH\index.php(79): CodeIgniter\CodeIgniter->run()
WARNING - 2024-01-13 14:21:15 --> [DEPRECATED] Creation of dynamic property App\Controllers\obtenerTodosLosRegistros::$Datosbd_models is deprecated in APPPATH\Controllers\obtenerTodosLosRegistros.php on line 21.
 1 SYSTEMPATH\CodeIgniter.php(913): App\Controllers\obtenerTodosLosRegistros->__construct()
 2 SYSTEMPATH\CodeIgniter.php(493): CodeIgniter\CodeIgniter->createController()
 3 SYSTEMPATH\CodeIgniter.php(361): CodeIgniter\CodeIgniter->handleRequest(null, Object(Config\Cache), false)
 4 FCPATH\index.php(79): CodeIgniter\CodeIgniter->run()
WARNING - 2024-01-13 14:22:07 --> [DEPRECATED] Creation of dynamic property App\Controllers\obtenerTodosLosRegistros::$Datosbd_models is deprecated in APPPATH\Controllers\obtenerTodosLosRegistros.php on line 21.
 1 SYSTEMPATH\CodeIgniter.php(913): App\Controllers\obtenerTodosLosRegistros->__construct()
 2 SYSTEMPATH\CodeIgniter.php(493): CodeIgniter\CodeIgniter->createController()
 3 SYSTEMPATH\CodeIgniter.php(361): CodeIgniter\CodeIgniter->handleRequest(null, Object(Config\Cache), false)
 4 FCPATH\index.php(79): CodeIgniter\CodeIgniter->run()
WARNING - 2024-01-13 14:22:31 --> [DEPRECATED] Creation of dynamic property App\Controllers\obtenerTodosLosRegistros::$Datosbd_models is deprecated in APPPATH\Controllers\obtenerTodosLosRegistros.php on line 21.
 1 SYSTEMPATH\CodeIgniter.php(913): App\Controllers\obtenerTodosLosRegistros->__construct()
 2 SYSTEMPATH\CodeIgniter.php(493): CodeIgniter\CodeIgniter->createController()
 3 SYSTEMPATH\CodeIgniter.php(361): CodeIgniter\CodeIgniter->handleRequest(null, Object(Config\Cache), false)
 4 FCPATH\index.php(79): CodeIgniter\CodeIgniter->run()
WARNING - 2024-01-13 14:22:37 --> [DEPRECATED] Creation of dynamic property App\Controllers\obtenerTodosLosRegistros::$Datosbd_models is deprecated in APPPATH\Controllers\obtenerTodosLosRegistros.php on line 21.
 1 SYSTEMPATH\CodeIgniter.php(913): App\Controllers\obtenerTodosLosRegistros->__construct()
 2 SYSTEMPATH\CodeIgniter.php(493): CodeIgniter\CodeIgniter->createController()
 3 SYSTEMPATH\CodeIgniter.php(361): CodeIgniter\CodeIgniter->handleRequest(null, Object(Config\Cache), false)
 4 FCPATH\index.php(79): CodeIgniter\CodeIgniter->run()
WARNING - 2024-01-13 14:23:11 --> [DEPRECATED] Creation of dynamic property App\Controllers\obtenerTodosLosRegistros::$Datosbd_models is deprecated in APPPATH\Controllers\obtenerTodosLosRegistros.php on line 21.
 1 SYSTEMPATH\CodeIgniter.php(913): App\Controllers\obtenerTodosLosRegistros->__construct()
 2 SYSTEMPATH\CodeIgniter.php(493): CodeIgniter\CodeIgniter->createController()
 3 SYSTEMPATH\CodeIgniter.php(361): CodeIgniter\CodeIgniter->handleRequest(null, Object(Config\Cache), false)
 4 FCPATH\index.php(79): CodeIgniter\CodeIgniter->run()
WARNING - 2024-01-13 14:37:25 --> [DEPRECATED] Creation of dynamic property App\Controllers\obtenerTodosLosRegistros::$Datosbd_models is deprecated in APPPATH\Controllers\obtenerTodosLosRegistros.php on line 21.
 1 SYSTEMPATH\CodeIgniter.php(913): App\Controllers\obtenerTodosLosRegistros->__construct()
 2 SYSTEMPATH\CodeIgniter.php(493): CodeIgniter\CodeIgniter->createController()
 3 SYSTEMPATH\CodeIgniter.php(361): CodeIgniter\CodeIgniter->handleRequest(null, Object(Config\Cache), false)
 4 FCPATH\index.php(79): CodeIgniter\CodeIgniter->run()
WARNING - 2024-01-13 14:37:38 --> [DEPRECATED] Creation of dynamic property App\Controllers\obtenerTodosLosRegistros::$Datosbd_models is deprecated in APPPATH\Controllers\obtenerTodosLosRegistros.php on line 21.
 1 SYSTEMPATH\CodeIgniter.php(913): App\Controllers\obtenerTodosLosRegistros->__construct()
 2 SYSTEMPATH\CodeIgniter.php(493): CodeIgniter\CodeIgniter->createController()
 3 SYSTEMPATH\CodeIgniter.php(361): CodeIgniter\CodeIgniter->handleRequest(null, Object(Config\Cache), false)
 4 FCPATH\index.php(79): CodeIgniter\CodeIgniter->run()
WARNING - 2024-01-13 14:38:29 --> [DEPRECATED] Creation of dynamic property App\Controllers\obtenerTodosLosRegistros::$Datosbd_models is deprecated in APPPATH\Controllers\obtenerTodosLosRegistros.php on line 21.
 1 SYSTEMPATH\CodeIgniter.php(913): App\Controllers\obtenerTodosLosRegistros->__construct()
 2 SYSTEMPATH\CodeIgniter.php(493): CodeIgniter\CodeIgniter->createController()
 3 SYSTEMPATH\CodeIgniter.php(361): CodeIgniter\CodeIgniter->handleRequest(null, Object(Config\Cache), false)
 4 FCPATH\index.php(79): CodeIgniter\CodeIgniter->run()
WARNING - 2024-01-13 14:38:34 --> [DEPRECATED] Creation of dynamic property App\Controllers\obtenerTodosLosRegistros::$Datosbd_models is deprecated in APPPATH\Controllers\obtenerTodosLosRegistros.php on line 21.
 1 SYSTEMPATH\CodeIgniter.php(913): App\Controllers\obtenerTodosLosRegistros->__construct()
 2 SYSTEMPATH\CodeIgniter.php(493): CodeIgniter\CodeIgniter->createController()
 3 SYSTEMPATH\CodeIgniter.php(361): CodeIgniter\CodeIgniter->handleRequest(null, Object(Config\Cache), false)
 4 FCPATH\index.php(79): CodeIgniter\CodeIgniter->run()
WARNING - 2024-01-13 14:40:33 --> [DEPRECATED] Creation of dynamic property App\Controllers\obtenerTodosLosRegistros::$Datosbd_models is deprecated in APPPATH\Controllers\obtenerTodosLosRegistros.php on line 21.
 1 SYSTEMPATH\CodeIgniter.php(913): App\Controllers\obtenerTodosLosRegistros->__construct()
 2 SYSTEMPATH\CodeIgniter.php(493): CodeIgniter\CodeIgniter->createController()
 3 SYSTEMPATH\CodeIgniter.php(361): CodeIgniter\CodeIgniter->handleRequest(null, Object(Config\Cache), false)
 4 FCPATH\index.php(79): CodeIgniter\CodeIgniter->run()
WARNING - 2024-01-13 14:41:35 --> [DEPRECATED] Creation of dynamic property App\Controllers\obtenerTodosLosRegistros::$Datosbd_models is deprecated in APPPATH\Controllers\obtenerTodosLosRegistros.php on line 21.
 1 SYSTEMPATH\CodeIgniter.php(913): App\Controllers\obtenerTodosLosRegistros->__construct()
 2 SYSTEMPATH\CodeIgniter.php(493): CodeIgniter\CodeIgniter->createController()
 3 SYSTEMPATH\CodeIgniter.php(361): CodeIgniter\CodeIgniter->handleRequest(null, Object(Config\Cache), false)
 4 FCPATH\index.php(79): CodeIgniter\CodeIgniter->run()
WARNING - 2024-01-13 14:43:10 --> [DEPRECATED] Creation of dynamic property App\Controllers\obtenerTodosLosRegistros::$Datosbd_models is deprecated in APPPATH\Controllers\obtenerTodosLosRegistros.php on line 21.
 1 SYSTEMPATH\CodeIgniter.php(913): App\Controllers\obtenerTodosLosRegistros->__construct()
 2 SYSTEMPATH\CodeIgniter.php(493): CodeIgniter\CodeIgniter->createController()
 3 SYSTEMPATH\CodeIgniter.php(361): CodeIgniter\CodeIgniter->handleRequest(null, Object(Config\Cache), false)
 4 FCPATH\index.php(79): CodeIgniter\CodeIgniter->run()
ERROR - 2024-01-13 14:56:19 --> [Microsoft][ODBC Driver 18 for SQL Server][SQL Server]The INSERT statement conflicted with the CHECK constraint "CK__EMPLEADOS__AREA__37A5467C". The conflict occurred in database "CGingreso", table "dbo.EMPLEADOS", column 'AREA'.
CRITICAL - 2024-01-13 14:56:19 --> CodeIgniter\Database\Exceptions\DatabaseException: [Microsoft][ODBC Driver 18 for SQL Server][SQL Server]The INSERT statement conflicted with the CHECK constraint "CK__EMPLEADOS__AREA__37A5467C". The conflict occurred in database "CGingreso", table "dbo.EMPLEADOS", column 'AREA'.
in SYSTEMPATH\Database\BaseConnection.php on line 647.
 1 SYSTEMPATH\Database\BaseBuilder.php(2302): CodeIgniter\Database\BaseConnection->query('INSERT INTO "CGingreso"."dbo"."empleados" ("cedula","nombre","area","codigo","estado") VALUES (:cedula:, :nombre:, :area:, :codigo:, :estado:)', [...], false)
 2 SYSTEMPATH\Model.php(326): CodeIgniter\Database\BaseBuilder->insert()
 3 SYSTEMPATH\BaseModel.php(802): CodeIgniter\Model->doInsert([...])
 4 SYSTEMPATH\Model.php(744): CodeIgniter\BaseModel->insert([...], true)
 5 APPPATH\Controllers\AgregarEmplController.php(48): CodeIgniter\Model->insert([...])
 6 SYSTEMPATH\CodeIgniter.php(941): App\Controllers\AgregarEmplController->guardarEmpleado()
 7 SYSTEMPATH\CodeIgniter.php(502): CodeIgniter\CodeIgniter->runController(Object(App\Controllers\AgregarEmplController))
 8 SYSTEMPATH\CodeIgniter.php(361): CodeIgniter\CodeIgniter->handleRequest(null, Object(Config\Cache), false)
 9 FCPATH\index.php(79): CodeIgniter\CodeIgniter->run()
CRITICAL - 2024-01-13 14:56:19 --> [Caused by] CodeIgniter\Database\Exceptions\DatabaseException: [Microsoft][ODBC Driver 18 for SQL Server][SQL Server]The INSERT statement conflicted with the CHECK constraint "CK__EMPLEADOS__AREA__37A5467C". The conflict occurred in database "CGingreso", table "dbo.EMPLEADOS", column 'AREA'.
in SYSTEMPATH\Database\SQLSRV\Connection.php on line 482.
 1 SYSTEMPATH\Database\BaseConnection.php(693): CodeIgniter\Database\SQLSRV\Connection->execute('INSERT INTO "CGingreso"."dbo"."empleados" ("cedula","nombre","area","codigo","estado") VALUES (\'1036942890\', \'LUIS DANIEL PINEDA\', \'SISTEMAS\', \'18\', \'ACTIVO\')')
 2 SYSTEMPATH\Database\BaseConnection.php(607): CodeIgniter\Database\BaseConnection->simpleQuery('INSERT INTO "CGingreso"."dbo"."empleados" ("cedula","nombre","area","codigo","estado") VALUES (\'1036942890\', \'LUIS DANIEL PINEDA\', \'SISTEMAS\', \'18\', \'ACTIVO\')')
 3 SYSTEMPATH\Database\BaseBuilder.php(2302): CodeIgniter\Database\BaseConnection->query('INSERT INTO "CGingreso"."dbo"."empleados" ("cedula","nombre","area","codigo","estado") VALUES (:cedula:, :nombre:, :area:, :codigo:, :estado:)', [...], false)
 4 SYSTEMPATH\Model.php(326): CodeIgniter\Database\BaseBuilder->insert()
 5 SYSTEMPATH\BaseModel.php(802): CodeIgniter\Model->doInsert([...])
 6 SYSTEMPATH\Model.php(744): CodeIgniter\BaseModel->insert([...], true)
 7 APPPATH\Controllers\AgregarEmplController.php(48): CodeIgniter\Model->insert([...])
 8 SYSTEMPATH\CodeIgniter.php(941): App\Controllers\AgregarEmplController->guardarEmpleado()
 9 SYSTEMPATH\CodeIgniter.php(502): CodeIgniter\CodeIgniter->runController(Object(App\Controllers\AgregarEmplController))
10 SYSTEMPATH\CodeIgniter.php(361): CodeIgniter\CodeIgniter->handleRequest(null, Object(Config\Cache), false)
11 FCPATH\index.php(79): CodeIgniter\CodeIgniter->run()
WARNING - 2024-01-13 15:15:46 --> [DEPRECATED] Creation of dynamic property App\Controllers\obtenerTodosLosRegistros::$Datosbd_models is deprecated in APPPATH\Controllers\obtenerTodosLosRegistros.php on line 21.
 1 SYSTEMPATH\CodeIgniter.php(913): App\Controllers\obtenerTodosLosRegistros->__construct()
 2 SYSTEMPATH\CodeIgniter.php(493): CodeIgniter\CodeIgniter->createController()
 3 SYSTEMPATH\CodeIgniter.php(361): CodeIgniter\CodeIgniter->handleRequest(null, Object(Config\Cache), false)
 4 FCPATH\index.php(79): CodeIgniter\CodeIgniter->run()
INFO - 2024-01-13 15:15:46 --> Session: Class initialized using 'CodeIgniter\Session\Handlers\FileHandler' driver.
INFO - 2024-01-13 15:16:29 --> Session: Class initialized using 'CodeIgniter\Session\Handlers\FileHandler' driver.
ERROR - 2024-01-13 15:18:54 --> [Microsoft][ODBC Driver 18 for SQL Server][SQL Server]Violation of PRIMARY KEY constraint 'PK__EMPLEADO__06BB8449A823EE83'. Cannot insert duplicate key in object 'dbo.EMPLEADOS'. The duplicate key value is (1036942890).
CRITICAL - 2024-01-13 15:18:54 --> CodeIgniter\Database\Exceptions\DatabaseException: [Microsoft][ODBC Driver 18 for SQL Server][SQL Server]Violation of PRIMARY KEY constraint 'PK__EMPLEADO__06BB8449A823EE83'. Cannot insert duplicate key in object 'dbo.EMPLEADOS'. The duplicate key value is (1036942890).
in SYSTEMPATH\Database\BaseConnection.php on line 647.
 1 SYSTEMPATH\Database\BaseBuilder.php(2302): CodeIgniter\Database\BaseConnection->query('INSERT INTO "CGingreso"."dbo"."empleados" ("cedula","nombre","area","codigo","estado") VALUES (:cedula:, :nombre:, :area:, :codigo:, :estado:)', [...], false)
 2 SYSTEMPATH\Model.php(326): CodeIgniter\Database\BaseBuilder->insert()
 3 SYSTEMPATH\BaseModel.php(802): CodeIgniter\Model->doInsert([...])
 4 SYSTEMPATH\Model.php(744): CodeIgniter\BaseModel->insert([...], true)
 5 APPPATH\Controllers\AgregarEmplController.php(48): CodeIgniter\Model->insert([...])
 6 SYSTEMPATH\CodeIgniter.php(941): App\Controllers\AgregarEmplController->guardarEmpleado()
 7 SYSTEMPATH\CodeIgniter.php(502): CodeIgniter\CodeIgniter->runController(Object(App\Controllers\AgregarEmplController))
 8 SYSTEMPATH\CodeIgniter.php(361): CodeIgniter\CodeIgniter->handleRequest(null, Object(Config\Cache), false)
 9 FCPATH\index.php(79): CodeIgniter\CodeIgniter->run()
CRITICAL - 2024-01-13 15:18:54 --> [Caused by] CodeIgniter\Database\Exceptions\DatabaseException: [Microsoft][ODBC Driver 18 for SQL Server][SQL Server]Violation of PRIMARY KEY constraint 'PK__EMPLEADO__06BB8449A823EE83'. Cannot insert duplicate key in object 'dbo.EMPLEADOS'. The duplicate key value is (1036942890).
in SYSTEMPATH\Database\SQLSRV\Connection.php on line 482.
 1 SYSTEMPATH\Database\BaseConnection.php(693): CodeIgniter\Database\SQLSRV\Connection->execute('INSERT INTO "CGingreso"."dbo"."empleados" ("cedula","nombre","area","codigo","estado") VALUES (\'1036942890\', \'LUIS DANIEL PINEDA\', \'ADMINISTRACION\', \'18\', \'ACTIVO\')')
 2 SYSTEMPATH\Database\BaseConnection.php(607): CodeIgniter\Database\BaseConnection->simpleQuery('INSERT INTO "CGingreso"."dbo"."empleados" ("cedula","nombre","area","codigo","estado") VALUES (\'1036942890\', \'LUIS DANIEL PINEDA\', \'ADMINISTRACION\', \'18\', \'ACTIVO\')')
 3 SYSTEMPATH\Database\BaseBuilder.php(2302): CodeIgniter\Database\BaseConnection->query('INSERT INTO "CGingreso"."dbo"."empleados" ("cedula","nombre","area","codigo","estado") VALUES (:cedula:, :nombre:, :area:, :codigo:, :estado:)', [...], false)
 4 SYSTEMPATH\Model.php(326): CodeIgniter\Database\BaseBuilder->insert()
 5 SYSTEMPATH\BaseModel.php(802): CodeIgniter\Model->doInsert([...])
 6 SYSTEMPATH\Model.php(744): CodeIgniter\BaseModel->insert([...], true)
 7 APPPATH\Controllers\AgregarEmplController.php(48): CodeIgniter\Model->insert([...])
 8 SYSTEMPATH\CodeIgniter.php(941): App\Controllers\AgregarEmplController->guardarEmpleado()
 9 SYSTEMPATH\CodeIgniter.php(502): CodeIgniter\CodeIgniter->runController(Object(App\Controllers\AgregarEmplController))
10 SYSTEMPATH\CodeIgniter.php(361): CodeIgniter\CodeIgniter->handleRequest(null, Object(Config\Cache), false)
11 FCPATH\index.php(79): CodeIgniter\CodeIgniter->run()
INFO - 2024-01-13 15:19:32 --> Session: Class initialized using 'CodeIgniter\Session\Handlers\FileHandler' driver.
WARNING - 2024-01-13 15:19:32 --> [DEPRECATED] Creation of dynamic property App\Controllers\LoginController::$session is deprecated in APPPATH\Controllers\LoginController.php on line 14.
 1 SYSTEMPATH\CodeIgniter.php(913): App\Controllers\LoginController->__construct()
 2 SYSTEMPATH\CodeIgniter.php(493): CodeIgniter\CodeIgniter->createController()
 3 SYSTEMPATH\CodeIgniter.php(361): CodeIgniter\CodeIgniter->handleRequest(null, Object(Config\Cache), false)
 4 FCPATH\index.php(79): CodeIgniter\CodeIgniter->run()
WARNING - 2024-01-13 15:19:38 --> [DEPRECATED] Creation of dynamic property App\Controllers\obtenerTodosLosRegistros::$Datosbd_models is deprecated in APPPATH\Controllers\obtenerTodosLosRegistros.php on line 21.
 1 SYSTEMPATH\CodeIgniter.php(913): App\Controllers\obtenerTodosLosRegistros->__construct()
 2 SYSTEMPATH\CodeIgniter.php(493): CodeIgniter\CodeIgniter->createController()
 3 SYSTEMPATH\CodeIgniter.php(361): CodeIgniter\CodeIgniter->handleRequest(null, Object(Config\Cache), false)
 4 FCPATH\index.php(79): CodeIgniter\CodeIgniter->run()
INFO - 2024-01-13 15:19:38 --> Session: Class initialized using 'CodeIgniter\Session\Handlers\FileHandler' driver.
INFO - 2024-01-13 15:20:37 --> Session: Class initialized using 'CodeIgniter\Session\Handlers\FileHandler' driver.
WARNING - 2024-01-13 15:20:37 --> [DEPRECATED] Creation of dynamic property App\Controllers\obtenerTodosLosRegistros::$Datosbd_models is deprecated in APPPATH\Controllers\obtenerTodosLosRegistros.php on line 21.
 1 SYSTEMPATH\CodeIgniter.php(913): App\Controllers\obtenerTodosLosRegistros->__construct()
 2 SYSTEMPATH\CodeIgniter.php(493): CodeIgniter\CodeIgniter->createController()
 3 SYSTEMPATH\CodeIgniter.php(361): CodeIgniter\CodeIgniter->handleRequest(null, Object(Config\Cache), false)
 4 FCPATH\index.php(79): CodeIgniter\CodeIgniter->run()
INFO - 2024-01-13 15:20:37 --> Session: Class initialized using 'CodeIgniter\Session\Handlers\FileHandler' driver.
WARNING - 2024-01-13 15:21:13 --> [DEPRECATED] Creation of dynamic property App\Controllers\obtenerTodosLosRegistros::$Datosbd_models is deprecated in APPPATH\Controllers\obtenerTodosLosRegistros.php on line 21.
 1 SYSTEMPATH\CodeIgniter.php(913): App\Controllers\obtenerTodosLosRegistros->__construct()
 2 SYSTEMPATH\CodeIgniter.php(493): CodeIgniter\CodeIgniter->createController()
 3 SYSTEMPATH\CodeIgniter.php(361): CodeIgniter\CodeIgniter->handleRequest(null, Object(Config\Cache), false)
 4 FCPATH\index.php(79): CodeIgniter\CodeIgniter->run()
INFO - 2024-01-13 15:21:13 --> Session: Class initialized using 'CodeIgniter\Session\Handlers\FileHandler' driver.
WARNING - 2024-01-13 15:24:43 --> [DEPRECATED] Creation of dynamic property App\Controllers\obtenerTodosLosRegistros::$Datosbd_models is deprecated in APPPATH\Controllers\obtenerTodosLosRegistros.php on line 21.
 1 SYSTEMPATH\CodeIgniter.php(913): App\Controllers\obtenerTodosLosRegistros->__construct()
 2 SYSTEMPATH\CodeIgniter.php(493): CodeIgniter\CodeIgniter->createController()
 3 SYSTEMPATH\CodeIgniter.php(361): CodeIgniter\CodeIgniter->handleRequest(null, Object(Config\Cache), false)
 4 FCPATH\index.php(79): CodeIgniter\CodeIgniter->run()
INFO - 2024-01-13 15:24:43 --> Session: Class initialized using 'CodeIgniter\Session\Handlers\FileHandler' driver.
WARNING - 2024-01-13 15:24:55 --> [DEPRECATED] Creation of dynamic property App\Controllers\obtenerTodosLosRegistros::$Datosbd_models is deprecated in APPPATH\Controllers\obtenerTodosLosRegistros.php on line 21.
 1 SYSTEMPATH\CodeIgniter.php(913): App\Controllers\obtenerTodosLosRegistros->__construct()
 2 SYSTEMPATH\CodeIgniter.php(493): CodeIgniter\CodeIgniter->createController()
 3 SYSTEMPATH\CodeIgniter.php(361): CodeIgniter\CodeIgniter->handleRequest(null, Object(Config\Cache), false)
 4 FCPATH\index.php(79): CodeIgniter\CodeIgniter->run()
INFO - 2024-01-13 15:24:55 --> Session: Class initialized using 'CodeIgniter\Session\Handlers\FileHandler' driver.
WARNING - 2024-01-13 15:25:47 --> [DEPRECATED] Creation of dynamic property App\Controllers\obtenerTodosLosRegistros::$Datosbd_models is deprecated in APPPATH\Controllers\obtenerTodosLosRegistros.php on line 21.
 1 SYSTEMPATH\CodeIgniter.php(913): App\Controllers\obtenerTodosLosRegistros->__construct()
 2 SYSTEMPATH\CodeIgniter.php(493): CodeIgniter\CodeIgniter->createController()
 3 SYSTEMPATH\CodeIgniter.php(361): CodeIgniter\CodeIgniter->handleRequest(null, Object(Config\Cache), false)
 4 FCPATH\index.php(79): CodeIgniter\CodeIgniter->run()
INFO - 2024-01-13 15:25:47 --> Session: Class initialized using 'CodeIgniter\Session\Handlers\FileHandler' driver.
WARNING - 2024-01-13 15:25:52 --> [DEPRECATED] Creation of dynamic property App\Controllers\obtenerTodosLosRegistros::$Datosbd_models is deprecated in APPPATH\Controllers\obtenerTodosLosRegistros.php on line 21.
 1 SYSTEMPATH\CodeIgniter.php(913): App\Controllers\obtenerTodosLosRegistros->__construct()
 2 SYSTEMPATH\CodeIgniter.php(493): CodeIgniter\CodeIgniter->createController()
 3 SYSTEMPATH\CodeIgniter.php(361): CodeIgniter\CodeIgniter->handleRequest(null, Object(Config\Cache), false)
 4 FCPATH\index.php(79): CodeIgniter\CodeIgniter->run()
INFO - 2024-01-13 15:25:52 --> Session: Class initialized using 'CodeIgniter\Session\Handlers\FileHandler' driver.
WARNING - 2024-01-13 15:42:59 --> [DEPRECATED] Creation of dynamic property App\Controllers\obtenerTodosLosRegistros::$Datosbd_models is deprecated in APPPATH\Controllers\obtenerTodosLosRegistros.php on line 21.
 1 SYSTEMPATH\CodeIgniter.php(913): App\Controllers\obtenerTodosLosRegistros->__construct()
 2 SYSTEMPATH\CodeIgniter.php(493): CodeIgniter\CodeIgniter->createController()
 3 SYSTEMPATH\CodeIgniter.php(361): CodeIgniter\CodeIgniter->handleRequest(null, Object(Config\Cache), false)
 4 FCPATH\index.php(79): CodeIgniter\CodeIgniter->run()
INFO - 2024-01-13 15:42:59 --> Session: Class initialized using 'CodeIgniter\Session\Handlers\FileHandler' driver.
WARNING - 2024-01-13 15:43:02 --> [DEPRECATED] Creation of dynamic property App\Controllers\obtenerTodosLosRegistros::$Datosbd_models is deprecated in APPPATH\Controllers\obtenerTodosLosRegistros.php on line 21.
 1 SYSTEMPATH\CodeIgniter.php(913): App\Controllers\obtenerTodosLosRegistros->__construct()
 2 SYSTEMPATH\CodeIgniter.php(493): CodeIgniter\CodeIgniter->createController()
 3 SYSTEMPATH\CodeIgniter.php(361): CodeIgniter\CodeIgniter->handleRequest(null, Object(Config\Cache), false)
 4 FCPATH\index.php(79): CodeIgniter\CodeIgniter->run()
INFO - 2024-01-13 15:43:02 --> Session: Class initialized using 'CodeIgniter\Session\Handlers\FileHandler' driver.
WARNING - 2024-01-13 15:44:44 --> [DEPRECATED] Creation of dynamic property App\Controllers\obtenerTodosLosRegistros::$Datosbd_models is deprecated in APPPATH\Controllers\obtenerTodosLosRegistros.php on line 21.
 1 SYSTEMPATH\CodeIgniter.php(913): App\Controllers\obtenerTodosLosRegistros->__construct()
 2 SYSTEMPATH\CodeIgniter.php(493): CodeIgniter\CodeIgniter->createController()
 3 SYSTEMPATH\CodeIgniter.php(361): CodeIgniter\CodeIgniter->handleRequest(null, Object(Config\Cache), false)
 4 FCPATH\index.php(79): CodeIgniter\CodeIgniter->run()
INFO - 2024-01-13 15:44:44 --> Session: Class initialized using 'CodeIgniter\Session\Handlers\FileHandler' driver.
WARNING - 2024-01-13 15:46:25 --> [DEPRECATED] Creation of dynamic property App\Controllers\obtenerTodosLosRegistros::$Datosbd_models is deprecated in APPPATH\Controllers\obtenerTodosLosRegistros.php on line 21.
 1 SYSTEMPATH\CodeIgniter.php(913): App\Controllers\obtenerTodosLosRegistros->__construct()
 2 SYSTEMPATH\CodeIgniter.php(493): CodeIgniter\CodeIgniter->createController()
 3 SYSTEMPATH\CodeIgniter.php(361): CodeIgniter\CodeIgniter->handleRequest(null, Object(Config\Cache), false)
 4 FCPATH\index.php(79): CodeIgniter\CodeIgniter->run()
INFO - 2024-01-13 15:46:25 --> Session: Class initialized using 'CodeIgniter\Session\Handlers\FileHandler' driver.
WARNING - 2024-01-13 15:47:18 --> [DEPRECATED] Creation of dynamic property App\Controllers\obtenerTodosLosRegistros::$Datosbd_models is deprecated in APPPATH\Controllers\obtenerTodosLosRegistros.php on line 21.
 1 SYSTEMPATH\CodeIgniter.php(913): App\Controllers\obtenerTodosLosRegistros->__construct()
 2 SYSTEMPATH\CodeIgniter.php(493): CodeIgniter\CodeIgniter->createController()
 3 SYSTEMPATH\CodeIgniter.php(361): CodeIgniter\CodeIgniter->handleRequest(null, Object(Config\Cache), false)
 4 FCPATH\index.php(79): CodeIgniter\CodeIgniter->run()
INFO - 2024-01-13 15:47:18 --> Session: Class initialized using 'CodeIgniter\Session\Handlers\FileHandler' driver.
WARNING - 2024-01-13 15:47:42 --> [DEPRECATED] Creation of dynamic property App\Controllers\obtenerTodosLosRegistros::$Datosbd_models is deprecated in APPPATH\Controllers\obtenerTodosLosRegistros.php on line 21.
 1 SYSTEMPATH\CodeIgniter.php(913): App\Controllers\obtenerTodosLosRegistros->__construct()
 2 SYSTEMPATH\CodeIgniter.php(493): CodeIgniter\CodeIgniter->createController()
 3 SYSTEMPATH\CodeIgniter.php(361): CodeIgniter\CodeIgniter->handleRequest(null, Object(Config\Cache), false)
 4 FCPATH\index.php(79): CodeIgniter\CodeIgniter->run()
INFO - 2024-01-13 15:47:42 --> Session: Class initialized using 'CodeIgniter\Session\Handlers\FileHandler' driver.
WARNING - 2024-01-13 15:48:40 --> [DEPRECATED] Creation of dynamic property App\Controllers\obtenerTodosLosRegistros::$Datosbd_models is deprecated in APPPATH\Controllers\obtenerTodosLosRegistros.php on line 21.
 1 SYSTEMPATH\CodeIgniter.php(913): App\Controllers\obtenerTodosLosRegistros->__construct()
 2 SYSTEMPATH\CodeIgniter.php(493): CodeIgniter\CodeIgniter->createController()
 3 SYSTEMPATH\CodeIgniter.php(361): CodeIgniter\CodeIgniter->handleRequest(null, Object(Config\Cache), false)
 4 FCPATH\index.php(79): CodeIgniter\CodeIgniter->run()
INFO - 2024-01-13 15:48:40 --> Session: Class initialized using 'CodeIgniter\Session\Handlers\FileHandler' driver.
WARNING - 2024-01-13 15:50:22 --> [DEPRECATED] Creation of dynamic property App\Controllers\obtenerTodosLosRegistros::$Datosbd_models is deprecated in APPPATH\Controllers\obtenerTodosLosRegistros.php on line 21.
 1 SYSTEMPATH\CodeIgniter.php(913): App\Controllers\obtenerTodosLosRegistros->__construct()
 2 SYSTEMPATH\CodeIgniter.php(493): CodeIgniter\CodeIgniter->createController()
 3 SYSTEMPATH\CodeIgniter.php(361): CodeIgniter\CodeIgniter->handleRequest(null, Object(Config\Cache), false)
 4 FCPATH\index.php(79): CodeIgniter\CodeIgniter->run()
INFO - 2024-01-13 15:50:22 --> Session: Class initialized using 'CodeIgniter\Session\Handlers\FileHandler' driver.
WARNING - 2024-01-13 15:52:04 --> [DEPRECATED] Creation of dynamic property App\Controllers\obtenerTodosLosRegistros::$Datosbd_models is deprecated in APPPATH\Controllers\obtenerTodosLosRegistros.php on line 21.
 1 SYSTEMPATH\CodeIgniter.php(913): App\Controllers\obtenerTodosLosRegistros->__construct()
 2 SYSTEMPATH\CodeIgniter.php(493): CodeIgniter\CodeIgniter->createController()
 3 SYSTEMPATH\CodeIgniter.php(361): CodeIgniter\CodeIgniter->handleRequest(null, Object(Config\Cache), false)
 4 FCPATH\index.php(79): CodeIgniter\CodeIgniter->run()
INFO - 2024-01-13 15:52:04 --> Session: Class initialized using 'CodeIgniter\Session\Handlers\FileHandler' driver.
WARNING - 2024-01-13 15:56:31 --> [DEPRECATED] Creation of dynamic property App\Controllers\obtenerTodosLosRegistros::$Datosbd_models is deprecated in APPPATH\Controllers\obtenerTodosLosRegistros.php on line 21.
 1 SYSTEMPATH\CodeIgniter.php(913): App\Controllers\obtenerTodosLosRegistros->__construct()
 2 SYSTEMPATH\CodeIgniter.php(493): CodeIgniter\CodeIgniter->createController()
 3 SYSTEMPATH\CodeIgniter.php(361): CodeIgniter\CodeIgniter->handleRequest(null, Object(Config\Cache), false)
 4 FCPATH\index.php(79): CodeIgniter\CodeIgniter->run()
INFO - 2024-01-13 15:56:31 --> Session: Class initialized using 'CodeIgniter\Session\Handlers\FileHandler' driver.
WARNING - 2024-01-13 15:56:36 --> [DEPRECATED] Creation of dynamic property App\Controllers\obtenerTodosLosRegistros::$Datosbd_models is deprecated in APPPATH\Controllers\obtenerTodosLosRegistros.php on line 21.
 1 SYSTEMPATH\CodeIgniter.php(913): App\Controllers\obtenerTodosLosRegistros->__construct()
 2 SYSTEMPATH\CodeIgniter.php(493): CodeIgniter\CodeIgniter->createController()
 3 SYSTEMPATH\CodeIgniter.php(361): CodeIgniter\CodeIgniter->handleRequest(null, Object(Config\Cache), false)
 4 FCPATH\index.php(79): CodeIgniter\CodeIgniter->run()
INFO - 2024-01-13 15:56:36 --> Session: Class initialized using 'CodeIgniter\Session\Handlers\FileHandler' driver.
WARNING - 2024-01-13 15:56:38 --> [DEPRECATED] Creation of dynamic property App\Controllers\obtenerTodosLosRegistros::$Datosbd_models is deprecated in APPPATH\Controllers\obtenerTodosLosRegistros.php on line 21.
 1 SYSTEMPATH\CodeIgniter.php(913): App\Controllers\obtenerTodosLosRegistros->__construct()
 2 SYSTEMPATH\CodeIgniter.php(493): CodeIgniter\CodeIgniter->createController()
 3 SYSTEMPATH\CodeIgniter.php(361): CodeIgniter\CodeIgniter->handleRequest(null, Object(Config\Cache), false)
 4 FCPATH\index.php(79): CodeIgniter\CodeIgniter->run()
CRITICAL - 2024-01-13 15:56:38 --> CodeIgniter\View\Exceptions\ViewException: Invalid file: "CGView/editarEmpleado.php"
in SYSTEMPATH\Exceptions\FrameworkException.php on line 39.
 1 SYSTEMPATH\View\View.php(216): CodeIgniter\Exceptions\FrameworkException::forInvalidFile('CGView/editarEmpleado.php')
 2 SYSTEMPATH\Common.php(1178): CodeIgniter\View\View->render('CGView/editarEmpleado', [], true)
 3 APPPATH\Controllers\obtenerTodosLosRegistros.php(38): view('CGView/editarEmpleado', [...])
 4 SYSTEMPATH\CodeIgniter.php(941): App\Controllers\obtenerTodosLosRegistros->editar('11111')
 5 SYSTEMPATH\CodeIgniter.php(502): CodeIgniter\CodeIgniter->runController(Object(App\Controllers\obtenerTodosLosRegistros))
 6 SYSTEMPATH\CodeIgniter.php(361): CodeIgniter\CodeIgniter->handleRequest(null, Object(Config\Cache), false)
 7 FCPATH\index.php(79): CodeIgniter\CodeIgniter->run()
WARNING - 2024-01-13 15:57:18 --> [DEPRECATED] Creation of dynamic property App\Controllers\obtenerTodosLosRegistros::$Datosbd_models is deprecated in APPPATH\Controllers\obtenerTodosLosRegistros.php on line 21.
 1 SYSTEMPATH\CodeIgniter.php(913): App\Controllers\obtenerTodosLosRegistros->__construct()
 2 SYSTEMPATH\CodeIgniter.php(493): CodeIgniter\CodeIgniter->createController()
 3 SYSTEMPATH\CodeIgniter.php(361): CodeIgniter\CodeIgniter->handleRequest(null, Object(Config\Cache), false)
 4 FCPATH\index.php(79): CodeIgniter\CodeIgniter->run()
INFO - 2024-01-13 15:57:18 --> Session: Class initialized using 'CodeIgniter\Session\Handlers\FileHandler' driver.
WARNING - 2024-01-13 15:57:21 --> [DEPRECATED] Creation of dynamic property App\Controllers\obtenerTodosLosRegistros::$Datosbd_models is deprecated in APPPATH\Controllers\obtenerTodosLosRegistros.php on line 21.
 1 SYSTEMPATH\CodeIgniter.php(913): App\Controllers\obtenerTodosLosRegistros->__construct()
 2 SYSTEMPATH\CodeIgniter.php(493): CodeIgniter\CodeIgniter->createController()
 3 SYSTEMPATH\CodeIgniter.php(361): CodeIgniter\CodeIgniter->handleRequest(null, Object(Config\Cache), false)
 4 FCPATH\index.php(79): CodeIgniter\CodeIgniter->run()
WARNING - 2024-01-13 16:02:41 --> [DEPRECATED] Creation of dynamic property App\Controllers\obtenerTodosLosRegistros::$Datosbd_models is deprecated in APPPATH\Controllers\obtenerTodosLosRegistros.php on line 21.
 1 SYSTEMPATH\CodeIgniter.php(913): App\Controllers\obtenerTodosLosRegistros->__construct()
 2 SYSTEMPATH\CodeIgniter.php(493): CodeIgniter\CodeIgniter->createController()
 3 SYSTEMPATH\CodeIgniter.php(361): CodeIgniter\CodeIgniter->handleRequest(null, Object(Config\Cache), false)
 4 FCPATH\index.php(79): CodeIgniter\CodeIgniter->run()
WARNING - 2024-01-13 16:02:43 --> [DEPRECATED] Creation of dynamic property App\Controllers\obtenerTodosLosRegistros::$Datosbd_models is deprecated in APPPATH\Controllers\obtenerTodosLosRegistros.php on line 21.
 1 SYSTEMPATH\CodeIgniter.php(913): App\Controllers\obtenerTodosLosRegistros->__construct()
 2 SYSTEMPATH\CodeIgniter.php(493): CodeIgniter\CodeIgniter->createController()
 3 SYSTEMPATH\CodeIgniter.php(361): CodeIgniter\CodeIgniter->handleRequest(null, Object(Config\Cache), false)
 4 FCPATH\index.php(79): CodeIgniter\CodeIgniter->run()
WARNING - 2024-01-13 16:02:44 --> [DEPRECATED] Creation of dynamic property App\Controllers\obtenerTodosLosRegistros::$Datosbd_models is deprecated in APPPATH\Controllers\obtenerTodosLosRegistros.php on line 21.
 1 SYSTEMPATH\CodeIgniter.php(913): App\Controllers\obtenerTodosLosRegistros->__construct()
 2 SYSTEMPATH\CodeIgniter.php(493): CodeIgniter\CodeIgniter->createController()
 3 SYSTEMPATH\CodeIgniter.php(361): CodeIgniter\CodeIgniter->handleRequest(null, Object(Config\Cache), false)
 4 FCPATH\index.php(79): CodeIgniter\CodeIgniter->run()
WARNING - 2024-01-13 16:03:05 --> [DEPRECATED] Creation of dynamic property App\Controllers\obtenerTodosLosRegistros::$Datosbd_models is deprecated in APPPATH\Controllers\obtenerTodosLosRegistros.php on line 21.
 1 SYSTEMPATH\CodeIgniter.php(913): App\Controllers\obtenerTodosLosRegistros->__construct()
 2 SYSTEMPATH\CodeIgniter.php(493): CodeIgniter\CodeIgniter->createController()
 3 SYSTEMPATH\CodeIgniter.php(361): CodeIgniter\CodeIgniter->handleRequest(null, Object(Config\Cache), false)
 4 FCPATH\index.php(79): CodeIgniter\CodeIgniter->run()
CRITICAL - 2024-01-13 16:03:05 --> BadMethodCallException: Call to undefined method App\Models\Datosbd_models::actualizarEmpleado
in SYSTEMPATH\Model.php on line 874.
 1 APPPATH\Controllers\obtenerTodosLosRegistros.php(49): CodeIgniter\Model->__call('actualizarEmpleado', [...])
 2 SYSTEMPATH\CodeIgniter.php(941): App\Controllers\obtenerTodosLosRegistros->guardarEdicion()
 3 SYSTEMPATH\CodeIgniter.php(502): CodeIgniter\CodeIgniter->runController(Object(App\Controllers\obtenerTodosLosRegistros))
 4 SYSTEMPATH\CodeIgniter.php(361): CodeIgniter\CodeIgniter->handleRequest(null, Object(Config\Cache), false)
 5 FCPATH\index.php(79): CodeIgniter\CodeIgniter->run()
WARNING - 2024-01-13 16:04:44 --> [DEPRECATED] Creation of dynamic property App\Controllers\obtenerTodosLosRegistros::$Datosbd_models is deprecated in APPPATH\Controllers\obtenerTodosLosRegistros.php on line 21.
 1 SYSTEMPATH\CodeIgniter.php(913): App\Controllers\obtenerTodosLosRegistros->__construct()
 2 SYSTEMPATH\CodeIgniter.php(493): CodeIgniter\CodeIgniter->createController()
 3 SYSTEMPATH\CodeIgniter.php(361): CodeIgniter\CodeIgniter->handleRequest(null, Object(Config\Cache), false)
 4 FCPATH\index.php(79): CodeIgniter\CodeIgniter->run()
WARNING - 2024-01-13 16:04:47 --> [DEPRECATED] Creation of dynamic property App\Controllers\obtenerTodosLosRegistros::$Datosbd_models is deprecated in APPPATH\Controllers\obtenerTodosLosRegistros.php on line 21.
 1 SYSTEMPATH\CodeIgniter.php(913): App\Controllers\obtenerTodosLosRegistros->__construct()
 2 SYSTEMPATH\CodeIgniter.php(493): CodeIgniter\CodeIgniter->createController()
 3 SYSTEMPATH\CodeIgniter.php(361): CodeIgniter\CodeIgniter->handleRequest(null, Object(Config\Cache), false)
 4 FCPATH\index.php(79): CodeIgniter\CodeIgniter->run()
INFO - 2024-01-13 16:04:47 --> Session: Class initialized using 'CodeIgniter\Session\Handlers\FileHandler' driver.
WARNING - 2024-01-13 16:04:47 --> [DEPRECATED] Creation of dynamic property App\Controllers\obtenerTodosLosRegistros::$Datosbd_models is deprecated in APPPATH\Controllers\obtenerTodosLosRegistros.php on line 21.
 1 SYSTEMPATH\CodeIgniter.php(913): App\Controllers\obtenerTodosLosRegistros->__construct()
 2 SYSTEMPATH\CodeIgniter.php(493): CodeIgniter\CodeIgniter->createController()
 3 SYSTEMPATH\CodeIgniter.php(361): CodeIgniter\CodeIgniter->handleRequest(null, Object(Config\Cache), false)
 4 FCPATH\index.php(79): CodeIgniter\CodeIgniter->run()
INFO - 2024-01-13 16:04:47 --> Session: Class initialized using 'CodeIgniter\Session\Handlers\FileHandler' driver.
WARNING - 2024-01-13 16:10:28 --> [DEPRECATED] Creation of dynamic property App\Controllers\obtenerTodosLosRegistros::$Datosbd_models is deprecated in APPPATH\Controllers\obtenerTodosLosRegistros.php on line 21.
 1 SYSTEMPATH\CodeIgniter.php(913): App\Controllers\obtenerTodosLosRegistros->__construct()
 2 SYSTEMPATH\CodeIgniter.php(493): CodeIgniter\CodeIgniter->createController()
 3 SYSTEMPATH\CodeIgniter.php(361): CodeIgniter\CodeIgniter->handleRequest(null, Object(Config\Cache), false)
 4 FCPATH\index.php(79): CodeIgniter\CodeIgniter->run()
INFO - 2024-01-13 16:10:28 --> Session: Class initialized using 'CodeIgniter\Session\Handlers\FileHandler' driver.
WARNING - 2024-01-13 16:10:30 --> [DEPRECATED] Creation of dynamic property App\Controllers\obtenerTodosLosRegistros::$Datosbd_models is deprecated in APPPATH\Controllers\obtenerTodosLosRegistros.php on line 21.
 1 SYSTEMPATH\CodeIgniter.php(913): App\Controllers\obtenerTodosLosRegistros->__construct()
 2 SYSTEMPATH\CodeIgniter.php(493): CodeIgniter\CodeIgniter->createController()
 3 SYSTEMPATH\CodeIgniter.php(361): CodeIgniter\CodeIgniter->handleRequest(null, Object(Config\Cache), false)
 4 FCPATH\index.php(79): CodeIgniter\CodeIgniter->run()
INFO - 2024-01-13 16:10:30 --> Session: Class initialized using 'CodeIgniter\Session\Handlers\FileHandler' driver.
WARNING - 2024-01-13 16:10:31 --> [DEPRECATED] Creation of dynamic property App\Controllers\obtenerTodosLosRegistros::$Datosbd_models is deprecated in APPPATH\Controllers\obtenerTodosLosRegistros.php on line 21.
 1 SYSTEMPATH\CodeIgniter.php(913): App\Controllers\obtenerTodosLosRegistros->__construct()
 2 SYSTEMPATH\CodeIgniter.php(493): CodeIgniter\CodeIgniter->createController()
 3 SYSTEMPATH\CodeIgniter.php(361): CodeIgniter\CodeIgniter->handleRequest(null, Object(Config\Cache), false)
 4 FCPATH\index.php(79): CodeIgniter\CodeIgniter->run()
INFO - 2024-01-13 16:10:31 --> Session: Class initialized using 'CodeIgniter\Session\Handlers\FileHandler' driver.
WARNING - 2024-01-13 16:11:22 --> [DEPRECATED] Creation of dynamic property App\Controllers\obtenerTodosLosRegistros::$Datosbd_models is deprecated in APPPATH\Controllers\obtenerTodosLosRegistros.php on line 21.
 1 SYSTEMPATH\CodeIgniter.php(913): App\Controllers\obtenerTodosLosRegistros->__construct()
 2 SYSTEMPATH\CodeIgniter.php(493): CodeIgniter\CodeIgniter->createController()
 3 SYSTEMPATH\CodeIgniter.php(361): CodeIgniter\CodeIgniter->handleRequest(null, Object(Config\Cache), false)
 4 FCPATH\index.php(79): CodeIgniter\CodeIgniter->run()
INFO - 2024-01-13 16:11:22 --> Session: Class initialized using 'CodeIgniter\Session\Handlers\FileHandler' driver.
WARNING - 2024-01-13 16:11:25 --> [DEPRECATED] Creation of dynamic property App\Controllers\obtenerTodosLosRegistros::$Datosbd_models is deprecated in APPPATH\Controllers\obtenerTodosLosRegistros.php on line 21.
 1 SYSTEMPATH\CodeIgniter.php(913): App\Controllers\obtenerTodosLosRegistros->__construct()
 2 SYSTEMPATH\CodeIgniter.php(493): CodeIgniter\CodeIgniter->createController()
 3 SYSTEMPATH\CodeIgniter.php(361): CodeIgniter\CodeIgniter->handleRequest(null, Object(Config\Cache), false)
 4 FCPATH\index.php(79): CodeIgniter\CodeIgniter->run()
INFO - 2024-01-13 16:11:25 --> Session: Class initialized using 'CodeIgniter\Session\Handlers\FileHandler' driver.
WARNING - 2024-01-13 16:11:26 --> [DEPRECATED] Creation of dynamic property App\Controllers\obtenerTodosLosRegistros::$Datosbd_models is deprecated in APPPATH\Controllers\obtenerTodosLosRegistros.php on line 21.
 1 SYSTEMPATH\CodeIgniter.php(913): App\Controllers\obtenerTodosLosRegistros->__construct()
 2 SYSTEMPATH\CodeIgniter.php(493): CodeIgniter\CodeIgniter->createController()
 3 SYSTEMPATH\CodeIgniter.php(361): CodeIgniter\CodeIgniter->handleRequest(null, Object(Config\Cache), false)
 4 FCPATH\index.php(79): CodeIgniter\CodeIgniter->run()
INFO - 2024-01-13 16:11:26 --> Session: Class initialized using 'CodeIgniter\Session\Handlers\FileHandler' driver.
WARNING - 2024-01-13 16:11:26 --> [DEPRECATED] Creation of dynamic property App\Controllers\obtenerTodosLosRegistros::$Datosbd_models is deprecated in APPPATH\Controllers\obtenerTodosLosRegistros.php on line 21.
 1 SYSTEMPATH\CodeIgniter.php(913): App\Controllers\obtenerTodosLosRegistros->__construct()
 2 SYSTEMPATH\CodeIgniter.php(493): CodeIgniter\CodeIgniter->createController()
 3 SYSTEMPATH\CodeIgniter.php(361): CodeIgniter\CodeIgniter->handleRequest(null, Object(Config\Cache), false)
 4 FCPATH\index.php(79): CodeIgniter\CodeIgniter->run()
INFO - 2024-01-13 16:11:26 --> Session: Class initialized using 'CodeIgniter\Session\Handlers\FileHandler' driver.
WARNING - 2024-01-13 16:11:26 --> [DEPRECATED] Creation of dynamic property App\Controllers\obtenerTodosLosRegistros::$Datosbd_models is deprecated in APPPATH\Controllers\obtenerTodosLosRegistros.php on line 21.
 1 SYSTEMPATH\CodeIgniter.php(913): App\Controllers\obtenerTodosLosRegistros->__construct()
 2 SYSTEMPATH\CodeIgniter.php(493): CodeIgniter\CodeIgniter->createController()
 3 SYSTEMPATH\CodeIgniter.php(361): CodeIgniter\CodeIgniter->handleRequest(null, Object(Config\Cache), false)
 4 FCPATH\index.php(79): CodeIgniter\CodeIgniter->run()
INFO - 2024-01-13 16:11:26 --> Session: Class initialized using 'CodeIgniter\Session\Handlers\FileHandler' driver.
WARNING - 2024-01-13 20:21:39 --> [DEPRECATED] Creation of dynamic property App\Controllers\obtenerRegistros::$Datosbd_usuarios is deprecated in APPPATH\Controllers\obtenerRegistros.php on line 22.
 1 SYSTEMPATH\CodeIgniter.php(913): App\Controllers\obtenerRegistros->__construct()
 2 SYSTEMPATH\CodeIgniter.php(493): CodeIgniter\CodeIgniter->createController()
 3 SYSTEMPATH\CodeIgniter.php(361): CodeIgniter\CodeIgniter->handleRequest(null, Object(Config\Cache), false)
 4 FCPATH\index.php(79): CodeIgniter\CodeIgniter->run()
WARNING - 2024-01-13 20:21:52 --> [DEPRECATED] Creation of dynamic property App\Controllers\obtenerRegistros::$Datosbd_usuarios is deprecated in APPPATH\Controllers\obtenerRegistros.php on line 22.
 1 SYSTEMPATH\CodeIgniter.php(913): App\Controllers\obtenerRegistros->__construct()
 2 SYSTEMPATH\CodeIgniter.php(493): CodeIgniter\CodeIgniter->createController()
 3 SYSTEMPATH\CodeIgniter.php(361): CodeIgniter\CodeIgniter->handleRequest(null, Object(Config\Cache), false)
 4 FCPATH\index.php(79): CodeIgniter\CodeIgniter->run()
INFO - 2024-01-13 20:22:04 --> Session: Class initialized using 'CodeIgniter\Session\Handlers\FileHandler' driver.
WARNING - 2024-01-13 20:22:04 --> [DEPRECATED] Creation of dynamic property App\Controllers\LoginController::$session is deprecated in APPPATH\Controllers\LoginController.php on line 14.
 1 SYSTEMPATH\CodeIgniter.php(913): App\Controllers\LoginController->__construct()
 2 SYSTEMPATH\CodeIgniter.php(493): CodeIgniter\CodeIgniter->createController()
 3 SYSTEMPATH\CodeIgniter.php(361): CodeIgniter\CodeIgniter->handleRequest(null, Object(Config\Cache), false)
 4 FCPATH\index.php(79): CodeIgniter\CodeIgniter->run()
WARNING - 2024-01-13 20:22:25 --> [DEPRECATED] Creation of dynamic property App\Controllers\obtenerTodosLosRegistros::$Datosbd_models is deprecated in APPPATH\Controllers\obtenerTodosLosRegistros.php on line 21.
 1 SYSTEMPATH\CodeIgniter.php(913): App\Controllers\obtenerTodosLosRegistros->__construct()
 2 SYSTEMPATH\CodeIgniter.php(493): CodeIgniter\CodeIgniter->createController()
 3 SYSTEMPATH\CodeIgniter.php(361): CodeIgniter\CodeIgniter->handleRequest(null, Object(Config\Cache), false)
 4 FCPATH\index.php(79): CodeIgniter\CodeIgniter->run()
INFO - 2024-01-13 20:22:25 --> Session: Class initialized using 'CodeIgniter\Session\Handlers\FileHandler' driver.
WARNING - 2024-01-13 20:25:58 --> [DEPRECATED] Creation of dynamic property App\Controllers\obtenerTodosLosRegistros::$Datosbd_models is deprecated in APPPATH\Controllers\obtenerTodosLosRegistros.php on line 21.
 1 SYSTEMPATH\CodeIgniter.php(913): App\Controllers\obtenerTodosLosRegistros->__construct()
 2 SYSTEMPATH\CodeIgniter.php(493): CodeIgniter\CodeIgniter->createController()
 3 SYSTEMPATH\CodeIgniter.php(361): CodeIgniter\CodeIgniter->handleRequest(null, Object(Config\Cache), false)
 4 FCPATH\index.php(79): CodeIgniter\CodeIgniter->run()
INFO - 2024-01-13 20:25:58 --> Session: Class initialized using 'CodeIgniter\Session\Handlers\FileHandler' driver.
WARNING - 2024-01-13 20:26:26 --> [DEPRECATED] Creation of dynamic property App\Controllers\obtenerTodosLosRegistros::$Datosbd_models is deprecated in APPPATH\Controllers\obtenerTodosLosRegistros.php on line 21.
 1 SYSTEMPATH\CodeIgniter.php(913): App\Controllers\obtenerTodosLosRegistros->__construct()
 2 SYSTEMPATH\CodeIgniter.php(493): CodeIgniter\CodeIgniter->createController()
 3 SYSTEMPATH\CodeIgniter.php(361): CodeIgniter\CodeIgniter->handleRequest(null, Object(Config\Cache), false)
 4 FCPATH\index.php(79): CodeIgniter\CodeIgniter->run()
INFO - 2024-01-13 20:26:27 --> Session: Class initialized using 'CodeIgniter\Session\Handlers\FileHandler' driver.
WARNING - 2024-01-13 20:27:41 --> [DEPRECATED] Creation of dynamic property App\Controllers\obtenerTodosLosRegistros::$Datosbd_models is deprecated in APPPATH\Controllers\obtenerTodosLosRegistros.php on line 21.
 1 SYSTEMPATH\CodeIgniter.php(913): App\Controllers\obtenerTodosLosRegistros->__construct()
 2 SYSTEMPATH\CodeIgniter.php(493): CodeIgniter\CodeIgniter->createController()
 3 SYSTEMPATH\CodeIgniter.php(361): CodeIgniter\CodeIgniter->handleRequest(null, Object(Config\Cache), false)
 4 FCPATH\index.php(79): CodeIgniter\CodeIgniter->run()
INFO - 2024-01-13 20:27:41 --> Session: Class initialized using 'CodeIgniter\Session\Handlers\FileHandler' driver.
WARNING - 2024-01-13 20:28:30 --> [DEPRECATED] Creation of dynamic property App\Controllers\obtenerTodosLosRegistros::$Datosbd_models is deprecated in APPPATH\Controllers\obtenerTodosLosRegistros.php on line 21.
 1 SYSTEMPATH\CodeIgniter.php(913): App\Controllers\obtenerTodosLosRegistros->__construct()
 2 SYSTEMPATH\CodeIgniter.php(493): CodeIgniter\CodeIgniter->createController()
 3 SYSTEMPATH\CodeIgniter.php(361): CodeIgniter\CodeIgniter->handleRequest(null, Object(Config\Cache), false)
 4 FCPATH\index.php(79): CodeIgniter\CodeIgniter->run()
INFO - 2024-01-13 20:28:30 --> Session: Class initialized using 'CodeIgniter\Session\Handlers\FileHandler' driver.
WARNING - 2024-01-13 20:28:42 --> [DEPRECATED] Creation of dynamic property App\Controllers\obtenerTodosLosRegistros::$Datosbd_models is deprecated in APPPATH\Controllers\obtenerTodosLosRegistros.php on line 21.
 1 SYSTEMPATH\CodeIgniter.php(913): App\Controllers\obtenerTodosLosRegistros->__construct()
 2 SYSTEMPATH\CodeIgniter.php(493): CodeIgniter\CodeIgniter->createController()
 3 SYSTEMPATH\CodeIgniter.php(361): CodeIgniter\CodeIgniter->handleRequest(null, Object(Config\Cache), false)
 4 FCPATH\index.php(79): CodeIgniter\CodeIgniter->run()
INFO - 2024-01-13 20:28:42 --> Session: Class initialized using 'CodeIgniter\Session\Handlers\FileHandler' driver.
WARNING - 2024-01-13 20:30:46 --> [DEPRECATED] Creation of dynamic property App\Controllers\obtenerTodosLosRegistros::$Datosbd_models is deprecated in APPPATH\Controllers\obtenerTodosLosRegistros.php on line 21.
 1 SYSTEMPATH\CodeIgniter.php(913): App\Controllers\obtenerTodosLosRegistros->__construct()
 2 SYSTEMPATH\CodeIgniter.php(493): CodeIgniter\CodeIgniter->createController()
 3 SYSTEMPATH\CodeIgniter.php(361): CodeIgniter\CodeIgniter->handleRequest(null, Object(Config\Cache), false)
 4 FCPATH\index.php(79): CodeIgniter\CodeIgniter->run()
INFO - 2024-01-13 20:30:46 --> Session: Class initialized using 'CodeIgniter\Session\Handlers\FileHandler' driver.
WARNING - 2024-01-13 22:27:26 --> [DEPRECATED] Creation of dynamic property App\Controllers\obtenerTodosLosRegistros::$Datosbd_models is deprecated in APPPATH\Controllers\obtenerTodosLosRegistros.php on line 21.
 1 SYSTEMPATH\CodeIgniter.php(913): App\Controllers\obtenerTodosLosRegistros->__construct()
 2 SYSTEMPATH\CodeIgniter.php(493): CodeIgniter\CodeIgniter->createController()
 3 SYSTEMPATH\CodeIgniter.php(361): CodeIgniter\CodeIgniter->handleRequest(null, Object(Config\Cache), false)
 4 FCPATH\index.php(79): CodeIgniter\CodeIgniter->run()
INFO - 2024-01-13 22:27:26 --> Session: Class initialized using 'CodeIgniter\Session\Handlers\FileHandler' driver.
WARNING - 2024-01-13 22:27:32 --> [DEPRECATED] Creation of dynamic property App\Controllers\obtenerTodosLosRegistros::$Datosbd_models is deprecated in APPPATH\Controllers\obtenerTodosLosRegistros.php on line 21.
 1 SYSTEMPATH\CodeIgniter.php(913): App\Controllers\obtenerTodosLosRegistros->__construct()
 2 SYSTEMPATH\CodeIgniter.php(493): CodeIgniter\CodeIgniter->createController()
 3 SYSTEMPATH\CodeIgniter.php(361): CodeIgniter\CodeIgniter->handleRequest(null, Object(Config\Cache), false)
 4 FCPATH\index.php(79): CodeIgniter\CodeIgniter->run()
WARNING - 2024-01-13 23:06:21 --> [DEPRECATED] Creation of dynamic property App\Controllers\obtenerTodosLosRegistros::$Datosbd_models is deprecated in APPPATH\Controllers\obtenerTodosLosRegistros.php on line 21.
 1 SYSTEMPATH\CodeIgniter.php(913): App\Controllers\obtenerTodosLosRegistros->__construct()
 2 SYSTEMPATH\CodeIgniter.php(493): CodeIgniter\CodeIgniter->createController()
 3 SYSTEMPATH\CodeIgniter.php(361): CodeIgniter\CodeIgniter->handleRequest(null, Object(Config\Cache), false)
 4 FCPATH\index.php(79): CodeIgniter\CodeIgniter->run()
INFO - 2024-01-13 23:06:21 --> Session: Class initialized using 'CodeIgniter\Session\Handlers\FileHandler' driver.
WARNING - 2024-01-13 23:06:52 --> [DEPRECATED] Creation of dynamic property App\Controllers\obtenerTodosLosRegistros::$Datosbd_models is deprecated in APPPATH\Controllers\obtenerTodosLosRegistros.php on line 21.
 1 SYSTEMPATH\CodeIgniter.php(913): App\Controllers\obtenerTodosLosRegistros->__construct()
 2 SYSTEMPATH\CodeIgniter.php(493): CodeIgniter\CodeIgniter->createController()
 3 SYSTEMPATH\CodeIgniter.php(361): CodeIgniter\CodeIgniter->handleRequest(null, Object(Config\Cache), false)
 4 FCPATH\index.php(79): CodeIgniter\CodeIgniter->run()
INFO - 2024-01-13 23:06:52 --> Session: Class initialized using 'CodeIgniter\Session\Handlers\FileHandler' driver.
WARNING - 2024-01-13 23:07:17 --> [DEPRECATED] Creation of dynamic property App\Controllers\obtenerTodosLosRegistros::$Datosbd_models is deprecated in APPPATH\Controllers\obtenerTodosLosRegistros.php on line 21.
 1 SYSTEMPATH\CodeIgniter.php(913): App\Controllers\obtenerTodosLosRegistros->__construct()
 2 SYSTEMPATH\CodeIgniter.php(493): CodeIgniter\CodeIgniter->createController()
 3 SYSTEMPATH\CodeIgniter.php(361): CodeIgniter\CodeIgniter->handleRequest(null, Object(Config\Cache), false)
 4 FCPATH\index.php(79): CodeIgniter\CodeIgniter->run()
WARNING - 2024-01-13 23:12:27 --> [DEPRECATED] Creation of dynamic property App\Controllers\obtenerTodosLosRegistros::$Datosbd_models is deprecated in APPPATH\Controllers\obtenerTodosLosRegistros.php on line 21.
 1 SYSTEMPATH\CodeIgniter.php(913): App\Controllers\obtenerTodosLosRegistros->__construct()
 2 SYSTEMPATH\CodeIgniter.php(493): CodeIgniter\CodeIgniter->createController()
 3 SYSTEMPATH\CodeIgniter.php(361): CodeIgniter\CodeIgniter->handleRequest(null, Object(Config\Cache), false)
 4 FCPATH\index.php(79): CodeIgniter\CodeIgniter->run()
ERROR - 2024-01-13 23:12:27 --> [Microsoft][ODBC Driver 18 for SQL Server][SQL Server]The UPDATE statement conflicted with the CHECK constraint "CK__EMPLEADOS__AREA__37A5467C". The conflict occurred in database "CGingreso", table "dbo.EMPLEADOS", column 'AREA'.
CRITICAL - 2024-01-13 23:12:27 --> CodeIgniter\Database\Exceptions\DatabaseException: [Microsoft][ODBC Driver 18 for SQL Server][SQL Server]The UPDATE statement conflicted with the CHECK constraint "CK__EMPLEADOS__AREA__37A5467C". The conflict occurred in database "CGingreso", table "dbo.EMPLEADOS", column 'AREA'.
in SYSTEMPATH\Database\BaseConnection.php on line 647.
 1 SYSTEMPATH\Database\BaseBuilder.php(2469): CodeIgniter\Database\BaseConnection->query('UPDATE "CGingreso"."dbo"."empleados" SET "NOMBRE" = :NOMBRE:, "AREA" = :AREA:, "CODIGO" = :CODIGO:, "ESTADO" = :ESTADO:
WHERE "CEDULA" = :CEDULA:', [...], false)
 2 APPPATH\Models\Datosbd_models.php(48): CodeIgniter\Database\BaseBuilder->update([...])
 3 APPPATH\Controllers\obtenerTodosLosRegistros.php(49): App\Models\Datosbd_models->actualizarEmpleado('11111', 'Armando Casas', 'Porteria', '202', 'ACTIVO')
 4 SYSTEMPATH\CodeIgniter.php(941): App\Controllers\obtenerTodosLosRegistros->guardarEdicion()
 5 SYSTEMPATH\CodeIgniter.php(502): CodeIgniter\CodeIgniter->runController(Object(App\Controllers\obtenerTodosLosRegistros))
 6 SYSTEMPATH\CodeIgniter.php(361): CodeIgniter\CodeIgniter->handleRequest(null, Object(Config\Cache), false)
 7 FCPATH\index.php(79): CodeIgniter\CodeIgniter->run()
CRITICAL - 2024-01-13 23:12:27 --> [Caused by] CodeIgniter\Database\Exceptions\DatabaseException: [Microsoft][ODBC Driver 18 for SQL Server][SQL Server]The UPDATE statement conflicted with the CHECK constraint "CK__EMPLEADOS__AREA__37A5467C". The conflict occurred in database "CGingreso", table "dbo.EMPLEADOS", column 'AREA'.
in SYSTEMPATH\Database\SQLSRV\Connection.php on line 482.
 1 SYSTEMPATH\Database\BaseConnection.php(693): CodeIgniter\Database\SQLSRV\Connection->execute('UPDATE "CGingreso"."dbo"."empleados" SET "NOMBRE" = \'Armando Casas\', "AREA" = \'Porteria\', "CODIGO" = \'202\', "ESTADO" = \'ACTIVO\'
WHERE "CEDULA" = \'11111\'')
 2 SYSTEMPATH\Database\BaseConnection.php(607): CodeIgniter\Database\BaseConnection->simpleQuery('UPDATE "CGingreso"."dbo"."empleados" SET "NOMBRE" = \'Armando Casas\', "AREA" = \'Porteria\', "CODIGO" = \'202\', "ESTADO" = \'ACTIVO\'
WHERE "CEDULA" = \'11111\'')
 3 SYSTEMPATH\Database\BaseBuilder.php(2469): CodeIgniter\Database\BaseConnection->query('UPDATE "CGingreso"."dbo"."empleados" SET "NOMBRE" = :NOMBRE:, "AREA" = :AREA:, "CODIGO" = :CODIGO:, "ESTADO" = :ESTADO:
WHERE "CEDULA" = :CEDULA:', [...], false)
 4 APPPATH\Models\Datosbd_models.php(48): CodeIgniter\Database\BaseBuilder->update([...])
 5 APPPATH\Controllers\obtenerTodosLosRegistros.php(49): App\Models\Datosbd_models->actualizarEmpleado('11111', 'Armando Casas', 'Porteria', '202', 'ACTIVO')
 6 SYSTEMPATH\CodeIgniter.php(941): App\Controllers\obtenerTodosLosRegistros->guardarEdicion()
 7 SYSTEMPATH\CodeIgniter.php(502): CodeIgniter\CodeIgniter->runController(Object(App\Controllers\obtenerTodosLosRegistros))
 8 SYSTEMPATH\CodeIgniter.php(361): CodeIgniter\CodeIgniter->handleRequest(null, Object(Config\Cache), false)
 9 FCPATH\index.php(79): CodeIgniter\CodeIgniter->run()
WARNING - 2024-01-13 23:14:59 --> [DEPRECATED] Creation of dynamic property App\Controllers\obtenerTodosLosRegistros::$Datosbd_models is deprecated in APPPATH\Controllers\obtenerTodosLosRegistros.php on line 21.
 1 SYSTEMPATH\CodeIgniter.php(913): App\Controllers\obtenerTodosLosRegistros->__construct()
 2 SYSTEMPATH\CodeIgniter.php(493): CodeIgniter\CodeIgniter->createController()
 3 SYSTEMPATH\CodeIgniter.php(361): CodeIgniter\CodeIgniter->handleRequest(null, Object(Config\Cache), false)
 4 FCPATH\index.php(79): CodeIgniter\CodeIgniter->run()
WARNING - 2024-01-13 23:15:51 --> [DEPRECATED] Creation of dynamic property App\Controllers\obtenerTodosLosRegistros::$Datosbd_models is deprecated in APPPATH\Controllers\obtenerTodosLosRegistros.php on line 21.
 1 SYSTEMPATH\CodeIgniter.php(913): App\Controllers\obtenerTodosLosRegistros->__construct()
 2 SYSTEMPATH\CodeIgniter.php(493): CodeIgniter\CodeIgniter->createController()
 3 SYSTEMPATH\CodeIgniter.php(361): CodeIgniter\CodeIgniter->handleRequest(null, Object(Config\Cache), false)
 4 FCPATH\index.php(79): CodeIgniter\CodeIgniter->run()
INFO - 2024-01-13 23:15:51 --> Session: Class initialized using 'CodeIgniter\Session\Handlers\FileHandler' driver.
WARNING - 2024-01-13 23:20:25 --> [DEPRECATED] Creation of dynamic property App\Controllers\obtenerTodosLosRegistros::$Datosbd_models is deprecated in APPPATH\Controllers\obtenerTodosLosRegistros.php on line 21.
 1 SYSTEMPATH\CodeIgniter.php(913): App\Controllers\obtenerTodosLosRegistros->__construct()
 2 SYSTEMPATH\CodeIgniter.php(493): CodeIgniter\CodeIgniter->createController()
 3 SYSTEMPATH\CodeIgniter.php(361): CodeIgniter\CodeIgniter->handleRequest(null, Object(Config\Cache), false)
 4 FCPATH\index.php(79): CodeIgniter\CodeIgniter->run()
INFO - 2024-01-13 23:20:25 --> Session: Class initialized using 'CodeIgniter\Session\Handlers\FileHandler' driver.
