INFO - 2024-01-25 07:24:53 --> Session: Class initialized using 'CodeIgniter\Session\Handlers\FileHandler' driver.
INFO - 2024-01-25 07:26:34 --> Session: Class initialized using 'CodeIgniter\Session\Handlers\FileHandler' driver.
INFO - 2024-01-25 07:27:07 --> Session: Class initialized using 'CodeIgniter\Session\Handlers\FileHandler' driver.
INFO - 2024-01-25 07:39:18 --> Antes de obtener información del usuario para: ubnt
ERROR - 2024-01-25 07:39:18 --> Usuario no encontrado en la base de datos para: ubnt
INFO - 2024-01-25 07:39:18 --> Session: Class initialized using 'CodeIgniter\Session\Handlers\FileHandler' driver.
INFO - 2024-01-25 07:39:19 --> Session: Class initialized using 'CodeIgniter\Session\Handlers\FileHandler' driver.
INFO - 2024-01-25 07:41:08 --> Session: Class initialized using 'CodeIgniter\Session\Handlers\FileHandler' driver.
INFO - 2024-01-25 07:41:12 --> Antes de obtener información del usuario para: admin
INFO - 2024-01-25 07:41:12 --> Contraseña almacenada para el usuario "admin": pruebaCG123
INFO - 2024-01-25 07:41:12 --> Contraseña ingresada: 1
ERROR - 2024-01-25 07:41:12 --> Autenticación fallida para el usuario: admin
INFO - 2024-01-25 07:41:12 --> Session: Class initialized using 'CodeIgniter\Session\Handlers\FileHandler' driver.
INFO - 2024-01-25 07:41:12 --> Session: Class initialized using 'CodeIgniter\Session\Handlers\FileHandler' driver.
INFO - 2024-01-25 07:41:18 --> Session: Class initialized using 'CodeIgniter\Session\Handlers\FileHandler' driver.
INFO - 2024-01-25 11:35:58 --> Antes de obtener información del usuario para: admin
INFO - 2024-01-25 11:35:58 --> Contraseña almacenada para el usuario "admin": pruebaCG123
INFO - 2024-01-25 11:35:58 --> Contraseña ingresada: 1
ERROR - 2024-01-25 11:35:58 --> Autenticación fallida para el usuario: admin
INFO - 2024-01-25 11:35:58 --> Session: Class initialized using 'CodeIgniter\Session\Handlers\FileHandler' driver.
INFO - 2024-01-25 11:35:59 --> Session: Class initialized using 'CodeIgniter\Session\Handlers\FileHandler' driver.
INFO - 2024-01-25 11:40:14 --> Session: Class initialized using 'CodeIgniter\Session\Handlers\FileHandler' driver.
INFO - 2024-01-25 11:40:19 --> Session: Class initialized using 'CodeIgniter\Session\Handlers\FileHandler' driver.
INFO - 2024-01-25 11:40:21 --> Session: Class initialized using 'CodeIgniter\Session\Handlers\FileHandler' driver.
INFO - 2024-01-25 11:40:23 --> Session: Class initialized using 'CodeIgniter\Session\Handlers\FileHandler' driver.
INFO - 2024-01-25 11:40:28 --> Session: Class initialized using 'CodeIgniter\Session\Handlers\FileHandler' driver.
INFO - 2024-01-25 11:40:54 --> Session: Class initialized using 'CodeIgniter\Session\Handlers\FileHandler' driver.
INFO - 2024-01-25 11:40:56 --> Session: Class initialized using 'CodeIgniter\Session\Handlers\FileHandler' driver.
INFO - 2024-01-25 11:40:57 --> Session: Class initialized using 'CodeIgniter\Session\Handlers\FileHandler' driver.
INFO - 2024-01-25 11:41:07 --> Antes de obtener información del usuario para: sistemas
INFO - 2024-01-25 11:41:07 --> Contraseña almacenada para el usuario "sistemas": 12345@
INFO - 2024-01-25 11:41:07 --> Contraseña ingresada: sistemasCG123
ERROR - 2024-01-25 11:41:07 --> Autenticación fallida para el usuario: sistemas
INFO - 2024-01-25 11:41:07 --> Session: Class initialized using 'CodeIgniter\Session\Handlers\FileHandler' driver.
INFO - 2024-01-25 11:41:07 --> Session: Class initialized using 'CodeIgniter\Session\Handlers\FileHandler' driver.
INFO - 2024-01-25 11:41:11 --> Session: Class initialized using 'CodeIgniter\Session\Handlers\FileHandler' driver.
INFO - 2024-01-25 11:41:13 --> Session: Class initialized using 'CodeIgniter\Session\Handlers\FileHandler' driver.
INFO - 2024-01-25 11:41:19 --> Antes de obtener información del usuario para: sistemas
INFO - 2024-01-25 11:41:19 --> Contraseña almacenada para el usuario "sistemas": 12345@
INFO - 2024-01-25 11:41:19 --> Contraseña ingresada: 12345@
INFO - 2024-01-25 11:41:19 --> Contraseña verificada con éxito.
INFO - 2024-01-25 11:41:19 --> Session: Class initialized using 'CodeIgniter\Session\Handlers\FileHandler' driver.
INFO - 2024-01-25 11:41:19 --> Session: Class initialized using 'CodeIgniter\Session\Handlers\FileHandler' driver.
INFO - 2024-01-25 11:41:30 --> Session: Class initialized using 'CodeIgniter\Session\Handlers\FileHandler' driver.
INFO - 2024-01-25 11:41:35 --> Session: Class initialized using 'CodeIgniter\Session\Handlers\FileHandler' driver.
INFO - 2024-01-25 11:41:38 --> Session: Class initialized using 'CodeIgniter\Session\Handlers\FileHandler' driver.
INFO - 2024-01-25 11:41:39 --> Session: Class initialized using 'CodeIgniter\Session\Handlers\FileHandler' driver.
INFO - 2024-01-25 11:41:41 --> Session: Class initialized using 'CodeIgniter\Session\Handlers\FileHandler' driver.
INFO - 2024-01-25 11:43:19 --> Session: Class initialized using 'CodeIgniter\Session\Handlers\FileHandler' driver.
INFO - 2024-01-25 11:43:23 --> Session: Class initialized using 'CodeIgniter\Session\Handlers\FileHandler' driver.
INFO - 2024-01-25 11:43:27 --> Session: Class initialized using 'CodeIgniter\Session\Handlers\FileHandler' driver.
INFO - 2024-01-25 11:43:39 --> Session: Class initialized using 'CodeIgniter\Session\Handlers\FileHandler' driver.
INFO - 2024-01-25 11:45:04 --> Session: Class initialized using 'CodeIgniter\Session\Handlers\FileHandler' driver.
INFO - 2024-01-25 13:47:00 --> Session: Class initialized using 'CodeIgniter\Session\Handlers\FileHandler' driver.
INFO - 2024-01-25 13:47:18 --> Session: Class initialized using 'CodeIgniter\Session\Handlers\FileHandler' driver.
INFO - 2024-01-25 13:48:26 --> Session: Class initialized using 'CodeIgniter\Session\Handlers\FileHandler' driver.
INFO - 2024-01-25 13:49:17 --> Session: Class initialized using 'CodeIgniter\Session\Handlers\FileHandler' driver.
INFO - 2024-01-25 13:49:41 --> Antes de obtener información del usuario para: DANIEL
INFO - 2024-01-25 13:49:41 --> Contraseña almacenada para el usuario "DANIEL": 12345@
INFO - 2024-01-25 13:49:41 --> Contraseña ingresada: 12345@
INFO - 2024-01-25 13:49:41 --> Contraseña verificada con éxito.
INFO - 2024-01-25 13:49:41 --> Session: Class initialized using 'CodeIgniter\Session\Handlers\FileHandler' driver.
ERROR - 2024-01-25 13:50:08 --> [Microsoft][ODBC Driver 18 for SQL Server][SQL Server]Incorrect syntax near ','.
CRITICAL - 2024-01-25 13:50:08 --> CodeIgniter\Database\Exceptions\DatabaseException: [Microsoft][ODBC Driver 18 for SQL Server][SQL Server]Incorrect syntax near ','.
in SYSTEMPATH\Database\BaseConnection.php on line 647.
 1 APPPATH\Models\InformeModel.php(15): CodeIgniter\Database\BaseConnection->query('
            -- Llamada a tu función SQL con el formato correcto
            SELECT * FROM BUSCAR_INFORME (, administracion,\'2024-01-01 00:00:00\', \'2024-01-31 23:59:59\')
        ')
 2 APPPATH\Controllers\ReportesController.php(24): App\Models\InformeModel->buscarInforme('', 'administracion', '2024-01-01 00:00:00', '2024-01-31 23:59:59')
 3 SYSTEMPATH\CodeIgniter.php(941): App\Controllers\ReportesController->generarInforme()
 4 SYSTEMPATH\CodeIgniter.php(502): CodeIgniter\CodeIgniter->runController(Object(App\Controllers\ReportesController))
 5 SYSTEMPATH\CodeIgniter.php(361): CodeIgniter\CodeIgniter->handleRequest(null, Object(Config\Cache), false)
 6 FCPATH\index.php(79): CodeIgniter\CodeIgniter->run()
CRITICAL - 2024-01-25 13:50:08 --> [Caused by] CodeIgniter\Database\Exceptions\DatabaseException: [Microsoft][ODBC Driver 18 for SQL Server][SQL Server]Incorrect syntax near ','.
in SYSTEMPATH\Database\SQLSRV\Connection.php on line 482.
 1 SYSTEMPATH\Database\BaseConnection.php(693): CodeIgniter\Database\SQLSRV\Connection->execute('
            -- Llamada a tu función SQL con el formato correcto
            SELECT * FROM BUSCAR_INFORME (, administracion,\'2024-01-01 00:00:00\', \'2024-01-31 23:59:59\')
        ')
 2 SYSTEMPATH\Database\BaseConnection.php(607): CodeIgniter\Database\BaseConnection->simpleQuery('
            -- Llamada a tu función SQL con el formato correcto
            SELECT * FROM BUSCAR_INFORME (, administracion,\'2024-01-01 00:00:00\', \'2024-01-31 23:59:59\')
        ')
 3 APPPATH\Models\InformeModel.php(15): CodeIgniter\Database\BaseConnection->query('
            -- Llamada a tu función SQL con el formato correcto
            SELECT * FROM BUSCAR_INFORME (, administracion,\'2024-01-01 00:00:00\', \'2024-01-31 23:59:59\')
        ')
 4 APPPATH\Controllers\ReportesController.php(24): App\Models\InformeModel->buscarInforme('', 'administracion', '2024-01-01 00:00:00', '2024-01-31 23:59:59')
 5 SYSTEMPATH\CodeIgniter.php(941): App\Controllers\ReportesController->generarInforme()
 6 SYSTEMPATH\CodeIgniter.php(502): CodeIgniter\CodeIgniter->runController(Object(App\Controllers\ReportesController))
 7 SYSTEMPATH\CodeIgniter.php(361): CodeIgniter\CodeIgniter->handleRequest(null, Object(Config\Cache), false)
 8 FCPATH\index.php(79): CodeIgniter\CodeIgniter->run()
ERROR - 2024-01-25 13:51:41 --> [Microsoft][ODBC Driver 18 for SQL Server][SQL Server]Incorrect syntax near ','.
CRITICAL - 2024-01-25 13:51:41 --> CodeIgniter\Database\Exceptions\DatabaseException: [Microsoft][ODBC Driver 18 for SQL Server][SQL Server]Incorrect syntax near ','.
in SYSTEMPATH\Database\BaseConnection.php on line 647.
 1 APPPATH\Models\InformeModel.php(15): CodeIgniter\Database\BaseConnection->query('
            -- Llamada a tu función SQL con el formato correcto
            SELECT * FROM BUSCAR_INFORME (, administracion, \'2024-01-01 00:00:00\', \'2024-01-31 23:59:59\')
        ')
 2 APPPATH\Controllers\ReportesController.php(24): App\Models\InformeModel->buscarInforme('', 'administracion', '2024-01-01 00:00:00', '2024-01-31 23:59:59')
 3 SYSTEMPATH\CodeIgniter.php(941): App\Controllers\ReportesController->generarInforme()
 4 SYSTEMPATH\CodeIgniter.php(502): CodeIgniter\CodeIgniter->runController(Object(App\Controllers\ReportesController))
 5 SYSTEMPATH\CodeIgniter.php(361): CodeIgniter\CodeIgniter->handleRequest(null, Object(Config\Cache), false)
 6 FCPATH\index.php(79): CodeIgniter\CodeIgniter->run()
CRITICAL - 2024-01-25 13:51:41 --> [Caused by] CodeIgniter\Database\Exceptions\DatabaseException: [Microsoft][ODBC Driver 18 for SQL Server][SQL Server]Incorrect syntax near ','.
in SYSTEMPATH\Database\SQLSRV\Connection.php on line 482.
 1 SYSTEMPATH\Database\BaseConnection.php(693): CodeIgniter\Database\SQLSRV\Connection->execute('
            -- Llamada a tu función SQL con el formato correcto
            SELECT * FROM BUSCAR_INFORME (, administracion, \'2024-01-01 00:00:00\', \'2024-01-31 23:59:59\')
        ')
 2 SYSTEMPATH\Database\BaseConnection.php(607): CodeIgniter\Database\BaseConnection->simpleQuery('
            -- Llamada a tu función SQL con el formato correcto
            SELECT * FROM BUSCAR_INFORME (, administracion, \'2024-01-01 00:00:00\', \'2024-01-31 23:59:59\')
        ')
 3 APPPATH\Models\InformeModel.php(15): CodeIgniter\Database\BaseConnection->query('
            -- Llamada a tu función SQL con el formato correcto
            SELECT * FROM BUSCAR_INFORME (, administracion, \'2024-01-01 00:00:00\', \'2024-01-31 23:59:59\')
        ')
 4 APPPATH\Controllers\ReportesController.php(24): App\Models\InformeModel->buscarInforme('', 'administracion', '2024-01-01 00:00:00', '2024-01-31 23:59:59')
 5 SYSTEMPATH\CodeIgniter.php(941): App\Controllers\ReportesController->generarInforme()
 6 SYSTEMPATH\CodeIgniter.php(502): CodeIgniter\CodeIgniter->runController(Object(App\Controllers\ReportesController))
 7 SYSTEMPATH\CodeIgniter.php(361): CodeIgniter\CodeIgniter->handleRequest(null, Object(Config\Cache), false)
 8 FCPATH\index.php(79): CodeIgniter\CodeIgniter->run()
ERROR - 2024-01-25 13:53:35 --> [Microsoft][ODBC Driver 18 for SQL Server][SQL Server]Invalid column name 'administracion'.
CRITICAL - 2024-01-25 13:53:35 --> CodeIgniter\Database\Exceptions\DatabaseException: [Microsoft][ODBC Driver 18 for SQL Server][SQL Server]Invalid column name 'administracion'.
in SYSTEMPATH\Database\BaseConnection.php on line 647.
 1 APPPATH\Models\InformeModel.php(15): CodeIgniter\Database\BaseConnection->query('
            -- Llamada a tu función SQL con el formato correcto
            SELECT * FROM BUSCAR_INFORME (1234578, administracion, \'2024-01-01 00:00:00\', \'2024-01-31 23:59:59\')
        ')
 2 APPPATH\Controllers\ReportesController.php(24): App\Models\InformeModel->buscarInforme('1234578', 'administracion', '2024-01-01 00:00:00', '2024-01-31 23:59:59')
 3 SYSTEMPATH\CodeIgniter.php(941): App\Controllers\ReportesController->generarInforme()
 4 SYSTEMPATH\CodeIgniter.php(502): CodeIgniter\CodeIgniter->runController(Object(App\Controllers\ReportesController))
 5 SYSTEMPATH\CodeIgniter.php(361): CodeIgniter\CodeIgniter->handleRequest(null, Object(Config\Cache), false)
 6 FCPATH\index.php(79): CodeIgniter\CodeIgniter->run()
CRITICAL - 2024-01-25 13:53:35 --> [Caused by] CodeIgniter\Database\Exceptions\DatabaseException: [Microsoft][ODBC Driver 18 for SQL Server][SQL Server]Invalid column name 'administracion'.
in SYSTEMPATH\Database\SQLSRV\Connection.php on line 482.
 1 SYSTEMPATH\Database\BaseConnection.php(693): CodeIgniter\Database\SQLSRV\Connection->execute('
            -- Llamada a tu función SQL con el formato correcto
            SELECT * FROM BUSCAR_INFORME (1234578, administracion, \'2024-01-01 00:00:00\', \'2024-01-31 23:59:59\')
        ')
 2 SYSTEMPATH\Database\BaseConnection.php(607): CodeIgniter\Database\BaseConnection->simpleQuery('
            -- Llamada a tu función SQL con el formato correcto
            SELECT * FROM BUSCAR_INFORME (1234578, administracion, \'2024-01-01 00:00:00\', \'2024-01-31 23:59:59\')
        ')
 3 APPPATH\Models\InformeModel.php(15): CodeIgniter\Database\BaseConnection->query('
            -- Llamada a tu función SQL con el formato correcto
            SELECT * FROM BUSCAR_INFORME (1234578, administracion, \'2024-01-01 00:00:00\', \'2024-01-31 23:59:59\')
        ')
 4 APPPATH\Controllers\ReportesController.php(24): App\Models\InformeModel->buscarInforme('1234578', 'administracion', '2024-01-01 00:00:00', '2024-01-31 23:59:59')
 5 SYSTEMPATH\CodeIgniter.php(941): App\Controllers\ReportesController->generarInforme()
 6 SYSTEMPATH\CodeIgniter.php(502): CodeIgniter\CodeIgniter->runController(Object(App\Controllers\ReportesController))
 7 SYSTEMPATH\CodeIgniter.php(361): CodeIgniter\CodeIgniter->handleRequest(null, Object(Config\Cache), false)
 8 FCPATH\index.php(79): CodeIgniter\CodeIgniter->run()
ERROR - 2024-01-25 13:53:48 --> [Microsoft][ODBC Driver 18 for SQL Server][SQL Server]Invalid column name 'ADMINISTRACION'.
CRITICAL - 2024-01-25 13:53:48 --> CodeIgniter\Database\Exceptions\DatabaseException: [Microsoft][ODBC Driver 18 for SQL Server][SQL Server]Invalid column name 'ADMINISTRACION'.
in SYSTEMPATH\Database\BaseConnection.php on line 647.
 1 APPPATH\Models\InformeModel.php(15): CodeIgniter\Database\BaseConnection->query('
            -- Llamada a tu función SQL con el formato correcto
            SELECT * FROM BUSCAR_INFORME (1234578, ADMINISTRACION, \'2024-01-01 00:00:00\', \'2024-01-31 23:59:59\')
        ')
 2 APPPATH\Controllers\ReportesController.php(24): App\Models\InformeModel->buscarInforme('1234578', 'ADMINISTRACION', '2024-01-01 00:00:00', '2024-01-31 23:59:59')
 3 SYSTEMPATH\CodeIgniter.php(941): App\Controllers\ReportesController->generarInforme()
 4 SYSTEMPATH\CodeIgniter.php(502): CodeIgniter\CodeIgniter->runController(Object(App\Controllers\ReportesController))
 5 SYSTEMPATH\CodeIgniter.php(361): CodeIgniter\CodeIgniter->handleRequest(null, Object(Config\Cache), false)
 6 FCPATH\index.php(79): CodeIgniter\CodeIgniter->run()
CRITICAL - 2024-01-25 13:53:48 --> [Caused by] CodeIgniter\Database\Exceptions\DatabaseException: [Microsoft][ODBC Driver 18 for SQL Server][SQL Server]Invalid column name 'ADMINISTRACION'.
in SYSTEMPATH\Database\SQLSRV\Connection.php on line 482.
 1 SYSTEMPATH\Database\BaseConnection.php(693): CodeIgniter\Database\SQLSRV\Connection->execute('
            -- Llamada a tu función SQL con el formato correcto
            SELECT * FROM BUSCAR_INFORME (1234578, ADMINISTRACION, \'2024-01-01 00:00:00\', \'2024-01-31 23:59:59\')
        ')
 2 SYSTEMPATH\Database\BaseConnection.php(607): CodeIgniter\Database\BaseConnection->simpleQuery('
            -- Llamada a tu función SQL con el formato correcto
            SELECT * FROM BUSCAR_INFORME (1234578, ADMINISTRACION, \'2024-01-01 00:00:00\', \'2024-01-31 23:59:59\')
        ')
 3 APPPATH\Models\InformeModel.php(15): CodeIgniter\Database\BaseConnection->query('
            -- Llamada a tu función SQL con el formato correcto
            SELECT * FROM BUSCAR_INFORME (1234578, ADMINISTRACION, \'2024-01-01 00:00:00\', \'2024-01-31 23:59:59\')
        ')
 4 APPPATH\Controllers\ReportesController.php(24): App\Models\InformeModel->buscarInforme('1234578', 'ADMINISTRACION', '2024-01-01 00:00:00', '2024-01-31 23:59:59')
 5 SYSTEMPATH\CodeIgniter.php(941): App\Controllers\ReportesController->generarInforme()
 6 SYSTEMPATH\CodeIgniter.php(502): CodeIgniter\CodeIgniter->runController(Object(App\Controllers\ReportesController))
 7 SYSTEMPATH\CodeIgniter.php(361): CodeIgniter\CodeIgniter->handleRequest(null, Object(Config\Cache), false)
 8 FCPATH\index.php(79): CodeIgniter\CodeIgniter->run()
INFO - 2024-01-25 13:54:36 --> Session: Class initialized using 'CodeIgniter\Session\Handlers\FileHandler' driver.
INFO - 2024-01-25 13:54:42 --> Antes de obtener información del usuario para: DANIEL
INFO - 2024-01-25 13:54:42 --> Contraseña almacenada para el usuario "DANIEL": 12345@
INFO - 2024-01-25 13:54:42 --> Contraseña ingresada: 12345@
INFO - 2024-01-25 13:54:42 --> Contraseña verificada con éxito.
INFO - 2024-01-25 13:54:42 --> Session: Class initialized using 'CodeIgniter\Session\Handlers\FileHandler' driver.
ERROR - 2024-01-25 13:54:56 --> [Microsoft][ODBC Driver 18 for SQL Server][SQL Server]Invalid column name 'ADMINISTRACION'.
CRITICAL - 2024-01-25 13:54:56 --> CodeIgniter\Database\Exceptions\DatabaseException: [Microsoft][ODBC Driver 18 for SQL Server][SQL Server]Invalid column name 'ADMINISTRACION'.
in SYSTEMPATH\Database\BaseConnection.php on line 647.
 1 APPPATH\Models\InformeModel.php(15): CodeIgniter\Database\BaseConnection->query('
            -- Llamada a tu función SQL con el formato correcto
            SELECT * FROM BUSCAR_INFORME (1234578, ADMINISTRACION, \'2024-01-25 00:00:00\', \'2024-01-25 23:59:59\')
        ')
 2 APPPATH\Controllers\ReportesController.php(24): App\Models\InformeModel->buscarInforme('1234578', 'ADMINISTRACION', '2024-01-25 00:00:00', '2024-01-25 23:59:59')
 3 SYSTEMPATH\CodeIgniter.php(941): App\Controllers\ReportesController->generarInforme()
 4 SYSTEMPATH\CodeIgniter.php(502): CodeIgniter\CodeIgniter->runController(Object(App\Controllers\ReportesController))
 5 SYSTEMPATH\CodeIgniter.php(361): CodeIgniter\CodeIgniter->handleRequest(null, Object(Config\Cache), false)
 6 FCPATH\index.php(79): CodeIgniter\CodeIgniter->run()
CRITICAL - 2024-01-25 13:54:56 --> [Caused by] CodeIgniter\Database\Exceptions\DatabaseException: [Microsoft][ODBC Driver 18 for SQL Server][SQL Server]Invalid column name 'ADMINISTRACION'.
in SYSTEMPATH\Database\SQLSRV\Connection.php on line 482.
 1 SYSTEMPATH\Database\BaseConnection.php(693): CodeIgniter\Database\SQLSRV\Connection->execute('
            -- Llamada a tu función SQL con el formato correcto
            SELECT * FROM BUSCAR_INFORME (1234578, ADMINISTRACION, \'2024-01-25 00:00:00\', \'2024-01-25 23:59:59\')
        ')
 2 SYSTEMPATH\Database\BaseConnection.php(607): CodeIgniter\Database\BaseConnection->simpleQuery('
            -- Llamada a tu función SQL con el formato correcto
            SELECT * FROM BUSCAR_INFORME (1234578, ADMINISTRACION, \'2024-01-25 00:00:00\', \'2024-01-25 23:59:59\')
        ')
 3 APPPATH\Models\InformeModel.php(15): CodeIgniter\Database\BaseConnection->query('
            -- Llamada a tu función SQL con el formato correcto
            SELECT * FROM BUSCAR_INFORME (1234578, ADMINISTRACION, \'2024-01-25 00:00:00\', \'2024-01-25 23:59:59\')
        ')
 4 APPPATH\Controllers\ReportesController.php(24): App\Models\InformeModel->buscarInforme('1234578', 'ADMINISTRACION', '2024-01-25 00:00:00', '2024-01-25 23:59:59')
 5 SYSTEMPATH\CodeIgniter.php(941): App\Controllers\ReportesController->generarInforme()
 6 SYSTEMPATH\CodeIgniter.php(502): CodeIgniter\CodeIgniter->runController(Object(App\Controllers\ReportesController))
 7 SYSTEMPATH\CodeIgniter.php(361): CodeIgniter\CodeIgniter->handleRequest(null, Object(Config\Cache), false)
 8 FCPATH\index.php(79): CodeIgniter\CodeIgniter->run()
ERROR - 2024-01-25 13:55:20 --> [Microsoft][ODBC Driver 18 for SQL Server][SQL Server]Incorrect syntax near ','.
CRITICAL - 2024-01-25 13:55:20 --> CodeIgniter\Database\Exceptions\DatabaseException: [Microsoft][ODBC Driver 18 for SQL Server][SQL Server]Incorrect syntax near ','.
in SYSTEMPATH\Database\BaseConnection.php on line 647.
 1 APPPATH\Models\InformeModel.php(15): CodeIgniter\Database\BaseConnection->query('
            -- Llamada a tu función SQL con el formato correcto
            SELECT * FROM BUSCAR_INFORME (1234578, , \'2024-01-24 00:00:00\', \'2024-01-24 23:59:59\')
        ')
 2 APPPATH\Controllers\ReportesController.php(24): App\Models\InformeModel->buscarInforme('1234578', '', '2024-01-24 00:00:00', '2024-01-24 23:59:59')
 3 SYSTEMPATH\CodeIgniter.php(941): App\Controllers\ReportesController->generarInforme()
 4 SYSTEMPATH\CodeIgniter.php(502): CodeIgniter\CodeIgniter->runController(Object(App\Controllers\ReportesController))
 5 SYSTEMPATH\CodeIgniter.php(361): CodeIgniter\CodeIgniter->handleRequest(null, Object(Config\Cache), false)
 6 FCPATH\index.php(79): CodeIgniter\CodeIgniter->run()
CRITICAL - 2024-01-25 13:55:20 --> [Caused by] CodeIgniter\Database\Exceptions\DatabaseException: [Microsoft][ODBC Driver 18 for SQL Server][SQL Server]Incorrect syntax near ','.
in SYSTEMPATH\Database\SQLSRV\Connection.php on line 482.
 1 SYSTEMPATH\Database\BaseConnection.php(693): CodeIgniter\Database\SQLSRV\Connection->execute('
            -- Llamada a tu función SQL con el formato correcto
            SELECT * FROM BUSCAR_INFORME (1234578, , \'2024-01-24 00:00:00\', \'2024-01-24 23:59:59\')
        ')
 2 SYSTEMPATH\Database\BaseConnection.php(607): CodeIgniter\Database\BaseConnection->simpleQuery('
            -- Llamada a tu función SQL con el formato correcto
            SELECT * FROM BUSCAR_INFORME (1234578, , \'2024-01-24 00:00:00\', \'2024-01-24 23:59:59\')
        ')
 3 APPPATH\Models\InformeModel.php(15): CodeIgniter\Database\BaseConnection->query('
            -- Llamada a tu función SQL con el formato correcto
            SELECT * FROM BUSCAR_INFORME (1234578, , \'2024-01-24 00:00:00\', \'2024-01-24 23:59:59\')
        ')
 4 APPPATH\Controllers\ReportesController.php(24): App\Models\InformeModel->buscarInforme('1234578', '', '2024-01-24 00:00:00', '2024-01-24 23:59:59')
 5 SYSTEMPATH\CodeIgniter.php(941): App\Controllers\ReportesController->generarInforme()
 6 SYSTEMPATH\CodeIgniter.php(502): CodeIgniter\CodeIgniter->runController(Object(App\Controllers\ReportesController))
 7 SYSTEMPATH\CodeIgniter.php(361): CodeIgniter\CodeIgniter->handleRequest(null, Object(Config\Cache), false)
 8 FCPATH\index.php(79): CodeIgniter\CodeIgniter->run()
ERROR - 2024-01-25 13:55:57 --> [Microsoft][ODBC Driver 18 for SQL Server][SQL Server]Incorrect syntax near ','.
CRITICAL - 2024-01-25 13:55:57 --> CodeIgniter\Database\Exceptions\DatabaseException: [Microsoft][ODBC Driver 18 for SQL Server][SQL Server]Incorrect syntax near ','.
in SYSTEMPATH\Database\BaseConnection.php on line 647.
 1 APPPATH\Models\InformeModel.php(15): CodeIgniter\Database\BaseConnection->query('
            -- Llamada a tu función SQL con el formato correcto
            SELECT * FROM BUSCAR_INFORME (1234578, , \'2024-01-24 00:00:00\', \'2024-01-24 23:59:59\')
        ')
 2 APPPATH\Controllers\ReportesController.php(24): App\Models\InformeModel->buscarInforme('1234578', '', '2024-01-24 00:00:00', '2024-01-24 23:59:59')
 3 SYSTEMPATH\CodeIgniter.php(941): App\Controllers\ReportesController->generarInforme()
 4 SYSTEMPATH\CodeIgniter.php(502): CodeIgniter\CodeIgniter->runController(Object(App\Controllers\ReportesController))
 5 SYSTEMPATH\CodeIgniter.php(361): CodeIgniter\CodeIgniter->handleRequest(null, Object(Config\Cache), false)
 6 FCPATH\index.php(79): CodeIgniter\CodeIgniter->run()
CRITICAL - 2024-01-25 13:55:57 --> [Caused by] CodeIgniter\Database\Exceptions\DatabaseException: [Microsoft][ODBC Driver 18 for SQL Server][SQL Server]Incorrect syntax near ','.
in SYSTEMPATH\Database\SQLSRV\Connection.php on line 482.
 1 SYSTEMPATH\Database\BaseConnection.php(693): CodeIgniter\Database\SQLSRV\Connection->execute('
            -- Llamada a tu función SQL con el formato correcto
            SELECT * FROM BUSCAR_INFORME (1234578, , \'2024-01-24 00:00:00\', \'2024-01-24 23:59:59\')
        ')
 2 SYSTEMPATH\Database\BaseConnection.php(607): CodeIgniter\Database\BaseConnection->simpleQuery('
            -- Llamada a tu función SQL con el formato correcto
            SELECT * FROM BUSCAR_INFORME (1234578, , \'2024-01-24 00:00:00\', \'2024-01-24 23:59:59\')
        ')
 3 APPPATH\Models\InformeModel.php(15): CodeIgniter\Database\BaseConnection->query('
            -- Llamada a tu función SQL con el formato correcto
            SELECT * FROM BUSCAR_INFORME (1234578, , \'2024-01-24 00:00:00\', \'2024-01-24 23:59:59\')
        ')
 4 APPPATH\Controllers\ReportesController.php(24): App\Models\InformeModel->buscarInforme('1234578', '', '2024-01-24 00:00:00', '2024-01-24 23:59:59')
 5 SYSTEMPATH\CodeIgniter.php(941): App\Controllers\ReportesController->generarInforme()
 6 SYSTEMPATH\CodeIgniter.php(502): CodeIgniter\CodeIgniter->runController(Object(App\Controllers\ReportesController))
 7 SYSTEMPATH\CodeIgniter.php(361): CodeIgniter\CodeIgniter->handleRequest(null, Object(Config\Cache), false)
 8 FCPATH\index.php(79): CodeIgniter\CodeIgniter->run()
ERROR - 2024-01-25 14:16:30 --> [Microsoft][ODBC Driver 18 for SQL Server][SQL Server]Incorrect syntax near ','.
CRITICAL - 2024-01-25 14:16:30 --> CodeIgniter\Database\Exceptions\DatabaseException: [Microsoft][ODBC Driver 18 for SQL Server][SQL Server]Incorrect syntax near ','.
in SYSTEMPATH\Database\BaseConnection.php on line 647.
 1 APPPATH\Models\InformeModel.php(15): CodeIgniter\Database\BaseConnection->query('
            -- Llamada a tu función SQL con el formato correcto
            SELECT * FROM BUSCAR_INFORME (, \'ADMINISTRACION\', \'2024-01-24 00:00:00\', \'2024-01-25 23:59:59\')
        ')
 2 APPPATH\Controllers\ReportesController.php(24): App\Models\InformeModel->buscarInforme('', 'ADMINISTRACION', '2024-01-24 00:00:00', '2024-01-25 23:59:59')
 3 SYSTEMPATH\CodeIgniter.php(941): App\Controllers\ReportesController->generarInforme()
 4 SYSTEMPATH\CodeIgniter.php(502): CodeIgniter\CodeIgniter->runController(Object(App\Controllers\ReportesController))
 5 SYSTEMPATH\CodeIgniter.php(361): CodeIgniter\CodeIgniter->handleRequest(null, Object(Config\Cache), false)
 6 FCPATH\index.php(79): CodeIgniter\CodeIgniter->run()
CRITICAL - 2024-01-25 14:16:30 --> [Caused by] CodeIgniter\Database\Exceptions\DatabaseException: [Microsoft][ODBC Driver 18 for SQL Server][SQL Server]Incorrect syntax near ','.
in SYSTEMPATH\Database\SQLSRV\Connection.php on line 482.
 1 SYSTEMPATH\Database\BaseConnection.php(693): CodeIgniter\Database\SQLSRV\Connection->execute('
            -- Llamada a tu función SQL con el formato correcto
            SELECT * FROM BUSCAR_INFORME (, \'ADMINISTRACION\', \'2024-01-24 00:00:00\', \'2024-01-25 23:59:59\')
        ')
 2 SYSTEMPATH\Database\BaseConnection.php(607): CodeIgniter\Database\BaseConnection->simpleQuery('
            -- Llamada a tu función SQL con el formato correcto
            SELECT * FROM BUSCAR_INFORME (, \'ADMINISTRACION\', \'2024-01-24 00:00:00\', \'2024-01-25 23:59:59\')
        ')
 3 APPPATH\Models\InformeModel.php(15): CodeIgniter\Database\BaseConnection->query('
            -- Llamada a tu función SQL con el formato correcto
            SELECT * FROM BUSCAR_INFORME (, \'ADMINISTRACION\', \'2024-01-24 00:00:00\', \'2024-01-25 23:59:59\')
        ')
 4 APPPATH\Controllers\ReportesController.php(24): App\Models\InformeModel->buscarInforme('', 'ADMINISTRACION', '2024-01-24 00:00:00', '2024-01-25 23:59:59')
 5 SYSTEMPATH\CodeIgniter.php(941): App\Controllers\ReportesController->generarInforme()
 6 SYSTEMPATH\CodeIgniter.php(502): CodeIgniter\CodeIgniter->runController(Object(App\Controllers\ReportesController))
 7 SYSTEMPATH\CodeIgniter.php(361): CodeIgniter\CodeIgniter->handleRequest(null, Object(Config\Cache), false)
 8 FCPATH\index.php(79): CodeIgniter\CodeIgniter->run()
INFO - 2024-01-25 14:52:17 --> Session: Class initialized using 'CodeIgniter\Session\Handlers\FileHandler' driver.
INFO - 2024-01-25 14:52:23 --> Antes de obtener información del usuario para: DANIEL
INFO - 2024-01-25 14:52:23 --> Contraseña almacenada para el usuario "DANIEL": 12345@
INFO - 2024-01-25 14:52:23 --> Contraseña ingresada: 12345@
INFO - 2024-01-25 14:52:23 --> Contraseña verificada con éxito.
INFO - 2024-01-25 14:52:23 --> Session: Class initialized using 'CodeIgniter\Session\Handlers\FileHandler' driver.
INFO - 2024-01-25 14:58:37 --> Session: Class initialized using 'CodeIgniter\Session\Handlers\FileHandler' driver.
INFO - 2024-01-25 14:58:46 --> Antes de obtener información del usuario para: PORTERIA1
INFO - 2024-01-25 14:58:46 --> Contraseña almacenada para el usuario "PORTERIA1": 123@
INFO - 2024-01-25 14:58:46 --> Contraseña ingresada: 123@
INFO - 2024-01-25 14:58:46 --> Contraseña verificada con éxito.
INFO - 2024-01-25 14:58:46 --> Session: Class initialized using 'CodeIgniter\Session\Handlers\FileHandler' driver.
ERROR - 2024-01-25 14:59:52 --> [Microsoft][ODBC Driver 18 for SQL Server][SQL Server]Conversion failed when converting the varchar value 'daniel' to data type int.
CRITICAL - 2024-01-25 14:59:52 --> CodeIgniter\Database\Exceptions\DatabaseException: [Microsoft][ODBC Driver 18 for SQL Server][SQL Server]Conversion failed when converting the varchar value 'daniel' to data type int.
in SYSTEMPATH\Database\BaseConnection.php on line 647.
 1 SYSTEMPATH\Database\SQLSRV\Builder.php(610): CodeIgniter\Database\BaseConnection->query('SELECT "empleados"."CODIGO", "empleados"."NOMBRE", "empleados"."AREA", NULL as ID_INGRESO, NULL as FECHA_INGRESO, NULL as FECHA_SALIDA
FROM "CGingreso"."dbo"."empleados"
WHERE "empleados"."CODIGO" = :empleados.CODIGO:', [...], false)
 2 APPPATH\Models\Datosbd_usuarios.php(37): CodeIgniter\Database\SQLSRV\Builder->get()
 3 APPPATH\Controllers\obtenerRegistros.php(34): App\Models\Datosbd_usuarios->buscarRegistros('daniel')
 4 SYSTEMPATH\CodeIgniter.php(941): App\Controllers\obtenerRegistros->Buscar2()
 5 SYSTEMPATH\CodeIgniter.php(502): CodeIgniter\CodeIgniter->runController(Object(App\Controllers\obtenerRegistros))
 6 SYSTEMPATH\CodeIgniter.php(361): CodeIgniter\CodeIgniter->handleRequest(null, Object(Config\Cache), false)
 7 FCPATH\index.php(79): CodeIgniter\CodeIgniter->run()
CRITICAL - 2024-01-25 14:59:52 --> [Caused by] CodeIgniter\Database\Exceptions\DatabaseException: [Microsoft][ODBC Driver 18 for SQL Server][SQL Server]Conversion failed when converting the varchar value 'daniel' to data type int.
in SYSTEMPATH\Database\SQLSRV\Connection.php on line 482.
 1 SYSTEMPATH\Database\BaseConnection.php(693): CodeIgniter\Database\SQLSRV\Connection->execute('SELECT "empleados"."CODIGO", "empleados"."NOMBRE", "empleados"."AREA", NULL as ID_INGRESO, NULL as FECHA_INGRESO, NULL as FECHA_SALIDA
FROM "CGingreso"."dbo"."empleados"
WHERE "empleados"."CODIGO" = \'daniel\'')
 2 SYSTEMPATH\Database\BaseConnection.php(607): CodeIgniter\Database\BaseConnection->simpleQuery('SELECT "empleados"."CODIGO", "empleados"."NOMBRE", "empleados"."AREA", NULL as ID_INGRESO, NULL as FECHA_INGRESO, NULL as FECHA_SALIDA
FROM "CGingreso"."dbo"."empleados"
WHERE "empleados"."CODIGO" = \'daniel\'')
 3 SYSTEMPATH\Database\SQLSRV\Builder.php(610): CodeIgniter\Database\BaseConnection->query('SELECT "empleados"."CODIGO", "empleados"."NOMBRE", "empleados"."AREA", NULL as ID_INGRESO, NULL as FECHA_INGRESO, NULL as FECHA_SALIDA
FROM "CGingreso"."dbo"."empleados"
WHERE "empleados"."CODIGO" = :empleados.CODIGO:', [...], false)
 4 APPPATH\Models\Datosbd_usuarios.php(37): CodeIgniter\Database\SQLSRV\Builder->get()
 5 APPPATH\Controllers\obtenerRegistros.php(34): App\Models\Datosbd_usuarios->buscarRegistros('daniel')
 6 SYSTEMPATH\CodeIgniter.php(941): App\Controllers\obtenerRegistros->Buscar2()
 7 SYSTEMPATH\CodeIgniter.php(502): CodeIgniter\CodeIgniter->runController(Object(App\Controllers\obtenerRegistros))
 8 SYSTEMPATH\CodeIgniter.php(361): CodeIgniter\CodeIgniter->handleRequest(null, Object(Config\Cache), false)
 9 FCPATH\index.php(79): CodeIgniter\CodeIgniter->run()
INFO - 2024-01-25 15:02:46 --> Session: Class initialized using 'CodeIgniter\Session\Handlers\FileHandler' driver.
INFO - 2024-01-25 15:05:45 --> Session: Class initialized using 'CodeIgniter\Session\Handlers\FileHandler' driver.
INFO - 2024-01-25 15:53:30 --> Session: Class initialized using 'CodeIgniter\Session\Handlers\FileHandler' driver.
INFO - 2024-01-25 15:53:41 --> Antes de obtener información del usuario para: admin
INFO - 2024-01-25 15:53:41 --> Contraseña almacenada para el usuario "admin": pruebaCG123
INFO - 2024-01-25 15:53:41 --> Contraseña ingresada: 1
ERROR - 2024-01-25 15:53:41 --> Autenticación fallida para el usuario: admin
INFO - 2024-01-25 15:53:41 --> Session: Class initialized using 'CodeIgniter\Session\Handlers\FileHandler' driver.
INFO - 2024-01-25 15:53:41 --> Session: Class initialized using 'CodeIgniter\Session\Handlers\FileHandler' driver.
INFO - 2024-01-25 15:54:13 --> Session: Class initialized using 'CodeIgniter\Session\Handlers\FileHandler' driver.
INFO - 2024-01-25 15:54:54 --> Session: Class initialized using 'CodeIgniter\Session\Handlers\FileHandler' driver.
INFO - 2024-01-25 15:55:02 --> Session: Class initialized using 'CodeIgniter\Session\Handlers\FileHandler' driver.
INFO - 2024-01-25 15:55:16 --> Antes de obtener información del usuario para: admin
INFO - 2024-01-25 15:55:16 --> Contraseña almacenada para el usuario "admin": pruebaCG123
INFO - 2024-01-25 15:55:16 --> Contraseña ingresada: 1
ERROR - 2024-01-25 15:55:16 --> Autenticación fallida para el usuario: admin
INFO - 2024-01-25 15:55:16 --> Session: Class initialized using 'CodeIgniter\Session\Handlers\FileHandler' driver.
INFO - 2024-01-25 15:55:16 --> Session: Class initialized using 'CodeIgniter\Session\Handlers\FileHandler' driver.
INFO - 2024-01-25 15:55:20 --> Session: Class initialized using 'CodeIgniter\Session\Handlers\FileHandler' driver.
INFO - 2024-01-25 15:55:33 --> Antes de obtener información del usuario para: PORTERIA1
INFO - 2024-01-25 15:55:33 --> Contraseña almacenada para el usuario "PORTERIA1": 123@
INFO - 2024-01-25 15:55:33 --> Contraseña ingresada: 123@
INFO - 2024-01-25 15:55:33 --> Contraseña verificada con éxito.
INFO - 2024-01-25 15:55:33 --> Session: Class initialized using 'CodeIgniter\Session\Handlers\FileHandler' driver.
INFO - 2024-01-25 15:55:44 --> Session: Class initialized using 'CodeIgniter\Session\Handlers\FileHandler' driver.
INFO - 2024-01-25 15:55:57 --> Session: Class initialized using 'CodeIgniter\Session\Handlers\FileHandler' driver.
INFO - 2024-01-25 15:56:08 --> Session: Class initialized using 'CodeIgniter\Session\Handlers\FileHandler' driver.
INFO - 2024-01-25 15:56:16 --> Antes de obtener información del usuario para: DANIEL
INFO - 2024-01-25 15:56:16 --> Contraseña almacenada para el usuario "DANIEL": 12345@
INFO - 2024-01-25 15:56:16 --> Contraseña ingresada: 12345@
INFO - 2024-01-25 15:56:16 --> Contraseña verificada con éxito.
INFO - 2024-01-25 15:56:16 --> Session: Class initialized using 'CodeIgniter\Session\Handlers\FileHandler' driver.
INFO - 2024-01-25 15:57:34 --> Session: Class initialized using 'CodeIgniter\Session\Handlers\FileHandler' driver.
INFO - 2024-01-25 15:57:43 --> Antes de obtener información del usuario para: sistemas
INFO - 2024-01-25 15:57:43 --> Contraseña almacenada para el usuario "sistemas": 12345@
INFO - 2024-01-25 15:57:43 --> Contraseña ingresada: 12345@
INFO - 2024-01-25 15:57:43 --> Contraseña verificada con éxito.
INFO - 2024-01-25 15:57:43 --> Session: Class initialized using 'CodeIgniter\Session\Handlers\FileHandler' driver.
INFO - 2024-01-25 15:57:44 --> Session: Class initialized using 'CodeIgniter\Session\Handlers\FileHandler' driver.
INFO - 2024-01-25 15:58:18 --> Session: Class initialized using 'CodeIgniter\Session\Handlers\FileHandler' driver.
INFO - 2024-01-25 15:58:21 --> Session: Class initialized using 'CodeIgniter\Session\Handlers\FileHandler' driver.
INFO - 2024-01-25 15:59:53 --> Session: Class initialized using 'CodeIgniter\Session\Handlers\FileHandler' driver.
INFO - 2024-01-25 15:59:58 --> Session: Class initialized using 'CodeIgniter\Session\Handlers\FileHandler' driver.
INFO - 2024-01-25 16:01:22 --> Session: Class initialized using 'CodeIgniter\Session\Handlers\FileHandler' driver.
INFO - 2024-01-25 16:01:48 --> Session: Class initialized using 'CodeIgniter\Session\Handlers\FileHandler' driver.
INFO - 2024-01-25 16:02:17 --> Session: Class initialized using 'CodeIgniter\Session\Handlers\FileHandler' driver.
INFO - 2024-01-25 16:03:53 --> Session: Class initialized using 'CodeIgniter\Session\Handlers\FileHandler' driver.
INFO - 2024-01-25 16:04:39 --> Session: Class initialized using 'CodeIgniter\Session\Handlers\FileHandler' driver.
