INFO - 2024-05-31 07:35:24 --> Session: Class initialized using 'CodeIgniter\Session\Handlers\FileHandler' driver.
INFO - 2024-05-31 07:35:27 --> Antes de obtener información del usuario para: admin
INFO - 2024-05-31 07:35:27 --> Contraseña almacenada para el usuario "admin": pruebaCG123
INFO - 2024-05-31 07:35:27 --> Contraseña ingresada: pruebaCG123
INFO - 2024-05-31 07:35:27 --> Contraseña verificada con éxito.
INFO - 2024-05-31 07:35:27 --> Session: Class initialized using 'CodeIgniter\Session\Handlers\FileHandler' driver.
INFO - 2024-05-31 08:20:02 --> Session: Class initialized using 'CodeIgniter\Session\Handlers\FileHandler' driver.
INFO - 2024-05-31 08:20:04 --> Session: Class initialized using 'CodeIgniter\Session\Handlers\FileHandler' driver.
INFO - 2024-05-31 08:20:10 --> Session: Class initialized using 'CodeIgniter\Session\Handlers\FileHandler' driver.
INFO - 2024-05-31 08:20:12 --> Session: Class initialized using 'CodeIgniter\Session\Handlers\FileHandler' driver.
INFO - 2024-05-31 08:20:17 --> Session: Class initialized using 'CodeIgniter\Session\Handlers\FileHandler' driver.
INFO - 2024-05-31 08:20:31 --> Session: Class initialized using 'CodeIgniter\Session\Handlers\FileHandler' driver.
INFO - 2024-05-31 08:20:38 --> Session: Class initialized using 'CodeIgniter\Session\Handlers\FileHandler' driver.
INFO - 2024-05-31 08:20:42 --> Session: Class initialized using 'CodeIgniter\Session\Handlers\FileHandler' driver.
INFO - 2024-05-31 08:20:47 --> Antes de obtener información del usuario para: admin
INFO - 2024-05-31 08:20:47 --> Contraseña almacenada para el usuario "admin": pruebaCG123
INFO - 2024-05-31 08:20:47 --> Contraseña ingresada: pruebaCG123
INFO - 2024-05-31 08:20:47 --> Contraseña verificada con éxito.
INFO - 2024-05-31 08:20:47 --> Session: Class initialized using 'CodeIgniter\Session\Handlers\FileHandler' driver.
INFO - 2024-05-31 08:21:23 --> Session: Class initialized using 'CodeIgniter\Session\Handlers\FileHandler' driver.
INFO - 2024-05-31 08:21:27 --> Antes de obtener información del usuario para: admin
INFO - 2024-05-31 08:21:27 --> Contraseña almacenada para el usuario "admin": pruebaCG123
INFO - 2024-05-31 08:21:27 --> Contraseña ingresada: pruebaCG123
INFO - 2024-05-31 08:21:27 --> Contraseña verificada con éxito.
INFO - 2024-05-31 08:21:27 --> Session: Class initialized using 'CodeIgniter\Session\Handlers\FileHandler' driver.
INFO - 2024-05-31 08:27:46 --> Session: Class initialized using 'CodeIgniter\Session\Handlers\FileHandler' driver.
INFO - 2024-05-31 08:27:48 --> Session: Class initialized using 'CodeIgniter\Session\Handlers\FileHandler' driver.
INFO - 2024-05-31 08:27:57 --> Antes de obtener información del usuario para: admin
INFO - 2024-05-31 08:27:57 --> Contraseña almacenada para el usuario "admin": pruebaCG123
INFO - 2024-05-31 08:27:57 --> Contraseña ingresada: pruebaCG123
INFO - 2024-05-31 08:27:57 --> Contraseña verificada con éxito.
INFO - 2024-05-31 08:27:57 --> Session: Class initialized using 'CodeIgniter\Session\Handlers\FileHandler' driver.
INFO - 2024-05-31 08:28:22 --> Session: Class initialized using 'CodeIgniter\Session\Handlers\FileHandler' driver.
INFO - 2024-05-31 08:28:27 --> Antes de obtener información del usuario para: admin
INFO - 2024-05-31 08:28:27 --> Contraseña almacenada para el usuario "admin": pruebaCG123
INFO - 2024-05-31 08:28:27 --> Contraseña ingresada: pruebaCG123
INFO - 2024-05-31 08:28:27 --> Contraseña verificada con éxito.
INFO - 2024-05-31 08:28:27 --> Session: Class initialized using 'CodeIgniter\Session\Handlers\FileHandler' driver.
INFO - 2024-05-31 08:30:12 --> Session: Class initialized using 'CodeIgniter\Session\Handlers\FileHandler' driver.
INFO - 2024-05-31 08:31:44 --> Session: Class initialized using 'CodeIgniter\Session\Handlers\FileHandler' driver.
INFO - 2024-05-31 08:39:37 --> Session: Class initialized using 'CodeIgniter\Session\Handlers\FileHandler' driver.
INFO - 2024-05-31 08:39:42 --> Session: Class initialized using 'CodeIgniter\Session\Handlers\FileHandler' driver.
INFO - 2024-05-31 08:39:46 --> Session: Class initialized using 'CodeIgniter\Session\Handlers\FileHandler' driver.
INFO - 2024-05-31 08:40:03 --> Session: Class initialized using 'CodeIgniter\Session\Handlers\FileHandler' driver.
INFO - 2024-05-31 08:40:07 --> Antes de obtener información del usuario para: admin
INFO - 2024-05-31 08:40:07 --> Contraseña almacenada para el usuario "admin": pruebaCG123
INFO - 2024-05-31 08:40:07 --> Contraseña ingresada: pruebaCG123
INFO - 2024-05-31 08:40:07 --> Contraseña verificada con éxito.
INFO - 2024-05-31 08:40:07 --> Session: Class initialized using 'CodeIgniter\Session\Handlers\FileHandler' driver.
INFO - 2024-05-31 08:40:53 --> Session: Class initialized using 'CodeIgniter\Session\Handlers\FileHandler' driver.
INFO - 2024-05-31 08:40:56 --> Session: Class initialized using 'CodeIgniter\Session\Handlers\FileHandler' driver.
INFO - 2024-05-31 08:41:55 --> Session: Class initialized using 'CodeIgniter\Session\Handlers\FileHandler' driver.
INFO - 2024-05-31 08:41:59 --> Antes de obtener información del usuario para: admin
INFO - 2024-05-31 08:41:59 --> Contraseña almacenada para el usuario "admin": pruebaCG123
INFO - 2024-05-31 08:41:59 --> Contraseña ingresada: pruebaCG123
INFO - 2024-05-31 08:41:59 --> Contraseña verificada con éxito.
INFO - 2024-05-31 08:41:59 --> Session: Class initialized using 'CodeIgniter\Session\Handlers\FileHandler' driver.
INFO - 2024-05-31 16:44:00 --> Session: Class initialized using 'CodeIgniter\Session\Handlers\FileHandler' driver.
INFO - 2024-05-31 16:44:03 --> Session: Class initialized using 'CodeIgniter\Session\Handlers\FileHandler' driver.
INFO - 2024-05-31 16:44:28 --> Session: Class initialized using 'CodeIgniter\Session\Handlers\FileHandler' driver.
INFO - 2024-05-31 17:21:41 --> Session: Class initialized using 'CodeIgniter\Session\Handlers\FileHandler' driver.
INFO - 2024-05-31 17:21:48 --> Session: Class initialized using 'CodeIgniter\Session\Handlers\FileHandler' driver.
CRITICAL - 2024-05-31 17:28:21 --> Error: Call to undefined method CodeIgniter\Router\RouteCollection::POS()
in APPPATH\Config\Routes.php on line 37.
 1 SYSTEMPATH\Router\RouteCollection.php(344): require()
 2 SYSTEMPATH\CodeIgniter.php(810): CodeIgniter\Router\RouteCollection->loadRoutes()
 3 SYSTEMPATH\CodeIgniter.php(450): CodeIgniter\CodeIgniter->tryToRouteIt(null)
 4 SYSTEMPATH\CodeIgniter.php(361): CodeIgniter\CodeIgniter->handleRequest(null, Object(Config\Cache), false)
 5 FCPATH\index.php(79): CodeIgniter\CodeIgniter->run()
CRITICAL - 2024-05-31 17:29:14 --> Error: Call to undefined method CodeIgniter\Router\RouteCollection::POS()
in APPPATH\Config\Routes.php on line 37.
 1 SYSTEMPATH\Router\RouteCollection.php(344): require()
 2 SYSTEMPATH\CodeIgniter.php(810): CodeIgniter\Router\RouteCollection->loadRoutes()
 3 SYSTEMPATH\CodeIgniter.php(450): CodeIgniter\CodeIgniter->tryToRouteIt(null)
 4 SYSTEMPATH\CodeIgniter.php(361): CodeIgniter\CodeIgniter->handleRequest(null, Object(Config\Cache), false)
 5 FCPATH\index.php(79): CodeIgniter\CodeIgniter->run()
CRITICAL - 2024-05-31 17:29:16 --> Error: Call to undefined method CodeIgniter\Router\RouteCollection::POS()
in APPPATH\Config\Routes.php on line 37.
 1 SYSTEMPATH\Router\RouteCollection.php(344): require()
 2 SYSTEMPATH\CodeIgniter.php(810): CodeIgniter\Router\RouteCollection->loadRoutes()
 3 SYSTEMPATH\CodeIgniter.php(450): CodeIgniter\CodeIgniter->tryToRouteIt(null)
 4 SYSTEMPATH\CodeIgniter.php(361): CodeIgniter\CodeIgniter->handleRequest(null, Object(Config\Cache), false)
 5 FCPATH\index.php(79): CodeIgniter\CodeIgniter->run()
CRITICAL - 2024-05-31 17:29:18 --> Error: Call to undefined method CodeIgniter\Router\RouteCollection::POS()
in APPPATH\Config\Routes.php on line 37.
 1 SYSTEMPATH\Router\RouteCollection.php(344): require()
 2 SYSTEMPATH\CodeIgniter.php(810): CodeIgniter\Router\RouteCollection->loadRoutes()
 3 SYSTEMPATH\CodeIgniter.php(450): CodeIgniter\CodeIgniter->tryToRouteIt(null)
 4 SYSTEMPATH\CodeIgniter.php(361): CodeIgniter\CodeIgniter->handleRequest(null, Object(Config\Cache), false)
 5 FCPATH\index.php(79): CodeIgniter\CodeIgniter->run()
CRITICAL - 2024-05-31 17:29:40 --> Error: Call to undefined method CodeIgniter\Router\RouteCollection::POS()
in APPPATH\Config\Routes.php on line 37.
 1 SYSTEMPATH\Router\RouteCollection.php(344): require()
 2 SYSTEMPATH\CodeIgniter.php(810): CodeIgniter\Router\RouteCollection->loadRoutes()
 3 SYSTEMPATH\CodeIgniter.php(450): CodeIgniter\CodeIgniter->tryToRouteIt(null)
 4 SYSTEMPATH\CodeIgniter.php(361): CodeIgniter\CodeIgniter->handleRequest(null, Object(Config\Cache), false)
 5 FCPATH\index.php(79): CodeIgniter\CodeIgniter->run()
INFO - 2024-05-31 17:30:21 --> Session: Class initialized using 'CodeIgniter\Session\Handlers\FileHandler' driver.
INFO - 2024-05-31 17:30:35 --> Antes de obtener información del usuario para: admin
INFO - 2024-05-31 17:30:35 --> Contraseña almacenada para el usuario "admin": pruebaCG123
INFO - 2024-05-31 17:30:35 --> Contraseña ingresada: pruebaCG123
INFO - 2024-05-31 17:30:35 --> Contraseña verificada con éxito.
INFO - 2024-05-31 17:30:35 --> Session: Class initialized using 'CodeIgniter\Session\Handlers\FileHandler' driver.
CRITICAL - 2024-05-31 17:32:23 --> Error: Call to undefined method CodeIgniter\Router\RouteCollection::POS()
in APPPATH\Config\Routes.php on line 37.
 1 SYSTEMPATH\Router\RouteCollection.php(344): require()
 2 SYSTEMPATH\CodeIgniter.php(810): CodeIgniter\Router\RouteCollection->loadRoutes()
 3 SYSTEMPATH\CodeIgniter.php(450): CodeIgniter\CodeIgniter->tryToRouteIt(null)
 4 SYSTEMPATH\CodeIgniter.php(361): CodeIgniter\CodeIgniter->handleRequest(null, Object(Config\Cache), false)
 5 FCPATH\index.php(79): CodeIgniter\CodeIgniter->run()
CRITICAL - 2024-05-31 17:32:24 --> Error: Call to undefined method CodeIgniter\Router\RouteCollection::POS()
in APPPATH\Config\Routes.php on line 37.
 1 SYSTEMPATH\Router\RouteCollection.php(344): require()
 2 SYSTEMPATH\CodeIgniter.php(810): CodeIgniter\Router\RouteCollection->loadRoutes()
 3 SYSTEMPATH\CodeIgniter.php(450): CodeIgniter\CodeIgniter->tryToRouteIt(null)
 4 SYSTEMPATH\CodeIgniter.php(361): CodeIgniter\CodeIgniter->handleRequest(null, Object(Config\Cache), false)
 5 FCPATH\index.php(79): CodeIgniter\CodeIgniter->run()
CRITICAL - 2024-05-31 17:34:33 --> Error: Call to undefined method CodeIgniter\Router\RouteCollection::POS()
in APPPATH\Config\Routes.php on line 37.
 1 SYSTEMPATH\Router\RouteCollection.php(344): require()
 2 SYSTEMPATH\CodeIgniter.php(810): CodeIgniter\Router\RouteCollection->loadRoutes()
 3 SYSTEMPATH\CodeIgniter.php(450): CodeIgniter\CodeIgniter->tryToRouteIt(null)
 4 SYSTEMPATH\CodeIgniter.php(361): CodeIgniter\CodeIgniter->handleRequest(null, Object(Config\Cache), false)
 5 FCPATH\index.php(79): CodeIgniter\CodeIgniter->run()
CRITICAL - 2024-05-31 17:34:42 --> Error: Call to undefined method CodeIgniter\Router\RouteCollection::POS()
in APPPATH\Config\Routes.php on line 37.
 1 SYSTEMPATH\Router\RouteCollection.php(344): require()
 2 SYSTEMPATH\CodeIgniter.php(810): CodeIgniter\Router\RouteCollection->loadRoutes()
 3 SYSTEMPATH\CodeIgniter.php(450): CodeIgniter\CodeIgniter->tryToRouteIt(null)
 4 SYSTEMPATH\CodeIgniter.php(361): CodeIgniter\CodeIgniter->handleRequest(null, Object(Config\Cache), false)
 5 FCPATH\index.php(79): CodeIgniter\CodeIgniter->run()
CRITICAL - 2024-05-31 17:34:42 --> Error: Call to undefined method CodeIgniter\Router\RouteCollection::POS()
in APPPATH\Config\Routes.php on line 37.
 1 SYSTEMPATH\Router\RouteCollection.php(344): require()
 2 SYSTEMPATH\CodeIgniter.php(810): CodeIgniter\Router\RouteCollection->loadRoutes()
 3 SYSTEMPATH\CodeIgniter.php(450): CodeIgniter\CodeIgniter->tryToRouteIt(null)
 4 SYSTEMPATH\CodeIgniter.php(361): CodeIgniter\CodeIgniter->handleRequest(null, Object(Config\Cache), false)
 5 FCPATH\index.php(79): CodeIgniter\CodeIgniter->run()
CRITICAL - 2024-05-31 17:34:43 --> Error: Call to undefined method CodeIgniter\Router\RouteCollection::POS()
in APPPATH\Config\Routes.php on line 37.
 1 SYSTEMPATH\Router\RouteCollection.php(344): require()
 2 SYSTEMPATH\CodeIgniter.php(810): CodeIgniter\Router\RouteCollection->loadRoutes()
 3 SYSTEMPATH\CodeIgniter.php(450): CodeIgniter\CodeIgniter->tryToRouteIt(null)
 4 SYSTEMPATH\CodeIgniter.php(361): CodeIgniter\CodeIgniter->handleRequest(null, Object(Config\Cache), false)
 5 FCPATH\index.php(79): CodeIgniter\CodeIgniter->run()
INFO - 2024-05-31 17:35:41 --> Session: Class initialized using 'CodeIgniter\Session\Handlers\FileHandler' driver.
INFO - 2024-05-31 17:35:50 --> Antes de obtener información del usuario para: admin
INFO - 2024-05-31 17:35:50 --> Contraseña almacenada para el usuario "admin": pruebaCG123
INFO - 2024-05-31 17:35:50 --> Contraseña ingresada: pruebaCG123
INFO - 2024-05-31 17:35:50 --> Contraseña verificada con éxito.
INFO - 2024-05-31 17:35:50 --> Session: Class initialized using 'CodeIgniter\Session\Handlers\FileHandler' driver.
CRITICAL - 2024-05-31 17:39:09 --> Error: Call to undefined method CodeIgniter\Router\RouteCollection::POS()
in APPPATH\Config\Routes.php on line 37.
 1 SYSTEMPATH\Router\RouteCollection.php(344): require()
 2 SYSTEMPATH\CodeIgniter.php(810): CodeIgniter\Router\RouteCollection->loadRoutes()
 3 SYSTEMPATH\CodeIgniter.php(450): CodeIgniter\CodeIgniter->tryToRouteIt(null)
 4 SYSTEMPATH\CodeIgniter.php(361): CodeIgniter\CodeIgniter->handleRequest(null, Object(Config\Cache), false)
 5 FCPATH\index.php(79): CodeIgniter\CodeIgniter->run()
INFO - 2024-05-31 23:30:48 --> Session: Class initialized using 'CodeIgniter\Session\Handlers\FileHandler' driver.
INFO - 2024-05-31 23:30:57 --> Antes de obtener información del usuario para: admin
INFO - 2024-05-31 23:30:57 --> Contraseña almacenada para el usuario "admin": pruebaCG123
INFO - 2024-05-31 23:30:57 --> Contraseña ingresada: pruebaCG123
INFO - 2024-05-31 23:30:57 --> Contraseña verificada con éxito.
INFO - 2024-05-31 23:30:57 --> Session: Class initialized using 'CodeIgniter\Session\Handlers\FileHandler' driver.
INFO - 2024-05-31 23:31:05 --> Session: Class initialized using 'CodeIgniter\Session\Handlers\FileHandler' driver.
